#
# A fatal error has been detected by the Java Runtime Environment:
#
#  SIGSEGV (0xb) at pc=0x00007f8447da16be, pid=5204, tid=140205929367296
#
# JRE version: 6.0_27-b27
# Java VM: OpenJDK 64-Bit Server VM (20.0-b12 mixed mode linux-amd64 compressed oops)
# Derivative: IcedTea6 1.12.5
# Distribution: Ubuntu 12.04 LTS, package 6b27-1.12.5-0ubuntu0.12.04.1
# Problematic frame:
# V  [libjvm.so+0x5bd6be]  PhaseIdealLoop::build_loop_late_post(Node*)+0x14e
#
# If you would like to submit a bug report, please include
# instructions how to reproduce the bug and visit:
#   https://bugs.launchpad.net/ubuntu/+source/openjdk-6/
#

---------------  T H R E A D  ---------------

Current thread (0x00007f84400dc000):  JavaThread "C2 CompilerThread1" daemon [_thread_in_native, id=5217, stack(0x00007f843c8d8000,0x00007f843c9d9000)]

siginfo:si_signo=SIGSEGV: si_errno=0, si_code=1 (SEGV_MAPERR), si_addr=0x0000000000000008

Registers:
RAX=0x0000000000000000, RBX=0x00007f843c9d57d0, RCX=0x00007f840469eca0, RDX=0x0000000000002000
RSP=0x00007f843c9d4010, RBP=0x00007f843c9d4050, RSI=0x00007f8407317b20, RDI=0x0000000000000000
R8 =0x00007f8404ca4d80, R9 =0x00007f843c9d57d0, R10=0x00007f8407317b20, R11=0x0000000000000000
R12=0x00007f84003cc950, R13=0x00007f8404e736e8, R14=0x00007f843c9d57f0, R15=0x00007f8404008b18
RIP=0x00007f8447da16be, EFLAGS=0x0000000000010206, CSGSFS=0x0000000000000033, ERR=0x0000000000000004
  TRAPNO=0x000000000000000e

Top of Stack: (sp=0x00007f843c9d4010)
0x00007f843c9d4010:   00007f8405e02538 00007f843c9d42f0
0x00007f843c9d4020:   00007f843c9d4050 00007f843c9d57d0
0x00007f843c9d4030:   0000000000000002 00007f84003cc950
0x00007f843c9d4040:   00007f84040103f8 00007f843c9d42f0
0x00007f843c9d4050:   00007f843c9d40c0 00007f8447da1c2b
0x00007f843c9d4060:   00007f8404160670 00007f8400000100
0x00007f843c9d4070:   00007f8400000001 00007f843c9d6170
0x00007f843c9d4080:   00007f843c9d4310 00007f843c9d42b0
0x00007f843c9d4090:   0000000000001804 00007f843c9d57d0
0x00007f843c9d40a0:   0000000000000007 0000000000000001
0x00007f843c9d40b0:   0000000000000001 00007f8404160670
0x00007f843c9d40c0:   00007f843c9d4360 00007f8447da27f2
0x00007f843c9d40d0:   00007f843c9d4110 00007f8404160600
0x00007f843c9d40e0:   00007f83dc5124a0 00007f843c9d57f0
0x00007f843c9d40f0:   00007f840010e138 00007f843c9d43b0
0x00007f843c9d4100:   00007f840010e4a8 00007f840010e3f8
0x00007f843c9d4110:   00007f843c9d41e0 00007f8447c535c1
0x00007f843c9d4120:   0000000000000000 00007f83dc358b00
0x00007f843c9d4130:   00007f8448377820 0000000000000004
0x00007f843c9d4140:   00007f843c9d4d78 00007f843c9d4d98
0x00007f843c9d4150:   00007f843c9d4180 00007f8447e15484
0x00007f843c9d4160:   00007f840400b200 00007f843c9d4250
0x00007f843c9d4170:   00007f843c9d4180 00007f8447af0ba2
0x00007f843c9d4180:   00007f843c9d41e0 00007f8447c55b75
0x00007f843c9d4190:   00007f83dc6eae80 00007f8405e0ed30
0x00007f843c9d41a0:   0000000000000010 0000000000000080
0x00007f843c9d41b0:   0000000000000002 0000000000010040
0x00007f843c9d41c0:   0000000000000000 0000043000001002
0x00007f843c9d41d0:   0000007e000000db 0000007c00000079
0x00007f843c9d41e0:   00007f843c9d42d0 00007f8404000020
0x00007f843c9d41f0:   00007f843c9d4280 0000000000010010
0x00007f843c9d4200:   00007f83dc08a3f0 0000000000010000 

Instructions: (pc=0x00007f8447da16be)
0x00007f8447da169e:   4c 39 e8 0f 84 ad 03 00 00 8b 70 28 49 89 c7 0f
0x00007f8447da16ae:   1f 00 4c 8b 93 e0 09 00 00 49 8d 34 f2 48 8b 06
0x00007f8447da16be:   48 8b 50 08 48 83 3a 00 75 27 8b 4b 28 0f 1f 44
0x00007f8447da16ce:   00 00 8b 50 28 31 c0 39 ca 73 0c 48 8b 43 30 48 

Register to memory mapping:

RAX=0x0000000000000000 is an unknown value
RBX=0x00007f843c9d57d0 is pointing into the stack for thread: 0x00007f84400dc000
RCX=0x00007f840469eca0 is an unknown value
RDX=0x0000000000002000 is an unknown value
RSP=0x00007f843c9d4010 is pointing into the stack for thread: 0x00007f84400dc000
RBP=0x00007f843c9d4050 is pointing into the stack for thread: 0x00007f84400dc000
RSI=0x00007f8407317b20 is an unknown value
RDI=0x0000000000000000 is an unknown value
R8 =0x00007f8404ca4d80 is an unknown value
R9 =0x00007f843c9d57d0 is pointing into the stack for thread: 0x00007f84400dc000
R10=0x00007f8407317b20 is an unknown value
R11=0x0000000000000000 is an unknown value
R12=0x00007f84003cc950 is an unknown value
R13=0x00007f8404e736e8 is an unknown value
R14=0x00007f843c9d57f0 is pointing into the stack for thread: 0x00007f84400dc000
R15=0x00007f8404008b18 is an unknown value


Stack: [0x00007f843c8d8000,0x00007f843c9d9000],  sp=0x00007f843c9d4010,  free space=1008k
Native frames: (J=compiled Java code, j=interpreted, Vv=VM code, C=native code)
V  [libjvm.so+0x5bd6be]  PhaseIdealLoop::build_loop_late_post(Node*)+0x14e
V  [libjvm.so+0x5bdc2b]  PhaseIdealLoop::build_loop_late(VectorSet&, Node_List&, Node_Stack&)+0x10b
V  [libjvm.so+0x5be7f2]  PhaseIdealLoop::build_and_optimize(bool, bool)+0x692
V  [libjvm.so+0x37c4fa]  Compile::Optimize()+0xd2a
V  [libjvm.so+0x37d263]  Compile::Compile(ciEnv*, C2Compiler*, ciMethod*, int, bool, bool)+0xad3
V  [libjvm.so+0x306a70]  C2Compiler::compile_method(ciEnv*, ciMethod*, int)+0xe0
V  [libjvm.so+0x381953]  CompileBroker::invoke_compiler_on_method(CompileTask*)+0x2a3
V  [libjvm.so+0x38229b]  CompileBroker::compiler_thread_loop()+0x45b
V  [libjvm.so+0x74d488]  JavaThread::thread_main_inner()+0x58
V  [libjvm.so+0x64c792]  java_start(Thread*)+0x112


Current CompileTask:
C2:6687680 1116      jregex.Pretokenizer.next()V (1064 bytes)


---------------  P R O C E S S  ---------------

Java Threads: ( => current thread )
  0x00007f83dc341000 JavaThread "net.sf.ehcache.CacheManager@11f54254" daemon [_thread_blocked, id=7707, stack(0x00007f84377f8000,0x00007f84378f9000)]
  0x00007f83f0009800 JavaThread "New I/O server worker #1-2" [_thread_in_native, id=7706, stack(0x00007f8437cfd000,0x00007f8437dfe000)]
  0x00007f83f0021000 JavaThread "New I/O server worker #1-1" [_thread_in_native, id=7705, stack(0x00007f8437bfc000,0x00007f8437cfd000)]
  0x00007f83f0006000 JavaThread "New I/O server worker #1-8" [_thread_in_native, id=7704, stack(0x00007f84379fa000,0x00007f8437afb000)]
  0x00007f83f0007800 JavaThread "New I/O server worker #1-7" [_thread_in_native, id=7703, stack(0x00007f8437afb000,0x00007f8437bfc000)]
  0x00007f83f001f800 JavaThread "New I/O server worker #1-6" [_thread_in_native, id=7702, stack(0x00007f8437dfe000,0x00007f8437eff000)]
  0x00007f83f005b000 JavaThread "New I/O server worker #1-5" [_thread_in_native, id=7701, stack(0x00007f8437eff000,0x00007f8438000000)]
  0x00007f83dc6b0800 JavaThread "pool-5-thread-1" [_thread_blocked, id=5365, stack(0x00007f843716f000,0x00007f8437270000)]
  0x00007f83dc4c3800 JavaThread "com.mchange.v2.async.ThreadPoolAsynchronousRunner$PoolThread-#2" daemon [_thread_blocked, id=5362, stack(0x00007f8436dde000,0x00007f8436edf000)]
  0x00007f83dc4e7000 JavaThread "com.mchange.v2.async.ThreadPoolAsynchronousRunner$PoolThread-#1" daemon [_thread_blocked, id=5361, stack(0x00007f84374f5000,0x00007f84375f6000)]
  0x00007f83dc51b800 JavaThread "com.mchange.v2.async.ThreadPoolAsynchronousRunner$PoolThread-#0" daemon [_thread_blocked, id=5360, stack(0x00007f84375f6000,0x00007f84376f7000)]
  0x00007f83dc5cb000 JavaThread "Timer-0" daemon [_thread_blocked, id=5359, stack(0x00007f84376f7000,0x00007f84377f8000)]
  0x00007f83f4004800 JavaThread "play-thread-1" [_thread_in_Java, id=5356, stack(0x00007f84378f9000,0x00007f84379fa000)]
  0x00007f844000c800 JavaThread "DestroyJavaVM" [_thread_blocked, id=5205, stack(0x00007f84490b0000,0x00007f84491b1000)]
  0x00007f8440309000 JavaThread "New I/O server boss #1 ([id: 0x2afb6c5f, /0:0:0:0:0:0:0:0:9000])" [_thread_in_native, id=5220, stack(0x00007f843c019000,0x00007f843c11a000)]
  0x00007f84400de800 JavaThread "Low Memory Detector" daemon [_thread_blocked, id=5218, stack(0x00007f843c7d7000,0x00007f843c8d8000)]
=>0x00007f84400dc000 JavaThread "C2 CompilerThread1" daemon [_thread_in_native, id=5217, stack(0x00007f843c8d8000,0x00007f843c9d9000)]
  0x00007f84400d9000 JavaThread "C2 CompilerThread0" daemon [_thread_in_vm, id=5216, stack(0x00007f843c9d9000,0x00007f843cada000)]
  0x00007f84400d7000 JavaThread "JDWP Event Helper Thread" daemon [_thread_blocked, id=5215, stack(0x00007f843cada000,0x00007f843cbdb000)]
  0x00007f84400d3000 JavaThread "JDWP Transport Listener: dt_socket" daemon [_thread_in_native, id=5214, stack(0x00007f843cbdb000,0x00007f843ccdc000)]
  0x00007f844008e800 JavaThread "Signal Dispatcher" daemon [_thread_blocked, id=5213, stack(0x00007f843ceff000,0x00007f843d000000)]
  0x00007f844007d000 JavaThread "Finalizer" daemon [_thread_blocked, id=5212, stack(0x00007f8444057000,0x00007f8444158000)]
  0x00007f844007b000 JavaThread "Reference Handler" daemon [_thread_blocked, id=5211, stack(0x00007f8444158000,0x00007f8444259000)]

Other Threads:
  0x00007f8440076800 VMThread [stack: 0x00007f8444259000,0x00007f844435a000] [id=5210]
  0x00007f84400e1000 WatcherThread [stack: 0x00007f843c6d6000,0x00007f843c7d7000] [id=5219]

VM state:not at safepoint (normal execution)

VM Mutex/Monitor currently owned by a thread:  ([mutex/lock_event])
[0x00007f84400099c0] CompiledIC_lock - owner thread: 0x00007f84400d9000

Heap
 PSYoungGen      total 27968K, used 12789K [0x00000000ebf60000, 0x00000000edf00000, 0x0000000100000000)
  eden space 25344K, 47% used [0x00000000ebf60000,0x00000000ecb29570,0x00000000ed820000)
  from space 2624K, 27% used [0x00000000edc70000,0x00000000edd24010,0x00000000edf00000)
  to   space 3520K, 0% used [0x00000000ed820000,0x00000000ed820000,0x00000000edb90000)
 PSOldGen        total 41024K, used 24690K [0x00000000c3e00000, 0x00000000c6610000, 0x00000000ebf60000)
  object space 41024K, 60% used [0x00000000c3e00000,0x00000000c561ca08,0x00000000c6610000)
 PSPermGen       total 48896K, used 48893K [0x00000000b9800000, 0x00000000bc7c0000, 0x00000000c3e00000)
  object space 48896K, 99% used [0x00000000b9800000,0x00000000bc7bf590,0x00000000bc7c0000)

Code Cache  [0x00007f843d000000, 0x00007f843d620000, 0x00007f8440000000)
 total_blobs=1739 nmethods=1085 adapters=615 free_code_cache=44008128 largest_free_block=24896

Dynamic libraries:
00400000-00409000 r-xp 00000000 08:05 10620266                           /usr/lib/jvm/java-6-openjdk-amd64/jre/bin/java
00608000-00609000 r--p 00008000 08:05 10620266                           /usr/lib/jvm/java-6-openjdk-amd64/jre/bin/java
00609000-0060a000 rw-p 00009000 08:05 10620266                           /usr/lib/jvm/java-6-openjdk-amd64/jre/bin/java
011e0000-01201000 rw-p 00000000 00:00 0                                  [heap]
b9800000-bc7c0000 rw-p 00000000 00:00 0 
bc7c0000-c3e00000 rw-p 00000000 00:00 0 
c3e00000-c6610000 rw-p 00000000 00:00 0 
c6610000-ebf60000 rw-p 00000000 00:00 0 
ebf60000-edf00000 rw-p 00000000 00:00 0 
edf00000-ef600000 ---p 00000000 00:00 0 
ef600000-100000000 rw-p 00000000 00:00 0 
7f83b8000000-7f83b9308000 rw-p 00000000 00:00 0 
7f83b9308000-7f83bc000000 ---p 00000000 00:00 0 
7f83c0000000-7f83c009c000 rw-p 00000000 00:00 0 
7f83c009c000-7f83c4000000 ---p 00000000 00:00 0 
7f83c4000000-7f83c4185000 rw-p 00000000 00:00 0 
7f83c4185000-7f83c8000000 ---p 00000000 00:00 0 
7f83c8000000-7f83c807c000 rw-p 00000000 00:00 0 
7f83c807c000-7f83cc000000 ---p 00000000 00:00 0 
7f83cc000000-7f83cc021000 rw-p 00000000 00:00 0 
7f83cc021000-7f83d0000000 ---p 00000000 00:00 0 
7f83d0000000-7f83d0021000 rw-p 00000000 00:00 0 
7f83d0021000-7f83d4000000 ---p 00000000 00:00 0 
7f83d4000000-7f83d4021000 rw-p 00000000 00:00 0 
7f83d4021000-7f83d8000000 ---p 00000000 00:00 0 
7f83d8000000-7f83d8021000 rw-p 00000000 00:00 0 
7f83d8021000-7f83dc000000 ---p 00000000 00:00 0 
7f83dc000000-7f83dd3db000 rw-p 00000000 00:00 0 
7f83dd3db000-7f83e0000000 ---p 00000000 00:00 0 
7f83e0000000-7f83e0031000 rw-p 00000000 00:00 0 
7f83e0031000-7f83e4000000 ---p 00000000 00:00 0 
7f83e4000000-7f83e4021000 rw-p 00000000 00:00 0 
7f83e4021000-7f83e8000000 ---p 00000000 00:00 0 
7f83e8000000-7f83e8021000 rw-p 00000000 00:00 0 
7f83e8021000-7f83ec000000 ---p 00000000 00:00 0 
7f83ec000000-7f83ec021000 rw-p 00000000 00:00 0 
7f83ec021000-7f83f0000000 ---p 00000000 00:00 0 
7f83f0000000-7f83f00bb000 rw-p 00000000 00:00 0 
7f83f00bb000-7f83f4000000 ---p 00000000 00:00 0 
7f83f4000000-7f83f4061000 rw-p 00000000 00:00 0 
7f83f4061000-7f83f8000000 ---p 00000000 00:00 0 
7f83f8000000-7f83f8021000 rw-p 00000000 00:00 0 
7f83f8021000-7f83fc000000 ---p 00000000 00:00 0 
7f83fc000000-7f83fc021000 rw-p 00000000 00:00 0 
7f83fc021000-7f8400000000 ---p 00000000 00:00 0 
7f8400000000-7f8401e82000 rw-p 00000000 00:00 0 
7f8401e82000-7f8404000000 ---p 00000000 00:00 0 
7f8404000000-7f8408000000 rw-p 00000000 00:00 0 
7f8408000000-7f8408021000 rw-p 00000000 00:00 0 
7f8408021000-7f840c000000 ---p 00000000 00:00 0 
7f840c000000-7f840c021000 rw-p 00000000 00:00 0 
7f840c021000-7f8410000000 ---p 00000000 00:00 0 
7f8410000000-7f8410021000 rw-p 00000000 00:00 0 
7f8410021000-7f8414000000 ---p 00000000 00:00 0 
7f8414000000-7f8414021000 rw-p 00000000 00:00 0 
7f8414021000-7f8418000000 ---p 00000000 00:00 0 
7f8418000000-7f8418029000 rw-p 00000000 00:00 0 
7f8418029000-7f841c000000 ---p 00000000 00:00 0 
7f841c000000-7f841c021000 rw-p 00000000 00:00 0 
7f841c021000-7f8420000000 ---p 00000000 00:00 0 
7f8420000000-7f8420021000 rw-p 00000000 00:00 0 
7f8420021000-7f8424000000 ---p 00000000 00:00 0 
7f8428000000-7f8428021000 rw-p 00000000 00:00 0 
7f8428021000-7f842c000000 ---p 00000000 00:00 0 
7f8430000000-7f8430021000 rw-p 00000000 00:00 0 
7f8430021000-7f8434000000 ---p 00000000 00:00 0 
7f8436dde000-7f8436de1000 ---p 00000000 00:00 0 
7f8436de1000-7f8436edf000 rw-p 00000000 00:00 0                          [stack:5362]
7f843716f000-7f8437172000 ---p 00000000 00:00 0 
7f8437172000-7f8437270000 rw-p 00000000 00:00 0                          [stack:5365]
7f8437270000-7f8437276000 r-xp 00000000 08:05 10491493                   /usr/lib/jvm/java-6-openjdk-amd64/jre/lib/amd64/libmanagement.so
7f8437276000-7f8437475000 ---p 00006000 08:05 10491493                   /usr/lib/jvm/java-6-openjdk-amd64/jre/lib/amd64/libmanagement.so
7f8437475000-7f8437476000 r--p 00005000 08:05 10491493                   /usr/lib/jvm/java-6-openjdk-amd64/jre/lib/amd64/libmanagement.so
7f8437476000-7f8437477000 rw-p 00006000 08:05 10491493                   /usr/lib/jvm/java-6-openjdk-amd64/jre/lib/amd64/libmanagement.so
7f84374f5000-7f84374f8000 ---p 00000000 00:00 0 
7f84374f8000-7f84375f6000 rw-p 00000000 00:00 0                          [stack:5361]
7f84375f6000-7f84375f9000 ---p 00000000 00:00 0 
7f84375f9000-7f84376f7000 rw-p 00000000 00:00 0                          [stack:5360]
7f84376f7000-7f84376fa000 ---p 00000000 00:00 0 
7f84376fa000-7f84377f8000 rw-p 00000000 00:00 0                          [stack:5359]
7f84377f8000-7f84377fb000 ---p 00000000 00:00 0 
7f84377fb000-7f84378f9000 rw-p 00000000 00:00 0                          [stack:7707]
7f84378f9000-7f84378fc000 ---p 00000000 00:00 0 
7f84378fc000-7f84379fa000 rw-p 00000000 00:00 0                          [stack:5356]
7f84379fa000-7f84379fd000 ---p 00000000 00:00 0 
7f84379fd000-7f8437afb000 rw-p 00000000 00:00 0                          [stack:7704]
7f8437afb000-7f8437afe000 ---p 00000000 00:00 0 
7f8437afe000-7f8437bfc000 rw-p 00000000 00:00 0                          [stack:7703]
7f8437bfc000-7f8437bff000 ---p 00000000 00:00 0 
7f8437bff000-7f8437cfd000 rw-p 00000000 00:00 0                          [stack:7705]
7f8437cfd000-7f8437d00000 ---p 00000000 00:00 0 
7f8437d00000-7f8437dfe000 rw-p 00000000 00:00 0                          [stack:7706]
7f8437dfe000-7f8437e01000 ---p 00000000 00:00 0 
7f8437e01000-7f8437eff000 rw-p 00000000 00:00 0                          [stack:7702]
7f8437eff000-7f8437f02000 ---p 00000000 00:00 0 
7f8437f02000-7f8438000000 rw-p 00000000 00:00 0                          [stack:7701]
7f8438000000-7f8438021000 rw-p 00000000 00:00 0 
7f8438021000-7f843c000000 ---p 00000000 00:00 0 
7f843c019000-7f843c01c000 ---p 00000000 00:00 0 
7f843c01c000-7f843c11a000 rw-p 00000000 00:00 0                          [stack:5220]
7f843c11a000-7f843c122000 r-xp 00000000 08:05 10491485                   /usr/lib/jvm/java-6-openjdk-amd64/jre/lib/amd64/libnio.so
7f843c122000-7f843c321000 ---p 00008000 08:05 10491485                   /usr/lib/jvm/java-6-openjdk-amd64/jre/lib/amd64/libnio.so
7f843c321000-7f843c322000 r--p 00007000 08:05 10491485                   /usr/lib/jvm/java-6-openjdk-amd64/jre/lib/amd64/libnio.so
7f843c322000-7f843c323000 rw-p 00008000 08:05 10491485                   /usr/lib/jvm/java-6-openjdk-amd64/jre/lib/amd64/libnio.so
7f843c323000-7f843c338000 r-xp 00000000 08:05 10491489                   /usr/lib/jvm/java-6-openjdk-amd64/jre/lib/amd64/libnet.so
7f843c338000-7f843c537000 ---p 00015000 08:05 10491489                   /usr/lib/jvm/java-6-openjdk-amd64/jre/lib/amd64/libnet.so
7f843c537000-7f843c538000 r--p 00014000 08:05 10491489                   /usr/lib/jvm/java-6-openjdk-amd64/jre/lib/amd64/libnet.so
7f843c538000-7f843c539000 rw-p 00015000 08:05 10491489                   /usr/lib/jvm/java-6-openjdk-amd64/jre/lib/amd64/libnet.so
7f843c539000-7f843c53b000 r--s 00015000 08:05 7345592                    /home/olga/Development/Play/framework/lib/jregex-1.2_01.jar
7f843c53b000-7f843c541000 r--s 00032000 08:05 7345586                    /home/olga/Development/Play/framework/lib/jaxen-1.1.jar
7f843c541000-7f843c546000 r--s 00020000 08:05 7345587                    /home/olga/Development/Play/framework/lib/jj-imaging.jar
7f843c546000-7f843c54c000 r--s 000fc000 08:05 10225239                   /usr/lib/jvm/java-6-openjdk-common/jre/lib/resources.jar
7f843c54c000-7f843c55c000 r--s 000b2000 08:05 7345601                    /home/olga/Development/Play/framework/lib/netty-3.2.5.Final.jar
7f843c57c000-7f843c57e000 r--s 00013000 08:05 10224636                   /usr/lib/jvm/java-6-openjdk-common/jre/lib/jce.jar
7f843c57e000-7f843c581000 r--s 0007f000 08:05 10224635                   /usr/lib/jvm/java-6-openjdk-common/jre/lib/jsse.jar
7f843c581000-7f843c583000 r--s 00013000 08:05 10224636                   /usr/lib/jvm/java-6-openjdk-common/jre/lib/jce.jar
7f843c583000-7f843c586000 r--s 0000f000 08:05 7345570                    /home/olga/Development/Play/framework/lib/geronimo-servlet_2.5_spec-1.2.jar
7f843c587000-7f843c58d000 r--s 00040000 08:05 7345599                    /home/olga/Development/Play/framework/lib/memcached-2.6.jar
7f843c58d000-7f843c598000 r--s 00124000 08:05 7345573                    /home/olga/Development/Play/framework/lib/h2-1.3.149.jar
7f843c598000-7f843c59a000 r--s 0000b000 08:05 7345589                    /home/olga/Development/Play/framework/lib/jj-textile.jar
7f843c59a000-7f843c5a0000 r--s 00049000 08:05 7345557                    /home/olga/Development/Play/framework/lib/cglib-nodep-2.2.jar
7f843c5a0000-7f843c5a3000 r--s 00022000 08:05 7345583                    /home/olga/Development/Play/framework/lib/jamon-2.7.jar
7f843c5a3000-7f843c5a5000 r--s 00015000 08:05 7345588                    /home/olga/Development/Play/framework/lib/jj-simplecaptcha.jar
7f843c5a5000-7f843c5ab000 r--s 00038000 08:05 7345608                    /home/olga/Development/Play/framework/lib/snakeyaml-1.7.jar
7f843c5ab000-7f843c5ad000 r--s 00001000 08:05 7345593                    /home/olga/Development/Play/framework/lib/jsr107cache-1.0.jar
7f843c5ad000-7f843c5bb000 r--s 0007f000 08:05 7345560                    /home/olga/Development/Play/framework/lib/commons-collections-3.2.1.jar
7f843c5bb000-7f843c5e5000 r--s 00427000 08:05 7345602                    /home/olga/Development/Play/framework/lib/org.eclipse.jdt.core-3.8.0.v_C03.jar
7f843c5e5000-7f843c5e7000 r--s 0000e000 08:05 7345564                    /home/olga/Development/Play/framework/lib/commons-javaflow-1066591.jar
7f843c5e7000-7f843c5e9000 r--s 0000d000 08:05 7345559                    /home/olga/Development/Play/framework/lib/commons-codec-1.4.jar
7f843c5e9000-7f843c5ea000 r--s 00007000 08:05 7345561                    /home/olga/Development/Play/framework/lib/commons-email-1.2.jar
7f843c5ea000-7f843c5eb000 r--s 00002000 08:05 7345607                    /home/olga/Development/Play/framework/lib/slf4j-log4j12-1.6.1.jar
7f843c5eb000-7f843c5f2000 r--s 00038000 08:05 7345590                    /home/olga/Development/Play/framework/lib/jj-wikitext.jar
7f843c5f2000-7f843c5f9000 r--s 0004d000 08:05 7345554                    /home/olga/Development/Play/framework/lib/async-http-client-1.6.5.jar
7f843c5f9000-7f843c5fc000 r--s 0000f000 08:05 7345575                    /home/olga/Development/Play/framework/lib/hibernate-commons-annotations-3.2.0.Final.jar
7f843c5fc000-7f843c5fe000 r--s 00002000 08:05 7345594                    /home/olga/Development/Play/framework/lib/jta-1.1.jar
7f843c5fe000-7f843c601000 r--s 00024000 08:05 7345563                    /home/olga/Development/Play/framework/lib/commons-io-2.0.1.jar
7f843c601000-7f843c603000 r--s 0000c000 08:05 7345551                    /home/olga/Development/Play/framework/lib/activation-1.1.1.jar
7f843c603000-7f843c60b000 r--s 0008a000 08:05 7345584                    /home/olga/Development/Play/framework/lib/javassist-3.9.0.GA.jar
7f843c60b000-7f843c611000 r--s 0007e000 08:05 7345604                    /home/olga/Development/Play/framework/lib/postgresql-9.0.jar
7f843c611000-7f843c616000 r--s 00014000 08:05 7345581                    /home/olga/Development/Play/framework/lib/hibernate-jpa-2.0-api-1.0.0.Final.jar
7f843c616000-7f843c61f000 r--s 0005d000 08:05 7345579                    /home/olga/Development/Play/framework/lib/hibernate-entitymanager-3.6.0.Final.jar
7f843c61f000-7f843c623000 r--s 00027000 08:05 7345572                    /home/olga/Development/Play/framework/lib/gson-1.7.1.jar
7f843c623000-7f843c625000 r--s 00005000 08:05 7345606                    /home/olga/Development/Play/framework/lib/slf4j-api-1.6.1.jar
7f843c625000-7f843c62a000 r--s 00034000 08:05 7345558                    /home/olga/Development/Play/framework/lib/commons-beanutils-1.8.3.jar
7f843c62a000-7f843c634000 r--s 0006f000 08:05 7345568                    /home/olga/Development/Play/framework/lib/ehcache-core-2.0.0.jar
7f843c634000-7f843c63f000 r--s 0005a000 08:05 7345609                    /home/olga/Development/Play/framework/lib/xstream-1.3.jar
7f843c63f000-7f843c640000 r--s 00000000 08:05 7345585                    /home/olga/Development/Play/framework/lib/javax.inject-1.0.jar
7f843c640000-7f843c642000 r--s 00008000 08:05 7345605                    /home/olga/Development/Play/framework/lib/signpost-core-1.2.jar
7f843c642000-7f843c647000 r--s 00041000 08:05 7345565                    /home/olga/Development/Play/framework/lib/commons-lang-2.6.jar
7f843c647000-7f843c64d000 r--s 00034000 08:05 7345595                    /home/olga/Development/Play/framework/lib/junit-4.8.1.jar
7f843c64d000-7f843c654000 r--s 000b7000 08:05 7345600                    /home/olga/Development/Play/framework/lib/mysql-connector-java-5.1.13.jar
7f843c654000-7f843c663000 r--s 0007c000 08:05 7345591                    /home/olga/Development/Play/framework/lib/joda-time-2.0.jar
7f843c663000-7f843c672000 r--s 000d9000 08:05 7345582                    /home/olga/Development/Play/framework/lib/ivy-2.2.0.jar
7f843c672000-7f843c678000 r--s 00067000 08:05 7345552                    /home/olga/Development/Play/framework/lib/antlr-2.7.6.jar
7f843c678000-7f843c67b000 r--s 00011000 08:05 7345569                    /home/olga/Development/Play/framework/lib/ezmorph-1.0.3.jar
7f843c67b000-7f843c682000 r--s 0006a000 08:05 7345598                    /home/olga/Development/Play/framework/lib/mail-1.4.3.jar
7f843c682000-7f843c6d6000 r--s 00520000 08:05 7345571                    /home/olga/Development/Play/framework/lib/groovy-all-1.7.10.jar
7f843c6d6000-7f843c6d7000 ---p 00000000 00:00 0 
7f843c6d7000-7f843c7d7000 rw-p 00000000 00:00 0                          [stack:5219]
7f843c7d7000-7f843c7da000 ---p 00000000 00:00 0 
7f843c7da000-7f843c8d8000 rw-p 00000000 00:00 0                          [stack:5218]
7f843c8d8000-7f843c8db000 ---p 00000000 00:00 0 
7f843c8db000-7f843c9d9000 rw-p 00000000 00:00 0                          [stack:5217]
7f843c9d9000-7f843c9dc000 ---p 00000000 00:00 0 
7f843c9dc000-7f843cada000 rw-p 00000000 00:00 0                          [stack:5216]
7f843cada000-7f843cadd000 ---p 00000000 00:00 0 
7f843cadd000-7f843cbdb000 rw-p 00000000 00:00 0                          [stack:5215]
7f843cbdb000-7f843cbde000 ---p 00000000 00:00 0 
7f843cbde000-7f843ccdc000 rw-p 00000000 00:00 0                          [stack:5214]
7f843ccdc000-7f843cce0000 r-xp 00000000 08:05 10491505                   /usr/lib/jvm/java-6-openjdk-amd64/jre/lib/amd64/libdt_socket.so
7f843cce0000-7f843cedf000 ---p 00004000 08:05 10491505                   /usr/lib/jvm/java-6-openjdk-amd64/jre/lib/amd64/libdt_socket.so
7f843cedf000-7f843cee0000 r--p 00003000 08:05 10491505                   /usr/lib/jvm/java-6-openjdk-amd64/jre/lib/amd64/libdt_socket.so
7f843cee0000-7f843cee1000 rw-p 00004000 08:05 10491505                   /usr/lib/jvm/java-6-openjdk-amd64/jre/lib/amd64/libdt_socket.so
7f843cee1000-7f843cee4000 r--s 0007f000 08:05 10224635                   /usr/lib/jvm/java-6-openjdk-common/jre/lib/jsse.jar
7f843cee4000-7f843cef0000 r--s 000c2000 08:05 7345961                    /home/olga/Development/Play/framework/play-1.2.4.jar
7f843cef0000-7f843cef2000 r--s 00001000 08:05 10225204                   /usr/lib/jvm/java-6-openjdk-common/jre/lib/ext/dnsns.jar
7f843cef2000-7f843cef5000 r--s 00031000 08:05 10225202                   /usr/lib/jvm/java-6-openjdk-common/jre/lib/ext/sunjce_provider.jar
7f843cef5000-7f843cef8000 r--s 00077000 08:05 10225200                   /usr/lib/jvm/java-6-openjdk-common/jre/lib/ext/localedata.jar
7f843cef8000-7f843cefa000 r--s 0000f000 08:05 10225206                   /usr/lib/jvm/java-6-openjdk-common/jre/lib/ext/pulse-java.jar
7f843cefa000-7f843cefe000 r--s 00039000 08:05 10225198                   /usr/lib/jvm/java-6-openjdk-common/jre/lib/ext/sunpkcs11.jar
7f843cefe000-7f843ceff000 r--s 00007000 08:05 10758633                   /usr/share/java/java-atk-wrapper.jar
7f843ceff000-7f843cf02000 ---p 00000000 00:00 0 
7f843cf02000-7f843d000000 rw-p 00000000 00:00 0                          [stack:5213]
7f843d000000-7f843d620000 rwxp 00000000 00:00 0 
7f843d620000-7f84405a1000 rw-p 00000000 00:00 0 
7f84405a1000-7f8444000000 ---p 00000000 00:00 0 
7f8444000000-7f8444025000 r--s 00172000 08:05 7345555                    /home/olga/Development/Play/framework/lib/bcprov-jdk15-1.45.jar
7f8444025000-7f8444057000 r--s 002c7000 08:05 7345577                    /home/olga/Development/Play/framework/lib/hibernate-core-3.6.1.Final.jar
7f8444057000-7f844405a000 ---p 00000000 00:00 0 
7f844405a000-7f8444158000 rw-p 00000000 00:00 0                          [stack:5212]
7f8444158000-7f844415b000 ---p 00000000 00:00 0 
7f844415b000-7f8444259000 rw-p 00000000 00:00 0                          [stack:5211]
7f8444259000-7f844425a000 ---p 00000000 00:00 0 
7f844425a000-7f8444892000 rw-p 00000000 00:00 0                          [stack:5210]
7f8444892000-7f8444a25000 r--s 037db000 08:05 10363553                   /usr/lib/jvm/java-6-openjdk-amd64/jre/lib/rt.jar
7f8444a25000-7f8444a4d000 rw-p 00000000 00:00 0 
7f8444a4d000-7f8444a4e000 ---p 00000000 00:00 0 
7f8444a4e000-7f8444b4e000 rw-p 00000000 00:00 0                          [stack:5209]
7f8444b4e000-7f8444b4f000 ---p 00000000 00:00 0 
7f8444b4f000-7f8444c4f000 rw-p 00000000 00:00 0                          [stack:5208]
7f8444c4f000-7f8444c50000 ---p 00000000 00:00 0 
7f8444c50000-7f8444d50000 rw-p 00000000 00:00 0                          [stack:5207]
7f8444d50000-7f8444d51000 ---p 00000000 00:00 0 
7f8444d51000-7f8444e69000 rw-p 00000000 00:00 0                          [stack:5206]
7f8444e69000-7f8444ea4000 rw-p 00000000 00:00 0 
7f8444ea4000-7f8444eb9000 rw-p 00000000 00:00 0 
7f8444eb9000-7f8444fe5000 rw-p 00000000 00:00 0 
7f8444fe5000-7f8444ffd000 rw-p 00000000 00:00 0 
7f8444ffd000-7f8445038000 rw-p 00000000 00:00 0 
7f8445038000-7f844504d000 rw-p 00000000 00:00 0 
7f844504d000-7f8445178000 rw-p 00000000 00:00 0 
7f8445178000-7f8445189000 rw-p 00000000 00:00 0 
7f8445189000-7f8445194000 ---p 00000000 00:00 0 
7f8445194000-7f8445219000 rw-p 00000000 00:00 0 
7f8445219000-7f844521a000 rw-p 00000000 00:00 0 
7f844521a000-7f8445221000 r-xp 00000000 08:05 10491508                   /usr/lib/jvm/java-6-openjdk-amd64/jre/lib/amd64/libzip.so
7f8445221000-7f8445420000 ---p 00007000 08:05 10491508                   /usr/lib/jvm/java-6-openjdk-amd64/jre/lib/amd64/libzip.so
7f8445420000-7f8445421000 r--p 00006000 08:05 10491508                   /usr/lib/jvm/java-6-openjdk-amd64/jre/lib/amd64/libzip.so
7f8445421000-7f8445422000 rw-p 00007000 08:05 10491508                   /usr/lib/jvm/java-6-openjdk-amd64/jre/lib/amd64/libzip.so
7f8445422000-7f844542e000 r-xp 00000000 08:05 10485889                   /lib/x86_64-linux-gnu/libnss_files-2.15.so
7f844542e000-7f844562d000 ---p 0000c000 08:05 10485889                   /lib/x86_64-linux-gnu/libnss_files-2.15.so
7f844562d000-7f844562e000 r--p 0000b000 08:05 10485889                   /lib/x86_64-linux-gnu/libnss_files-2.15.so
7f844562e000-7f844562f000 rw-p 0000c000 08:05 10485889                   /lib/x86_64-linux-gnu/libnss_files-2.15.so
7f844562f000-7f8445639000 r-xp 00000000 08:05 10485885                   /lib/x86_64-linux-gnu/libnss_nis-2.15.so
7f8445639000-7f8445839000 ---p 0000a000 08:05 10485885                   /lib/x86_64-linux-gnu/libnss_nis-2.15.so
7f8445839000-7f844583a000 r--p 0000a000 08:05 10485885                   /lib/x86_64-linux-gnu/libnss_nis-2.15.so
7f844583a000-7f844583b000 rw-p 0000b000 08:05 10485885                   /lib/x86_64-linux-gnu/libnss_nis-2.15.so
7f844583b000-7f8445852000 r-xp 00000000 08:05 10489715                   /lib/x86_64-linux-gnu/libnsl-2.15.so
7f8445852000-7f8445a51000 ---p 00017000 08:05 10489715                   /lib/x86_64-linux-gnu/libnsl-2.15.so
7f8445a51000-7f8445a52000 r--p 00016000 08:05 10489715                   /lib/x86_64-linux-gnu/libnsl-2.15.so
7f8445a52000-7f8445a53000 rw-p 00017000 08:05 10489715                   /lib/x86_64-linux-gnu/libnsl-2.15.so
7f8445a53000-7f8445a55000 rw-p 00000000 00:00 0 
7f8445a55000-7f8445a5d000 r-xp 00000000 08:05 10485890                   /lib/x86_64-linux-gnu/libnss_compat-2.15.so
7f8445a5d000-7f8445c5c000 ---p 00008000 08:05 10485890                   /lib/x86_64-linux-gnu/libnss_compat-2.15.so
7f8445c5c000-7f8445c5d000 r--p 00007000 08:05 10485890                   /lib/x86_64-linux-gnu/libnss_compat-2.15.so
7f8445c5d000-7f8445c5e000 rw-p 00008000 08:05 10485890                   /lib/x86_64-linux-gnu/libnss_compat-2.15.so
7f8445c5e000-7f8446341000 r--p 00000000 08:05 10230127                   /usr/lib/locale/locale-archive
7f8446341000-7f8446344000 r-xp 00000000 08:05 10491478                   /usr/lib/jvm/java-6-openjdk-amd64/jre/lib/amd64/libnpt.so
7f8446344000-7f8446543000 ---p 00003000 08:05 10491478                   /usr/lib/jvm/java-6-openjdk-amd64/jre/lib/amd64/libnpt.so
7f8446543000-7f8446544000 r--p 00002000 08:05 10491478                   /usr/lib/jvm/java-6-openjdk-amd64/jre/lib/amd64/libnpt.so
7f8446544000-7f8446545000 rw-p 00003000 08:05 10491478                   /usr/lib/jvm/java-6-openjdk-amd64/jre/lib/amd64/libnpt.so
7f8446545000-7f844654e000 r-xp 00000000 08:05 10491477                   /usr/lib/jvm/java-6-openjdk-amd64/jre/lib/amd64/libinstrument.so
7f844654e000-7f844674e000 ---p 00009000 08:05 10491477                   /usr/lib/jvm/java-6-openjdk-amd64/jre/lib/amd64/libinstrument.so
7f844674e000-7f844674f000 r--p 00009000 08:05 10491477                   /usr/lib/jvm/java-6-openjdk-amd64/jre/lib/amd64/libinstrument.so
7f844674f000-7f8446750000 rw-p 0000a000 08:05 10491477                   /usr/lib/jvm/java-6-openjdk-amd64/jre/lib/amd64/libinstrument.so
7f8446750000-7f844678a000 r-xp 00000000 08:05 10491486                   /usr/lib/jvm/java-6-openjdk-amd64/jre/lib/amd64/libjdwp.so
7f844678a000-7f8446989000 ---p 0003a000 08:05 10491486                   /usr/lib/jvm/java-6-openjdk-amd64/jre/lib/amd64/libjdwp.so
7f8446989000-7f844698a000 r--p 00039000 08:05 10491486                   /usr/lib/jvm/java-6-openjdk-amd64/jre/lib/amd64/libjdwp.so
7f844698a000-7f844698b000 rw-p 0003a000 08:05 10491486                   /usr/lib/jvm/java-6-openjdk-amd64/jre/lib/amd64/libjdwp.so
7f844698b000-7f84469b7000 r-xp 00000000 08:05 10491496                   /usr/lib/jvm/java-6-openjdk-amd64/jre/lib/amd64/libjava.so
7f84469b7000-7f8446bb6000 ---p 0002c000 08:05 10491496                   /usr/lib/jvm/java-6-openjdk-amd64/jre/lib/amd64/libjava.so
7f8446bb6000-7f8446bb7000 r--p 0002b000 08:05 10491496                   /usr/lib/jvm/java-6-openjdk-amd64/jre/lib/amd64/libjava.so
7f8446bb7000-7f8446bba000 rw-p 0002c000 08:05 10491496                   /usr/lib/jvm/java-6-openjdk-amd64/jre/lib/amd64/libjava.so
7f8446bba000-7f8446bc8000 r-xp 00000000 08:05 10491495                   /usr/lib/jvm/java-6-openjdk-amd64/jre/lib/amd64/libverify.so
7f8446bc8000-7f8446dc7000 ---p 0000e000 08:05 10491495                   /usr/lib/jvm/java-6-openjdk-amd64/jre/lib/amd64/libverify.so
7f8446dc7000-7f8446dc9000 r--p 0000d000 08:05 10491495                   /usr/lib/jvm/java-6-openjdk-amd64/jre/lib/amd64/libverify.so
7f8446dc9000-7f8446dca000 rw-p 0000f000 08:05 10491495                   /usr/lib/jvm/java-6-openjdk-amd64/jre/lib/amd64/libverify.so
7f8446dca000-7f8446dd1000 r-xp 00000000 08:05 10485883                   /lib/x86_64-linux-gnu/librt-2.15.so
7f8446dd1000-7f8446fd0000 ---p 00007000 08:05 10485883                   /lib/x86_64-linux-gnu/librt-2.15.so
7f8446fd0000-7f8446fd1000 r--p 00006000 08:05 10485883                   /lib/x86_64-linux-gnu/librt-2.15.so
7f8446fd1000-7f8446fd2000 rw-p 00007000 08:05 10485883                   /lib/x86_64-linux-gnu/librt-2.15.so
7f8446fd2000-7f8446fe7000 r-xp 00000000 08:05 10489415                   /lib/x86_64-linux-gnu/libgcc_s.so.1
7f8446fe7000-7f84471e6000 ---p 00015000 08:05 10489415                   /lib/x86_64-linux-gnu/libgcc_s.so.1
7f84471e6000-7f84471e7000 r--p 00014000 08:05 10489415                   /lib/x86_64-linux-gnu/libgcc_s.so.1
7f84471e7000-7f84471e8000 rw-p 00015000 08:05 10489415                   /lib/x86_64-linux-gnu/libgcc_s.so.1
7f84471e8000-7f84472e3000 r-xp 00000000 08:05 10485887                   /lib/x86_64-linux-gnu/libm-2.15.so
7f84472e3000-7f84474e2000 ---p 000fb000 08:05 10485887                   /lib/x86_64-linux-gnu/libm-2.15.so
7f84474e2000-7f84474e3000 r--p 000fa000 08:05 10485887                   /lib/x86_64-linux-gnu/libm-2.15.so
7f84474e3000-7f84474e4000 rw-p 000fb000 08:05 10485887                   /lib/x86_64-linux-gnu/libm-2.15.so
7f84474e4000-7f84475c6000 r-xp 00000000 08:05 10231417                   /usr/lib/x86_64-linux-gnu/libstdc++.so.6.0.16
7f84475c6000-7f84477c5000 ---p 000e2000 08:05 10231417                   /usr/lib/x86_64-linux-gnu/libstdc++.so.6.0.16
7f84477c5000-7f84477cd000 r--p 000e1000 08:05 10231417                   /usr/lib/x86_64-linux-gnu/libstdc++.so.6.0.16
7f84477cd000-7f84477cf000 rw-p 000e9000 08:05 10231417                   /usr/lib/x86_64-linux-gnu/libstdc++.so.6.0.16
7f84477cf000-7f84477e4000 rw-p 00000000 00:00 0 
7f84477e4000-7f84480e9000 r-xp 00000000 08:05 10620262                   /usr/lib/jvm/java-6-openjdk-amd64/jre/lib/amd64/server/libjvm.so
7f84480e9000-7f84482e8000 ---p 00905000 08:05 10620262                   /usr/lib/jvm/java-6-openjdk-amd64/jre/lib/amd64/server/libjvm.so
7f84482e8000-7f8448369000 r--p 00904000 08:05 10620262                   /usr/lib/jvm/java-6-openjdk-amd64/jre/lib/amd64/server/libjvm.so
7f8448369000-7f8448384000 rw-p 00985000 08:05 10620262                   /usr/lib/jvm/java-6-openjdk-amd64/jre/lib/amd64/server/libjvm.so
7f8448384000-7f84483ad000 rw-p 00000000 00:00 0 
7f84483ad000-7f84483c3000 r-xp 00000000 08:05 10489505                   /lib/x86_64-linux-gnu/libz.so.1.2.3.4
7f84483c3000-7f84485c2000 ---p 00016000 08:05 10489505                   /lib/x86_64-linux-gnu/libz.so.1.2.3.4
7f84485c2000-7f84485c3000 r--p 00015000 08:05 10489505                   /lib/x86_64-linux-gnu/libz.so.1.2.3.4
7f84485c3000-7f84485c4000 rw-p 00016000 08:05 10489505                   /lib/x86_64-linux-gnu/libz.so.1.2.3.4
7f84485c4000-7f8448779000 r-xp 00000000 08:05 10485783                   /lib/x86_64-linux-gnu/libc-2.15.so
7f8448779000-7f8448978000 ---p 001b5000 08:05 10485783                   /lib/x86_64-linux-gnu/libc-2.15.so
7f8448978000-7f844897c000 r--p 001b4000 08:05 10485783                   /lib/x86_64-linux-gnu/libc-2.15.so
7f844897c000-7f844897e000 rw-p 001b8000 08:05 10485783                   /lib/x86_64-linux-gnu/libc-2.15.so
7f844897e000-7f8448983000 rw-p 00000000 00:00 0 
7f8448983000-7f8448985000 r-xp 00000000 08:05 10485772                   /lib/x86_64-linux-gnu/libdl-2.15.so
7f8448985000-7f8448b85000 ---p 00002000 08:05 10485772                   /lib/x86_64-linux-gnu/libdl-2.15.so
7f8448b85000-7f8448b86000 r--p 00002000 08:05 10485772                   /lib/x86_64-linux-gnu/libdl-2.15.so
7f8448b86000-7f8448b87000 rw-p 00003000 08:05 10485772                   /lib/x86_64-linux-gnu/libdl-2.15.so
7f8448b87000-7f8448b8b000 r-xp 00000000 08:05 10491480                   /usr/lib/jvm/java-6-openjdk-amd64/jre/lib/amd64/jli/libjli.so
7f8448b8b000-7f8448d8a000 ---p 00004000 08:05 10491480                   /usr/lib/jvm/java-6-openjdk-amd64/jre/lib/amd64/jli/libjli.so
7f8448d8a000-7f8448d8b000 r--p 00003000 08:05 10491480                   /usr/lib/jvm/java-6-openjdk-amd64/jre/lib/amd64/jli/libjli.so
7f8448d8b000-7f8448d8c000 rw-p 00004000 08:05 10491480                   /usr/lib/jvm/java-6-openjdk-amd64/jre/lib/amd64/jli/libjli.so
7f8448d8c000-7f8448da4000 r-xp 00000000 08:05 10485881                   /lib/x86_64-linux-gnu/libpthread-2.15.so
7f8448da4000-7f8448fa3000 ---p 00018000 08:05 10485881                   /lib/x86_64-linux-gnu/libpthread-2.15.so
7f8448fa3000-7f8448fa4000 r--p 00017000 08:05 10485881                   /lib/x86_64-linux-gnu/libpthread-2.15.so
7f8448fa4000-7f8448fa5000 rw-p 00018000 08:05 10485881                   /lib/x86_64-linux-gnu/libpthread-2.15.so
7f8448fa5000-7f8448fa9000 rw-p 00000000 00:00 0 
7f8448fa9000-7f8448fcb000 r-xp 00000000 08:05 10485893                   /lib/x86_64-linux-gnu/ld-2.15.so
7f8448fcc000-7f8448fd3000 r--s 00049000 08:05 7345603                    /home/olga/Development/Play/framework/lib/oval-1.50.jar
7f8448fd3000-7f8448fde000 r--s 0008b000 08:05 7345556                    /home/olga/Development/Play/framework/lib/c3p0-0.9.1.2.jar
7f8448fde000-7f8448fe0000 r--s 0000d000 08:05 7345562                    /home/olga/Development/Play/framework/lib/commons-fileupload-1.2.2.jar
7f8448fe0000-7f8448fe5000 r--s 0002e000 08:05 7345553                    /home/olga/Development/Play/framework/lib/asm-all-3.3.1.jar
7f8448fe5000-7f8448fe7000 r--s 0000d000 08:05 7345566                    /home/olga/Development/Play/framework/lib/commons-logging-1.1.1.jar
7f8448fe7000-7f8448ff0000 r--s 0006d000 08:05 7345597                    /home/olga/Development/Play/framework/lib/log4j-1.2.16.jar
7f8448ff0000-7f8449009000 rw-p 00000000 00:00 0 
7f8449009000-7f84490b0000 rw-p 00000000 00:00 0 
7f84490b0000-7f84490b3000 ---p 00000000 00:00 0 
7f84490b3000-7f84491b6000 rw-p 00000000 00:00 0                          [stack:5205]
7f84491b6000-7f84491bb000 r--s 00048000 08:05 7345567                    /home/olga/Development/Play/framework/lib/dom4j-1.6.1.jar
7f84491bb000-7f84491bc000 r--s 00001000 08:05 7473781                    /home/olga/Development/Play/modules/testrunner/lib/play-testrunner.jar
7f84491bc000-7f84491be000 r--s 00003000 08:05 7346889                    /home/olga/Development/Play/modules/paginate-head/lib/play-paginate.jar
7f84491be000-7f84491bf000 rw-p 00000000 00:00 0 
7f84491bf000-7f84491c7000 rw-s 00000000 08:05 2883627                    /tmp/hsperfdata_olga/5204
7f84491c7000-7f84491c8000 rw-p 00000000 00:00 0 
7f84491c8000-7f84491c9000 r--p 00000000 00:00 0 
7f84491c9000-7f84491cb000 rw-p 00000000 00:00 0 
7f84491cb000-7f84491cc000 r--p 00022000 08:05 10485893                   /lib/x86_64-linux-gnu/ld-2.15.so
7f84491cc000-7f84491ce000 rw-p 00023000 08:05 10485893                   /lib/x86_64-linux-gnu/ld-2.15.so
7fff31bc6000-7fff31be8000 rw-p 00000000 00:00 0                          [stack]
7fff31bff000-7fff31c00000 r-xp 00000000 00:00 0                          [vdso]
ffffffffff600000-ffffffffff601000 r-xp 00000000 00:00 0                  [vsyscall]

VM Arguments:
jvm_args: -javaagent:/home/olga/Development/Play/framework/play-1.2.4.jar -XX:-UseSplitVerifier -Dfile.encoding=utf-8 -Xdebug -Xrunjdwp:transport=dt_socket,address=8000,server=y,suspend=n -Dplay.debug=yes -Dapplication.path=/home/olga/Development/Play/BookHunter -Dplay.id=test 
java_command: play.server.Server 
Launcher Type: SUN_STANDARD

Environment Variables:
PATH=/home/olga/Development/Play:/usr/lib/lightdm/lightdm:/usr/local/sbin:/usr/local/bin:/usr/sbin:/usr/bin:/sbin:/bin:/usr/games
LD_LIBRARY_PATH=/usr/lib/jvm/java-6-openjdk-amd64/jre/lib/amd64/server:/usr/lib/jvm/java-6-openjdk-amd64/jre/lib/amd64:/usr/lib/jvm/java-6-openjdk-amd64/jre/../lib/amd64
SHELL=/bin/bash
DISPLAY=:0.0

Signal Handlers:
SIGSEGV: [libjvm.so+0x7856d0], sa_mask[0]=0x7ffbfeff, sa_flags=0x10000004
SIGBUS: [libjvm.so+0x7856d0], sa_mask[0]=0x7ffbfeff, sa_flags=0x10000004
SIGFPE: [libjvm.so+0x649250], sa_mask[0]=0x7ffbfeff, sa_flags=0x10000004
SIGPIPE: [libjvm.so+0x649250], sa_mask[0]=0x7ffbfeff, sa_flags=0x10000004
SIGXFSZ: [libjvm.so+0x649250], sa_mask[0]=0x7ffbfeff, sa_flags=0x10000004
SIGILL: [libjvm.so+0x649250], sa_mask[0]=0x7ffbfeff, sa_flags=0x10000004
SIGUSR1: SIG_DFL, sa_mask[0]=0x00000000, sa_flags=0x00000000
SIGUSR2: [libjvm.so+0x649430], sa_mask[0]=0x00000000, sa_flags=0x10000004
SIGHUP: [libjvm.so+0x64bdf0], sa_mask[0]=0x7ffbfeff, sa_flags=0x10000004
SIGINT: [libjvm.so+0x64bdf0], sa_mask[0]=0x7ffbfeff, sa_flags=0x10000004
SIGTERM: [libjvm.so+0x64bdf0], sa_mask[0]=0x7ffbfeff, sa_flags=0x10000004
SIGQUIT: [libjvm.so+0x64bdf0], sa_mask[0]=0x7ffbfeff, sa_flags=0x10000004


---------------  S Y S T E M  ---------------

OS:Ubuntu 12.04 (precise)
uname:Linux 3.5.0-32-generic #53~precise1-Ubuntu SMP Wed May 29 20:33:37 UTC 2013 x86_64
libc:glibc 2.15 NPTL 2.15 
rlimit: STACK 8192k, CORE 0k, NPROC 30593, NOFILE 4096, AS infinity
load average:0.58 0.42 0.40

/proc/meminfo:
MemTotal:        3934588 kB
MemFree:          195252 kB
Buffers:          147408 kB
Cached:          1213612 kB
SwapCached:         2492 kB
Active:          2378652 kB
Inactive:        1099512 kB
Active(anon):    1914476 kB
Inactive(anon):   549468 kB
Active(file):     464176 kB
Inactive(file):   550044 kB
Unevictable:          32 kB
Mlocked:              32 kB
SwapTotal:       4077564 kB
SwapFree:        4048148 kB
Dirty:              1276 kB
Writeback:             0 kB
AnonPages:       2114868 kB
Mapped:           252488 kB
Shmem:            346800 kB
Slab:             145280 kB
SReclaimable:     111936 kB
SUnreclaim:        33344 kB
KernelStack:        5168 kB
PageTables:        49104 kB
NFS_Unstable:          0 kB
Bounce:                0 kB
WritebackTmp:          0 kB
CommitLimit:     6044856 kB
Committed_AS:    6972296 kB
VmallocTotal:   34359738367 kB
VmallocUsed:      560636 kB
VmallocChunk:   34359121196 kB
HardwareCorrupted:     0 kB
AnonHugePages:         0 kB
HugePages_Total:       0
HugePages_Free:        0
HugePages_Rsvd:        0
HugePages_Surp:        0
Hugepagesize:       2048 kB
DirectMap4k:       55296 kB
DirectMap2M:     4030464 kB


CPU:total 4 (4 cores per cpu, 1 threads per core) family 6 model 42 stepping 7, cmov, cx8, fxsr, mmx, sse, sse2, sse3, ssse3, sse4.1, sse4.2, popcnt

Memory: 4k page, physical 3934588k(195252k free), swap 4077564k(4048148k free)

vm_info: OpenJDK 64-Bit Server VM (20.0-b12) for linux-amd64 JRE (1.6.0_27-b27), built on Apr 25 2013 14:56:54 by "buildd" with gcc 4.6.3

time: Tue Jun  4 13:44:02 2013
elapsed time: 6687 seconds

