#
# A fatal error has been detected by the Java Runtime Environment:
#
#  SIGSEGV (0xb) at pc=0x00007f647d0246be, pid=3593, tid=140069381867264
#
# JRE version: 6.0_27-b27
# Java VM: OpenJDK 64-Bit Server VM (20.0-b12 mixed mode linux-amd64 compressed oops)
# Derivative: IcedTea6 1.12.5
# Distribution: Ubuntu 12.04 LTS, package 6b27-1.12.5-0ubuntu0.12.04.1
# Problematic frame:
# V  [libjvm.so+0x5bd6be]  PhaseIdealLoop::build_loop_late_post(Node*)+0x14e
#
# If you would like to submit a bug report, please include
# instructions how to reproduce the bug and visit:
#   https://bugs.launchpad.net/ubuntu/+source/openjdk-6/
#

---------------  T H R E A D  ---------------

Current thread (0x00007f64780dc000):  JavaThread "C2 CompilerThread1" daemon [_thread_in_native, id=3606, stack(0x00007f6471b00000,0x00007f6471c01000)]

siginfo:si_signo=SIGSEGV: si_errno=0, si_code=1 (SEGV_MAPERR), si_addr=0x0000000000000008

Registers:
RAX=0x0000000000000000, RBX=0x00007f6471bfda50, RCX=0x00007f6438286620, RDX=0x0000000000002000
RSP=0x00007f6471bfc290, RBP=0x00007f6471bfc2d0, RSI=0x00007f64381badb0, RDI=0x0000000000000000
R8 =0x00007f6438276600, R9 =0x00007f6471bfda50, R10=0x00007f64381badb0, R11=0x0000000000000000
R12=0x00007f643818db80, R13=0x00007f64383f5508, R14=0x00007f6471bfda70, R15=0x00007f643831ccd8
RIP=0x00007f647d0246be, EFLAGS=0x0000000000010206, CSGSFS=0x0000000000000033, ERR=0x0000000000000004
  TRAPNO=0x000000000000000e

Top of Stack: (sp=0x00007f6471bfc290)
0x00007f6471bfc290:   00007f6438553138 00007f6471bfc570
0x00007f6471bfc2a0:   00007f6471bfc2d0 00007f6471bfda50
0x00007f6471bfc2b0:   0000000000000002 00007f643818db80
0x00007f6471bfc2c0:   00007f64383245b8 00007f6471bfc570
0x00007f6471bfc2d0:   00007f6471bfc340 00007f647d024c2b
0x00007f6471bfc2e0:   00007f6434156790 00007f6400000100
0x00007f6471bfc2f0:   00007f6400000001 00007f6471bfe3f0
0x00007f6471bfc300:   00007f6471bfc590 00007f6471bfc530
0x00007f6471bfc310:   0000000000001804 00007f6471bfda50
0x00007f6471bfc320:   0000000000000007 0000000000000001
0x00007f6471bfc330:   0000000000000001 00007f6434156790
0x00007f6471bfc340:   00007f6471bfc5e0 00007f647d0257f2
0x00007f6471bfc350:   00007f6471bfc390 00007f6434156720
0x00007f6471bfc360:   00007f6434352d30 00007f6471bfda70
0x00007f6471bfc370:   00007f643803ddc8 00007f6471bfc630
0x00007f6471bfc380:   00007f643803e138 00007f643803e088
0x00007f6471bfc390:   00007f6471bfc460 00007f647ced65c1
0x00007f6471bfc3a0:   0000000000000000 00007f64383ef4f0
0x00007f6471bfc3b0:   00007f647d5fa820 0000000000000004
0x00007f6471bfc3c0:   00007f6471bfcff8 00007f6471bfd018
0x00007f6471bfc3d0:   00007f6471bfc400 00007f647d098484
0x00007f6471bfc3e0:   00007f643831f3c0 00007f6471bfc4d0
0x00007f6471bfc3f0:   00007f6471bfc400 00007f647cd73ba2
0x00007f6471bfc400:   00007f6471bfc460 00007f647ced8b75
0x00007f6471bfc410:   00007f6438422150 00007f64381071e0
0x00007f6471bfc420:   0000000000000010 0000000000000080
0x00007f6471bfc430:   0000000000000002 0000000000010040
0x00007f6471bfc440:   0000000000000000 0000043000001002
0x00007f6471bfc450:   0000007e000000db 0000007c00000079
0x00007f6471bfc460:   00007f6471bfc550 00007f6438000020
0x00007f6471bfc470:   00007f6471bfc500 0000000000010010
0x00007f6471bfc480:   00007f64384f6d40 0000000000010000 

Instructions: (pc=0x00007f647d0246be)
0x00007f647d02469e:   4c 39 e8 0f 84 ad 03 00 00 8b 70 28 49 89 c7 0f
0x00007f647d0246ae:   1f 00 4c 8b 93 e0 09 00 00 49 8d 34 f2 48 8b 06
0x00007f647d0246be:   48 8b 50 08 48 83 3a 00 75 27 8b 4b 28 0f 1f 44
0x00007f647d0246ce:   00 00 8b 50 28 31 c0 39 ca 73 0c 48 8b 43 30 48 

Register to memory mapping:

RAX=0x0000000000000000 is an unknown value
RBX=0x00007f6471bfda50 is pointing into the stack for thread: 0x00007f64780dc000
RCX=0x00007f6438286620 is an unknown value
RDX=0x0000000000002000 is an unknown value
RSP=0x00007f6471bfc290 is pointing into the stack for thread: 0x00007f64780dc000
RBP=0x00007f6471bfc2d0 is pointing into the stack for thread: 0x00007f64780dc000
RSI=0x00007f64381badb0 is an unknown value
RDI=0x0000000000000000 is an unknown value
R8 =0x00007f6438276600 is an unknown value
R9 =0x00007f6471bfda50 is pointing into the stack for thread: 0x00007f64780dc000
R10=0x00007f64381badb0 is an unknown value
R11=0x0000000000000000 is an unknown value
R12=0x00007f643818db80 is an unknown value
R13=0x00007f64383f5508 is an unknown value
R14=0x00007f6471bfda70 is pointing into the stack for thread: 0x00007f64780dc000
R15=0x00007f643831ccd8 is an unknown value


Stack: [0x00007f6471b00000,0x00007f6471c01000],  sp=0x00007f6471bfc290,  free space=1008k
Native frames: (J=compiled Java code, j=interpreted, Vv=VM code, C=native code)
V  [libjvm.so+0x5bd6be]  PhaseIdealLoop::build_loop_late_post(Node*)+0x14e
V  [libjvm.so+0x5bdc2b]  PhaseIdealLoop::build_loop_late(VectorSet&, Node_List&, Node_Stack&)+0x10b
V  [libjvm.so+0x5be7f2]  PhaseIdealLoop::build_and_optimize(bool, bool)+0x692
V  [libjvm.so+0x37c4fa]  Compile::Optimize()+0xd2a
V  [libjvm.so+0x37d263]  Compile::Compile(ciEnv*, C2Compiler*, ciMethod*, int, bool, bool)+0xad3
V  [libjvm.so+0x306a70]  C2Compiler::compile_method(ciEnv*, ciMethod*, int)+0xe0
V  [libjvm.so+0x381953]  CompileBroker::invoke_compiler_on_method(CompileTask*)+0x2a3
V  [libjvm.so+0x38229b]  CompileBroker::compiler_thread_loop()+0x45b
V  [libjvm.so+0x74d488]  JavaThread::thread_main_inner()+0x58
V  [libjvm.so+0x64c792]  java_start(Thread*)+0x112


Current CompileTask:
C2:1880060 545      jregex.Pretokenizer.next()V (1064 bytes)


---------------  P R O C E S S  ---------------

Java Threads: ( => current thread )
  0x00007f64102f3000 JavaThread "net.sf.ehcache.CacheManager@55c3b3af" daemon [_thread_blocked, id=4205, stack(0x00007f6470aaf000,0x00007f6470bb0000)]
  0x00007f642400d000 JavaThread "New I/O server worker #1-3" [_thread_in_native, id=4191, stack(0x00007f64711b6000,0x00007f64712b7000)]
  0x00007f642401c000 JavaThread "pool-2-thread-32" [_thread_blocked, id=4190, stack(0x00007f64710b5000,0x00007f64711b6000)]
  0x00007f6424008800 JavaThread "pool-2-thread-31" [_thread_blocked, id=4189, stack(0x00007f6470eb3000,0x00007f6470fb4000)]
  0x00007f64101ee000 JavaThread "com.mchange.v2.async.ThreadPoolAsynchronousRunner$PoolThread-#2" daemon [_thread_blocked, id=3635, stack(0x00007f64704a4000,0x00007f64705a5000)]
  0x00007f64101ec800 JavaThread "com.mchange.v2.async.ThreadPoolAsynchronousRunner$PoolThread-#1" daemon [_thread_blocked, id=3634, stack(0x00007f64705a5000,0x00007f64706a6000)]
  0x00007f6410143000 JavaThread "com.mchange.v2.async.ThreadPoolAsynchronousRunner$PoolThread-#0" daemon [_thread_blocked, id=3633, stack(0x00007f64706a6000,0x00007f64707a7000)]
  0x00007f6410142000 JavaThread "Timer-0" daemon [_thread_blocked, id=3632, stack(0x00007f64707a7000,0x00007f64708a8000)]
  0x00007f6428003000 JavaThread "play-thread-1" [_thread_in_native, id=3630, stack(0x00007f6470bb0000,0x00007f6470cb1000)]
  0x00007f647800c800 JavaThread "DestroyJavaVM" [_thread_blocked, id=3594, stack(0x00007f647e333000,0x00007f647e434000)]
  0x00007f64783b7000 JavaThread "New I/O server boss #1 ([id: 0x5c4b82d2, /0:0:0:0:0:0:0:0:9000])" [_thread_in_native, id=3609, stack(0x00007f64712b7000,0x00007f64713b8000)]
  0x00007f64780de000 JavaThread "Low Memory Detector" daemon [_thread_blocked, id=3607, stack(0x00007f64719ff000,0x00007f6471b00000)]
=>0x00007f64780dc000 JavaThread "C2 CompilerThread1" daemon [_thread_in_native, id=3606, stack(0x00007f6471b00000,0x00007f6471c01000)]
  0x00007f64780d9000 JavaThread "C2 CompilerThread0" daemon [_thread_in_native, id=3605, stack(0x00007f6471c01000,0x00007f6471d02000)]
  0x00007f64780d6800 JavaThread "JDWP Event Helper Thread" daemon [_thread_blocked, id=3604, stack(0x00007f6471d02000,0x00007f6471e03000)]
  0x00007f64780d3000 JavaThread "JDWP Transport Listener: dt_socket" daemon [_thread_in_native, id=3603, stack(0x00007f6471e03000,0x00007f6471f04000)]
  0x00007f647809b000 JavaThread "Signal Dispatcher" daemon [_thread_blocked, id=3602, stack(0x00007f6472127000,0x00007f6472228000)]
  0x00007f647807d000 JavaThread "Finalizer" daemon [_thread_blocked, id=3601, stack(0x00007f6472228000,0x00007f6472329000)]
  0x00007f647807b000 JavaThread "Reference Handler" daemon [_thread_blocked, id=3600, stack(0x00007f6472329000,0x00007f647242a000)]

Other Threads:
  0x00007f6478076800 VMThread [stack: 0x00007f647242a000,0x00007f647252b000] [id=3599]
  0x00007f64780e1000 WatcherThread [stack: 0x00007f64718fe000,0x00007f64719ff000] [id=3608]

VM state:not at safepoint (normal execution)

VM Mutex/Monitor currently owned by a thread: None

Heap
 PSYoungGen      total 13824K, used 10261K [0x00000000ebf60000, 0x00000000ed080000, 0x0000000100000000)
  eden space 10624K, 94% used [0x00000000ebf60000,0x00000000ec92d5f0,0x00000000ec9c0000)
  from space 3200K, 7% used [0x00000000ecd60000,0x00000000ecd98000,0x00000000ed080000)
  to   space 3456K, 0% used [0x00000000ec9c0000,0x00000000ec9c0000,0x00000000ecd20000)
 PSOldGen        total 41024K, used 12239K [0x00000000c3e00000, 0x00000000c6610000, 0x00000000ebf60000)
  object space 41024K, 29% used [0x00000000c3e00000,0x00000000c49f3d70,0x00000000c6610000)
 PSPermGen       total 42944K, used 42923K [0x00000000b9800000, 0x00000000bc1f0000, 0x00000000c3e00000)
  object space 42944K, 99% used [0x00000000b9800000,0x00000000bc1eac20,0x00000000bc1f0000)

Code Cache  [0x00007f6473450000, 0x00007f64737b0000, 0x00007f6476450000)
 total_blobs=1173 nmethods=519 adapters=616 free_code_cache=46841024 largest_free_block=15680

Dynamic libraries:
00400000-00409000 r-xp 00000000 08:05 10620266                           /usr/lib/jvm/java-6-openjdk-amd64/jre/bin/java
00608000-00609000 r--p 00008000 08:05 10620266                           /usr/lib/jvm/java-6-openjdk-amd64/jre/bin/java
00609000-0060a000 rw-p 00009000 08:05 10620266                           /usr/lib/jvm/java-6-openjdk-amd64/jre/bin/java
014df000-01500000 rw-p 00000000 00:00 0                                  [heap]
b9800000-bc1f0000 rw-p 00000000 00:00 0 
bc1f0000-c3e00000 rw-p 00000000 00:00 0 
c3e00000-c6610000 rw-p 00000000 00:00 0 
c6610000-ebf60000 rw-p 00000000 00:00 0 
ebf60000-ed080000 rw-p 00000000 00:00 0 
ed080000-ed5c0000 ---p 00000000 00:00 0 
ed5c0000-100000000 rw-p 00000000 00:00 0 
7f63f4000000-7f63f4043000 rw-p 00000000 00:00 0 
7f63f4043000-7f63f8000000 ---p 00000000 00:00 0 
7f63fc000000-7f63fc021000 rw-p 00000000 00:00 0 
7f63fc021000-7f6400000000 ---p 00000000 00:00 0 
7f6400000000-7f6400021000 rw-p 00000000 00:00 0 
7f6400021000-7f6404000000 ---p 00000000 00:00 0 
7f6404000000-7f640403f000 rw-p 00000000 00:00 0 
7f640403f000-7f6408000000 ---p 00000000 00:00 0 
7f6408000000-7f6408021000 rw-p 00000000 00:00 0 
7f6408021000-7f640c000000 ---p 00000000 00:00 0 
7f640c000000-7f640c021000 rw-p 00000000 00:00 0 
7f640c021000-7f6410000000 ---p 00000000 00:00 0 
7f6410000000-7f6410e6b000 rw-p 00000000 00:00 0 
7f6410e6b000-7f6414000000 ---p 00000000 00:00 0 
7f6414000000-7f6414021000 rw-p 00000000 00:00 0 
7f6414021000-7f6418000000 ---p 00000000 00:00 0 
7f6418000000-7f6418021000 rw-p 00000000 00:00 0 
7f6418021000-7f641c000000 ---p 00000000 00:00 0 
7f641c000000-7f641c025000 rw-p 00000000 00:00 0 
7f641c025000-7f6420000000 ---p 00000000 00:00 0 
7f6420000000-7f6420021000 rw-p 00000000 00:00 0 
7f6420021000-7f6424000000 ---p 00000000 00:00 0 
7f6424000000-7f6424088000 rw-p 00000000 00:00 0 
7f6424088000-7f6428000000 ---p 00000000 00:00 0 
7f6428000000-7f6428027000 rw-p 00000000 00:00 0 
7f6428027000-7f642c000000 ---p 00000000 00:00 0 
7f642c000000-7f642c021000 rw-p 00000000 00:00 0 
7f642c021000-7f6430000000 ---p 00000000 00:00 0 
7f6430000000-7f6430021000 rw-p 00000000 00:00 0 
7f6430021000-7f6434000000 ---p 00000000 00:00 0 
7f6434000000-7f643682c000 rw-p 00000000 00:00 0 
7f643682c000-7f6438000000 ---p 00000000 00:00 0 
7f6438000000-7f643a2e3000 rw-p 00000000 00:00 0 
7f643a2e3000-7f643c000000 ---p 00000000 00:00 0 
7f643c000000-7f643c021000 rw-p 00000000 00:00 0 
7f643c021000-7f6440000000 ---p 00000000 00:00 0 
7f6440000000-7f6440021000 rw-p 00000000 00:00 0 
7f6440021000-7f6444000000 ---p 00000000 00:00 0 
7f6444000000-7f6444021000 rw-p 00000000 00:00 0 
7f6444021000-7f6448000000 ---p 00000000 00:00 0 
7f6448000000-7f6448021000 rw-p 00000000 00:00 0 
7f6448021000-7f644c000000 ---p 00000000 00:00 0 
7f644c000000-7f644c051000 rw-p 00000000 00:00 0 
7f644c051000-7f6450000000 ---p 00000000 00:00 0 
7f6450000000-7f6450021000 rw-p 00000000 00:00 0 
7f6450021000-7f6454000000 ---p 00000000 00:00 0 
7f6454000000-7f645402f000 rw-p 00000000 00:00 0 
7f645402f000-7f6458000000 ---p 00000000 00:00 0 
7f645c000000-7f645c021000 rw-p 00000000 00:00 0 
7f645c021000-7f6460000000 ---p 00000000 00:00 0 
7f6464000000-7f6464028000 rw-p 00000000 00:00 0 
7f6464028000-7f6468000000 ---p 00000000 00:00 0 
7f646c000000-7f646c021000 rw-p 00000000 00:00 0 
7f646c021000-7f6470000000 ---p 00000000 00:00 0 
7f64704a4000-7f64704a7000 ---p 00000000 00:00 0 
7f64704a7000-7f64705a5000 rw-p 00000000 00:00 0                          [stack:3635]
7f64705a5000-7f64705a8000 ---p 00000000 00:00 0 
7f64705a8000-7f64706a6000 rw-p 00000000 00:00 0                          [stack:3634]
7f64706a6000-7f64706a9000 ---p 00000000 00:00 0 
7f64706a9000-7f64707a7000 rw-p 00000000 00:00 0                          [stack:3633]
7f64707a7000-7f64707aa000 ---p 00000000 00:00 0 
7f64707aa000-7f64708a8000 rw-p 00000000 00:00 0                          [stack:3632]
7f64708a8000-7f64708ae000 r-xp 00000000 08:05 10491493                   /usr/lib/jvm/java-6-openjdk-amd64/jre/lib/amd64/libmanagement.so
7f64708ae000-7f6470aad000 ---p 00006000 08:05 10491493                   /usr/lib/jvm/java-6-openjdk-amd64/jre/lib/amd64/libmanagement.so
7f6470aad000-7f6470aae000 r--p 00005000 08:05 10491493                   /usr/lib/jvm/java-6-openjdk-amd64/jre/lib/amd64/libmanagement.so
7f6470aae000-7f6470aaf000 rw-p 00006000 08:05 10491493                   /usr/lib/jvm/java-6-openjdk-amd64/jre/lib/amd64/libmanagement.so
7f6470aaf000-7f6470ab2000 ---p 00000000 00:00 0 
7f6470ab2000-7f6470bb0000 rw-p 00000000 00:00 0                          [stack:4205]
7f6470bb0000-7f6470bb3000 ---p 00000000 00:00 0 
7f6470bb3000-7f6470cb1000 rw-p 00000000 00:00 0                          [stack:3630]
7f6470cb1000-7f6470cb4000 ---p 00000000 00:00 0 
7f6470cb4000-7f6470db2000 rw-p 00000000 00:00 0 
7f6470db2000-7f6470db5000 ---p 00000000 00:00 0 
7f6470db5000-7f6470eb3000 rw-p 00000000 00:00 0 
7f6470eb3000-7f6470eb6000 ---p 00000000 00:00 0 
7f6470eb6000-7f6470fb4000 rw-p 00000000 00:00 0                          [stack:4189]
7f6470fb4000-7f6470fb7000 ---p 00000000 00:00 0 
7f6470fb7000-7f64710b5000 rw-p 00000000 00:00 0 
7f64710b5000-7f64710b8000 ---p 00000000 00:00 0 
7f64710b8000-7f64711b6000 rw-p 00000000 00:00 0                          [stack:4190]
7f64711b6000-7f64711b9000 ---p 00000000 00:00 0 
7f64711b9000-7f64712b7000 rw-p 00000000 00:00 0                          [stack:4191]
7f64712b7000-7f64712ba000 ---p 00000000 00:00 0 
7f64712ba000-7f64713b8000 rw-p 00000000 00:00 0                          [stack:3609]
7f64713b8000-7f64713c0000 r-xp 00000000 08:05 10491485                   /usr/lib/jvm/java-6-openjdk-amd64/jre/lib/amd64/libnio.so
7f64713c0000-7f64715bf000 ---p 00008000 08:05 10491485                   /usr/lib/jvm/java-6-openjdk-amd64/jre/lib/amd64/libnio.so
7f64715bf000-7f64715c0000 r--p 00007000 08:05 10491485                   /usr/lib/jvm/java-6-openjdk-amd64/jre/lib/amd64/libnio.so
7f64715c0000-7f64715c1000 rw-p 00008000 08:05 10491485                   /usr/lib/jvm/java-6-openjdk-amd64/jre/lib/amd64/libnio.so
7f64715c1000-7f64715d6000 r-xp 00000000 08:05 10491489                   /usr/lib/jvm/java-6-openjdk-amd64/jre/lib/amd64/libnet.so
7f64715d6000-7f64717d5000 ---p 00015000 08:05 10491489                   /usr/lib/jvm/java-6-openjdk-amd64/jre/lib/amd64/libnet.so
7f64717d5000-7f64717d6000 r--p 00014000 08:05 10491489                   /usr/lib/jvm/java-6-openjdk-amd64/jre/lib/amd64/libnet.so
7f64717d6000-7f64717d7000 rw-p 00015000 08:05 10491489                   /usr/lib/jvm/java-6-openjdk-amd64/jre/lib/amd64/libnet.so
7f64717d7000-7f64717d9000 r--s 00015000 08:05 7345592                    /home/olga/Development/Play/framework/lib/jregex-1.2_01.jar
7f64717d9000-7f64717df000 r--s 00032000 08:05 7345586                    /home/olga/Development/Play/framework/lib/jaxen-1.1.jar
7f64717df000-7f64717e4000 r--s 00020000 08:05 7345587                    /home/olga/Development/Play/framework/lib/jj-imaging.jar
7f64717e4000-7f64717ea000 r--s 000fc000 08:05 10225239                   /usr/lib/jvm/java-6-openjdk-common/jre/lib/resources.jar
7f64717ea000-7f64717fa000 r--s 000b2000 08:05 7345601                    /home/olga/Development/Play/framework/lib/netty-3.2.5.Final.jar
7f64717fa000-7f6471800000 r--s 00040000 08:05 7345599                    /home/olga/Development/Play/framework/lib/memcached-2.6.jar
7f6471800000-7f647180b000 r--s 00124000 08:05 7345573                    /home/olga/Development/Play/framework/lib/h2-1.3.149.jar
7f647180b000-7f647180d000 r--s 0000b000 08:05 7345589                    /home/olga/Development/Play/framework/lib/jj-textile.jar
7f647180d000-7f6471813000 r--s 00049000 08:05 7345557                    /home/olga/Development/Play/framework/lib/cglib-nodep-2.2.jar
7f6471813000-7f6471816000 r--s 00022000 08:05 7345583                    /home/olga/Development/Play/framework/lib/jamon-2.7.jar
7f6471816000-7f6471818000 r--s 00015000 08:05 7345588                    /home/olga/Development/Play/framework/lib/jj-simplecaptcha.jar
7f6471818000-7f647181e000 r--s 00038000 08:05 7345608                    /home/olga/Development/Play/framework/lib/snakeyaml-1.7.jar
7f647181e000-7f6471821000 r--s 0000f000 08:05 7345570                    /home/olga/Development/Play/framework/lib/geronimo-servlet_2.5_spec-1.2.jar
7f6471821000-7f6471823000 r--s 00001000 08:05 7345593                    /home/olga/Development/Play/framework/lib/jsr107cache-1.0.jar
7f6471823000-7f6471831000 r--s 0007f000 08:05 7345560                    /home/olga/Development/Play/framework/lib/commons-collections-3.2.1.jar
7f6471831000-7f647185b000 r--s 00427000 08:05 7345602                    /home/olga/Development/Play/framework/lib/org.eclipse.jdt.core-3.8.0.v_C03.jar
7f647185b000-7f647185d000 r--s 0000e000 08:05 7345564                    /home/olga/Development/Play/framework/lib/commons-javaflow-1066591.jar
7f647185d000-7f647185f000 r--s 0000d000 08:05 7345559                    /home/olga/Development/Play/framework/lib/commons-codec-1.4.jar
7f647185f000-7f6471860000 r--s 00007000 08:05 7345561                    /home/olga/Development/Play/framework/lib/commons-email-1.2.jar
7f6471860000-7f6471861000 r--s 00002000 08:05 7345607                    /home/olga/Development/Play/framework/lib/slf4j-log4j12-1.6.1.jar
7f6471861000-7f6471868000 r--s 00038000 08:05 7345590                    /home/olga/Development/Play/framework/lib/jj-wikitext.jar
7f6471868000-7f647186f000 r--s 0004d000 08:05 7345554                    /home/olga/Development/Play/framework/lib/async-http-client-1.6.5.jar
7f647186f000-7f6471872000 r--s 0000f000 08:05 7345575                    /home/olga/Development/Play/framework/lib/hibernate-commons-annotations-3.2.0.Final.jar
7f6471872000-7f6471874000 r--s 00002000 08:05 7345594                    /home/olga/Development/Play/framework/lib/jta-1.1.jar
7f6471874000-7f6471877000 r--s 00024000 08:05 7345563                    /home/olga/Development/Play/framework/lib/commons-io-2.0.1.jar
7f6471877000-7f6471879000 r--s 0000c000 08:05 7345551                    /home/olga/Development/Play/framework/lib/activation-1.1.1.jar
7f6471879000-7f6471881000 r--s 0008a000 08:05 7345584                    /home/olga/Development/Play/framework/lib/javassist-3.9.0.GA.jar
7f6471881000-7f6471887000 r--s 0007e000 08:05 7345604                    /home/olga/Development/Play/framework/lib/postgresql-9.0.jar
7f6471887000-7f647188c000 r--s 00014000 08:05 7345581                    /home/olga/Development/Play/framework/lib/hibernate-jpa-2.0-api-1.0.0.Final.jar
7f647188c000-7f6471895000 r--s 0005d000 08:05 7345579                    /home/olga/Development/Play/framework/lib/hibernate-entitymanager-3.6.0.Final.jar
7f6471895000-7f6471899000 r--s 00027000 08:05 7345572                    /home/olga/Development/Play/framework/lib/gson-1.7.1.jar
7f6471899000-7f647189b000 r--s 00005000 08:05 7345606                    /home/olga/Development/Play/framework/lib/slf4j-api-1.6.1.jar
7f647189b000-7f64718a0000 r--s 00034000 08:05 7345558                    /home/olga/Development/Play/framework/lib/commons-beanutils-1.8.3.jar
7f64718a0000-7f64718aa000 r--s 0006f000 08:05 7345568                    /home/olga/Development/Play/framework/lib/ehcache-core-2.0.0.jar
7f64718aa000-7f64718fe000 r--s 00520000 08:05 7345571                    /home/olga/Development/Play/framework/lib/groovy-all-1.7.10.jar
7f64718fe000-7f64718ff000 ---p 00000000 00:00 0 
7f64718ff000-7f64719ff000 rw-p 00000000 00:00 0                          [stack:3608]
7f64719ff000-7f6471a02000 ---p 00000000 00:00 0 
7f6471a02000-7f6471b00000 rw-p 00000000 00:00 0                          [stack:3607]
7f6471b00000-7f6471b03000 ---p 00000000 00:00 0 
7f6471b03000-7f6471c01000 rw-p 00000000 00:00 0                          [stack:3606]
7f6471c01000-7f6471c04000 ---p 00000000 00:00 0 
7f6471c04000-7f6471d02000 rw-p 00000000 00:00 0                          [stack:3605]
7f6471d02000-7f6471d05000 ---p 00000000 00:00 0 
7f6471d05000-7f6471e03000 rw-p 00000000 00:00 0                          [stack:3604]
7f6471e03000-7f6471e06000 ---p 00000000 00:00 0 
7f6471e06000-7f6471f04000 rw-p 00000000 00:00 0                          [stack:3603]
7f6471f04000-7f6471f08000 r-xp 00000000 08:05 10491505                   /usr/lib/jvm/java-6-openjdk-amd64/jre/lib/amd64/libdt_socket.so
7f6471f08000-7f6472107000 ---p 00004000 08:05 10491505                   /usr/lib/jvm/java-6-openjdk-amd64/jre/lib/amd64/libdt_socket.so
7f6472107000-7f6472108000 r--p 00003000 08:05 10491505                   /usr/lib/jvm/java-6-openjdk-amd64/jre/lib/amd64/libdt_socket.so
7f6472108000-7f6472109000 rw-p 00004000 08:05 10491505                   /usr/lib/jvm/java-6-openjdk-amd64/jre/lib/amd64/libdt_socket.so
7f6472109000-7f647210c000 r--s 0007f000 08:05 10224635                   /usr/lib/jvm/java-6-openjdk-common/jre/lib/jsse.jar
7f647210c000-7f6472118000 r--s 000c2000 08:05 7345961                    /home/olga/Development/Play/framework/play-1.2.4.jar
7f6472118000-7f647211a000 r--s 00001000 08:05 10225204                   /usr/lib/jvm/java-6-openjdk-common/jre/lib/ext/dnsns.jar
7f647211a000-7f647211d000 r--s 00031000 08:05 10225202                   /usr/lib/jvm/java-6-openjdk-common/jre/lib/ext/sunjce_provider.jar
7f647211d000-7f6472120000 r--s 00077000 08:05 10225200                   /usr/lib/jvm/java-6-openjdk-common/jre/lib/ext/localedata.jar
7f6472120000-7f6472122000 r--s 0000f000 08:05 10225206                   /usr/lib/jvm/java-6-openjdk-common/jre/lib/ext/pulse-java.jar
7f6472122000-7f6472126000 r--s 00039000 08:05 10225198                   /usr/lib/jvm/java-6-openjdk-common/jre/lib/ext/sunpkcs11.jar
7f6472126000-7f6472127000 r--s 00007000 08:05 10758633                   /usr/share/java/java-atk-wrapper.jar
7f6472127000-7f647212a000 ---p 00000000 00:00 0 
7f647212a000-7f6472228000 rw-p 00000000 00:00 0                          [stack:3602]
7f6472228000-7f647222b000 ---p 00000000 00:00 0 
7f647222b000-7f6472329000 rw-p 00000000 00:00 0                          [stack:3601]
7f6472329000-7f647232c000 ---p 00000000 00:00 0 
7f647232c000-7f647242a000 rw-p 00000000 00:00 0                          [stack:3600]
7f647242a000-7f647242b000 ---p 00000000 00:00 0 
7f647242b000-7f6472a30000 rw-p 00000000 00:00 0                          [stack:3599]
7f6472a30000-7f6472bc3000 r--s 037db000 08:05 10363553                   /usr/lib/jvm/java-6-openjdk-amd64/jre/lib/rt.jar
7f6472bc3000-7f6472bc4000 ---p 00000000 00:00 0 
7f6472bc4000-7f6472cc4000 rw-p 00000000 00:00 0                          [stack:3598]
7f6472cc4000-7f6472cc5000 ---p 00000000 00:00 0 
7f6472cc5000-7f6472dc5000 rw-p 00000000 00:00 0                          [stack:3597]
7f6472dc5000-7f6472dc6000 ---p 00000000 00:00 0 
7f6472dc6000-7f6472ec6000 rw-p 00000000 00:00 0                          [stack:3596]
7f6472ec6000-7f6472ec7000 ---p 00000000 00:00 0 
7f6472ec7000-7f6472fdc000 rw-p 00000000 00:00 0                          [stack:3595]
7f6472fdc000-7f647301a000 rw-p 00000000 00:00 0 
7f647301a000-7f647302f000 rw-p 00000000 00:00 0 
7f647302f000-7f647315b000 rw-p 00000000 00:00 0 
7f647315b000-7f6473170000 rw-p 00000000 00:00 0 
7f6473170000-7f64731ae000 rw-p 00000000 00:00 0 
7f64731ae000-7f64731c3000 rw-p 00000000 00:00 0 
7f64731c3000-7f64732ee000 rw-p 00000000 00:00 0 
7f64732ee000-7f64732f8000 rw-p 00000000 00:00 0 
7f64732f8000-7f64732fa000 ---p 00000000 00:00 0 
7f64732fa000-7f647338f000 rw-p 00000000 00:00 0 
7f647338f000-7f647339e000 rw-p 00000000 00:00 0 
7f647339e000-7f6473450000 rw-p 00000000 00:00 0 
7f6473450000-7f64737b0000 rwxp 00000000 00:00 0 
7f64737b0000-7f6476450000 rw-p 00000000 00:00 0 
7f6476450000-7f6476457000 r-xp 00000000 08:05 10491508                   /usr/lib/jvm/java-6-openjdk-amd64/jre/lib/amd64/libzip.so
7f6476457000-7f6476656000 ---p 00007000 08:05 10491508                   /usr/lib/jvm/java-6-openjdk-amd64/jre/lib/amd64/libzip.so
7f6476656000-7f6476657000 r--p 00006000 08:05 10491508                   /usr/lib/jvm/java-6-openjdk-amd64/jre/lib/amd64/libzip.so
7f6476657000-7f6476658000 rw-p 00007000 08:05 10491508                   /usr/lib/jvm/java-6-openjdk-amd64/jre/lib/amd64/libzip.so
7f6476658000-7f6476664000 r-xp 00000000 08:05 10485889                   /lib/x86_64-linux-gnu/libnss_files-2.15.so
7f6476664000-7f6476863000 ---p 0000c000 08:05 10485889                   /lib/x86_64-linux-gnu/libnss_files-2.15.so
7f6476863000-7f6476864000 r--p 0000b000 08:05 10485889                   /lib/x86_64-linux-gnu/libnss_files-2.15.so
7f6476864000-7f6476865000 rw-p 0000c000 08:05 10485889                   /lib/x86_64-linux-gnu/libnss_files-2.15.so
7f6476865000-7f647686f000 r-xp 00000000 08:05 10485885                   /lib/x86_64-linux-gnu/libnss_nis-2.15.so
7f647686f000-7f6476a6f000 ---p 0000a000 08:05 10485885                   /lib/x86_64-linux-gnu/libnss_nis-2.15.so
7f6476a6f000-7f6476a70000 r--p 0000a000 08:05 10485885                   /lib/x86_64-linux-gnu/libnss_nis-2.15.so
7f6476a70000-7f6476a71000 rw-p 0000b000 08:05 10485885                   /lib/x86_64-linux-gnu/libnss_nis-2.15.so
7f6476a71000-7f6476a88000 r-xp 00000000 08:05 10489715                   /lib/x86_64-linux-gnu/libnsl-2.15.so
7f6476a88000-7f6476c87000 ---p 00017000 08:05 10489715                   /lib/x86_64-linux-gnu/libnsl-2.15.so
7f6476c87000-7f6476c88000 r--p 00016000 08:05 10489715                   /lib/x86_64-linux-gnu/libnsl-2.15.so
7f6476c88000-7f6476c89000 rw-p 00017000 08:05 10489715                   /lib/x86_64-linux-gnu/libnsl-2.15.so
7f6476c89000-7f6476c8b000 rw-p 00000000 00:00 0 
7f6476c8b000-7f6476c93000 r-xp 00000000 08:05 10485890                   /lib/x86_64-linux-gnu/libnss_compat-2.15.so
7f6476c93000-7f6476e92000 ---p 00008000 08:05 10485890                   /lib/x86_64-linux-gnu/libnss_compat-2.15.so
7f6476e92000-7f6476e93000 r--p 00007000 08:05 10485890                   /lib/x86_64-linux-gnu/libnss_compat-2.15.so
7f6476e93000-7f6476e94000 rw-p 00008000 08:05 10485890                   /lib/x86_64-linux-gnu/libnss_compat-2.15.so
7f6476e94000-7f6477577000 r--p 00000000 08:05 10230127                   /usr/lib/locale/locale-archive
7f6477577000-7f647757a000 r-xp 00000000 08:05 10491478                   /usr/lib/jvm/java-6-openjdk-amd64/jre/lib/amd64/libnpt.so
7f647757a000-7f6477779000 ---p 00003000 08:05 10491478                   /usr/lib/jvm/java-6-openjdk-amd64/jre/lib/amd64/libnpt.so
7f6477779000-7f647777a000 r--p 00002000 08:05 10491478                   /usr/lib/jvm/java-6-openjdk-amd64/jre/lib/amd64/libnpt.so
7f647777a000-7f647777b000 rw-p 00003000 08:05 10491478                   /usr/lib/jvm/java-6-openjdk-amd64/jre/lib/amd64/libnpt.so
7f647777b000-7f6477784000 r-xp 00000000 08:05 10491477                   /usr/lib/jvm/java-6-openjdk-amd64/jre/lib/amd64/libinstrument.so
7f6477784000-7f6477984000 ---p 00009000 08:05 10491477                   /usr/lib/jvm/java-6-openjdk-amd64/jre/lib/amd64/libinstrument.so
7f6477984000-7f6477985000 r--p 00009000 08:05 10491477                   /usr/lib/jvm/java-6-openjdk-amd64/jre/lib/amd64/libinstrument.so
7f6477985000-7f6477986000 rw-p 0000a000 08:05 10491477                   /usr/lib/jvm/java-6-openjdk-amd64/jre/lib/amd64/libinstrument.so
7f6477986000-7f64779c0000 r-xp 00000000 08:05 10491486                   /usr/lib/jvm/java-6-openjdk-amd64/jre/lib/amd64/libjdwp.so
7f64779c0000-7f6477bbf000 ---p 0003a000 08:05 10491486                   /usr/lib/jvm/java-6-openjdk-amd64/jre/lib/amd64/libjdwp.so
7f6477bbf000-7f6477bc0000 r--p 00039000 08:05 10491486                   /usr/lib/jvm/java-6-openjdk-amd64/jre/lib/amd64/libjdwp.so
7f6477bc0000-7f6477bc1000 rw-p 0003a000 08:05 10491486                   /usr/lib/jvm/java-6-openjdk-amd64/jre/lib/amd64/libjdwp.so
7f6477bc1000-7f6477bed000 r-xp 00000000 08:05 10491496                   /usr/lib/jvm/java-6-openjdk-amd64/jre/lib/amd64/libjava.so
7f6477bed000-7f6477dec000 ---p 0002c000 08:05 10491496                   /usr/lib/jvm/java-6-openjdk-amd64/jre/lib/amd64/libjava.so
7f6477dec000-7f6477ded000 r--p 0002b000 08:05 10491496                   /usr/lib/jvm/java-6-openjdk-amd64/jre/lib/amd64/libjava.so
7f6477ded000-7f6477df0000 rw-p 0002c000 08:05 10491496                   /usr/lib/jvm/java-6-openjdk-amd64/jre/lib/amd64/libjava.so
7f6477df0000-7f6477dfe000 r-xp 00000000 08:05 10491495                   /usr/lib/jvm/java-6-openjdk-amd64/jre/lib/amd64/libverify.so
7f6477dfe000-7f6477ffd000 ---p 0000e000 08:05 10491495                   /usr/lib/jvm/java-6-openjdk-amd64/jre/lib/amd64/libverify.so
7f6477ffd000-7f6477fff000 r--p 0000d000 08:05 10491495                   /usr/lib/jvm/java-6-openjdk-amd64/jre/lib/amd64/libverify.so
7f6477fff000-7f6478000000 rw-p 0000f000 08:05 10491495                   /usr/lib/jvm/java-6-openjdk-amd64/jre/lib/amd64/libverify.so
7f6478000000-7f6478590000 rw-p 00000000 00:00 0 
7f6478590000-7f647c000000 ---p 00000000 00:00 0 
7f647c009000-7f647c014000 r--s 0005a000 08:05 7345609                    /home/olga/Development/Play/framework/lib/xstream-1.3.jar
7f647c014000-7f647c015000 r--s 00000000 08:05 7345585                    /home/olga/Development/Play/framework/lib/javax.inject-1.0.jar
7f647c015000-7f647c017000 r--s 00008000 08:05 7345605                    /home/olga/Development/Play/framework/lib/signpost-core-1.2.jar
7f647c017000-7f647c01c000 r--s 00041000 08:05 7345565                    /home/olga/Development/Play/framework/lib/commons-lang-2.6.jar
7f647c01c000-7f647c022000 r--s 00034000 08:05 7345595                    /home/olga/Development/Play/framework/lib/junit-4.8.1.jar
7f647c022000-7f647c029000 r--s 000b7000 08:05 7345600                    /home/olga/Development/Play/framework/lib/mysql-connector-java-5.1.13.jar
7f647c029000-7f647c038000 r--s 0007c000 08:05 7345591                    /home/olga/Development/Play/framework/lib/joda-time-2.0.jar
7f647c038000-7f647c047000 r--s 000d9000 08:05 7345582                    /home/olga/Development/Play/framework/lib/ivy-2.2.0.jar
7f647c047000-7f647c04d000 r--s 00067000 08:05 7345552                    /home/olga/Development/Play/framework/lib/antlr-2.7.6.jar
7f647c04d000-7f647c054000 r-xp 00000000 08:05 10485883                   /lib/x86_64-linux-gnu/librt-2.15.so
7f647c054000-7f647c253000 ---p 00007000 08:05 10485883                   /lib/x86_64-linux-gnu/librt-2.15.so
7f647c253000-7f647c254000 r--p 00006000 08:05 10485883                   /lib/x86_64-linux-gnu/librt-2.15.so
7f647c254000-7f647c255000 rw-p 00007000 08:05 10485883                   /lib/x86_64-linux-gnu/librt-2.15.so
7f647c255000-7f647c26a000 r-xp 00000000 08:05 10489415                   /lib/x86_64-linux-gnu/libgcc_s.so.1
7f647c26a000-7f647c469000 ---p 00015000 08:05 10489415                   /lib/x86_64-linux-gnu/libgcc_s.so.1
7f647c469000-7f647c46a000 r--p 00014000 08:05 10489415                   /lib/x86_64-linux-gnu/libgcc_s.so.1
7f647c46a000-7f647c46b000 rw-p 00015000 08:05 10489415                   /lib/x86_64-linux-gnu/libgcc_s.so.1
7f647c46b000-7f647c566000 r-xp 00000000 08:05 10485887                   /lib/x86_64-linux-gnu/libm-2.15.so
7f647c566000-7f647c765000 ---p 000fb000 08:05 10485887                   /lib/x86_64-linux-gnu/libm-2.15.so
7f647c765000-7f647c766000 r--p 000fa000 08:05 10485887                   /lib/x86_64-linux-gnu/libm-2.15.so
7f647c766000-7f647c767000 rw-p 000fb000 08:05 10485887                   /lib/x86_64-linux-gnu/libm-2.15.so
7f647c767000-7f647c849000 r-xp 00000000 08:05 10231417                   /usr/lib/x86_64-linux-gnu/libstdc++.so.6.0.16
7f647c849000-7f647ca48000 ---p 000e2000 08:05 10231417                   /usr/lib/x86_64-linux-gnu/libstdc++.so.6.0.16
7f647ca48000-7f647ca50000 r--p 000e1000 08:05 10231417                   /usr/lib/x86_64-linux-gnu/libstdc++.so.6.0.16
7f647ca50000-7f647ca52000 rw-p 000e9000 08:05 10231417                   /usr/lib/x86_64-linux-gnu/libstdc++.so.6.0.16
7f647ca52000-7f647ca67000 rw-p 00000000 00:00 0 
7f647ca67000-7f647d36c000 r-xp 00000000 08:05 10620262                   /usr/lib/jvm/java-6-openjdk-amd64/jre/lib/amd64/server/libjvm.so
7f647d36c000-7f647d56b000 ---p 00905000 08:05 10620262                   /usr/lib/jvm/java-6-openjdk-amd64/jre/lib/amd64/server/libjvm.so
7f647d56b000-7f647d5ec000 r--p 00904000 08:05 10620262                   /usr/lib/jvm/java-6-openjdk-amd64/jre/lib/amd64/server/libjvm.so
7f647d5ec000-7f647d607000 rw-p 00985000 08:05 10620262                   /usr/lib/jvm/java-6-openjdk-amd64/jre/lib/amd64/server/libjvm.so
7f647d607000-7f647d630000 rw-p 00000000 00:00 0 
7f647d630000-7f647d646000 r-xp 00000000 08:05 10489505                   /lib/x86_64-linux-gnu/libz.so.1.2.3.4
7f647d646000-7f647d845000 ---p 00016000 08:05 10489505                   /lib/x86_64-linux-gnu/libz.so.1.2.3.4
7f647d845000-7f647d846000 r--p 00015000 08:05 10489505                   /lib/x86_64-linux-gnu/libz.so.1.2.3.4
7f647d846000-7f647d847000 rw-p 00016000 08:05 10489505                   /lib/x86_64-linux-gnu/libz.so.1.2.3.4
7f647d847000-7f647d9fc000 r-xp 00000000 08:05 10485783                   /lib/x86_64-linux-gnu/libc-2.15.so
7f647d9fc000-7f647dbfb000 ---p 001b5000 08:05 10485783                   /lib/x86_64-linux-gnu/libc-2.15.so
7f647dbfb000-7f647dbff000 r--p 001b4000 08:05 10485783                   /lib/x86_64-linux-gnu/libc-2.15.so
7f647dbff000-7f647dc01000 rw-p 001b8000 08:05 10485783                   /lib/x86_64-linux-gnu/libc-2.15.so
7f647dc01000-7f647dc06000 rw-p 00000000 00:00 0 
7f647dc06000-7f647dc08000 r-xp 00000000 08:05 10485772                   /lib/x86_64-linux-gnu/libdl-2.15.so
7f647dc08000-7f647de08000 ---p 00002000 08:05 10485772                   /lib/x86_64-linux-gnu/libdl-2.15.so
7f647de08000-7f647de09000 r--p 00002000 08:05 10485772                   /lib/x86_64-linux-gnu/libdl-2.15.so
7f647de09000-7f647de0a000 rw-p 00003000 08:05 10485772                   /lib/x86_64-linux-gnu/libdl-2.15.so
7f647de0a000-7f647de0e000 r-xp 00000000 08:05 10491480                   /usr/lib/jvm/java-6-openjdk-amd64/jre/lib/amd64/jli/libjli.so
7f647de0e000-7f647e00d000 ---p 00004000 08:05 10491480                   /usr/lib/jvm/java-6-openjdk-amd64/jre/lib/amd64/jli/libjli.so
7f647e00d000-7f647e00e000 r--p 00003000 08:05 10491480                   /usr/lib/jvm/java-6-openjdk-amd64/jre/lib/amd64/jli/libjli.so
7f647e00e000-7f647e00f000 rw-p 00004000 08:05 10491480                   /usr/lib/jvm/java-6-openjdk-amd64/jre/lib/amd64/jli/libjli.so
7f647e00f000-7f647e027000 r-xp 00000000 08:05 10485881                   /lib/x86_64-linux-gnu/libpthread-2.15.so
7f647e027000-7f647e226000 ---p 00018000 08:05 10485881                   /lib/x86_64-linux-gnu/libpthread-2.15.so
7f647e226000-7f647e227000 r--p 00017000 08:05 10485881                   /lib/x86_64-linux-gnu/libpthread-2.15.so
7f647e227000-7f647e228000 rw-p 00018000 08:05 10485881                   /lib/x86_64-linux-gnu/libpthread-2.15.so
7f647e228000-7f647e22c000 rw-p 00000000 00:00 0 
7f647e22c000-7f647e24e000 r-xp 00000000 08:05 10485893                   /lib/x86_64-linux-gnu/ld-2.15.so
7f647e251000-7f647e253000 r--s 00013000 08:05 10224636                   /usr/lib/jvm/java-6-openjdk-common/jre/lib/jce.jar
7f647e253000-7f647e256000 r--s 00011000 08:05 7345569                    /home/olga/Development/Play/framework/lib/ezmorph-1.0.3.jar
7f647e256000-7f647e25d000 r--s 0006a000 08:05 7345598                    /home/olga/Development/Play/framework/lib/mail-1.4.3.jar
7f647e25d000-7f647e264000 r--s 00049000 08:05 7345603                    /home/olga/Development/Play/framework/lib/oval-1.50.jar
7f647e264000-7f647e26f000 r--s 0008b000 08:05 7345556                    /home/olga/Development/Play/framework/lib/c3p0-0.9.1.2.jar
7f647e26f000-7f647e271000 r--s 0000d000 08:05 7345562                    /home/olga/Development/Play/framework/lib/commons-fileupload-1.2.2.jar
7f647e271000-7f647e296000 r--s 00172000 08:05 7345555                    /home/olga/Development/Play/framework/lib/bcprov-jdk15-1.45.jar
7f647e296000-7f647e2c8000 r--s 002c7000 08:05 7345577                    /home/olga/Development/Play/framework/lib/hibernate-core-3.6.1.Final.jar
7f647e2c8000-7f647e2cd000 r--s 0002e000 08:05 7345553                    /home/olga/Development/Play/framework/lib/asm-all-3.3.1.jar
7f647e2cd000-7f647e2cf000 r--s 0000d000 08:05 7345566                    /home/olga/Development/Play/framework/lib/commons-logging-1.1.1.jar
7f647e2cf000-7f647e2d8000 r--s 0006d000 08:05 7345597                    /home/olga/Development/Play/framework/lib/log4j-1.2.16.jar
7f647e2d8000-7f647e333000 rw-p 00000000 00:00 0 
7f647e333000-7f647e336000 ---p 00000000 00:00 0 
7f647e336000-7f647e439000 rw-p 00000000 00:00 0                          [stack:3594]
7f647e43a000-7f647e43f000 r--s 00048000 08:05 7345567                    /home/olga/Development/Play/framework/lib/dom4j-1.6.1.jar
7f647e43f000-7f647e441000 r--s 00003000 08:05 7346889                    /home/olga/Development/Play/modules/paginate-head/lib/play-paginate.jar
7f647e441000-7f647e442000 rw-p 00000000 00:00 0 
7f647e442000-7f647e44a000 rw-s 00000000 08:05 2883627                    /tmp/hsperfdata_olga/3593
7f647e44a000-7f647e44b000 rw-p 00000000 00:00 0 
7f647e44b000-7f647e44c000 r--p 00000000 00:00 0 
7f647e44c000-7f647e44e000 rw-p 00000000 00:00 0 
7f647e44e000-7f647e44f000 r--p 00022000 08:05 10485893                   /lib/x86_64-linux-gnu/ld-2.15.so
7f647e44f000-7f647e451000 rw-p 00023000 08:05 10485893                   /lib/x86_64-linux-gnu/ld-2.15.so
7fffc86f1000-7fffc8713000 rw-p 00000000 00:00 0                          [stack]
7fffc87ff000-7fffc8800000 r-xp 00000000 00:00 0                          [vdso]
ffffffffff600000-ffffffffff601000 r-xp 00000000 00:00 0                  [vsyscall]

VM Arguments:
jvm_args: -javaagent:/home/olga/Development/Play/framework/play-1.2.4.jar -XX:-UseSplitVerifier -Dfile.encoding=utf-8 -Xdebug -Xrunjdwp:transport=dt_socket,address=8000,server=y,suspend=n -Dplay.debug=yes -Dapplication.path=/home/olga/Development/Play/BookHunter -Dplay.id= 
java_command: play.server.Server 
Launcher Type: SUN_STANDARD

Environment Variables:
PATH=/home/olga/Development/Play:/usr/lib/lightdm/lightdm:/usr/local/sbin:/usr/local/bin:/usr/sbin:/usr/bin:/sbin:/bin:/usr/games
LD_LIBRARY_PATH=/usr/lib/jvm/java-6-openjdk-amd64/jre/lib/amd64/server:/usr/lib/jvm/java-6-openjdk-amd64/jre/lib/amd64:/usr/lib/jvm/java-6-openjdk-amd64/jre/../lib/amd64
SHELL=/bin/bash
DISPLAY=:0.0

Signal Handlers:
SIGSEGV: [libjvm.so+0x7856d0], sa_mask[0]=0x7ffbfeff, sa_flags=0x10000004
SIGBUS: [libjvm.so+0x7856d0], sa_mask[0]=0x7ffbfeff, sa_flags=0x10000004
SIGFPE: [libjvm.so+0x649250], sa_mask[0]=0x7ffbfeff, sa_flags=0x10000004
SIGPIPE: [libjvm.so+0x649250], sa_mask[0]=0x7ffbfeff, sa_flags=0x10000004
SIGXFSZ: [libjvm.so+0x649250], sa_mask[0]=0x7ffbfeff, sa_flags=0x10000004
SIGILL: [libjvm.so+0x649250], sa_mask[0]=0x7ffbfeff, sa_flags=0x10000004
SIGUSR1: SIG_DFL, sa_mask[0]=0x00000000, sa_flags=0x00000000
SIGUSR2: [libjvm.so+0x649430], sa_mask[0]=0x00000000, sa_flags=0x10000004
SIGHUP: [libjvm.so+0x64bdf0], sa_mask[0]=0x7ffbfeff, sa_flags=0x10000004
SIGINT: [libjvm.so+0x64bdf0], sa_mask[0]=0x7ffbfeff, sa_flags=0x10000004
SIGTERM: [libjvm.so+0x64bdf0], sa_mask[0]=0x7ffbfeff, sa_flags=0x10000004
SIGQUIT: [libjvm.so+0x64bdf0], sa_mask[0]=0x7ffbfeff, sa_flags=0x10000004


---------------  S Y S T E M  ---------------

OS:Ubuntu 12.04 (precise)
uname:Linux 3.5.0-32-generic #53~precise1-Ubuntu SMP Wed May 29 20:33:37 UTC 2013 x86_64
libc:glibc 2.15 NPTL 2.15 
rlimit: STACK 8192k, CORE 0k, NPROC 30593, NOFILE 4096, AS infinity
load average:0.18 0.14 0.19

/proc/meminfo:
MemTotal:        3934588 kB
MemFree:          531272 kB
Buffers:          125708 kB
Cached:          1256856 kB
SwapCached:          340 kB
Active:          2070932 kB
Inactive:        1090656 kB
Active(anon):    1720980 kB
Inactive(anon):   409332 kB
Active(file):     349952 kB
Inactive(file):   681324 kB
Unevictable:          32 kB
Mlocked:              32 kB
SwapTotal:       4077564 kB
SwapFree:        4073196 kB
Dirty:               292 kB
Writeback:             8 kB
AnonPages:       1778708 kB
Mapped:           245260 kB
Shmem:            351300 kB
Slab:             137388 kB
SReclaimable:     105912 kB
SUnreclaim:        31476 kB
KernelStack:        4808 kB
PageTables:        41168 kB
NFS_Unstable:          0 kB
Bounce:                0 kB
WritebackTmp:          0 kB
CommitLimit:     6044856 kB
Committed_AS:    6179704 kB
VmallocTotal:   34359738367 kB
VmallocUsed:      560560 kB
VmallocChunk:   34359164612 kB
HardwareCorrupted:     0 kB
AnonHugePages:         0 kB
HugePages_Total:       0
HugePages_Free:        0
HugePages_Rsvd:        0
HugePages_Surp:        0
Hugepagesize:       2048 kB
DirectMap4k:       55296 kB
DirectMap2M:     4030464 kB


CPU:total 4 (4 cores per cpu, 1 threads per core) family 6 model 42 stepping 7, cmov, cx8, fxsr, mmx, sse, sse2, sse3, ssse3, sse4.1, sse4.2, popcnt

Memory: 4k page, physical 3934588k(531272k free), swap 4077564k(4073196k free)

vm_info: OpenJDK 64-Bit Server VM (20.0-b12) for linux-amd64 JRE (1.6.0_27-b27), built on Apr 25 2013 14:56:54 by "buildd" with gcc 4.6.3

time: Tue Jun  4 11:13:09 2013
elapsed time: 1880 seconds

