#
# A fatal error has been detected by the Java Runtime Environment:
#
#  SIGSEGV (0xb) at pc=0x00007f6f8766c6be, pid=7712, tid=140116801427200
#
# JRE version: 6.0_27-b27
# Java VM: OpenJDK 64-Bit Server VM (20.0-b12 mixed mode linux-amd64 compressed oops)
# Derivative: IcedTea6 1.12.5
# Distribution: Ubuntu 12.04 LTS, package 6b27-1.12.5-0ubuntu0.12.04.1
# Problematic frame:
# V  [libjvm.so+0x5bd6be]  PhaseIdealLoop::build_loop_late_post(Node*)+0x14e
#
# If you would like to submit a bug report, please include
# instructions how to reproduce the bug and visit:
#   https://bugs.launchpad.net/ubuntu/+source/openjdk-6/
#

---------------  T H R E A D  ---------------

Current thread (0x00007f6f800dc000):  JavaThread "C2 CompilerThread1" daemon [_thread_in_native, id=7725, stack(0x00007f6f7c1d1000,0x00007f6f7c2d2000)]

siginfo:si_signo=SIGSEGV: si_errno=0, si_code=1 (SEGV_MAPERR), si_addr=0x0000000000000008

Registers:
RAX=0x0000000000000000, RBX=0x00007f6f7c2ce9d0, RCX=0x00007f6f400372b0, RDX=0x0000000000002000
RSP=0x00007f6f7c2cd210, RBP=0x00007f6f7c2cd250, RSI=0x00007f6f44413930, RDI=0x0000000000000000
R8 =0x00007f6f443bc1f0, R9 =0x00007f6f7c2ce9d0, R10=0x00007f6f44413930, R11=0x0000000000000000
R12=0x00007f6f40169580, R13=0x00007f6f4070ddf8, R14=0x00007f6f7c2ce9f0, R15=0x00007f6f40704f68
RIP=0x00007f6f8766c6be, EFLAGS=0x0000000000010287, CSGSFS=0x0000000000000033, ERR=0x0000000000000004
  TRAPNO=0x000000000000000e

Top of Stack: (sp=0x00007f6f7c2cd210)
0x00007f6f7c2cd210:   00007f6f446b3068 00007f6f7c2cd4f0
0x00007f6f7c2cd220:   00007f6f7c2cd250 00007f6f7c2ce9d0
0x00007f6f7c2cd230:   0000000000000002 00007f6f40169580
0x00007f6f7c2cd240:   00007f6f40d789e8 00007f6f7c2cd4f0
0x00007f6f7c2cd250:   00007f6f7c2cd2c0 00007f6f8766cc2b
0x00007f6f7c2cd260:   00007f6f44097040 00007f6f00000100
0x00007f6f7c2cd270:   00007f6f00000001 00007f6f7c2cf370
0x00007f6f7c2cd280:   00007f6f7c2cd510 00007f6f7c2cd4b0
0x00007f6f7c2cd290:   0000000000001804 00007f6f7c2ce9d0
0x00007f6f7c2cd2a0:   0000000000000007 0000000000000001
0x00007f6f7c2cd2b0:   0000000000000001 00007f6f44097040
0x00007f6f7c2cd2c0:   00007f6f7c2cd560 00007f6f8766d7f2
0x00007f6f7c2cd2d0:   00007f6f7c2cd310 00007f6f44096fd0
0x00007f6f7c2cd2e0:   00007f6f4095c470 00007f6f7c2ce9f0
0x00007f6f7c2cd2f0:   00007f6f407e0918 00007f6f7c2cd5b0
0x00007f6f7c2cd300:   00007f6f407e0c88 00007f6f407e0bd8
0x00007f6f7c2cd310:   00007f6f7c2cd3e0 00007f6f8751e5c1
0x00007f6f7c2cd320:   0000000000000000 00007f6f408301b8
0x00007f6f7c2cd330:   00007f6f87c42820 0000000000000004
0x00007f6f7c2cd340:   00007f6f7c2cdf78 00007f6f7c2cdf98
0x00007f6f7c2cd350:   00007f6f7c2cd380 00007f6f876e0484
0x00007f6f7c2cd360:   00007f6f40d737f0 00007f6f7c2cd450
0x00007f6f7c2cd370:   00007f6f7c2cd380 00007f6f873bbba2
0x00007f6f7c2cd380:   00007f6f7c2cd3e0 00007f6f87520b75
0x00007f6f7c2cd390:   00007f6f4050c5b0 00007f6f4089daa0
0x00007f6f7c2cd3a0:   0000000000000010 0000000000000080
0x00007f6f7c2cd3b0:   0000000000000002 0000000000010040
0x00007f6f7c2cd3c0:   0000000000000000 0000043000001002
0x00007f6f7c2cd3d0:   0000007e000000db 0000007c00000079
0x00007f6f7c2cd3e0:   00007f6f7c2cd4d0 00007f6f44000020
0x00007f6f7c2cd3f0:   00007f6f7c2cd480 0000000000010010
0x00007f6f7c2cd400:   00007f6f44044230 0000000000010000 

Instructions: (pc=0x00007f6f8766c6be)
0x00007f6f8766c69e:   4c 39 e8 0f 84 ad 03 00 00 8b 70 28 49 89 c7 0f
0x00007f6f8766c6ae:   1f 00 4c 8b 93 e0 09 00 00 49 8d 34 f2 48 8b 06
0x00007f6f8766c6be:   48 8b 50 08 48 83 3a 00 75 27 8b 4b 28 0f 1f 44
0x00007f6f8766c6ce:   00 00 8b 50 28 31 c0 39 ca 73 0c 48 8b 43 30 48 

Register to memory mapping:

RAX=0x0000000000000000 is an unknown value
RBX=0x00007f6f7c2ce9d0 is pointing into the stack for thread: 0x00007f6f800dc000
RCX=0x00007f6f400372b0 is an unknown value
RDX=0x0000000000002000 is an unknown value
RSP=0x00007f6f7c2cd210 is pointing into the stack for thread: 0x00007f6f800dc000
RBP=0x00007f6f7c2cd250 is pointing into the stack for thread: 0x00007f6f800dc000
RSI=0x00007f6f44413930 is an unknown value
RDI=0x0000000000000000 is an unknown value
R8 =0x00007f6f443bc1f0 is an unknown value
R9 =0x00007f6f7c2ce9d0 is pointing into the stack for thread: 0x00007f6f800dc000
R10=0x00007f6f44413930 is an unknown value
R11=0x0000000000000000 is an unknown value
R12=0x00007f6f40169580 is an unknown value
R13=0x00007f6f4070ddf8 is an unknown value
R14=0x00007f6f7c2ce9f0 is pointing into the stack for thread: 0x00007f6f800dc000
R15=0x00007f6f40704f68 is an unknown value


Stack: [0x00007f6f7c1d1000,0x00007f6f7c2d2000],  sp=0x00007f6f7c2cd210,  free space=1008k
Native frames: (J=compiled Java code, j=interpreted, Vv=VM code, C=native code)
V  [libjvm.so+0x5bd6be]  PhaseIdealLoop::build_loop_late_post(Node*)+0x14e
V  [libjvm.so+0x5bdc2b]  PhaseIdealLoop::build_loop_late(VectorSet&, Node_List&, Node_Stack&)+0x10b
V  [libjvm.so+0x5be7f2]  PhaseIdealLoop::build_and_optimize(bool, bool)+0x692
V  [libjvm.so+0x37c4fa]  Compile::Optimize()+0xd2a
V  [libjvm.so+0x37d263]  Compile::Compile(ciEnv*, C2Compiler*, ciMethod*, int, bool, bool)+0xad3
V  [libjvm.so+0x306a70]  C2Compiler::compile_method(ciEnv*, ciMethod*, int)+0xe0
V  [libjvm.so+0x381953]  CompileBroker::invoke_compiler_on_method(CompileTask*)+0x2a3
V  [libjvm.so+0x38229b]  CompileBroker::compiler_thread_loop()+0x45b
V  [libjvm.so+0x74d488]  JavaThread::thread_main_inner()+0x58
V  [libjvm.so+0x64c792]  java_start(Thread*)+0x112


Current CompileTask:
C2:8689223 1544      jregex.Pretokenizer.next()V (1064 bytes)


---------------  P R O C E S S  ---------------

Java Threads: ( => current thread )
  0x00007f6f28317800 JavaThread "net.sf.ehcache.CacheManager@73005a5" daemon [_thread_blocked, id=9421, stack(0x00007f6f77603000,0x00007f6f77704000)]
  0x00007f6f30084000 JavaThread "New I/O server worker #1-5" [_thread_in_native, id=9403, stack(0x00007f6f76bfd000,0x00007f6f76cfe000)]
  0x00007f6f30003800 JavaThread "New I/O server worker #1-6" [_thread_in_native, id=9402, stack(0x00007f6f77807000,0x00007f6f77908000)]
  0x00007f6f30008000 JavaThread "pool-2-thread-57" [_thread_blocked, id=9401, stack(0x00007f6f772fb000,0x00007f6f773fc000)]
  0x00007f6f3001f800 JavaThread "New I/O server worker #1-1" [_thread_in_native, id=9400, stack(0x00007f6f76afc000,0x00007f6f76bfd000)]
  0x00007f6f3001a000 JavaThread "New I/O server worker #1-8" [_thread_in_native, id=9399, stack(0x00007f6f766f8000,0x00007f6f767f9000)]
  0x00007f6f30006000 JavaThread "New I/O server worker #1-7" [_thread_in_native, id=9398, stack(0x00007f6f767f9000,0x00007f6f768fa000)]
  0x00007f6f28776000 JavaThread "pool-5-thread-1" [_thread_blocked, id=8305, stack(0x00007f6f768fa000,0x00007f6f769fb000)]
  0x00007f6f28101000 JavaThread "com.mchange.v2.async.ThreadPoolAsynchronousRunner$PoolThread-#2" daemon [_thread_blocked, id=7735, stack(0x00007f6f76cfe000,0x00007f6f76dff000)]
  0x00007f6f28127800 JavaThread "com.mchange.v2.async.ThreadPoolAsynchronousRunner$PoolThread-#1" daemon [_thread_blocked, id=7734, stack(0x00007f6f76dff000,0x00007f6f76f00000)]
  0x00007f6f281f9000 JavaThread "com.mchange.v2.async.ThreadPoolAsynchronousRunner$PoolThread-#0" daemon [_thread_blocked, id=7733, stack(0x00007f6f76f00000,0x00007f6f77001000)]
  0x00007f6f280dd000 JavaThread "Timer-0" daemon [_thread_blocked, id=7732, stack(0x00007f6f77001000,0x00007f6f77102000)]
  0x00007f6f34004800 JavaThread "play-thread-1" [_thread_in_Java, id=7730, stack(0x00007f6f77706000,0x00007f6f77807000)]
  0x00007f6f8000c800 JavaThread "DestroyJavaVM" [_thread_blocked, id=7713, stack(0x00007f6f8897b000,0x00007f6f88a7c000)]
  0x00007f6f802b2800 JavaThread "New I/O server boss #1 ([id: 0x31df5f21, /0:0:0:0:0:0:0:0:9000])" [_thread_in_native, id=7728, stack(0x00007f6f77908000,0x00007f6f77a09000)]
  0x00007f6f800de800 JavaThread "Low Memory Detector" daemon [_thread_blocked, id=7726, stack(0x00007f6f7c0d0000,0x00007f6f7c1d1000)]
=>0x00007f6f800dc000 JavaThread "C2 CompilerThread1" daemon [_thread_in_native, id=7725, stack(0x00007f6f7c1d1000,0x00007f6f7c2d2000)]
  0x00007f6f800d9000 JavaThread "C2 CompilerThread0" daemon [_thread_blocked, id=7724, stack(0x00007f6f7c2d2000,0x00007f6f7c3d3000)]
  0x00007f6f800d7000 JavaThread "JDWP Event Helper Thread" daemon [_thread_blocked, id=7723, stack(0x00007f6f7c3d3000,0x00007f6f7c4d4000)]
  0x00007f6f800d3000 JavaThread "JDWP Transport Listener: dt_socket" daemon [_thread_in_native, id=7722, stack(0x00007f6f7c4d4000,0x00007f6f7c5d5000)]
  0x00007f6f8008e800 JavaThread "Signal Dispatcher" daemon [_thread_blocked, id=7721, stack(0x00007f6f7c7f8000,0x00007f6f7c8f9000)]
  0x00007f6f8007d000 JavaThread "Finalizer" daemon [_thread_blocked, id=7720, stack(0x00007f6f7c8f9000,0x00007f6f7c9fa000)]
  0x00007f6f8007b000 JavaThread "Reference Handler" daemon [_thread_blocked, id=7719, stack(0x00007f6f7c9fa000,0x00007f6f7cafb000)]

Other Threads:
  0x00007f6f80076800 VMThread [stack: 0x00007f6f7cafb000,0x00007f6f7cbfc000] [id=7718]
  0x00007f6f800e9000 WatcherThread [stack: 0x00007f6f77eff000,0x00007f6f78000000] [id=7727]

VM state:not at safepoint (normal execution)

VM Mutex/Monitor currently owned by a thread: None

Heap
 PSYoungGen      total 15360K, used 3777K [0x00000000ebf60000, 0x00000000ed2f0000, 0x0000000100000000)
  eden space 14720K, 21% used [0x00000000ebf60000,0x00000000ec2784b0,0x00000000ecdc0000)
  from space 640K, 95% used [0x00000000ed0a0000,0x00000000ed138000,0x00000000ed140000)
  to   space 1280K, 0% used [0x00000000ed1b0000,0x00000000ed1b0000,0x00000000ed2f0000)
 PSOldGen        total 41024K, used 28837K [0x00000000c3e00000, 0x00000000c6610000, 0x00000000ebf60000)
  object space 41024K, 70% used [0x00000000c3e00000,0x00000000c5a29500,0x00000000c6610000)
 PSPermGen       total 49472K, used 49314K [0x00000000b9800000, 0x00000000bc850000, 0x00000000c3e00000)
  object space 49472K, 99% used [0x00000000b9800000,0x00000000bc828978,0x00000000bc850000)

Code Cache  [0x00007f6f7d000000, 0x00007f6f7d7a0000, 0x00007f6f80000000)
 total_blobs=2165 nmethods=1503 adapters=622 free_code_cache=42453632 largest_free_block=13888

Dynamic libraries:
00400000-00409000 r-xp 00000000 08:05 10620266                           /usr/lib/jvm/java-6-openjdk-amd64/jre/bin/java
00608000-00609000 r--p 00008000 08:05 10620266                           /usr/lib/jvm/java-6-openjdk-amd64/jre/bin/java
00609000-0060a000 rw-p 00009000 08:05 10620266                           /usr/lib/jvm/java-6-openjdk-amd64/jre/bin/java
020f3000-02114000 rw-p 00000000 00:00 0                                  [heap]
b9800000-bc850000 rw-p 00000000 00:00 0 
bc850000-c3e00000 rw-p 00000000 00:00 0 
c3e00000-c6610000 rw-p 00000000 00:00 0 
c6610000-ebf60000 rw-p 00000000 00:00 0 
ebf60000-ed2f0000 rw-p 00000000 00:00 0 
ed2f0000-edd20000 ---p 00000000 00:00 0 
edd20000-100000000 rw-p 00000000 00:00 0 
7f6ef0000000-7f6ef1182000 rw-p 00000000 00:00 0 
7f6ef1182000-7f6ef4000000 ---p 00000000 00:00 0 
7f6ef8000000-7f6ef8021000 rw-p 00000000 00:00 0 
7f6ef8021000-7f6efc000000 ---p 00000000 00:00 0 
7f6efc000000-7f6efc021000 rw-p 00000000 00:00 0 
7f6efc021000-7f6f00000000 ---p 00000000 00:00 0 
7f6f00000000-7f6f0002f000 rw-p 00000000 00:00 0 
7f6f0002f000-7f6f04000000 ---p 00000000 00:00 0 
7f6f04000000-7f6f040e0000 rw-p 00000000 00:00 0 
7f6f040e0000-7f6f08000000 ---p 00000000 00:00 0 
7f6f08000000-7f6f08021000 rw-p 00000000 00:00 0 
7f6f08021000-7f6f0c000000 ---p 00000000 00:00 0 
7f6f0c000000-7f6f0c036000 rw-p 00000000 00:00 0 
7f6f0c036000-7f6f10000000 ---p 00000000 00:00 0 
7f6f10000000-7f6f10047000 rw-p 00000000 00:00 0 
7f6f10047000-7f6f14000000 ---p 00000000 00:00 0 
7f6f14000000-7f6f14021000 rw-p 00000000 00:00 0 
7f6f14021000-7f6f18000000 ---p 00000000 00:00 0 
7f6f18000000-7f6f18083000 rw-p 00000000 00:00 0 
7f6f18083000-7f6f1c000000 ---p 00000000 00:00 0 
7f6f1c000000-7f6f1c021000 rw-p 00000000 00:00 0 
7f6f1c021000-7f6f20000000 ---p 00000000 00:00 0 
7f6f20000000-7f6f20021000 rw-p 00000000 00:00 0 
7f6f20021000-7f6f24000000 ---p 00000000 00:00 0 
7f6f24000000-7f6f240cb000 rw-p 00000000 00:00 0 
7f6f240cb000-7f6f28000000 ---p 00000000 00:00 0 
7f6f28000000-7f6f292a3000 rw-p 00000000 00:00 0 
7f6f292a3000-7f6f2c000000 ---p 00000000 00:00 0 
7f6f2c000000-7f6f2c02d000 rw-p 00000000 00:00 0 
7f6f2c02d000-7f6f30000000 ---p 00000000 00:00 0 
7f6f30000000-7f6f30086000 rw-p 00000000 00:00 0 
7f6f30086000-7f6f34000000 ---p 00000000 00:00 0 
7f6f34000000-7f6f34034000 rw-p 00000000 00:00 0 
7f6f34034000-7f6f38000000 ---p 00000000 00:00 0 
7f6f38000000-7f6f38021000 rw-p 00000000 00:00 0 
7f6f38021000-7f6f3c000000 ---p 00000000 00:00 0 
7f6f3c000000-7f6f3c021000 rw-p 00000000 00:00 0 
7f6f3c021000-7f6f40000000 ---p 00000000 00:00 0 
7f6f40000000-7f6f4294d000 rw-p 00000000 00:00 0 
7f6f4294d000-7f6f44000000 ---p 00000000 00:00 0 
7f6f44000000-7f6f47ffe000 rw-p 00000000 00:00 0 
7f6f47ffe000-7f6f48000000 ---p 00000000 00:00 0 
7f6f48000000-7f6f48021000 rw-p 00000000 00:00 0 
7f6f48021000-7f6f4c000000 ---p 00000000 00:00 0 
7f6f4c000000-7f6f4c021000 rw-p 00000000 00:00 0 
7f6f4c021000-7f6f50000000 ---p 00000000 00:00 0 
7f6f50000000-7f6f50021000 rw-p 00000000 00:00 0 
7f6f50021000-7f6f54000000 ---p 00000000 00:00 0 
7f6f54000000-7f6f54021000 rw-p 00000000 00:00 0 
7f6f54021000-7f6f58000000 ---p 00000000 00:00 0 
7f6f58000000-7f6f58051000 rw-p 00000000 00:00 0 
7f6f58051000-7f6f5c000000 ---p 00000000 00:00 0 
7f6f5c000000-7f6f5c021000 rw-p 00000000 00:00 0 
7f6f5c021000-7f6f60000000 ---p 00000000 00:00 0 
7f6f60000000-7f6f60021000 rw-p 00000000 00:00 0 
7f6f60021000-7f6f64000000 ---p 00000000 00:00 0 
7f6f68000000-7f6f68029000 rw-p 00000000 00:00 0 
7f6f68029000-7f6f6c000000 ---p 00000000 00:00 0 
7f6f70000000-7f6f7002c000 rw-p 00000000 00:00 0 
7f6f7002c000-7f6f74000000 ---p 00000000 00:00 0 
7f6f766f8000-7f6f766fb000 ---p 00000000 00:00 0 
7f6f766fb000-7f6f767f9000 rw-p 00000000 00:00 0                          [stack:9399]
7f6f767f9000-7f6f767fc000 ---p 00000000 00:00 0 
7f6f767fc000-7f6f768fa000 rw-p 00000000 00:00 0                          [stack:9398]
7f6f768fa000-7f6f768fd000 ---p 00000000 00:00 0 
7f6f768fd000-7f6f769fb000 rw-p 00000000 00:00 0                          [stack:8305]
7f6f769fb000-7f6f769fe000 ---p 00000000 00:00 0 
7f6f769fe000-7f6f76afc000 rw-p 00000000 00:00 0 
7f6f76afc000-7f6f76aff000 ---p 00000000 00:00 0 
7f6f76aff000-7f6f76bfd000 rw-p 00000000 00:00 0                          [stack:9400]
7f6f76bfd000-7f6f76c00000 ---p 00000000 00:00 0 
7f6f76c00000-7f6f76cfe000 rw-p 00000000 00:00 0                          [stack:9403]
7f6f76cfe000-7f6f76d01000 ---p 00000000 00:00 0 
7f6f76d01000-7f6f76dff000 rw-p 00000000 00:00 0                          [stack:7735]
7f6f76dff000-7f6f76e02000 ---p 00000000 00:00 0 
7f6f76e02000-7f6f76f00000 rw-p 00000000 00:00 0                          [stack:7734]
7f6f76f00000-7f6f76f03000 ---p 00000000 00:00 0 
7f6f76f03000-7f6f77001000 rw-p 00000000 00:00 0                          [stack:7733]
7f6f77001000-7f6f77004000 ---p 00000000 00:00 0 
7f6f77004000-7f6f77102000 rw-p 00000000 00:00 0                          [stack:7732]
7f6f771f8000-7f6f771fb000 ---p 00000000 00:00 0 
7f6f771fb000-7f6f772f9000 rw-p 00000000 00:00 0 
7f6f772f9000-7f6f772fb000 r--s 00013000 08:05 10224636                   /usr/lib/jvm/java-6-openjdk-common/jre/lib/jce.jar
7f6f772fb000-7f6f772fe000 ---p 00000000 00:00 0 
7f6f772fe000-7f6f773fc000 rw-p 00000000 00:00 0                          [stack:9401]
7f6f773fc000-7f6f77402000 r-xp 00000000 08:05 10491493                   /usr/lib/jvm/java-6-openjdk-amd64/jre/lib/amd64/libmanagement.so
7f6f77402000-7f6f77601000 ---p 00006000 08:05 10491493                   /usr/lib/jvm/java-6-openjdk-amd64/jre/lib/amd64/libmanagement.so
7f6f77601000-7f6f77602000 r--p 00005000 08:05 10491493                   /usr/lib/jvm/java-6-openjdk-amd64/jre/lib/amd64/libmanagement.so
7f6f77602000-7f6f77603000 rw-p 00006000 08:05 10491493                   /usr/lib/jvm/java-6-openjdk-amd64/jre/lib/amd64/libmanagement.so
7f6f77603000-7f6f77606000 ---p 00000000 00:00 0 
7f6f77606000-7f6f77704000 rw-p 00000000 00:00 0                          [stack:9421]
7f6f77704000-7f6f77706000 r--s 00013000 08:05 10224636                   /usr/lib/jvm/java-6-openjdk-common/jre/lib/jce.jar
7f6f77706000-7f6f77709000 ---p 00000000 00:00 0 
7f6f77709000-7f6f77807000 rw-p 00000000 00:00 0                          [stack:7730]
7f6f77807000-7f6f7780a000 ---p 00000000 00:00 0 
7f6f7780a000-7f6f77908000 rw-p 00000000 00:00 0                          [stack:9402]
7f6f77908000-7f6f7790b000 ---p 00000000 00:00 0 
7f6f7790b000-7f6f77a09000 rw-p 00000000 00:00 0                          [stack:7728]
7f6f77a09000-7f6f77a11000 r-xp 00000000 08:05 10491485                   /usr/lib/jvm/java-6-openjdk-amd64/jre/lib/amd64/libnio.so
7f6f77a11000-7f6f77c10000 ---p 00008000 08:05 10491485                   /usr/lib/jvm/java-6-openjdk-amd64/jre/lib/amd64/libnio.so
7f6f77c10000-7f6f77c11000 r--p 00007000 08:05 10491485                   /usr/lib/jvm/java-6-openjdk-amd64/jre/lib/amd64/libnio.so
7f6f77c11000-7f6f77c12000 rw-p 00008000 08:05 10491485                   /usr/lib/jvm/java-6-openjdk-amd64/jre/lib/amd64/libnio.so
7f6f77c12000-7f6f77c27000 r-xp 00000000 08:05 10491489                   /usr/lib/jvm/java-6-openjdk-amd64/jre/lib/amd64/libnet.so
7f6f77c27000-7f6f77e26000 ---p 00015000 08:05 10491489                   /usr/lib/jvm/java-6-openjdk-amd64/jre/lib/amd64/libnet.so
7f6f77e26000-7f6f77e27000 r--p 00014000 08:05 10491489                   /usr/lib/jvm/java-6-openjdk-amd64/jre/lib/amd64/libnet.so
7f6f77e27000-7f6f77e28000 rw-p 00015000 08:05 10491489                   /usr/lib/jvm/java-6-openjdk-amd64/jre/lib/amd64/libnet.so
7f6f77e28000-7f6f77e2a000 r--s 00015000 08:05 7345592                    /home/olga/Development/Play/framework/lib/jregex-1.2_01.jar
7f6f77e2a000-7f6f77e30000 r--s 00032000 08:05 7345586                    /home/olga/Development/Play/framework/lib/jaxen-1.1.jar
7f6f77e30000-7f6f77e36000 r--s 000fc000 08:05 10225239                   /usr/lib/jvm/java-6-openjdk-common/jre/lib/resources.jar
7f6f77e36000-7f6f77e46000 r--s 000b2000 08:05 7345601                    /home/olga/Development/Play/framework/lib/netty-3.2.5.Final.jar
7f6f77e46000-7f6f77e48000 r--s 00015000 08:05 7345588                    /home/olga/Development/Play/framework/lib/jj-simplecaptcha.jar
7f6f77e49000-7f6f77e4c000 r--s 0007f000 08:05 10224635                   /usr/lib/jvm/java-6-openjdk-common/jre/lib/jsse.jar
7f6f77e4c000-7f6f77e51000 r--s 00020000 08:05 7345587                    /home/olga/Development/Play/framework/lib/jj-imaging.jar
7f6f77e51000-7f6f77e57000 r--s 00040000 08:05 7345599                    /home/olga/Development/Play/framework/lib/memcached-2.6.jar
7f6f77e57000-7f6f77e62000 r--s 00124000 08:05 7345573                    /home/olga/Development/Play/framework/lib/h2-1.3.149.jar
7f6f77e62000-7f6f77e64000 r--s 0000b000 08:05 7345589                    /home/olga/Development/Play/framework/lib/jj-textile.jar
7f6f77e64000-7f6f77e6a000 r--s 00049000 08:05 7345557                    /home/olga/Development/Play/framework/lib/cglib-nodep-2.2.jar
7f6f77e6a000-7f6f77e6d000 r--s 00022000 08:05 7345583                    /home/olga/Development/Play/framework/lib/jamon-2.7.jar
7f6f77e6d000-7f6f77e73000 r--s 00038000 08:05 7345608                    /home/olga/Development/Play/framework/lib/snakeyaml-1.7.jar
7f6f77e73000-7f6f77e76000 r--s 0000f000 08:05 7345570                    /home/olga/Development/Play/framework/lib/geronimo-servlet_2.5_spec-1.2.jar
7f6f77e76000-7f6f77e78000 r--s 00001000 08:05 7345593                    /home/olga/Development/Play/framework/lib/jsr107cache-1.0.jar
7f6f77e78000-7f6f77e86000 r--s 0007f000 08:05 7345560                    /home/olga/Development/Play/framework/lib/commons-collections-3.2.1.jar
7f6f77e86000-7f6f77eb0000 r--s 00427000 08:05 7345602                    /home/olga/Development/Play/framework/lib/org.eclipse.jdt.core-3.8.0.v_C03.jar
7f6f77eb0000-7f6f77eb2000 r--s 0000e000 08:05 7345564                    /home/olga/Development/Play/framework/lib/commons-javaflow-1066591.jar
7f6f77eb2000-7f6f77eb4000 r--s 0000d000 08:05 7345559                    /home/olga/Development/Play/framework/lib/commons-codec-1.4.jar
7f6f77eb4000-7f6f77eb5000 r--s 00007000 08:05 7345561                    /home/olga/Development/Play/framework/lib/commons-email-1.2.jar
7f6f77eb5000-7f6f77eb6000 r--s 00002000 08:05 7345607                    /home/olga/Development/Play/framework/lib/slf4j-log4j12-1.6.1.jar
7f6f77eb6000-7f6f77ebd000 r--s 00038000 08:05 7345590                    /home/olga/Development/Play/framework/lib/jj-wikitext.jar
7f6f77ebd000-7f6f77ec4000 r--s 0004d000 08:05 7345554                    /home/olga/Development/Play/framework/lib/async-http-client-1.6.5.jar
7f6f77ec4000-7f6f77ec7000 r--s 0000f000 08:05 7345575                    /home/olga/Development/Play/framework/lib/hibernate-commons-annotations-3.2.0.Final.jar
7f6f77ec7000-7f6f77ec9000 r--s 00002000 08:05 7345594                    /home/olga/Development/Play/framework/lib/jta-1.1.jar
7f6f77ec9000-7f6f77ed1000 r--s 0008a000 08:05 7345584                    /home/olga/Development/Play/framework/lib/javassist-3.9.0.GA.jar
7f6f77ed1000-7f6f77ed7000 r--s 0007e000 08:05 7345604                    /home/olga/Development/Play/framework/lib/postgresql-9.0.jar
7f6f77ed7000-7f6f77edc000 r--s 00014000 08:05 7345581                    /home/olga/Development/Play/framework/lib/hibernate-jpa-2.0-api-1.0.0.Final.jar
7f6f77edc000-7f6f77ee5000 r--s 0005d000 08:05 7345579                    /home/olga/Development/Play/framework/lib/hibernate-entitymanager-3.6.0.Final.jar
7f6f77ee5000-7f6f77eea000 r--s 00034000 08:05 7345558                    /home/olga/Development/Play/framework/lib/commons-beanutils-1.8.3.jar
7f6f77eea000-7f6f77ef4000 r--s 0006f000 08:05 7345568                    /home/olga/Development/Play/framework/lib/ehcache-core-2.0.0.jar
7f6f77ef4000-7f6f77eff000 r--s 0005a000 08:05 7345609                    /home/olga/Development/Play/framework/lib/xstream-1.3.jar
7f6f77eff000-7f6f77f00000 ---p 00000000 00:00 0 
7f6f77f00000-7f6f78000000 rw-p 00000000 00:00 0                          [stack:7727]
7f6f78000000-7f6f78025000 rw-p 00000000 00:00 0 
7f6f78025000-7f6f7c000000 ---p 00000000 00:00 0 
7f6f7c000000-7f6f7c003000 r--s 00024000 08:05 7345563                    /home/olga/Development/Play/framework/lib/commons-io-2.0.1.jar
7f6f7c003000-7f6f7c007000 r--s 00027000 08:05 7345572                    /home/olga/Development/Play/framework/lib/gson-1.7.1.jar
7f6f7c007000-7f6f7c008000 r--s 00000000 08:05 7345585                    /home/olga/Development/Play/framework/lib/javax.inject-1.0.jar
7f6f7c008000-7f6f7c00a000 r--s 00008000 08:05 7345605                    /home/olga/Development/Play/framework/lib/signpost-core-1.2.jar
7f6f7c00a000-7f6f7c00f000 r--s 00041000 08:05 7345565                    /home/olga/Development/Play/framework/lib/commons-lang-2.6.jar
7f6f7c00f000-7f6f7c015000 r--s 00034000 08:05 7345595                    /home/olga/Development/Play/framework/lib/junit-4.8.1.jar
7f6f7c015000-7f6f7c01c000 r--s 000b7000 08:05 7345600                    /home/olga/Development/Play/framework/lib/mysql-connector-java-5.1.13.jar
7f6f7c01c000-7f6f7c02b000 r--s 0007c000 08:05 7345591                    /home/olga/Development/Play/framework/lib/joda-time-2.0.jar
7f6f7c02b000-7f6f7c03a000 r--s 000d9000 08:05 7345582                    /home/olga/Development/Play/framework/lib/ivy-2.2.0.jar
7f6f7c03a000-7f6f7c040000 r--s 00067000 08:05 7345552                    /home/olga/Development/Play/framework/lib/antlr-2.7.6.jar
7f6f7c040000-7f6f7c043000 r--s 00011000 08:05 7345569                    /home/olga/Development/Play/framework/lib/ezmorph-1.0.3.jar
7f6f7c043000-7f6f7c04a000 r--s 0006a000 08:05 7345598                    /home/olga/Development/Play/framework/lib/mail-1.4.3.jar
7f6f7c04a000-7f6f7c09e000 r--s 00520000 08:05 7345571                    /home/olga/Development/Play/framework/lib/groovy-all-1.7.10.jar
7f6f7c09e000-7f6f7c0d0000 r--s 002c7000 08:05 7345577                    /home/olga/Development/Play/framework/lib/hibernate-core-3.6.1.Final.jar
7f6f7c0d0000-7f6f7c0d3000 ---p 00000000 00:00 0 
7f6f7c0d3000-7f6f7c1d1000 rw-p 00000000 00:00 0                          [stack:7726]
7f6f7c1d1000-7f6f7c1d4000 ---p 00000000 00:00 0 
7f6f7c1d4000-7f6f7c2d2000 rw-p 00000000 00:00 0                          [stack:7725]
7f6f7c2d2000-7f6f7c2d5000 ---p 00000000 00:00 0 
7f6f7c2d5000-7f6f7c3d3000 rw-p 00000000 00:00 0                          [stack:7724]
7f6f7c3d3000-7f6f7c3d6000 ---p 00000000 00:00 0 
7f6f7c3d6000-7f6f7c4d4000 rw-p 00000000 00:00 0                          [stack:7723]
7f6f7c4d4000-7f6f7c4d7000 ---p 00000000 00:00 0 
7f6f7c4d7000-7f6f7c5d5000 rw-p 00000000 00:00 0                          [stack:7722]
7f6f7c5d5000-7f6f7c5d9000 r-xp 00000000 08:05 10491505                   /usr/lib/jvm/java-6-openjdk-amd64/jre/lib/amd64/libdt_socket.so
7f6f7c5d9000-7f6f7c7d8000 ---p 00004000 08:05 10491505                   /usr/lib/jvm/java-6-openjdk-amd64/jre/lib/amd64/libdt_socket.so
7f6f7c7d8000-7f6f7c7d9000 r--p 00003000 08:05 10491505                   /usr/lib/jvm/java-6-openjdk-amd64/jre/lib/amd64/libdt_socket.so
7f6f7c7d9000-7f6f7c7da000 rw-p 00004000 08:05 10491505                   /usr/lib/jvm/java-6-openjdk-amd64/jre/lib/amd64/libdt_socket.so
7f6f7c7da000-7f6f7c7dd000 r--s 0007f000 08:05 10224635                   /usr/lib/jvm/java-6-openjdk-common/jre/lib/jsse.jar
7f6f7c7dd000-7f6f7c7e9000 r--s 000c2000 08:05 7345961                    /home/olga/Development/Play/framework/play-1.2.4.jar
7f6f7c7e9000-7f6f7c7eb000 r--s 00001000 08:05 10225204                   /usr/lib/jvm/java-6-openjdk-common/jre/lib/ext/dnsns.jar
7f6f7c7eb000-7f6f7c7ee000 r--s 00031000 08:05 10225202                   /usr/lib/jvm/java-6-openjdk-common/jre/lib/ext/sunjce_provider.jar
7f6f7c7ee000-7f6f7c7f1000 r--s 00077000 08:05 10225200                   /usr/lib/jvm/java-6-openjdk-common/jre/lib/ext/localedata.jar
7f6f7c7f1000-7f6f7c7f3000 r--s 0000f000 08:05 10225206                   /usr/lib/jvm/java-6-openjdk-common/jre/lib/ext/pulse-java.jar
7f6f7c7f3000-7f6f7c7f7000 r--s 00039000 08:05 10225198                   /usr/lib/jvm/java-6-openjdk-common/jre/lib/ext/sunpkcs11.jar
7f6f7c7f7000-7f6f7c7f8000 r--s 00007000 08:05 10758633                   /usr/share/java/java-atk-wrapper.jar
7f6f7c7f8000-7f6f7c7fb000 ---p 00000000 00:00 0 
7f6f7c7fb000-7f6f7c8f9000 rw-p 00000000 00:00 0                          [stack:7721]
7f6f7c8f9000-7f6f7c8fc000 ---p 00000000 00:00 0 
7f6f7c8fc000-7f6f7c9fa000 rw-p 00000000 00:00 0                          [stack:7720]
7f6f7c9fa000-7f6f7c9fd000 ---p 00000000 00:00 0 
7f6f7c9fd000-7f6f7cafb000 rw-p 00000000 00:00 0                          [stack:7719]
7f6f7cafb000-7f6f7cafc000 ---p 00000000 00:00 0 
7f6f7cafc000-7f6f7d000000 rw-p 00000000 00:00 0                          [stack:7718]
7f6f7d000000-7f6f7d7a0000 rwxp 00000000 00:00 0 
7f6f7d7a0000-7f6f8059a000 rw-p 00000000 00:00 0 
7f6f8059a000-7f6f84000000 ---p 00000000 00:00 0 
7f6f84000000-7f6f84002000 r--s 0000c000 08:05 7345551                    /home/olga/Development/Play/framework/lib/activation-1.1.1.jar
7f6f84002000-7f6f84004000 r--s 00005000 08:05 7345606                    /home/olga/Development/Play/framework/lib/slf4j-api-1.6.1.jar
7f6f84004000-7f6f84029000 r--s 00172000 08:05 7345555                    /home/olga/Development/Play/framework/lib/bcprov-jdk15-1.45.jar
7f6f84029000-7f6f8415d000 rw-p 00000000 00:00 0 
7f6f8415d000-7f6f842f0000 r--s 037db000 08:05 10363553                   /usr/lib/jvm/java-6-openjdk-amd64/jre/lib/rt.jar
7f6f842f0000-7f6f84318000 rw-p 00000000 00:00 0 
7f6f84318000-7f6f84319000 ---p 00000000 00:00 0 
7f6f84319000-7f6f84419000 rw-p 00000000 00:00 0                          [stack:7717]
7f6f84419000-7f6f8441a000 ---p 00000000 00:00 0 
7f6f8441a000-7f6f8451a000 rw-p 00000000 00:00 0                          [stack:7716]
7f6f8451a000-7f6f8451b000 ---p 00000000 00:00 0 
7f6f8451b000-7f6f8461b000 rw-p 00000000 00:00 0                          [stack:7715]
7f6f8461b000-7f6f8461c000 ---p 00000000 00:00 0 
7f6f8461c000-7f6f84735000 rw-p 00000000 00:00 0                          [stack:7714]
7f6f84735000-7f6f8476f000 rw-p 00000000 00:00 0 
7f6f8476f000-7f6f84784000 rw-p 00000000 00:00 0 
7f6f84784000-7f6f848b0000 rw-p 00000000 00:00 0 
7f6f848b0000-7f6f848c9000 rw-p 00000000 00:00 0 
7f6f848c9000-7f6f84903000 rw-p 00000000 00:00 0 
7f6f84903000-7f6f84918000 rw-p 00000000 00:00 0 
7f6f84918000-7f6f84a43000 rw-p 00000000 00:00 0 
7f6f84a43000-7f6f84a4e000 rw-p 00000000 00:00 0 
7f6f84a4e000-7f6f84a53000 ---p 00000000 00:00 0 
7f6f84a53000-7f6f84ae4000 rw-p 00000000 00:00 0 
7f6f84ae4000-7f6f84ae5000 rw-p 00000000 00:00 0 
7f6f84ae5000-7f6f84aec000 r-xp 00000000 08:05 10491508                   /usr/lib/jvm/java-6-openjdk-amd64/jre/lib/amd64/libzip.so
7f6f84aec000-7f6f84ceb000 ---p 00007000 08:05 10491508                   /usr/lib/jvm/java-6-openjdk-amd64/jre/lib/amd64/libzip.so
7f6f84ceb000-7f6f84cec000 r--p 00006000 08:05 10491508                   /usr/lib/jvm/java-6-openjdk-amd64/jre/lib/amd64/libzip.so
7f6f84cec000-7f6f84ced000 rw-p 00007000 08:05 10491508                   /usr/lib/jvm/java-6-openjdk-amd64/jre/lib/amd64/libzip.so
7f6f84ced000-7f6f84cf9000 r-xp 00000000 08:05 10485889                   /lib/x86_64-linux-gnu/libnss_files-2.15.so
7f6f84cf9000-7f6f84ef8000 ---p 0000c000 08:05 10485889                   /lib/x86_64-linux-gnu/libnss_files-2.15.so
7f6f84ef8000-7f6f84ef9000 r--p 0000b000 08:05 10485889                   /lib/x86_64-linux-gnu/libnss_files-2.15.so
7f6f84ef9000-7f6f84efa000 rw-p 0000c000 08:05 10485889                   /lib/x86_64-linux-gnu/libnss_files-2.15.so
7f6f84efa000-7f6f84f04000 r-xp 00000000 08:05 10485885                   /lib/x86_64-linux-gnu/libnss_nis-2.15.so
7f6f84f04000-7f6f85104000 ---p 0000a000 08:05 10485885                   /lib/x86_64-linux-gnu/libnss_nis-2.15.so
7f6f85104000-7f6f85105000 r--p 0000a000 08:05 10485885                   /lib/x86_64-linux-gnu/libnss_nis-2.15.so
7f6f85105000-7f6f85106000 rw-p 0000b000 08:05 10485885                   /lib/x86_64-linux-gnu/libnss_nis-2.15.so
7f6f85106000-7f6f8511d000 r-xp 00000000 08:05 10489715                   /lib/x86_64-linux-gnu/libnsl-2.15.so
7f6f8511d000-7f6f8531c000 ---p 00017000 08:05 10489715                   /lib/x86_64-linux-gnu/libnsl-2.15.so
7f6f8531c000-7f6f8531d000 r--p 00016000 08:05 10489715                   /lib/x86_64-linux-gnu/libnsl-2.15.so
7f6f8531d000-7f6f8531e000 rw-p 00017000 08:05 10489715                   /lib/x86_64-linux-gnu/libnsl-2.15.so
7f6f8531e000-7f6f85320000 rw-p 00000000 00:00 0 
7f6f85320000-7f6f85328000 r-xp 00000000 08:05 10485890                   /lib/x86_64-linux-gnu/libnss_compat-2.15.so
7f6f85328000-7f6f85527000 ---p 00008000 08:05 10485890                   /lib/x86_64-linux-gnu/libnss_compat-2.15.so
7f6f85527000-7f6f85528000 r--p 00007000 08:05 10485890                   /lib/x86_64-linux-gnu/libnss_compat-2.15.so
7f6f85528000-7f6f85529000 rw-p 00008000 08:05 10485890                   /lib/x86_64-linux-gnu/libnss_compat-2.15.so
7f6f85529000-7f6f85c0c000 r--p 00000000 08:05 10230127                   /usr/lib/locale/locale-archive
7f6f85c0c000-7f6f85c0f000 r-xp 00000000 08:05 10491478                   /usr/lib/jvm/java-6-openjdk-amd64/jre/lib/amd64/libnpt.so
7f6f85c0f000-7f6f85e0e000 ---p 00003000 08:05 10491478                   /usr/lib/jvm/java-6-openjdk-amd64/jre/lib/amd64/libnpt.so
7f6f85e0e000-7f6f85e0f000 r--p 00002000 08:05 10491478                   /usr/lib/jvm/java-6-openjdk-amd64/jre/lib/amd64/libnpt.so
7f6f85e0f000-7f6f85e10000 rw-p 00003000 08:05 10491478                   /usr/lib/jvm/java-6-openjdk-amd64/jre/lib/amd64/libnpt.so
7f6f85e10000-7f6f85e19000 r-xp 00000000 08:05 10491477                   /usr/lib/jvm/java-6-openjdk-amd64/jre/lib/amd64/libinstrument.so
7f6f85e19000-7f6f86019000 ---p 00009000 08:05 10491477                   /usr/lib/jvm/java-6-openjdk-amd64/jre/lib/amd64/libinstrument.so
7f6f86019000-7f6f8601a000 r--p 00009000 08:05 10491477                   /usr/lib/jvm/java-6-openjdk-amd64/jre/lib/amd64/libinstrument.so
7f6f8601a000-7f6f8601b000 rw-p 0000a000 08:05 10491477                   /usr/lib/jvm/java-6-openjdk-amd64/jre/lib/amd64/libinstrument.so
7f6f8601b000-7f6f86055000 r-xp 00000000 08:05 10491486                   /usr/lib/jvm/java-6-openjdk-amd64/jre/lib/amd64/libjdwp.so
7f6f86055000-7f6f86254000 ---p 0003a000 08:05 10491486                   /usr/lib/jvm/java-6-openjdk-amd64/jre/lib/amd64/libjdwp.so
7f6f86254000-7f6f86255000 r--p 00039000 08:05 10491486                   /usr/lib/jvm/java-6-openjdk-amd64/jre/lib/amd64/libjdwp.so
7f6f86255000-7f6f86256000 rw-p 0003a000 08:05 10491486                   /usr/lib/jvm/java-6-openjdk-amd64/jre/lib/amd64/libjdwp.so
7f6f86256000-7f6f86282000 r-xp 00000000 08:05 10491496                   /usr/lib/jvm/java-6-openjdk-amd64/jre/lib/amd64/libjava.so
7f6f86282000-7f6f86481000 ---p 0002c000 08:05 10491496                   /usr/lib/jvm/java-6-openjdk-amd64/jre/lib/amd64/libjava.so
7f6f86481000-7f6f86482000 r--p 0002b000 08:05 10491496                   /usr/lib/jvm/java-6-openjdk-amd64/jre/lib/amd64/libjava.so
7f6f86482000-7f6f86485000 rw-p 0002c000 08:05 10491496                   /usr/lib/jvm/java-6-openjdk-amd64/jre/lib/amd64/libjava.so
7f6f86485000-7f6f86493000 r-xp 00000000 08:05 10491495                   /usr/lib/jvm/java-6-openjdk-amd64/jre/lib/amd64/libverify.so
7f6f86493000-7f6f86692000 ---p 0000e000 08:05 10491495                   /usr/lib/jvm/java-6-openjdk-amd64/jre/lib/amd64/libverify.so
7f6f86692000-7f6f86694000 r--p 0000d000 08:05 10491495                   /usr/lib/jvm/java-6-openjdk-amd64/jre/lib/amd64/libverify.so
7f6f86694000-7f6f86695000 rw-p 0000f000 08:05 10491495                   /usr/lib/jvm/java-6-openjdk-amd64/jre/lib/amd64/libverify.so
7f6f86695000-7f6f8669c000 r-xp 00000000 08:05 10485883                   /lib/x86_64-linux-gnu/librt-2.15.so
7f6f8669c000-7f6f8689b000 ---p 00007000 08:05 10485883                   /lib/x86_64-linux-gnu/librt-2.15.so
7f6f8689b000-7f6f8689c000 r--p 00006000 08:05 10485883                   /lib/x86_64-linux-gnu/librt-2.15.so
7f6f8689c000-7f6f8689d000 rw-p 00007000 08:05 10485883                   /lib/x86_64-linux-gnu/librt-2.15.so
7f6f8689d000-7f6f868b2000 r-xp 00000000 08:05 10489415                   /lib/x86_64-linux-gnu/libgcc_s.so.1
7f6f868b2000-7f6f86ab1000 ---p 00015000 08:05 10489415                   /lib/x86_64-linux-gnu/libgcc_s.so.1
7f6f86ab1000-7f6f86ab2000 r--p 00014000 08:05 10489415                   /lib/x86_64-linux-gnu/libgcc_s.so.1
7f6f86ab2000-7f6f86ab3000 rw-p 00015000 08:05 10489415                   /lib/x86_64-linux-gnu/libgcc_s.so.1
7f6f86ab3000-7f6f86bae000 r-xp 00000000 08:05 10485887                   /lib/x86_64-linux-gnu/libm-2.15.so
7f6f86bae000-7f6f86dad000 ---p 000fb000 08:05 10485887                   /lib/x86_64-linux-gnu/libm-2.15.so
7f6f86dad000-7f6f86dae000 r--p 000fa000 08:05 10485887                   /lib/x86_64-linux-gnu/libm-2.15.so
7f6f86dae000-7f6f86daf000 rw-p 000fb000 08:05 10485887                   /lib/x86_64-linux-gnu/libm-2.15.so
7f6f86daf000-7f6f86e91000 r-xp 00000000 08:05 10231417                   /usr/lib/x86_64-linux-gnu/libstdc++.so.6.0.16
7f6f86e91000-7f6f87090000 ---p 000e2000 08:05 10231417                   /usr/lib/x86_64-linux-gnu/libstdc++.so.6.0.16
7f6f87090000-7f6f87098000 r--p 000e1000 08:05 10231417                   /usr/lib/x86_64-linux-gnu/libstdc++.so.6.0.16
7f6f87098000-7f6f8709a000 rw-p 000e9000 08:05 10231417                   /usr/lib/x86_64-linux-gnu/libstdc++.so.6.0.16
7f6f8709a000-7f6f870af000 rw-p 00000000 00:00 0 
7f6f870af000-7f6f879b4000 r-xp 00000000 08:05 10620262                   /usr/lib/jvm/java-6-openjdk-amd64/jre/lib/amd64/server/libjvm.so
7f6f879b4000-7f6f87bb3000 ---p 00905000 08:05 10620262                   /usr/lib/jvm/java-6-openjdk-amd64/jre/lib/amd64/server/libjvm.so
7f6f87bb3000-7f6f87c34000 r--p 00904000 08:05 10620262                   /usr/lib/jvm/java-6-openjdk-amd64/jre/lib/amd64/server/libjvm.so
7f6f87c34000-7f6f87c4f000 rw-p 00985000 08:05 10620262                   /usr/lib/jvm/java-6-openjdk-amd64/jre/lib/amd64/server/libjvm.so
7f6f87c4f000-7f6f87c78000 rw-p 00000000 00:00 0 
7f6f87c78000-7f6f87c8e000 r-xp 00000000 08:05 10489505                   /lib/x86_64-linux-gnu/libz.so.1.2.3.4
7f6f87c8e000-7f6f87e8d000 ---p 00016000 08:05 10489505                   /lib/x86_64-linux-gnu/libz.so.1.2.3.4
7f6f87e8d000-7f6f87e8e000 r--p 00015000 08:05 10489505                   /lib/x86_64-linux-gnu/libz.so.1.2.3.4
7f6f87e8e000-7f6f87e8f000 rw-p 00016000 08:05 10489505                   /lib/x86_64-linux-gnu/libz.so.1.2.3.4
7f6f87e8f000-7f6f88044000 r-xp 00000000 08:05 10485783                   /lib/x86_64-linux-gnu/libc-2.15.so
7f6f88044000-7f6f88243000 ---p 001b5000 08:05 10485783                   /lib/x86_64-linux-gnu/libc-2.15.so
7f6f88243000-7f6f88247000 r--p 001b4000 08:05 10485783                   /lib/x86_64-linux-gnu/libc-2.15.so
7f6f88247000-7f6f88249000 rw-p 001b8000 08:05 10485783                   /lib/x86_64-linux-gnu/libc-2.15.so
7f6f88249000-7f6f8824e000 rw-p 00000000 00:00 0 
7f6f8824e000-7f6f88250000 r-xp 00000000 08:05 10485772                   /lib/x86_64-linux-gnu/libdl-2.15.so
7f6f88250000-7f6f88450000 ---p 00002000 08:05 10485772                   /lib/x86_64-linux-gnu/libdl-2.15.so
7f6f88450000-7f6f88451000 r--p 00002000 08:05 10485772                   /lib/x86_64-linux-gnu/libdl-2.15.so
7f6f88451000-7f6f88452000 rw-p 00003000 08:05 10485772                   /lib/x86_64-linux-gnu/libdl-2.15.so
7f6f88452000-7f6f88456000 r-xp 00000000 08:05 10491480                   /usr/lib/jvm/java-6-openjdk-amd64/jre/lib/amd64/jli/libjli.so
7f6f88456000-7f6f88655000 ---p 00004000 08:05 10491480                   /usr/lib/jvm/java-6-openjdk-amd64/jre/lib/amd64/jli/libjli.so
7f6f88655000-7f6f88656000 r--p 00003000 08:05 10491480                   /usr/lib/jvm/java-6-openjdk-amd64/jre/lib/amd64/jli/libjli.so
7f6f88656000-7f6f88657000 rw-p 00004000 08:05 10491480                   /usr/lib/jvm/java-6-openjdk-amd64/jre/lib/amd64/jli/libjli.so
7f6f88657000-7f6f8866f000 r-xp 00000000 08:05 10485881                   /lib/x86_64-linux-gnu/libpthread-2.15.so
7f6f8866f000-7f6f8886e000 ---p 00018000 08:05 10485881                   /lib/x86_64-linux-gnu/libpthread-2.15.so
7f6f8886e000-7f6f8886f000 r--p 00017000 08:05 10485881                   /lib/x86_64-linux-gnu/libpthread-2.15.so
7f6f8886f000-7f6f88870000 rw-p 00018000 08:05 10485881                   /lib/x86_64-linux-gnu/libpthread-2.15.so
7f6f88870000-7f6f88874000 rw-p 00000000 00:00 0 
7f6f88874000-7f6f88896000 r-xp 00000000 08:05 10485893                   /lib/x86_64-linux-gnu/ld-2.15.so
7f6f88897000-7f6f8889e000 r--s 00049000 08:05 7345603                    /home/olga/Development/Play/framework/lib/oval-1.50.jar
7f6f8889e000-7f6f888a9000 r--s 0008b000 08:05 7345556                    /home/olga/Development/Play/framework/lib/c3p0-0.9.1.2.jar
7f6f888a9000-7f6f888ab000 r--s 0000d000 08:05 7345562                    /home/olga/Development/Play/framework/lib/commons-fileupload-1.2.2.jar
7f6f888ab000-7f6f888b0000 r--s 0002e000 08:05 7345553                    /home/olga/Development/Play/framework/lib/asm-all-3.3.1.jar
7f6f888b0000-7f6f888b2000 r--s 0000d000 08:05 7345566                    /home/olga/Development/Play/framework/lib/commons-logging-1.1.1.jar
7f6f888b2000-7f6f888bb000 r--s 0006d000 08:05 7345597                    /home/olga/Development/Play/framework/lib/log4j-1.2.16.jar
7f6f888bb000-7f6f888da000 rw-p 00000000 00:00 0 
7f6f888da000-7f6f8897b000 rw-p 00000000 00:00 0 
7f6f8897b000-7f6f8897e000 ---p 00000000 00:00 0 
7f6f8897e000-7f6f88a81000 rw-p 00000000 00:00 0                          [stack:7713]
7f6f88a81000-7f6f88a86000 r--s 00048000 08:05 7345567                    /home/olga/Development/Play/framework/lib/dom4j-1.6.1.jar
7f6f88a86000-7f6f88a87000 r--s 00001000 08:05 7473781                    /home/olga/Development/Play/modules/testrunner/lib/play-testrunner.jar
7f6f88a87000-7f6f88a89000 r--s 00003000 08:05 7346889                    /home/olga/Development/Play/modules/paginate-head/lib/play-paginate.jar
7f6f88a89000-7f6f88a8a000 rw-p 00000000 00:00 0 
7f6f88a8a000-7f6f88a92000 rw-s 00000000 08:05 2883627                    /tmp/hsperfdata_olga/7712
7f6f88a92000-7f6f88a93000 rw-p 00000000 00:00 0 
7f6f88a93000-7f6f88a94000 r--p 00000000 00:00 0 
7f6f88a94000-7f6f88a96000 rw-p 00000000 00:00 0 
7f6f88a96000-7f6f88a97000 r--p 00022000 08:05 10485893                   /lib/x86_64-linux-gnu/ld-2.15.so
7f6f88a97000-7f6f88a99000 rw-p 00023000 08:05 10485893                   /lib/x86_64-linux-gnu/ld-2.15.so
7fff06a27000-7fff06a49000 rw-p 00000000 00:00 0                          [stack]
7fff06bff000-7fff06c00000 r-xp 00000000 00:00 0                          [vdso]
ffffffffff600000-ffffffffff601000 r-xp 00000000 00:00 0                  [vsyscall]

VM Arguments:
jvm_args: -javaagent:/home/olga/Development/Play/framework/play-1.2.4.jar -XX:-UseSplitVerifier -Dfile.encoding=utf-8 -Xdebug -Xrunjdwp:transport=dt_socket,address=8000,server=y,suspend=n -Dplay.debug=yes -Dapplication.path=/home/olga/Development/Play/BookHunter -Dplay.id=test 
java_command: play.server.Server 
Launcher Type: SUN_STANDARD

Environment Variables:
PATH=/home/olga/Development/Play:/usr/lib/lightdm/lightdm:/usr/local/sbin:/usr/local/bin:/usr/sbin:/usr/bin:/sbin:/bin:/usr/games
LD_LIBRARY_PATH=/usr/lib/jvm/java-6-openjdk-amd64/jre/lib/amd64/server:/usr/lib/jvm/java-6-openjdk-amd64/jre/lib/amd64:/usr/lib/jvm/java-6-openjdk-amd64/jre/../lib/amd64
SHELL=/bin/bash
DISPLAY=:0.0

Signal Handlers:
SIGSEGV: [libjvm.so+0x7856d0], sa_mask[0]=0x7ffbfeff, sa_flags=0x10000004
SIGBUS: [libjvm.so+0x7856d0], sa_mask[0]=0x7ffbfeff, sa_flags=0x10000004
SIGFPE: [libjvm.so+0x649250], sa_mask[0]=0x7ffbfeff, sa_flags=0x10000004
SIGPIPE: [libjvm.so+0x649250], sa_mask[0]=0x7ffbfeff, sa_flags=0x10000004
SIGXFSZ: [libjvm.so+0x649250], sa_mask[0]=0x7ffbfeff, sa_flags=0x10000004
SIGILL: [libjvm.so+0x649250], sa_mask[0]=0x7ffbfeff, sa_flags=0x10000004
SIGUSR1: SIG_DFL, sa_mask[0]=0x00000000, sa_flags=0x00000000
SIGUSR2: [libjvm.so+0x649430], sa_mask[0]=0x00000000, sa_flags=0x10000004
SIGHUP: [libjvm.so+0x64bdf0], sa_mask[0]=0x7ffbfeff, sa_flags=0x10000004
SIGINT: [libjvm.so+0x64bdf0], sa_mask[0]=0x7ffbfeff, sa_flags=0x10000004
SIGTERM: [libjvm.so+0x64bdf0], sa_mask[0]=0x7ffbfeff, sa_flags=0x10000004
SIGQUIT: [libjvm.so+0x64bdf0], sa_mask[0]=0x7ffbfeff, sa_flags=0x10000004


---------------  S Y S T E M  ---------------

OS:Ubuntu 12.04 (precise)
uname:Linux 3.5.0-32-generic #53~precise1-Ubuntu SMP Wed May 29 20:33:37 UTC 2013 x86_64
libc:glibc 2.15 NPTL 2.15 
rlimit: STACK 8192k, CORE 0k, NPROC 30593, NOFILE 4096, AS infinity
load average:0.04 0.08 0.12

/proc/meminfo:
MemTotal:        3934588 kB
MemFree:          213256 kB
Buffers:          103404 kB
Cached:          1265888 kB
SwapCached:         7136 kB
Active:          2300676 kB
Inactive:        1147488 kB
Active(anon):    1854424 kB
Inactive(anon):   699660 kB
Active(file):     446252 kB
Inactive(file):   447828 kB
Unevictable:          32 kB
Mlocked:              32 kB
SwapTotal:       4077564 kB
SwapFree:        4015612 kB
Dirty:               416 kB
Writeback:             0 kB
AnonPages:       2071908 kB
Mapped:           252128 kB
Shmem:            475212 kB
Slab:             159036 kB
SReclaimable:     125328 kB
SUnreclaim:        33708 kB
KernelStack:        5144 kB
PageTables:        48984 kB
NFS_Unstable:          0 kB
Bounce:                0 kB
WritebackTmp:          0 kB
CommitLimit:     6044856 kB
Committed_AS:    6980500 kB
VmallocTotal:   34359738367 kB
VmallocUsed:      560580 kB
VmallocChunk:   34359089376 kB
HardwareCorrupted:     0 kB
AnonHugePages:         0 kB
HugePages_Total:       0
HugePages_Free:        0
HugePages_Rsvd:        0
HugePages_Surp:        0
Hugepagesize:       2048 kB
DirectMap4k:       55296 kB
DirectMap2M:     4030464 kB


CPU:total 4 (4 cores per cpu, 1 threads per core) family 6 model 42 stepping 7, cmov, cx8, fxsr, mmx, sse, sse2, sse3, ssse3, sse4.1, sse4.2, popcnt

Memory: 4k page, physical 3934588k(213256k free), swap 4077564k(4015612k free)

vm_info: OpenJDK 64-Bit Server VM (20.0-b12) for linux-amd64 JRE (1.6.0_27-b27), built on Apr 25 2013 14:56:54 by "buildd" with gcc 4.6.3

time: Tue Jun  4 16:08:59 2013
elapsed time: 8689 seconds

