#
# A fatal error has been detected by the Java Runtime Environment:
#
#  SIGSEGV (0xb) at pc=0x00007fe3bd1506be, pid=14990, tid=140615919163136
#
# JRE version: 6.0_27-b27
# Java VM: OpenJDK 64-Bit Server VM (20.0-b12 mixed mode linux-amd64 compressed oops)
# Derivative: IcedTea6 1.12.5
# Distribution: Ubuntu 12.04 LTS, package 6b27-1.12.5-0ubuntu0.12.04.1
# Problematic frame:
# V  [libjvm.so+0x5bd6be]  PhaseIdealLoop::build_loop_late_post(Node*)+0x14e
#
# If you would like to submit a bug report, please include
# instructions how to reproduce the bug and visit:
#   https://bugs.launchpad.net/ubuntu/+source/openjdk-6/
#

---------------  T H R E A D  ---------------

Current thread (0x00007fe3b80d9000):  JavaThread "C2 CompilerThread0" daemon [_thread_in_native, id=15002, stack(0x00007fe3b1d95000,0x00007fe3b1e96000)]

siginfo:si_signo=SIGSEGV: si_errno=0, si_code=1 (SEGV_MAPERR), si_addr=0x0000000000000008

Registers:
RAX=0x0000000000000000, RBX=0x00007fe3b1e92950, RCX=0x00007fe3783c78e0, RDX=0x0000000000002000
RSP=0x00007fe3b1e91190, RBP=0x00007fe3b1e911d0, RSI=0x00007fe374667080, RDI=0x0000000000000000
R8 =0x00007fe374a11e40, R9 =0x00007fe3b1e92950, R10=0x00007fe374667080, R11=0x0000000000000000
R12=0x00007fe378085fe0, R13=0x00007fe3780b2838, R14=0x00007fe3b1e92970, R15=0x00007fe3780c1c08
RIP=0x00007fe3bd1506be, EFLAGS=0x0000000000010206, CSGSFS=0x0000000000000033, ERR=0x0000000000000004
  TRAPNO=0x000000000000000e

Top of Stack: (sp=0x00007fe3b1e91190)
0x00007fe3b1e91190:   00007fe378371658 00007fe3b1e91470
0x00007fe3b1e911a0:   00007fe3b1e911d0 00007fe3b1e92950
0x00007fe3b1e911b0:   0000000000000002 00007fe378085fe0
0x00007fe3b1e911c0:   00007fe374274a08 00007fe3b1e91470
0x00007fe3b1e911d0:   00007fe3b1e91240 00007fe3bd150c2b
0x00007fe3b1e911e0:   00007fe374648b80 00007fe300000100
0x00007fe3b1e911f0:   00007fe300000001 00007fe3b1e932f0
0x00007fe3b1e91200:   00007fe3b1e91490 00007fe3b1e91430
0x00007fe3b1e91210:   0000000000001804 00007fe3b1e92950
0x00007fe3b1e91220:   0000000000000007 0000000000000001
0x00007fe3b1e91230:   0000000000000001 00007fe374648b80
0x00007fe3b1e91240:   00007fe3b1e914e0 00007fe3bd1517f2
0x00007fe3b1e91250:   00007fe3b1e91290 00007fe374648b10
0x00007fe3b1e91260:   00007fe3b1e91290 00007fe3b1e92970
0x00007fe3b1e91270:   00007fe378a45f48 00007fe3b1e91530
0x00007fe3b1e91280:   00007fe378a462b8 00007fe378a46208
0x00007fe3b1e91290:   00007fe3b1e91360 00007fe3bd0025c1
0x00007fe3b1e912a0:   00007fe3b80d9000 00007fe378226c70
0x00007fe3b1e912b0:   00007fe3bd726820 0000000000000004
0x00007fe3b1e912c0:   00007fe3b1e91ef8 00007fe3b1e91f18
0x00007fe3b1e912d0:   00007fe3b1e91300 00007fe3bd1c4484
0x00007fe3b1e912e0:   00007fe37426f810 00007fe3b1e913d0
0x00007fe3b1e912f0:   00007fe3b1e91300 00007fe3bce9fba2
0x00007fe3b1e91300:   00007fe3b1e91360 00007fe3bd004b75
0x00007fe3b1e91310:   00007fe3785e5750 00007fe3780ce210
0x00007fe3b1e91320:   0000000000000010 0000000000000080
0x00007fe3b1e91330:   0000000000000002 0000000000010040
0x00007fe3b1e91340:   0000000000000000 0000043000001002
0x00007fe3b1e91350:   0000007e000000db 0000007c00000079
0x00007fe3b1e91360:   00007fe3b1e91450 00007fe374000020
0x00007fe3b1e91370:   00007fe3b1e91400 0000000000010010
0x00007fe3b1e91380:   00007fe374037870 0000000000010000 

Instructions: (pc=0x00007fe3bd1506be)
0x00007fe3bd15069e:   4c 39 e8 0f 84 ad 03 00 00 8b 70 28 49 89 c7 0f
0x00007fe3bd1506ae:   1f 00 4c 8b 93 e0 09 00 00 49 8d 34 f2 48 8b 06
0x00007fe3bd1506be:   48 8b 50 08 48 83 3a 00 75 27 8b 4b 28 0f 1f 44
0x00007fe3bd1506ce:   00 00 8b 50 28 31 c0 39 ca 73 0c 48 8b 43 30 48 

Register to memory mapping:

RAX=0x0000000000000000 is an unknown value
RBX=0x00007fe3b1e92950 is pointing into the stack for thread: 0x00007fe3b80d9000
RCX=0x00007fe3783c78e0 is an unknown value
RDX=0x0000000000002000 is an unknown value
RSP=0x00007fe3b1e91190 is pointing into the stack for thread: 0x00007fe3b80d9000
RBP=0x00007fe3b1e911d0 is pointing into the stack for thread: 0x00007fe3b80d9000
RSI=0x00007fe374667080 is an unknown value
RDI=0x0000000000000000 is an unknown value
R8 =0x00007fe374a11e40 is an unknown value
R9 =0x00007fe3b1e92950 is pointing into the stack for thread: 0x00007fe3b80d9000
R10=0x00007fe374667080 is an unknown value
R11=0x0000000000000000 is an unknown value
R12=0x00007fe378085fe0 is an unknown value
R13=0x00007fe3780b2838 is an unknown value
R14=0x00007fe3b1e92970 is pointing into the stack for thread: 0x00007fe3b80d9000
R15=0x00007fe3780c1c08 is an unknown value


Stack: [0x00007fe3b1d95000,0x00007fe3b1e96000],  sp=0x00007fe3b1e91190,  free space=1008k
Native frames: (J=compiled Java code, j=interpreted, Vv=VM code, C=native code)
V  [libjvm.so+0x5bd6be]  PhaseIdealLoop::build_loop_late_post(Node*)+0x14e
V  [libjvm.so+0x5bdc2b]  PhaseIdealLoop::build_loop_late(VectorSet&, Node_List&, Node_Stack&)+0x10b
V  [libjvm.so+0x5be7f2]  PhaseIdealLoop::build_and_optimize(bool, bool)+0x692
V  [libjvm.so+0x37c4fa]  Compile::Optimize()+0xd2a
V  [libjvm.so+0x37d263]  Compile::Compile(ciEnv*, C2Compiler*, ciMethod*, int, bool, bool)+0xad3
V  [libjvm.so+0x306a70]  C2Compiler::compile_method(ciEnv*, ciMethod*, int)+0xe0
V  [libjvm.so+0x381953]  CompileBroker::invoke_compiler_on_method(CompileTask*)+0x2a3
V  [libjvm.so+0x38229b]  CompileBroker::compiler_thread_loop()+0x45b
V  [libjvm.so+0x74d488]  JavaThread::thread_main_inner()+0x58
V  [libjvm.so+0x64c792]  java_start(Thread*)+0x112


Current CompileTask:
C2:11005770 1325      jregex.Pretokenizer.next()V (1064 bytes)


---------------  P R O C E S S  ---------------

Java Threads: ( => current thread )
  0x00007fe34c381000 JavaThread "net.sf.ehcache.CacheManager@638641b0" daemon [_thread_blocked, id=16282, stack(0x00007fe3b0ce3000,0x00007fe3b0de4000)]
  0x00007fe36405e800 JavaThread "New I/O server worker #1-5" [_thread_in_native, id=16276, stack(0x00007fe3b08da000,0x00007fe3b09db000)]
  0x00007fe364061800 JavaThread "New I/O server worker #1-4" [_thread_in_native, id=16275, stack(0x00007fe3b09db000,0x00007fe3b0adc000)]
  0x00007fe364062800 JavaThread "New I/O server worker #1-3" [_thread_in_native, id=16274, stack(0x00007fe3b12e9000,0x00007fe3b13ea000)]
  0x00007fe364029800 JavaThread "New I/O server worker #1-6" [_thread_in_native, id=16273, stack(0x00007fe3b0ee5000,0x00007fe3b0fe6000)]
  0x00007fe364084800 JavaThread "pool-2-thread-33" [_thread_blocked, id=16272, stack(0x00007fe3b11e8000,0x00007fe3b12e9000)]
  0x00007fe34c2c9800 JavaThread "pool-5-thread-1" [_thread_blocked, id=15061, stack(0x00007fe3b0fe6000,0x00007fe3b10e7000)]
  0x00007fe34c1f0800 JavaThread "com.mchange.v2.async.ThreadPoolAsynchronousRunner$PoolThread-#2" daemon [_thread_blocked, id=15017, stack(0x00007fe3b03de000,0x00007fe3b04df000)]
  0x00007fe34c2c8000 JavaThread "com.mchange.v2.async.ThreadPoolAsynchronousRunner$PoolThread-#1" daemon [_thread_blocked, id=15016, stack(0x00007fe3b04df000,0x00007fe3b05e0000)]
  0x00007fe34c1fb800 JavaThread "com.mchange.v2.async.ThreadPoolAsynchronousRunner$PoolThread-#0" daemon [_thread_blocked, id=15015, stack(0x00007fe3b05e0000,0x00007fe3b06e1000)]
  0x00007fe34c0c3800 JavaThread "Timer-0" daemon [_thread_blocked, id=15014, stack(0x00007fe3b06e1000,0x00007fe3b07e2000)]
  0x00007fe36800f800 JavaThread "play-thread-1" [_thread_in_vm, id=15012, stack(0x00007fe3b0de4000,0x00007fe3b0ee5000)]
  0x00007fe3b800c800 JavaThread "DestroyJavaVM" [_thread_blocked, id=14991, stack(0x00007fe3be45f000,0x00007fe3be560000)]
  0x00007fe3b8180800 JavaThread "New I/O server boss #1 ([id: 0x39320a41, /0:0:0:0:0:0:0:0:9000])" [_thread_in_native, id=15006, stack(0x00007fe3b13ea000,0x00007fe3b14eb000)]
  0x00007fe3b80de800 JavaThread "Low Memory Detector" daemon [_thread_blocked, id=15004, stack(0x00007fe3b1b93000,0x00007fe3b1c94000)]
  0x00007fe3b80dc000 JavaThread "C2 CompilerThread1" daemon [_thread_blocked, id=15003, stack(0x00007fe3b1c94000,0x00007fe3b1d95000)]
=>0x00007fe3b80d9000 JavaThread "C2 CompilerThread0" daemon [_thread_in_native, id=15002, stack(0x00007fe3b1d95000,0x00007fe3b1e96000)]
  0x00007fe3b80d7000 JavaThread "JDWP Event Helper Thread" daemon [_thread_blocked, id=15001, stack(0x00007fe3b1e96000,0x00007fe3b1f97000)]
  0x00007fe3b80d3000 JavaThread "JDWP Transport Listener: dt_socket" daemon [_thread_in_native, id=15000, stack(0x00007fe3b1f97000,0x00007fe3b2098000)]
  0x00007fe3b808e800 JavaThread "Signal Dispatcher" daemon [_thread_blocked, id=14999, stack(0x00007fe3b22bb000,0x00007fe3b23bc000)]
  0x00007fe3b807d000 JavaThread "Finalizer" daemon [_thread_blocked, id=14998, stack(0x00007fe3b23bc000,0x00007fe3b24bd000)]
  0x00007fe3b807b000 JavaThread "Reference Handler" daemon [_thread_blocked, id=14997, stack(0x00007fe3b24bd000,0x00007fe3b25be000)]

Other Threads:
  0x00007fe3b8076800 VMThread [stack: 0x00007fe3b25be000,0x00007fe3b26bf000] [id=14996]
  0x00007fe3b80e9000 WatcherThread [stack: 0x00007fe3b1a92000,0x00007fe3b1b93000] [id=15005]

VM state:not at safepoint (normal execution)

VM Mutex/Monitor currently owned by a thread: None

Heap
 PSYoungGen      total 15808K, used 2180K [0x00000000ebf60000, 0x00000000ed0f0000, 0x0000000100000000)
  eden space 14784K, 8% used [0x00000000ebf60000,0x00000000ec089220,0x00000000ecdd0000)
  from space 1024K, 96% used [0x00000000ece20000,0x00000000ecf18000,0x00000000ecf20000)
  to   space 1600K, 0% used [0x00000000ecf60000,0x00000000ecf60000,0x00000000ed0f0000)
 PSOldGen        total 41024K, used 25095K [0x00000000c3e00000, 0x00000000c6610000, 0x00000000ebf60000)
  object space 41024K, 61% used [0x00000000c3e00000,0x00000000c5681ed8,0x00000000c6610000)
 PSPermGen       total 49856K, used 49817K [0x00000000b9800000, 0x00000000bc8b0000, 0x00000000c3e00000)
  object space 49856K, 99% used [0x00000000b9800000,0x00000000bc8a6700,0x00000000bc8b0000)

Code Cache  [0x00007fe3b3450000, 0x00007fe3b3ad0000, 0x00007fe3b6450000)
 total_blobs=1957 nmethods=1295 adapters=623 free_code_cache=43631104 largest_free_block=23168

Dynamic libraries:
00400000-00409000 r-xp 00000000 08:05 10620266                           /usr/lib/jvm/java-6-openjdk-amd64/jre/bin/java
00608000-00609000 r--p 00008000 08:05 10620266                           /usr/lib/jvm/java-6-openjdk-amd64/jre/bin/java
00609000-0060a000 rw-p 00009000 08:05 10620266                           /usr/lib/jvm/java-6-openjdk-amd64/jre/bin/java
00f57000-00f78000 rw-p 00000000 00:00 0                                  [heap]
b9800000-bc8b0000 rw-p 00000000 00:00 0 
bc8b0000-c3e00000 rw-p 00000000 00:00 0 
c3e00000-c6610000 rw-p 00000000 00:00 0 
c6610000-ebf60000 rw-p 00000000 00:00 0 
ebf60000-ed0f0000 rw-p 00000000 00:00 0 
ed0f0000-ee3e0000 ---p 00000000 00:00 0 
ee3e0000-100000000 rw-p 00000000 00:00 0 
7fe334000000-7fe334021000 rw-p 00000000 00:00 0 
7fe334021000-7fe338000000 ---p 00000000 00:00 0 
7fe338000000-7fe338021000 rw-p 00000000 00:00 0 
7fe338021000-7fe33c000000 ---p 00000000 00:00 0 
7fe33c000000-7fe33c021000 rw-p 00000000 00:00 0 
7fe33c021000-7fe340000000 ---p 00000000 00:00 0 
7fe340000000-7fe340021000 rw-p 00000000 00:00 0 
7fe340021000-7fe344000000 ---p 00000000 00:00 0 
7fe344000000-7fe344021000 rw-p 00000000 00:00 0 
7fe344021000-7fe348000000 ---p 00000000 00:00 0 
7fe348000000-7fe3480ef000 rw-p 00000000 00:00 0 
7fe3480ef000-7fe34c000000 ---p 00000000 00:00 0 
7fe34c000000-7fe34d2f3000 rw-p 00000000 00:00 0 
7fe34d2f3000-7fe350000000 ---p 00000000 00:00 0 
7fe350000000-7fe350037000 rw-p 00000000 00:00 0 
7fe350037000-7fe354000000 ---p 00000000 00:00 0 
7fe354000000-7fe35444a000 rw-p 00000000 00:00 0 
7fe35444a000-7fe358000000 ---p 00000000 00:00 0 
7fe358000000-7fe358046000 rw-p 00000000 00:00 0 
7fe358046000-7fe35c000000 ---p 00000000 00:00 0 
7fe35c000000-7fe35c021000 rw-p 00000000 00:00 0 
7fe35c021000-7fe360000000 ---p 00000000 00:00 0 
7fe360000000-7fe360037000 rw-p 00000000 00:00 0 
7fe360037000-7fe364000000 ---p 00000000 00:00 0 
7fe364000000-7fe3640d9000 rw-p 00000000 00:00 0 
7fe3640d9000-7fe368000000 ---p 00000000 00:00 0 
7fe368000000-7fe36806d000 rw-p 00000000 00:00 0 
7fe36806d000-7fe36c000000 ---p 00000000 00:00 0 
7fe36c000000-7fe36c021000 rw-p 00000000 00:00 0 
7fe36c021000-7fe370000000 ---p 00000000 00:00 0 
7fe370000000-7fe370021000 rw-p 00000000 00:00 0 
7fe370021000-7fe374000000 ---p 00000000 00:00 0 
7fe374000000-7fe376459000 rw-p 00000000 00:00 0 
7fe376459000-7fe378000000 ---p 00000000 00:00 0 
7fe378000000-7fe37a821000 rw-p 00000000 00:00 0 
7fe37a821000-7fe37c000000 ---p 00000000 00:00 0 
7fe37c000000-7fe37c021000 rw-p 00000000 00:00 0 
7fe37c021000-7fe380000000 ---p 00000000 00:00 0 
7fe380000000-7fe380021000 rw-p 00000000 00:00 0 
7fe380021000-7fe384000000 ---p 00000000 00:00 0 
7fe384000000-7fe384021000 rw-p 00000000 00:00 0 
7fe384021000-7fe388000000 ---p 00000000 00:00 0 
7fe388000000-7fe388021000 rw-p 00000000 00:00 0 
7fe388021000-7fe38c000000 ---p 00000000 00:00 0 
7fe38c000000-7fe38c039000 rw-p 00000000 00:00 0 
7fe38c039000-7fe390000000 ---p 00000000 00:00 0 
7fe390000000-7fe390021000 rw-p 00000000 00:00 0 
7fe390021000-7fe394000000 ---p 00000000 00:00 0 
7fe394000000-7fe394021000 rw-p 00000000 00:00 0 
7fe394021000-7fe398000000 ---p 00000000 00:00 0 
7fe39c000000-7fe39c021000 rw-p 00000000 00:00 0 
7fe39c021000-7fe3a0000000 ---p 00000000 00:00 0 
7fe3a4000000-7fe3a4021000 rw-p 00000000 00:00 0 
7fe3a4021000-7fe3a8000000 ---p 00000000 00:00 0 
7fe3ac000000-7fe3ac021000 rw-p 00000000 00:00 0 
7fe3ac021000-7fe3b0000000 ---p 00000000 00:00 0 
7fe3b03de000-7fe3b03e1000 ---p 00000000 00:00 0 
7fe3b03e1000-7fe3b04df000 rw-p 00000000 00:00 0                          [stack:15017]
7fe3b04df000-7fe3b04e2000 ---p 00000000 00:00 0 
7fe3b04e2000-7fe3b05e0000 rw-p 00000000 00:00 0                          [stack:15016]
7fe3b05e0000-7fe3b05e3000 ---p 00000000 00:00 0 
7fe3b05e3000-7fe3b06e1000 rw-p 00000000 00:00 0                          [stack:15015]
7fe3b06e1000-7fe3b06e4000 ---p 00000000 00:00 0 
7fe3b06e4000-7fe3b07e2000 rw-p 00000000 00:00 0                          [stack:15014]
7fe3b08da000-7fe3b08dd000 ---p 00000000 00:00 0 
7fe3b08dd000-7fe3b09db000 rw-p 00000000 00:00 0                          [stack:16276]
7fe3b09db000-7fe3b09de000 ---p 00000000 00:00 0 
7fe3b09de000-7fe3b0adc000 rw-p 00000000 00:00 0                          [stack:16275]
7fe3b0adc000-7fe3b0ae2000 r-xp 00000000 08:05 10491493                   /usr/lib/jvm/java-6-openjdk-amd64/jre/lib/amd64/libmanagement.so
7fe3b0ae2000-7fe3b0ce1000 ---p 00006000 08:05 10491493                   /usr/lib/jvm/java-6-openjdk-amd64/jre/lib/amd64/libmanagement.so
7fe3b0ce1000-7fe3b0ce2000 r--p 00005000 08:05 10491493                   /usr/lib/jvm/java-6-openjdk-amd64/jre/lib/amd64/libmanagement.so
7fe3b0ce2000-7fe3b0ce3000 rw-p 00006000 08:05 10491493                   /usr/lib/jvm/java-6-openjdk-amd64/jre/lib/amd64/libmanagement.so
7fe3b0ce3000-7fe3b0ce6000 ---p 00000000 00:00 0 
7fe3b0ce6000-7fe3b0de4000 rw-p 00000000 00:00 0                          [stack:16282]
7fe3b0de4000-7fe3b0de7000 ---p 00000000 00:00 0 
7fe3b0de7000-7fe3b0ee5000 rw-p 00000000 00:00 0                          [stack:15012]
7fe3b0ee5000-7fe3b0ee8000 ---p 00000000 00:00 0 
7fe3b0ee8000-7fe3b0fe6000 rw-p 00000000 00:00 0                          [stack:16273]
7fe3b0fe6000-7fe3b0fe9000 ---p 00000000 00:00 0 
7fe3b0fe9000-7fe3b10e7000 rw-p 00000000 00:00 0                          [stack:15061]
7fe3b10e7000-7fe3b10ea000 ---p 00000000 00:00 0 
7fe3b10ea000-7fe3b11e8000 rw-p 00000000 00:00 0 
7fe3b11e8000-7fe3b11eb000 ---p 00000000 00:00 0 
7fe3b11eb000-7fe3b12e9000 rw-p 00000000 00:00 0                          [stack:16272]
7fe3b12e9000-7fe3b12ec000 ---p 00000000 00:00 0 
7fe3b12ec000-7fe3b13ea000 rw-p 00000000 00:00 0                          [stack:16274]
7fe3b13ea000-7fe3b13ed000 ---p 00000000 00:00 0 
7fe3b13ed000-7fe3b14eb000 rw-p 00000000 00:00 0                          [stack:15006]
7fe3b14eb000-7fe3b14f3000 r-xp 00000000 08:05 10491485                   /usr/lib/jvm/java-6-openjdk-amd64/jre/lib/amd64/libnio.so
7fe3b14f3000-7fe3b16f2000 ---p 00008000 08:05 10491485                   /usr/lib/jvm/java-6-openjdk-amd64/jre/lib/amd64/libnio.so
7fe3b16f2000-7fe3b16f3000 r--p 00007000 08:05 10491485                   /usr/lib/jvm/java-6-openjdk-amd64/jre/lib/amd64/libnio.so
7fe3b16f3000-7fe3b16f4000 rw-p 00008000 08:05 10491485                   /usr/lib/jvm/java-6-openjdk-amd64/jre/lib/amd64/libnio.so
7fe3b16f4000-7fe3b1709000 r-xp 00000000 08:05 10491489                   /usr/lib/jvm/java-6-openjdk-amd64/jre/lib/amd64/libnet.so
7fe3b1709000-7fe3b1908000 ---p 00015000 08:05 10491489                   /usr/lib/jvm/java-6-openjdk-amd64/jre/lib/amd64/libnet.so
7fe3b1908000-7fe3b1909000 r--p 00014000 08:05 10491489                   /usr/lib/jvm/java-6-openjdk-amd64/jre/lib/amd64/libnet.so
7fe3b1909000-7fe3b190a000 rw-p 00015000 08:05 10491489                   /usr/lib/jvm/java-6-openjdk-amd64/jre/lib/amd64/libnet.so
7fe3b190a000-7fe3b190c000 r--s 00015000 08:05 7345592                    /home/olga/Development/Play/framework/lib/jregex-1.2_01.jar
7fe3b190c000-7fe3b1912000 r--s 00032000 08:05 7345586                    /home/olga/Development/Play/framework/lib/jaxen-1.1.jar
7fe3b1912000-7fe3b1917000 r--s 00020000 08:05 7345587                    /home/olga/Development/Play/framework/lib/jj-imaging.jar
7fe3b1917000-7fe3b1919000 r--s 0000b000 08:05 7345589                    /home/olga/Development/Play/framework/lib/jj-textile.jar
7fe3b191b000-7fe3b191d000 r--s 00013000 08:05 10224636                   /usr/lib/jvm/java-6-openjdk-common/jre/lib/jce.jar
7fe3b191d000-7fe3b192d000 r--s 000b2000 08:05 7345601                    /home/olga/Development/Play/framework/lib/netty-3.2.5.Final.jar
7fe3b192d000-7fe3b1933000 r--s 00040000 08:05 7345599                    /home/olga/Development/Play/framework/lib/memcached-2.6.jar
7fe3b1933000-7fe3b193e000 r--s 00124000 08:05 7345573                    /home/olga/Development/Play/framework/lib/h2-1.3.149.jar
7fe3b193e000-7fe3b1944000 r--s 00049000 08:05 7345557                    /home/olga/Development/Play/framework/lib/cglib-nodep-2.2.jar
7fe3b1944000-7fe3b1947000 r--s 00022000 08:05 7345583                    /home/olga/Development/Play/framework/lib/jamon-2.7.jar
7fe3b1947000-7fe3b1949000 r--s 00015000 08:05 7345588                    /home/olga/Development/Play/framework/lib/jj-simplecaptcha.jar
7fe3b1949000-7fe3b194f000 r--s 00038000 08:05 7345608                    /home/olga/Development/Play/framework/lib/snakeyaml-1.7.jar
7fe3b194f000-7fe3b1952000 r--s 0000f000 08:05 7345570                    /home/olga/Development/Play/framework/lib/geronimo-servlet_2.5_spec-1.2.jar
7fe3b1952000-7fe3b1954000 r--s 00001000 08:05 7345593                    /home/olga/Development/Play/framework/lib/jsr107cache-1.0.jar
7fe3b1954000-7fe3b1962000 r--s 0007f000 08:05 7345560                    /home/olga/Development/Play/framework/lib/commons-collections-3.2.1.jar
7fe3b1962000-7fe3b198c000 r--s 00427000 08:05 7345602                    /home/olga/Development/Play/framework/lib/org.eclipse.jdt.core-3.8.0.v_C03.jar
7fe3b198c000-7fe3b198e000 r--s 0000e000 08:05 7345564                    /home/olga/Development/Play/framework/lib/commons-javaflow-1066591.jar
7fe3b198e000-7fe3b1990000 r--s 0000d000 08:05 7345559                    /home/olga/Development/Play/framework/lib/commons-codec-1.4.jar
7fe3b1990000-7fe3b1991000 r--s 00007000 08:05 7345561                    /home/olga/Development/Play/framework/lib/commons-email-1.2.jar
7fe3b1991000-7fe3b1992000 r--s 00002000 08:05 7345607                    /home/olga/Development/Play/framework/lib/slf4j-log4j12-1.6.1.jar
7fe3b1992000-7fe3b1999000 r--s 00038000 08:05 7345590                    /home/olga/Development/Play/framework/lib/jj-wikitext.jar
7fe3b1999000-7fe3b19a0000 r--s 0004d000 08:05 7345554                    /home/olga/Development/Play/framework/lib/async-http-client-1.6.5.jar
7fe3b19a0000-7fe3b19a3000 r--s 0000f000 08:05 7345575                    /home/olga/Development/Play/framework/lib/hibernate-commons-annotations-3.2.0.Final.jar
7fe3b19a3000-7fe3b19a5000 r--s 00002000 08:05 7345594                    /home/olga/Development/Play/framework/lib/jta-1.1.jar
7fe3b19a5000-7fe3b19a8000 r--s 00024000 08:05 7345563                    /home/olga/Development/Play/framework/lib/commons-io-2.0.1.jar
7fe3b19a8000-7fe3b19aa000 r--s 0000c000 08:05 7345551                    /home/olga/Development/Play/framework/lib/activation-1.1.1.jar
7fe3b19aa000-7fe3b19b2000 r--s 0008a000 08:05 7345584                    /home/olga/Development/Play/framework/lib/javassist-3.9.0.GA.jar
7fe3b19b2000-7fe3b19b8000 r--s 0007e000 08:05 7345604                    /home/olga/Development/Play/framework/lib/postgresql-9.0.jar
7fe3b19b8000-7fe3b19bd000 r--s 00014000 08:05 7345581                    /home/olga/Development/Play/framework/lib/hibernate-jpa-2.0-api-1.0.0.Final.jar
7fe3b19bd000-7fe3b19c6000 r--s 0005d000 08:05 7345579                    /home/olga/Development/Play/framework/lib/hibernate-entitymanager-3.6.0.Final.jar
7fe3b19c6000-7fe3b19ca000 r--s 00027000 08:05 7345572                    /home/olga/Development/Play/framework/lib/gson-1.7.1.jar
7fe3b19ca000-7fe3b19cc000 r--s 00005000 08:05 7345606                    /home/olga/Development/Play/framework/lib/slf4j-api-1.6.1.jar
7fe3b19cc000-7fe3b19d1000 r--s 00034000 08:05 7345558                    /home/olga/Development/Play/framework/lib/commons-beanutils-1.8.3.jar
7fe3b19d1000-7fe3b19db000 r--s 0006f000 08:05 7345568                    /home/olga/Development/Play/framework/lib/ehcache-core-2.0.0.jar
7fe3b19db000-7fe3b19e6000 r--s 0005a000 08:05 7345609                    /home/olga/Development/Play/framework/lib/xstream-1.3.jar
7fe3b19e6000-7fe3b19e7000 r--s 00000000 08:05 7345585                    /home/olga/Development/Play/framework/lib/javax.inject-1.0.jar
7fe3b19e7000-7fe3b19e9000 r--s 00008000 08:05 7345605                    /home/olga/Development/Play/framework/lib/signpost-core-1.2.jar
7fe3b19e9000-7fe3b19ee000 r--s 00041000 08:05 7345565                    /home/olga/Development/Play/framework/lib/commons-lang-2.6.jar
7fe3b19ee000-7fe3b19f4000 r--s 00034000 08:05 7345595                    /home/olga/Development/Play/framework/lib/junit-4.8.1.jar
7fe3b19f4000-7fe3b19fb000 r--s 000b7000 08:05 7345600                    /home/olga/Development/Play/framework/lib/mysql-connector-java-5.1.13.jar
7fe3b19fb000-7fe3b1a0a000 r--s 0007c000 08:05 7345591                    /home/olga/Development/Play/framework/lib/joda-time-2.0.jar
7fe3b1a0a000-7fe3b1a19000 r--s 000d9000 08:05 7345582                    /home/olga/Development/Play/framework/lib/ivy-2.2.0.jar
7fe3b1a19000-7fe3b1a6d000 r--s 00520000 08:05 7345571                    /home/olga/Development/Play/framework/lib/groovy-all-1.7.10.jar
7fe3b1a6d000-7fe3b1a92000 r--s 00172000 08:05 7345555                    /home/olga/Development/Play/framework/lib/bcprov-jdk15-1.45.jar
7fe3b1a92000-7fe3b1a93000 ---p 00000000 00:00 0 
7fe3b1a93000-7fe3b1b93000 rw-p 00000000 00:00 0                          [stack:15005]
7fe3b1b93000-7fe3b1b96000 ---p 00000000 00:00 0 
7fe3b1b96000-7fe3b1c94000 rw-p 00000000 00:00 0                          [stack:15004]
7fe3b1c94000-7fe3b1c97000 ---p 00000000 00:00 0 
7fe3b1c97000-7fe3b1d95000 rw-p 00000000 00:00 0                          [stack:15003]
7fe3b1d95000-7fe3b1d98000 ---p 00000000 00:00 0 
7fe3b1d98000-7fe3b1e96000 rw-p 00000000 00:00 0                          [stack:15002]
7fe3b1e96000-7fe3b1e99000 ---p 00000000 00:00 0 
7fe3b1e99000-7fe3b1f97000 rw-p 00000000 00:00 0                          [stack:15001]
7fe3b1f97000-7fe3b1f9a000 ---p 00000000 00:00 0 
7fe3b1f9a000-7fe3b2098000 rw-p 00000000 00:00 0                          [stack:15000]
7fe3b2098000-7fe3b209c000 r-xp 00000000 08:05 10491505                   /usr/lib/jvm/java-6-openjdk-amd64/jre/lib/amd64/libdt_socket.so
7fe3b209c000-7fe3b229b000 ---p 00004000 08:05 10491505                   /usr/lib/jvm/java-6-openjdk-amd64/jre/lib/amd64/libdt_socket.so
7fe3b229b000-7fe3b229c000 r--p 00003000 08:05 10491505                   /usr/lib/jvm/java-6-openjdk-amd64/jre/lib/amd64/libdt_socket.so
7fe3b229c000-7fe3b229d000 rw-p 00004000 08:05 10491505                   /usr/lib/jvm/java-6-openjdk-amd64/jre/lib/amd64/libdt_socket.so
7fe3b229d000-7fe3b22a0000 r--s 0007f000 08:05 10224635                   /usr/lib/jvm/java-6-openjdk-common/jre/lib/jsse.jar
7fe3b22a0000-7fe3b22ac000 r--s 000c2000 08:05 7345961                    /home/olga/Development/Play/framework/play-1.2.4.jar
7fe3b22ac000-7fe3b22ae000 r--s 00001000 08:05 10225204                   /usr/lib/jvm/java-6-openjdk-common/jre/lib/ext/dnsns.jar
7fe3b22ae000-7fe3b22b1000 r--s 00031000 08:05 10225202                   /usr/lib/jvm/java-6-openjdk-common/jre/lib/ext/sunjce_provider.jar
7fe3b22b1000-7fe3b22b4000 r--s 00077000 08:05 10225200                   /usr/lib/jvm/java-6-openjdk-common/jre/lib/ext/localedata.jar
7fe3b22b4000-7fe3b22b6000 r--s 0000f000 08:05 10225206                   /usr/lib/jvm/java-6-openjdk-common/jre/lib/ext/pulse-java.jar
7fe3b22b6000-7fe3b22ba000 r--s 00039000 08:05 10225198                   /usr/lib/jvm/java-6-openjdk-common/jre/lib/ext/sunpkcs11.jar
7fe3b22ba000-7fe3b22bb000 r--s 00007000 08:05 10758633                   /usr/share/java/java-atk-wrapper.jar
7fe3b22bb000-7fe3b22be000 ---p 00000000 00:00 0 
7fe3b22be000-7fe3b23bc000 rw-p 00000000 00:00 0                          [stack:14999]
7fe3b23bc000-7fe3b23bf000 ---p 00000000 00:00 0 
7fe3b23bf000-7fe3b24bd000 rw-p 00000000 00:00 0                          [stack:14998]
7fe3b24bd000-7fe3b24c0000 ---p 00000000 00:00 0 
7fe3b24c0000-7fe3b25be000 rw-p 00000000 00:00 0                          [stack:14997]
7fe3b25be000-7fe3b25bf000 ---p 00000000 00:00 0 
7fe3b25bf000-7fe3b2bc4000 rw-p 00000000 00:00 0                          [stack:14996]
7fe3b2bc4000-7fe3b2d57000 r--s 037db000 08:05 10363553                   /usr/lib/jvm/java-6-openjdk-amd64/jre/lib/rt.jar
7fe3b2d57000-7fe3b2d58000 ---p 00000000 00:00 0 
7fe3b2d58000-7fe3b2e58000 rw-p 00000000 00:00 0                          [stack:14995]
7fe3b2e58000-7fe3b2e59000 ---p 00000000 00:00 0 
7fe3b2e59000-7fe3b2f59000 rw-p 00000000 00:00 0                          [stack:14994]
7fe3b2f59000-7fe3b2f5a000 ---p 00000000 00:00 0 
7fe3b2f5a000-7fe3b305a000 rw-p 00000000 00:00 0                          [stack:14993]
7fe3b305a000-7fe3b305b000 ---p 00000000 00:00 0 
7fe3b305b000-7fe3b3174000 rw-p 00000000 00:00 0                          [stack:14992]
7fe3b3174000-7fe3b31ae000 rw-p 00000000 00:00 0 
7fe3b31ae000-7fe3b31c3000 rw-p 00000000 00:00 0 
7fe3b31c3000-7fe3b32ee000 rw-p 00000000 00:00 0 
7fe3b32ee000-7fe3b32f8000 rw-p 00000000 00:00 0 
7fe3b32f8000-7fe3b3301000 ---p 00000000 00:00 0 
7fe3b3301000-7fe3b338f000 rw-p 00000000 00:00 0 
7fe3b338f000-7fe3b33aa000 rw-p 00000000 00:00 0 
7fe3b33aa000-7fe3b3450000 rw-p 00000000 00:00 0 
7fe3b3450000-7fe3b3ad0000 rwxp 00000000 00:00 0 
7fe3b3ad0000-7fe3b6450000 rw-p 00000000 00:00 0 
7fe3b6450000-7fe3b6457000 r-xp 00000000 08:05 10491508                   /usr/lib/jvm/java-6-openjdk-amd64/jre/lib/amd64/libzip.so
7fe3b6457000-7fe3b6656000 ---p 00007000 08:05 10491508                   /usr/lib/jvm/java-6-openjdk-amd64/jre/lib/amd64/libzip.so
7fe3b6656000-7fe3b6657000 r--p 00006000 08:05 10491508                   /usr/lib/jvm/java-6-openjdk-amd64/jre/lib/amd64/libzip.so
7fe3b6657000-7fe3b6658000 rw-p 00007000 08:05 10491508                   /usr/lib/jvm/java-6-openjdk-amd64/jre/lib/amd64/libzip.so
7fe3b6658000-7fe3b6664000 r-xp 00000000 08:05 10485889                   /lib/x86_64-linux-gnu/libnss_files-2.15.so
7fe3b6664000-7fe3b6863000 ---p 0000c000 08:05 10485889                   /lib/x86_64-linux-gnu/libnss_files-2.15.so
7fe3b6863000-7fe3b6864000 r--p 0000b000 08:05 10485889                   /lib/x86_64-linux-gnu/libnss_files-2.15.so
7fe3b6864000-7fe3b6865000 rw-p 0000c000 08:05 10485889                   /lib/x86_64-linux-gnu/libnss_files-2.15.so
7fe3b6865000-7fe3b686f000 r-xp 00000000 08:05 10485885                   /lib/x86_64-linux-gnu/libnss_nis-2.15.so
7fe3b686f000-7fe3b6a6f000 ---p 0000a000 08:05 10485885                   /lib/x86_64-linux-gnu/libnss_nis-2.15.so
7fe3b6a6f000-7fe3b6a70000 r--p 0000a000 08:05 10485885                   /lib/x86_64-linux-gnu/libnss_nis-2.15.so
7fe3b6a70000-7fe3b6a71000 rw-p 0000b000 08:05 10485885                   /lib/x86_64-linux-gnu/libnss_nis-2.15.so
7fe3b6a71000-7fe3b6a88000 r-xp 00000000 08:05 10489715                   /lib/x86_64-linux-gnu/libnsl-2.15.so
7fe3b6a88000-7fe3b6c87000 ---p 00017000 08:05 10489715                   /lib/x86_64-linux-gnu/libnsl-2.15.so
7fe3b6c87000-7fe3b6c88000 r--p 00016000 08:05 10489715                   /lib/x86_64-linux-gnu/libnsl-2.15.so
7fe3b6c88000-7fe3b6c89000 rw-p 00017000 08:05 10489715                   /lib/x86_64-linux-gnu/libnsl-2.15.so
7fe3b6c89000-7fe3b6c8b000 rw-p 00000000 00:00 0 
7fe3b6c8b000-7fe3b6c93000 r-xp 00000000 08:05 10485890                   /lib/x86_64-linux-gnu/libnss_compat-2.15.so
7fe3b6c93000-7fe3b6e92000 ---p 00008000 08:05 10485890                   /lib/x86_64-linux-gnu/libnss_compat-2.15.so
7fe3b6e92000-7fe3b6e93000 r--p 00007000 08:05 10485890                   /lib/x86_64-linux-gnu/libnss_compat-2.15.so
7fe3b6e93000-7fe3b6e94000 rw-p 00008000 08:05 10485890                   /lib/x86_64-linux-gnu/libnss_compat-2.15.so
7fe3b6e94000-7fe3b7577000 r--p 00000000 08:05 10230127                   /usr/lib/locale/locale-archive
7fe3b7577000-7fe3b757a000 r-xp 00000000 08:05 10491478                   /usr/lib/jvm/java-6-openjdk-amd64/jre/lib/amd64/libnpt.so
7fe3b757a000-7fe3b7779000 ---p 00003000 08:05 10491478                   /usr/lib/jvm/java-6-openjdk-amd64/jre/lib/amd64/libnpt.so
7fe3b7779000-7fe3b777a000 r--p 00002000 08:05 10491478                   /usr/lib/jvm/java-6-openjdk-amd64/jre/lib/amd64/libnpt.so
7fe3b777a000-7fe3b777b000 rw-p 00003000 08:05 10491478                   /usr/lib/jvm/java-6-openjdk-amd64/jre/lib/amd64/libnpt.so
7fe3b777b000-7fe3b7784000 r-xp 00000000 08:05 10491477                   /usr/lib/jvm/java-6-openjdk-amd64/jre/lib/amd64/libinstrument.so
7fe3b7784000-7fe3b7984000 ---p 00009000 08:05 10491477                   /usr/lib/jvm/java-6-openjdk-amd64/jre/lib/amd64/libinstrument.so
7fe3b7984000-7fe3b7985000 r--p 00009000 08:05 10491477                   /usr/lib/jvm/java-6-openjdk-amd64/jre/lib/amd64/libinstrument.so
7fe3b7985000-7fe3b7986000 rw-p 0000a000 08:05 10491477                   /usr/lib/jvm/java-6-openjdk-amd64/jre/lib/amd64/libinstrument.so
7fe3b7986000-7fe3b79c0000 r-xp 00000000 08:05 10491486                   /usr/lib/jvm/java-6-openjdk-amd64/jre/lib/amd64/libjdwp.so
7fe3b79c0000-7fe3b7bbf000 ---p 0003a000 08:05 10491486                   /usr/lib/jvm/java-6-openjdk-amd64/jre/lib/amd64/libjdwp.so
7fe3b7bbf000-7fe3b7bc0000 r--p 00039000 08:05 10491486                   /usr/lib/jvm/java-6-openjdk-amd64/jre/lib/amd64/libjdwp.so
7fe3b7bc0000-7fe3b7bc1000 rw-p 0003a000 08:05 10491486                   /usr/lib/jvm/java-6-openjdk-amd64/jre/lib/amd64/libjdwp.so
7fe3b7bc1000-7fe3b7bed000 r-xp 00000000 08:05 10491496                   /usr/lib/jvm/java-6-openjdk-amd64/jre/lib/amd64/libjava.so
7fe3b7bed000-7fe3b7dec000 ---p 0002c000 08:05 10491496                   /usr/lib/jvm/java-6-openjdk-amd64/jre/lib/amd64/libjava.so
7fe3b7dec000-7fe3b7ded000 r--p 0002b000 08:05 10491496                   /usr/lib/jvm/java-6-openjdk-amd64/jre/lib/amd64/libjava.so
7fe3b7ded000-7fe3b7df0000 rw-p 0002c000 08:05 10491496                   /usr/lib/jvm/java-6-openjdk-amd64/jre/lib/amd64/libjava.so
7fe3b7df0000-7fe3b7dfe000 r-xp 00000000 08:05 10491495                   /usr/lib/jvm/java-6-openjdk-amd64/jre/lib/amd64/libverify.so
7fe3b7dfe000-7fe3b7ffd000 ---p 0000e000 08:05 10491495                   /usr/lib/jvm/java-6-openjdk-amd64/jre/lib/amd64/libverify.so
7fe3b7ffd000-7fe3b7fff000 r--p 0000d000 08:05 10491495                   /usr/lib/jvm/java-6-openjdk-amd64/jre/lib/amd64/libverify.so
7fe3b7fff000-7fe3b8000000 rw-p 0000f000 08:05 10491495                   /usr/lib/jvm/java-6-openjdk-amd64/jre/lib/amd64/libverify.so
7fe3b8000000-7fe3b85b4000 rw-p 00000000 00:00 0 
7fe3b85b4000-7fe3bc000000 ---p 00000000 00:00 0 
7fe3bc000000-7fe3bc006000 r--s 000fc000 08:05 10225239                   /usr/lib/jvm/java-6-openjdk-common/jre/lib/resources.jar
7fe3bc006000-7fe3bc038000 r--s 002c7000 08:05 7345577                    /home/olga/Development/Play/framework/lib/hibernate-core-3.6.1.Final.jar
7fe3bc038000-7fe3bc04d000 rw-p 00000000 00:00 0 
7fe3bc04d000-7fe3bc179000 rw-p 00000000 00:00 0 
7fe3bc179000-7fe3bc180000 r-xp 00000000 08:05 10485883                   /lib/x86_64-linux-gnu/librt-2.15.so
7fe3bc180000-7fe3bc37f000 ---p 00007000 08:05 10485883                   /lib/x86_64-linux-gnu/librt-2.15.so
7fe3bc37f000-7fe3bc380000 r--p 00006000 08:05 10485883                   /lib/x86_64-linux-gnu/librt-2.15.so
7fe3bc380000-7fe3bc381000 rw-p 00007000 08:05 10485883                   /lib/x86_64-linux-gnu/librt-2.15.so
7fe3bc381000-7fe3bc396000 r-xp 00000000 08:05 10489415                   /lib/x86_64-linux-gnu/libgcc_s.so.1
7fe3bc396000-7fe3bc595000 ---p 00015000 08:05 10489415                   /lib/x86_64-linux-gnu/libgcc_s.so.1
7fe3bc595000-7fe3bc596000 r--p 00014000 08:05 10489415                   /lib/x86_64-linux-gnu/libgcc_s.so.1
7fe3bc596000-7fe3bc597000 rw-p 00015000 08:05 10489415                   /lib/x86_64-linux-gnu/libgcc_s.so.1
7fe3bc597000-7fe3bc692000 r-xp 00000000 08:05 10485887                   /lib/x86_64-linux-gnu/libm-2.15.so
7fe3bc692000-7fe3bc891000 ---p 000fb000 08:05 10485887                   /lib/x86_64-linux-gnu/libm-2.15.so
7fe3bc891000-7fe3bc892000 r--p 000fa000 08:05 10485887                   /lib/x86_64-linux-gnu/libm-2.15.so
7fe3bc892000-7fe3bc893000 rw-p 000fb000 08:05 10485887                   /lib/x86_64-linux-gnu/libm-2.15.so
7fe3bc893000-7fe3bc975000 r-xp 00000000 08:05 10231417                   /usr/lib/x86_64-linux-gnu/libstdc++.so.6.0.16
7fe3bc975000-7fe3bcb74000 ---p 000e2000 08:05 10231417                   /usr/lib/x86_64-linux-gnu/libstdc++.so.6.0.16
7fe3bcb74000-7fe3bcb7c000 r--p 000e1000 08:05 10231417                   /usr/lib/x86_64-linux-gnu/libstdc++.so.6.0.16
7fe3bcb7c000-7fe3bcb7e000 rw-p 000e9000 08:05 10231417                   /usr/lib/x86_64-linux-gnu/libstdc++.so.6.0.16
7fe3bcb7e000-7fe3bcb93000 rw-p 00000000 00:00 0 
7fe3bcb93000-7fe3bd498000 r-xp 00000000 08:05 10620262                   /usr/lib/jvm/java-6-openjdk-amd64/jre/lib/amd64/server/libjvm.so
7fe3bd498000-7fe3bd697000 ---p 00905000 08:05 10620262                   /usr/lib/jvm/java-6-openjdk-amd64/jre/lib/amd64/server/libjvm.so
7fe3bd697000-7fe3bd718000 r--p 00904000 08:05 10620262                   /usr/lib/jvm/java-6-openjdk-amd64/jre/lib/amd64/server/libjvm.so
7fe3bd718000-7fe3bd733000 rw-p 00985000 08:05 10620262                   /usr/lib/jvm/java-6-openjdk-amd64/jre/lib/amd64/server/libjvm.so
7fe3bd733000-7fe3bd75c000 rw-p 00000000 00:00 0 
7fe3bd75c000-7fe3bd772000 r-xp 00000000 08:05 10489505                   /lib/x86_64-linux-gnu/libz.so.1.2.3.4
7fe3bd772000-7fe3bd971000 ---p 00016000 08:05 10489505                   /lib/x86_64-linux-gnu/libz.so.1.2.3.4
7fe3bd971000-7fe3bd972000 r--p 00015000 08:05 10489505                   /lib/x86_64-linux-gnu/libz.so.1.2.3.4
7fe3bd972000-7fe3bd973000 rw-p 00016000 08:05 10489505                   /lib/x86_64-linux-gnu/libz.so.1.2.3.4
7fe3bd973000-7fe3bdb28000 r-xp 00000000 08:05 10485783                   /lib/x86_64-linux-gnu/libc-2.15.so
7fe3bdb28000-7fe3bdd27000 ---p 001b5000 08:05 10485783                   /lib/x86_64-linux-gnu/libc-2.15.so
7fe3bdd27000-7fe3bdd2b000 r--p 001b4000 08:05 10485783                   /lib/x86_64-linux-gnu/libc-2.15.so
7fe3bdd2b000-7fe3bdd2d000 rw-p 001b8000 08:05 10485783                   /lib/x86_64-linux-gnu/libc-2.15.so
7fe3bdd2d000-7fe3bdd32000 rw-p 00000000 00:00 0 
7fe3bdd32000-7fe3bdd34000 r-xp 00000000 08:05 10485772                   /lib/x86_64-linux-gnu/libdl-2.15.so
7fe3bdd34000-7fe3bdf34000 ---p 00002000 08:05 10485772                   /lib/x86_64-linux-gnu/libdl-2.15.so
7fe3bdf34000-7fe3bdf35000 r--p 00002000 08:05 10485772                   /lib/x86_64-linux-gnu/libdl-2.15.so
7fe3bdf35000-7fe3bdf36000 rw-p 00003000 08:05 10485772                   /lib/x86_64-linux-gnu/libdl-2.15.so
7fe3bdf36000-7fe3bdf3a000 r-xp 00000000 08:05 10491480                   /usr/lib/jvm/java-6-openjdk-amd64/jre/lib/amd64/jli/libjli.so
7fe3bdf3a000-7fe3be139000 ---p 00004000 08:05 10491480                   /usr/lib/jvm/java-6-openjdk-amd64/jre/lib/amd64/jli/libjli.so
7fe3be139000-7fe3be13a000 r--p 00003000 08:05 10491480                   /usr/lib/jvm/java-6-openjdk-amd64/jre/lib/amd64/jli/libjli.so
7fe3be13a000-7fe3be13b000 rw-p 00004000 08:05 10491480                   /usr/lib/jvm/java-6-openjdk-amd64/jre/lib/amd64/jli/libjli.so
7fe3be13b000-7fe3be153000 r-xp 00000000 08:05 10485881                   /lib/x86_64-linux-gnu/libpthread-2.15.so
7fe3be153000-7fe3be352000 ---p 00018000 08:05 10485881                   /lib/x86_64-linux-gnu/libpthread-2.15.so
7fe3be352000-7fe3be353000 r--p 00017000 08:05 10485881                   /lib/x86_64-linux-gnu/libpthread-2.15.so
7fe3be353000-7fe3be354000 rw-p 00018000 08:05 10485881                   /lib/x86_64-linux-gnu/libpthread-2.15.so
7fe3be354000-7fe3be358000 rw-p 00000000 00:00 0 
7fe3be358000-7fe3be37a000 r-xp 00000000 08:05 10485893                   /lib/x86_64-linux-gnu/ld-2.15.so
7fe3be37a000-7fe3be37d000 r--s 0007f000 08:05 10224635                   /usr/lib/jvm/java-6-openjdk-common/jre/lib/jsse.jar
7fe3be37d000-7fe3be383000 r--s 00067000 08:05 7345552                    /home/olga/Development/Play/framework/lib/antlr-2.7.6.jar
7fe3be383000-7fe3be386000 r--s 00011000 08:05 7345569                    /home/olga/Development/Play/framework/lib/ezmorph-1.0.3.jar
7fe3be386000-7fe3be38d000 r--s 0006a000 08:05 7345598                    /home/olga/Development/Play/framework/lib/mail-1.4.3.jar
7fe3be38d000-7fe3be394000 r--s 00049000 08:05 7345603                    /home/olga/Development/Play/framework/lib/oval-1.50.jar
7fe3be394000-7fe3be39f000 r--s 0008b000 08:05 7345556                    /home/olga/Development/Play/framework/lib/c3p0-0.9.1.2.jar
7fe3be39f000-7fe3be3a1000 r--s 0000d000 08:05 7345562                    /home/olga/Development/Play/framework/lib/commons-fileupload-1.2.2.jar
7fe3be3a1000-7fe3be3a6000 r--s 0002e000 08:05 7345553                    /home/olga/Development/Play/framework/lib/asm-all-3.3.1.jar
7fe3be3a6000-7fe3be3a8000 r--s 0000d000 08:05 7345566                    /home/olga/Development/Play/framework/lib/commons-logging-1.1.1.jar
7fe3be3a8000-7fe3be3b1000 r--s 0006d000 08:05 7345597                    /home/olga/Development/Play/framework/lib/log4j-1.2.16.jar
7fe3be3b1000-7fe3be425000 rw-p 00000000 00:00 0 
7fe3be425000-7fe3be45f000 rw-p 00000000 00:00 0 
7fe3be45f000-7fe3be462000 ---p 00000000 00:00 0 
7fe3be462000-7fe3be565000 rw-p 00000000 00:00 0                          [stack:14991]
7fe3be565000-7fe3be56a000 r--s 00048000 08:05 7345567                    /home/olga/Development/Play/framework/lib/dom4j-1.6.1.jar
7fe3be56a000-7fe3be56b000 r--s 00001000 08:05 7473781                    /home/olga/Development/Play/modules/testrunner/lib/play-testrunner.jar
7fe3be56b000-7fe3be56d000 r--s 00003000 08:05 7346889                    /home/olga/Development/Play/modules/paginate-head/lib/play-paginate.jar
7fe3be56d000-7fe3be56e000 rw-p 00000000 00:00 0 
7fe3be56e000-7fe3be576000 rw-s 00000000 08:05 2883659                    /tmp/hsperfdata_olga/14990
7fe3be576000-7fe3be577000 rw-p 00000000 00:00 0 
7fe3be577000-7fe3be578000 r--p 00000000 00:00 0 
7fe3be578000-7fe3be57a000 rw-p 00000000 00:00 0 
7fe3be57a000-7fe3be57b000 r--p 00022000 08:05 10485893                   /lib/x86_64-linux-gnu/ld-2.15.so
7fe3be57b000-7fe3be57d000 rw-p 00023000 08:05 10485893                   /lib/x86_64-linux-gnu/ld-2.15.so
7fff6cff4000-7fff6d016000 rw-p 00000000 00:00 0                          [stack]
7fff6d0e8000-7fff6d0e9000 r-xp 00000000 00:00 0                          [vdso]
ffffffffff600000-ffffffffff601000 r-xp 00000000 00:00 0                  [vsyscall]

VM Arguments:
jvm_args: -javaagent:/home/olga/Development/Play/framework/play-1.2.4.jar -XX:-UseSplitVerifier -Dfile.encoding=utf-8 -Xdebug -Xrunjdwp:transport=dt_socket,address=8000,server=y,suspend=n -Dplay.debug=yes -Dapplication.path=/home/olga/Development/Play/BookHunter -Dplay.id=test 
java_command: play.server.Server 
Launcher Type: SUN_STANDARD

Environment Variables:
PATH=/home/olga/Development/Play:/usr/lib/lightdm/lightdm:/usr/local/sbin:/usr/local/bin:/usr/sbin:/usr/bin:/sbin:/bin:/usr/games
LD_LIBRARY_PATH=/usr/lib/jvm/java-6-openjdk-amd64/jre/lib/amd64/server:/usr/lib/jvm/java-6-openjdk-amd64/jre/lib/amd64:/usr/lib/jvm/java-6-openjdk-amd64/jre/../lib/amd64
SHELL=/bin/bash
DISPLAY=:0.0

Signal Handlers:
SIGSEGV: [libjvm.so+0x7856d0], sa_mask[0]=0x7ffbfeff, sa_flags=0x10000004
SIGBUS: [libjvm.so+0x7856d0], sa_mask[0]=0x7ffbfeff, sa_flags=0x10000004
SIGFPE: [libjvm.so+0x649250], sa_mask[0]=0x7ffbfeff, sa_flags=0x10000004
SIGPIPE: [libjvm.so+0x649250], sa_mask[0]=0x7ffbfeff, sa_flags=0x10000004
SIGXFSZ: [libjvm.so+0x649250], sa_mask[0]=0x7ffbfeff, sa_flags=0x10000004
SIGILL: [libjvm.so+0x649250], sa_mask[0]=0x7ffbfeff, sa_flags=0x10000004
SIGUSR1: SIG_DFL, sa_mask[0]=0x00000000, sa_flags=0x00000000
SIGUSR2: [libjvm.so+0x649430], sa_mask[0]=0x00000000, sa_flags=0x10000004
SIGHUP: [libjvm.so+0x64bdf0], sa_mask[0]=0x7ffbfeff, sa_flags=0x10000004
SIGINT: [libjvm.so+0x64bdf0], sa_mask[0]=0x7ffbfeff, sa_flags=0x10000004
SIGTERM: [libjvm.so+0x64bdf0], sa_mask[0]=0x7ffbfeff, sa_flags=0x10000004
SIGQUIT: [libjvm.so+0x64bdf0], sa_mask[0]=0x7ffbfeff, sa_flags=0x10000004


---------------  S Y S T E M  ---------------

OS:Ubuntu 12.04 (precise)
uname:Linux 3.5.0-32-generic #53~precise1-Ubuntu SMP Wed May 29 20:33:37 UTC 2013 x86_64
libc:glibc 2.15 NPTL 2.15 
rlimit: STACK 8192k, CORE 0k, NPROC 30593, NOFILE 4096, AS infinity
load average:0.23 0.21 0.20

/proc/meminfo:
MemTotal:        3934588 kB
MemFree:          430392 kB
Buffers:          112336 kB
Cached:           894436 kB
SwapCached:         3236 kB
Active:          2387668 kB
Inactive:         877668 kB
Active(anon):    2108396 kB
Inactive(anon):   608044 kB
Active(file):     279272 kB
Inactive(file):   269624 kB
Unevictable:          56 kB
Mlocked:              56 kB
SwapTotal:       4077564 kB
SwapFree:        3970512 kB
Dirty:              1108 kB
Writeback:             0 kB
AnonPages:       2255520 kB
Mapped:           198272 kB
Shmem:            457876 kB
Slab:             129896 kB
SReclaimable:      96056 kB
SUnreclaim:        33840 kB
KernelStack:        5088 kB
PageTables:        44832 kB
NFS_Unstable:          0 kB
Bounce:                0 kB
WritebackTmp:          0 kB
CommitLimit:     6044856 kB
Committed_AS:    6960692 kB
VmallocTotal:   34359738367 kB
VmallocUsed:      560744 kB
VmallocChunk:   34359098828 kB
HardwareCorrupted:     0 kB
AnonHugePages:         0 kB
HugePages_Total:       0
HugePages_Free:        0
HugePages_Rsvd:        0
HugePages_Surp:        0
Hugepagesize:       2048 kB
DirectMap4k:       59392 kB
DirectMap2M:     4026368 kB


CPU:total 4 (4 cores per cpu, 1 threads per core) family 6 model 42 stepping 7, cmov, cx8, fxsr, mmx, sse, sse2, sse3, ssse3, sse4.1, sse4.2, popcnt

Memory: 4k page, physical 3934588k(430392k free), swap 4077564k(3970512k free)

vm_info: OpenJDK 64-Bit Server VM (20.0-b12) for linux-amd64 JRE (1.6.0_27-b27), built on Apr 25 2013 14:56:54 by "buildd" with gcc 4.6.3

time: Thu Jun  6 19:10:01 2013
elapsed time: 11005 seconds

