#
# A fatal error has been detected by the Java Runtime Environment:
#
#  SIGSEGV (0xb) at pc=0x00007ffbcd4a86be, pid=11684, tid=140719269611264
#
# JRE version: 6.0_27-b27
# Java VM: OpenJDK 64-Bit Server VM (20.0-b12 mixed mode linux-amd64 compressed oops)
# Derivative: IcedTea6 1.12.5
# Distribution: Ubuntu 12.04 LTS, package 6b27-1.12.5-0ubuntu0.12.04.1
# Problematic frame:
# V  [libjvm.so+0x5bd6be]  PhaseIdealLoop::build_loop_late_post(Node*)+0x14e
#
# If you would like to submit a bug report, please include
# instructions how to reproduce the bug and visit:
#   https://bugs.launchpad.net/ubuntu/+source/openjdk-6/
#

---------------  T H R E A D  ---------------

Current thread (0x00007ffbc80d9800):  JavaThread "C2 CompilerThread0" daemon [_thread_in_native, id=11696, stack(0x00007ffbc2040000,0x00007ffbc2141000)]

siginfo:si_signo=SIGSEGV: si_errno=0, si_code=1 (SEGV_MAPERR), si_addr=0x0000000000000008

Registers:
RAX=0x0000000000000000, RBX=0x00007ffbc213d850, RCX=0x00007ffb84027230, RDX=0x0000000000002000
RSP=0x00007ffbc213c090, RBP=0x00007ffbc213c0d0, RSI=0x00007ffb84b2b890, RDI=0x0000000000000000
R8 =0x00007ffb84bed0e0, R9 =0x00007ffbc213d850, R10=0x00007ffb84b2b890, R11=0x0000000000000000
R12=0x00007ffb887ee000, R13=0x00007ffb84b43dc8, R14=0x00007ffbc213d870, R15=0x00007ffb844e9a48
RIP=0x00007ffbcd4a86be, EFLAGS=0x0000000000010283, CSGSFS=0x0000000000000033, ERR=0x0000000000000004
  TRAPNO=0x000000000000000e

Top of Stack: (sp=0x00007ffbc213c090)
0x00007ffbc213c090:   00007ffb84af90d8 00007ffbc213c370
0x00007ffbc213c0a0:   00007ffbc213c0d0 00007ffbc213d850
0x00007ffbc213c0b0:   0000000000000002 00007ffb887ee000
0x00007ffbc213c0c0:   00007ffb844f1328 00007ffbc213c370
0x00007ffbc213c0d0:   00007ffbc213c140 00007ffbcd4a8c2b
0x00007ffbc213c0e0:   00007ffb88c04be0 00007ffb00000100
0x00007ffbc213c0f0:   00007ffb00000001 00007ffbc213e1f0
0x00007ffbc213c100:   00007ffbc213c390 00007ffbc213c330
0x00007ffbc213c110:   0000000000001804 00007ffbc213d850
0x00007ffbc213c120:   0000000000000007 0000000000000001
0x00007ffbc213c130:   0000000000000001 00007ffb88c04be0
0x00007ffbc213c140:   00007ffbc213c3e0 00007ffbcd4a97f2
0x00007ffbc213c150:   00007ffbc213c190 00007ffb88c04b70
0x00007ffbc213c160:   00007ffb8827a638 00007ffbc213d870
0x00007ffbc213c170:   00007ffb9c00bd18 00007ffbc213c430
0x00007ffbc213c180:   00007ffb9c00c088 00007ffb9c00bfd8
0x00007ffbc213c190:   00007ffbc213c260 00007ffbcd35a5c1
0x00007ffbc213c1a0:   0000000000000000 00007ffb841e7950
0x00007ffbc213c1b0:   00007ffbcda7e820 0000000000000004
0x00007ffbc213c1c0:   00007ffbc213cdf8 00007ffbc213ce18
0x00007ffbc213c1d0:   00007ffbc213c200 00007ffbcd51c484
0x00007ffbc213c1e0:   00007ffb844ec130 00007ffbc213c2d0
0x00007ffbc213c1f0:   00007ffbc213c200 00007ffbcd1f7ba2
0x00007ffbc213c200:   00007ffbc213c260 00007ffbcd35cb75
0x00007ffbc213c210:   00007ffb882728e0 00007ffb88a83aa0
0x00007ffbc213c220:   0000000000000010 0000000000000080
0x00007ffbc213c230:   0000000000000002 0000000000010040
0x00007ffbc213c240:   0000000000000000 0000043000001002
0x00007ffbc213c250:   0000007e000000db 0000007c00000079
0x00007ffbc213c260:   00007ffbc213c350 00007ffb84000020
0x00007ffbc213c270:   00007ffbc213c300 0000000000010010
0x00007ffbc213c280:   00007ffb8554bfb0 0000000000010000 

Instructions: (pc=0x00007ffbcd4a86be)
0x00007ffbcd4a869e:   4c 39 e8 0f 84 ad 03 00 00 8b 70 28 49 89 c7 0f
0x00007ffbcd4a86ae:   1f 00 4c 8b 93 e0 09 00 00 49 8d 34 f2 48 8b 06
0x00007ffbcd4a86be:   48 8b 50 08 48 83 3a 00 75 27 8b 4b 28 0f 1f 44
0x00007ffbcd4a86ce:   00 00 8b 50 28 31 c0 39 ca 73 0c 48 8b 43 30 48 

Register to memory mapping:

RAX=0x0000000000000000 is an unknown value
RBX=0x00007ffbc213d850 is pointing into the stack for thread: 0x00007ffbc80d9800
RCX=0x00007ffb84027230 is an unknown value
RDX=0x0000000000002000 is an unknown value
RSP=0x00007ffbc213c090 is pointing into the stack for thread: 0x00007ffbc80d9800
RBP=0x00007ffbc213c0d0 is pointing into the stack for thread: 0x00007ffbc80d9800
RSI=0x00007ffb84b2b890 is an unknown value
RDI=0x0000000000000000 is an unknown value
R8 =0x00007ffb84bed0e0 is an unknown value
R9 =0x00007ffbc213d850 is pointing into the stack for thread: 0x00007ffbc80d9800
R10=0x00007ffb84b2b890 is an unknown value
R11=0x0000000000000000 is an unknown value
R12=0x00007ffb887ee000 is an unknown value
R13=0x00007ffb84b43dc8 is an unknown value
R14=0x00007ffbc213d870 is pointing into the stack for thread: 0x00007ffbc80d9800
R15=0x00007ffb844e9a48 is an unknown value


Stack: [0x00007ffbc2040000,0x00007ffbc2141000],  sp=0x00007ffbc213c090,  free space=1008k
Native frames: (J=compiled Java code, j=interpreted, Vv=VM code, C=native code)
V  [libjvm.so+0x5bd6be]  PhaseIdealLoop::build_loop_late_post(Node*)+0x14e
V  [libjvm.so+0x5bdc2b]  PhaseIdealLoop::build_loop_late(VectorSet&, Node_List&, Node_Stack&)+0x10b
V  [libjvm.so+0x5be7f2]  PhaseIdealLoop::build_and_optimize(bool, bool)+0x692
V  [libjvm.so+0x37c4fa]  Compile::Optimize()+0xd2a
V  [libjvm.so+0x37d263]  Compile::Compile(ciEnv*, C2Compiler*, ciMethod*, int, bool, bool)+0xad3
V  [libjvm.so+0x306a70]  C2Compiler::compile_method(ciEnv*, ciMethod*, int)+0xe0
V  [libjvm.so+0x381953]  CompileBroker::invoke_compiler_on_method(CompileTask*)+0x2a3
V  [libjvm.so+0x38229b]  CompileBroker::compiler_thread_loop()+0x45b
V  [libjvm.so+0x74d488]  JavaThread::thread_main_inner()+0x58
V  [libjvm.so+0x64c792]  java_start(Thread*)+0x112


Current CompileTask:
C2:4989166 1200      jregex.Pretokenizer.next()V (1064 bytes)


---------------  P R O C E S S  ---------------

Java Threads: ( => current thread )
  0x00007ffb60168000 JavaThread "net.sf.ehcache.CacheManager@66bd66d7" daemon [_thread_blocked, id=13385, stack(0x00007ffbbbbfc000,0x00007ffbbbcfd000)]
  0x00007ffb7401e000 JavaThread "New I/O server worker #1-3" [_thread_in_native, id=13379, stack(0x00007ffbbbafb000,0x00007ffbbbbfc000)]
  0x00007ffb74040000 JavaThread "New I/O server worker #1-2" [_thread_in_native, id=13378, stack(0x00007ffbc071c000,0x00007ffbc081d000)]
  0x00007ffb74042800 JavaThread "New I/O server worker #1-1" [_thread_in_native, id=13377, stack(0x00007ffbc142e000,0x00007ffbc152f000)]
  0x00007ffb7402b800 JavaThread "New I/O server worker #1-8" [_thread_in_native, id=13376, stack(0x00007ffbc1630000,0x00007ffbc1731000)]
  0x00007ffb7402e000 JavaThread "New I/O server worker #1-7" [_thread_in_native, id=13375, stack(0x00007ffbc122c000,0x00007ffbc132d000)]
  0x00007ffb7400d800 JavaThread "New I/O server worker #1-6" [_thread_in_native, id=13374, stack(0x00007ffbbb9fa000,0x00007ffbbbafb000)]
  0x00007ffb8c001000 JavaThread "JDWP Transport Listener: dt_socket" daemon [_thread_in_native, id=12904, stack(0x00007ffbc152f000,0x00007ffbc1630000)]
  0x00007ffb60029000 JavaThread "Java2D Disposer" daemon [_thread_blocked, id=12491, stack(0x00007ffbb9e00000,0x00007ffbb9f01000)]
  0x00007ffb6034c000 JavaThread "pool-5-thread-1" [_thread_blocked, id=11723, stack(0x00007ffbc081d000,0x00007ffbc091e000)]
  0x00007ffb603a3000 JavaThread "com.mchange.v2.async.ThreadPoolAsynchronousRunner$PoolThread-#2" daemon [_thread_blocked, id=11721, stack(0x00007ffbc091e000,0x00007ffbc0a1f000)]
  0x00007ffb603a2000 JavaThread "com.mchange.v2.async.ThreadPoolAsynchronousRunner$PoolThread-#1" daemon [_thread_blocked, id=11720, stack(0x00007ffbc0a1f000,0x00007ffbc0b20000)]
  0x00007ffb6039a800 JavaThread "com.mchange.v2.async.ThreadPoolAsynchronousRunner$PoolThread-#0" daemon [_thread_blocked, id=11719, stack(0x00007ffbc0b20000,0x00007ffbc0c21000)]
  0x00007ffb6030c000 JavaThread "Timer-0" daemon [_thread_blocked, id=11718, stack(0x00007ffbc0c21000,0x00007ffbc0d22000)]
  0x00007ffb78003000 JavaThread "play-thread-1" [_thread_blocked, id=11716, stack(0x00007ffbc102a000,0x00007ffbc112b000)]
  0x00007ffbc800d000 JavaThread "DestroyJavaVM" [_thread_blocked, id=11685, stack(0x00007ffbce7b7000,0x00007ffbce8b8000)]
  0x00007ffbc83ae000 JavaThread "New I/O server boss #1 ([id: 0x36bf7916, /0:0:0:0:0:0:0:0:9000])" [_thread_in_native, id=11700, stack(0x00007ffbc1731000,0x00007ffbc1832000)]
  0x00007ffbc80de800 JavaThread "Low Memory Detector" daemon [_thread_blocked, id=11698, stack(0x00007ffbc1e3e000,0x00007ffbc1f3f000)]
  0x00007ffbc80dc000 JavaThread "C2 CompilerThread1" daemon [_thread_blocked, id=11697, stack(0x00007ffbc1f3f000,0x00007ffbc2040000)]
=>0x00007ffbc80d9800 JavaThread "C2 CompilerThread0" daemon [_thread_in_native, id=11696, stack(0x00007ffbc2040000,0x00007ffbc2141000)]
  0x00007ffbc80d7000 JavaThread "JDWP Event Helper Thread" daemon [_thread_blocked, id=11695, stack(0x00007ffbc2141000,0x00007ffbc2242000)]
  0x00007ffbc808e800 JavaThread "Signal Dispatcher" daemon [_thread_blocked, id=11693, stack(0x00007ffbc2566000,0x00007ffbc2667000)]
  0x00007ffbc807d800 JavaThread "Finalizer" daemon [_thread_blocked, id=11692, stack(0x00007ffbc2667000,0x00007ffbc2768000)]
  0x00007ffbc807b800 JavaThread "Reference Handler" daemon [_thread_blocked, id=11691, stack(0x00007ffbc2768000,0x00007ffbc2869000)]

Other Threads:
  0x00007ffbc8076800 VMThread [stack: 0x00007ffbc2869000,0x00007ffbc296a000] [id=11690]
  0x00007ffbc80e9800 WatcherThread [stack: 0x00007ffbc1d3d000,0x00007ffbc1e3e000] [id=11699]

VM state:not at safepoint (normal execution)

VM Mutex/Monitor currently owned by a thread: None

Heap
 PSYoungGen      total 20800K, used 20510K [0x00000000ebf60000, 0x00000000edfd0000, 0x0000000100000000)
  eden space 20608K, 98% used [0x00000000ebf60000,0x00000000ed33f8c0,0x00000000ed380000)
  from space 192K, 83% used [0x00000000edfa0000,0x00000000edfc8000,0x00000000edfd0000)
  to   space 2688K, 0% used [0x00000000eda90000,0x00000000eda90000,0x00000000edd30000)
 PSOldGen        total 41024K, used 21949K [0x00000000c3e00000, 0x00000000c6610000, 0x00000000ebf60000)
  object space 41024K, 53% used [0x00000000c3e00000,0x00000000c536f770,0x00000000c6610000)
 PSPermGen       total 52160K, used 52006K [0x00000000b9800000, 0x00000000bcaf0000, 0x00000000c3e00000)
  object space 52160K, 99% used [0x00000000b9800000,0x00000000bcac9848,0x00000000bcaf0000)

Code Cache  [0x00007ffbc388f000, 0x00007ffbc3eef000, 0x00007ffbc688f000)
 total_blobs=1866 nmethods=1165 adapters=662 free_code_cache=43784704 largest_free_block=7680

Dynamic libraries:
00400000-00409000 r-xp 00000000 08:05 10620266                           /usr/lib/jvm/java-6-openjdk-amd64/jre/bin/java
00608000-00609000 r--p 00008000 08:05 10620266                           /usr/lib/jvm/java-6-openjdk-amd64/jre/bin/java
00609000-0060a000 rw-p 00009000 08:05 10620266                           /usr/lib/jvm/java-6-openjdk-amd64/jre/bin/java
00b44000-00b65000 rw-p 00000000 00:00 0                                  [heap]
b9800000-bcaf0000 rw-p 00000000 00:00 0 
bcaf0000-c3e00000 rw-p 00000000 00:00 0 
c3e00000-c6610000 rw-p 00000000 00:00 0 
c6610000-ebf60000 rw-p 00000000 00:00 0 
ebf60000-edfd0000 rw-p 00000000 00:00 0 
edfd0000-f1200000 ---p 00000000 00:00 0 
f1200000-100000000 rw-p 00000000 00:00 0 
7ffb3c000000-7ffb3c040000 rw-p 00000000 00:00 0 
7ffb3c040000-7ffb40000000 ---p 00000000 00:00 0 
7ffb40000000-7ffb4006b000 rw-p 00000000 00:00 0 
7ffb4006b000-7ffb44000000 ---p 00000000 00:00 0 
7ffb44000000-7ffb44030000 rw-p 00000000 00:00 0 
7ffb44030000-7ffb48000000 ---p 00000000 00:00 0 
7ffb48000000-7ffb48359000 rw-p 00000000 00:00 0 
7ffb48359000-7ffb4c000000 ---p 00000000 00:00 0 
7ffb4c000000-7ffb4c09c000 rw-p 00000000 00:00 0 
7ffb4c09c000-7ffb50000000 ---p 00000000 00:00 0 
7ffb50000000-7ffb5007c000 rw-p 00000000 00:00 0 
7ffb5007c000-7ffb54000000 ---p 00000000 00:00 0 
7ffb54000000-7ffb5403d000 rw-p 00000000 00:00 0 
7ffb5403d000-7ffb58000000 ---p 00000000 00:00 0 
7ffb58000000-7ffb58021000 rw-p 00000000 00:00 0 
7ffb58021000-7ffb5c000000 ---p 00000000 00:00 0 
7ffb5c000000-7ffb5c052000 rw-p 00000000 00:00 0 
7ffb5c052000-7ffb60000000 ---p 00000000 00:00 0 
7ffb60000000-7ffb610b8000 rw-p 00000000 00:00 0 
7ffb610b8000-7ffb64000000 ---p 00000000 00:00 0 
7ffb64000000-7ffb64050000 rw-p 00000000 00:00 0 
7ffb64050000-7ffb68000000 ---p 00000000 00:00 0 
7ffb68000000-7ffb680d4000 rw-p 00000000 00:00 0 
7ffb680d4000-7ffb6c000000 ---p 00000000 00:00 0 
7ffb6c000000-7ffb6c037000 rw-p 00000000 00:00 0 
7ffb6c037000-7ffb70000000 ---p 00000000 00:00 0 
7ffb70000000-7ffb7005b000 rw-p 00000000 00:00 0 
7ffb7005b000-7ffb74000000 ---p 00000000 00:00 0 
7ffb74000000-7ffb740bf000 rw-p 00000000 00:00 0 
7ffb740bf000-7ffb78000000 ---p 00000000 00:00 0 
7ffb78000000-7ffb78088000 rw-p 00000000 00:00 0 
7ffb78088000-7ffb7c000000 ---p 00000000 00:00 0 
7ffb7c000000-7ffb7c021000 rw-p 00000000 00:00 0 
7ffb7c021000-7ffb80000000 ---p 00000000 00:00 0 
7ffb80000000-7ffb80021000 rw-p 00000000 00:00 0 
7ffb80021000-7ffb84000000 ---p 00000000 00:00 0 
7ffb84000000-7ffb87b86000 rw-p 00000000 00:00 0 
7ffb87b86000-7ffb88000000 ---p 00000000 00:00 0 
7ffb88000000-7ffb8bed4000 rw-p 00000000 00:00 0 
7ffb8bed4000-7ffb8c000000 ---p 00000000 00:00 0 
7ffb8c000000-7ffb8c034000 rw-p 00000000 00:00 0 
7ffb8c034000-7ffb90000000 ---p 00000000 00:00 0 
7ffb90000000-7ffb90021000 rw-p 00000000 00:00 0 
7ffb90021000-7ffb94000000 ---p 00000000 00:00 0 
7ffb94000000-7ffb94021000 rw-p 00000000 00:00 0 
7ffb94021000-7ffb98000000 ---p 00000000 00:00 0 
7ffb98000000-7ffb98021000 rw-p 00000000 00:00 0 
7ffb98021000-7ffb9c000000 ---p 00000000 00:00 0 
7ffb9c000000-7ffb9c051000 rw-p 00000000 00:00 0 
7ffb9c051000-7ffba0000000 ---p 00000000 00:00 0 
7ffba0000000-7ffba0021000 rw-p 00000000 00:00 0 
7ffba0021000-7ffba4000000 ---p 00000000 00:00 0 
7ffba4000000-7ffba4021000 rw-p 00000000 00:00 0 
7ffba4021000-7ffba8000000 ---p 00000000 00:00 0 
7ffbac000000-7ffbac027000 rw-p 00000000 00:00 0 
7ffbac027000-7ffbb0000000 ---p 00000000 00:00 0 
7ffbb4000000-7ffbb4036000 rw-p 00000000 00:00 0 
7ffbb4036000-7ffbb8000000 ---p 00000000 00:00 0 
7ffbb9aaf000-7ffbb9ab2000 ---p 00000000 00:00 0 
7ffbb9ab2000-7ffbb9bb0000 rw-p 00000000 00:00 0 
7ffbb9bb0000-7ffbb9bee000 r-xp 00000000 08:05 10231230                   /usr/lib/x86_64-linux-gnu/libjpeg.so.8.0.2
7ffbb9bee000-7ffbb9dee000 ---p 0003e000 08:05 10231230                   /usr/lib/x86_64-linux-gnu/libjpeg.so.8.0.2
7ffbb9dee000-7ffbb9def000 r--p 0003e000 08:05 10231230                   /usr/lib/x86_64-linux-gnu/libjpeg.so.8.0.2
7ffbb9def000-7ffbb9df0000 rw-p 0003f000 08:05 10231230                   /usr/lib/x86_64-linux-gnu/libjpeg.so.8.0.2
7ffbb9df0000-7ffbb9e00000 rw-p 00000000 00:00 0 
7ffbb9e00000-7ffbb9e03000 ---p 00000000 00:00 0 
7ffbb9e03000-7ffbb9f01000 rw-p 00000000 00:00 0                          [stack:12491]
7ffbb9f01000-7ffbb9f0b000 r-xp 00000000 08:05 10491507                   /usr/lib/jvm/java-6-openjdk-amd64/jre/lib/amd64/libjpeg.so
7ffbb9f0b000-7ffbba10a000 ---p 0000a000 08:05 10491507                   /usr/lib/jvm/java-6-openjdk-amd64/jre/lib/amd64/libjpeg.so
7ffbba10a000-7ffbba10b000 r--p 00009000 08:05 10491507                   /usr/lib/jvm/java-6-openjdk-amd64/jre/lib/amd64/libjpeg.so
7ffbba10b000-7ffbba10c000 rw-p 0000a000 08:05 10491507                   /usr/lib/jvm/java-6-openjdk-amd64/jre/lib/amd64/libjpeg.so
7ffbba10c000-7ffbba13e000 r-xp 00000000 08:05 10491476                   /usr/lib/jvm/java-6-openjdk-amd64/jre/lib/amd64/liblcms.so
7ffbba13e000-7ffbba33d000 ---p 00032000 08:05 10491476                   /usr/lib/jvm/java-6-openjdk-amd64/jre/lib/amd64/liblcms.so
7ffbba33d000-7ffbba33e000 r--p 00031000 08:05 10491476                   /usr/lib/jvm/java-6-openjdk-amd64/jre/lib/amd64/liblcms.so
7ffbba33e000-7ffbba33f000 rw-p 00032000 08:05 10491476                   /usr/lib/jvm/java-6-openjdk-amd64/jre/lib/amd64/liblcms.so
7ffbba33f000-7ffbba341000 rw-p 00000000 00:00 0 
7ffbba341000-7ffbba346000 r-xp 00000000 08:05 10230885                   /usr/lib/x86_64-linux-gnu/libXdmcp.so.6.0.0
7ffbba346000-7ffbba545000 ---p 00005000 08:05 10230885                   /usr/lib/x86_64-linux-gnu/libXdmcp.so.6.0.0
7ffbba545000-7ffbba546000 r--p 00004000 08:05 10230885                   /usr/lib/x86_64-linux-gnu/libXdmcp.so.6.0.0
7ffbba546000-7ffbba547000 rw-p 00005000 08:05 10230885                   /usr/lib/x86_64-linux-gnu/libXdmcp.so.6.0.0
7ffbba547000-7ffbba549000 r-xp 00000000 08:05 10230874                   /usr/lib/x86_64-linux-gnu/libXau.so.6.0.0
7ffbba549000-7ffbba748000 ---p 00002000 08:05 10230874                   /usr/lib/x86_64-linux-gnu/libXau.so.6.0.0
7ffbba748000-7ffbba749000 r--p 00001000 08:05 10230874                   /usr/lib/x86_64-linux-gnu/libXau.so.6.0.0
7ffbba749000-7ffbba74a000 rw-p 00002000 08:05 10230874                   /usr/lib/x86_64-linux-gnu/libXau.so.6.0.0
7ffbba74a000-7ffbba767000 r-xp 00000000 08:05 10225954                   /usr/lib/x86_64-linux-gnu/libxcb.so.1.1.0
7ffbba767000-7ffbba966000 ---p 0001d000 08:05 10225954                   /usr/lib/x86_64-linux-gnu/libxcb.so.1.1.0
7ffbba966000-7ffbba967000 r--p 0001c000 08:05 10225954                   /usr/lib/x86_64-linux-gnu/libxcb.so.1.1.0
7ffbba967000-7ffbba968000 rw-p 0001d000 08:05 10225954                   /usr/lib/x86_64-linux-gnu/libxcb.so.1.1.0
7ffbba968000-7ffbba976000 r-xp 00000000 08:05 10229643                   /usr/lib/x86_64-linux-gnu/libXi.so.6.1.0
7ffbba976000-7ffbbab75000 ---p 0000e000 08:05 10229643                   /usr/lib/x86_64-linux-gnu/libXi.so.6.1.0
7ffbbab75000-7ffbbab76000 r--p 0000d000 08:05 10229643                   /usr/lib/x86_64-linux-gnu/libXi.so.6.1.0
7ffbbab76000-7ffbbab77000 rw-p 0000e000 08:05 10229643                   /usr/lib/x86_64-linux-gnu/libXi.so.6.1.0
7ffbbab77000-7ffbbab7c000 r-xp 00000000 08:05 10230910                   /usr/lib/x86_64-linux-gnu/libXtst.so.6.1.0
7ffbbab7c000-7ffbbad7b000 ---p 00005000 08:05 10230910                   /usr/lib/x86_64-linux-gnu/libXtst.so.6.1.0
7ffbbad7b000-7ffbbad7c000 r--p 00004000 08:05 10230910                   /usr/lib/x86_64-linux-gnu/libXtst.so.6.1.0
7ffbbad7c000-7ffbbad7d000 rw-p 00005000 08:05 10230910                   /usr/lib/x86_64-linux-gnu/libXtst.so.6.1.0
7ffbbad7d000-7ffbbad86000 r-xp 00000000 08:05 10230162                   /usr/lib/x86_64-linux-gnu/libXrender.so.1.3.0
7ffbbad86000-7ffbbaf85000 ---p 00009000 08:05 10230162                   /usr/lib/x86_64-linux-gnu/libXrender.so.1.3.0
7ffbbaf85000-7ffbbaf86000 r--p 00008000 08:05 10230162                   /usr/lib/x86_64-linux-gnu/libXrender.so.1.3.0
7ffbbaf86000-7ffbbaf87000 rw-p 00009000 08:05 10230162                   /usr/lib/x86_64-linux-gnu/libXrender.so.1.3.0
7ffbbaf87000-7ffbbb0b7000 r-xp 00000000 08:05 10226151                   /usr/lib/x86_64-linux-gnu/libX11.so.6.3.0
7ffbbb0b7000-7ffbbb2b7000 ---p 00130000 08:05 10226151                   /usr/lib/x86_64-linux-gnu/libX11.so.6.3.0
7ffbbb2b7000-7ffbbb2b8000 r--p 00130000 08:05 10226151                   /usr/lib/x86_64-linux-gnu/libX11.so.6.3.0
7ffbbb2b8000-7ffbbb2bc000 rw-p 00131000 08:05 10226151                   /usr/lib/x86_64-linux-gnu/libX11.so.6.3.0
7ffbbb2bc000-7ffbbb2cc000 r-xp 00000000 08:05 10229495                   /usr/lib/x86_64-linux-gnu/libXext.so.6.4.0
7ffbbb2cc000-7ffbbb4cb000 ---p 00010000 08:05 10229495                   /usr/lib/x86_64-linux-gnu/libXext.so.6.4.0
7ffbbb4cb000-7ffbbb4cc000 r--p 0000f000 08:05 10229495                   /usr/lib/x86_64-linux-gnu/libXext.so.6.4.0
7ffbbb4cc000-7ffbbb4cd000 rw-p 00010000 08:05 10229495                   /usr/lib/x86_64-linux-gnu/libXext.so.6.4.0
7ffbbb4cd000-7ffbbb518000 r-xp 00000000 08:05 11013738                   /usr/lib/jvm/java-6-openjdk-amd64/jre/lib/amd64/xawt/libmawt.so
7ffbbb518000-7ffbbb718000 ---p 0004b000 08:05 11013738                   /usr/lib/jvm/java-6-openjdk-amd64/jre/lib/amd64/xawt/libmawt.so
7ffbbb718000-7ffbbb719000 r--p 0004b000 08:05 11013738                   /usr/lib/jvm/java-6-openjdk-amd64/jre/lib/amd64/xawt/libmawt.so
7ffbbb719000-7ffbbb71c000 rw-p 0004c000 08:05 11013738                   /usr/lib/jvm/java-6-openjdk-amd64/jre/lib/amd64/xawt/libmawt.so
7ffbbb71c000-7ffbbb71d000 rw-p 00000000 00:00 0 
7ffbbb71d000-7ffbbb7c9000 r-xp 00000000 08:05 10491497                   /usr/lib/jvm/java-6-openjdk-amd64/jre/lib/amd64/libawt.so
7ffbbb7c9000-7ffbbb9c9000 ---p 000ac000 08:05 10491497                   /usr/lib/jvm/java-6-openjdk-amd64/jre/lib/amd64/libawt.so
7ffbbb9c9000-7ffbbb9ca000 r--p 000ac000 08:05 10491497                   /usr/lib/jvm/java-6-openjdk-amd64/jre/lib/amd64/libawt.so
7ffbbb9ca000-7ffbbb9d5000 rw-p 000ad000 08:05 10491497                   /usr/lib/jvm/java-6-openjdk-amd64/jre/lib/amd64/libawt.so
7ffbbb9d5000-7ffbbb9fa000 rw-p 00000000 00:00 0 
7ffbbb9fa000-7ffbbb9fd000 ---p 00000000 00:00 0 
7ffbbb9fd000-7ffbbbafb000 rw-p 00000000 00:00 0                          [stack:13374]
7ffbbbafb000-7ffbbbafe000 ---p 00000000 00:00 0 
7ffbbbafe000-7ffbbbbfc000 rw-p 00000000 00:00 0                          [stack:13379]
7ffbbbbfc000-7ffbbbbff000 ---p 00000000 00:00 0 
7ffbbbbff000-7ffbbbcfd000 rw-p 00000000 00:00 0                          [stack:13385]
7ffbbbcfd000-7ffbbbd00000 ---p 00000000 00:00 0 
7ffbbbd00000-7ffbbbdfe000 rw-p 00000000 00:00 0 
7ffbbbdfe000-7ffbbbe01000 ---p 00000000 00:00 0 
7ffbbbe01000-7ffbbbeff000 rw-p 00000000 00:00 0 
7ffbbbeff000-7ffbbbf02000 ---p 00000000 00:00 0 
7ffbbbf02000-7ffbbc000000 rw-p 00000000 00:00 0 
7ffbbc000000-7ffbbc021000 rw-p 00000000 00:00 0 
7ffbbc021000-7ffbc0000000 ---p 00000000 00:00 0 
7ffbc00e2000-7ffbc00fa000 r-xp 00000000 08:05 10485884                   /lib/x86_64-linux-gnu/libresolv-2.15.so
7ffbc00fa000-7ffbc02fa000 ---p 00018000 08:05 10485884                   /lib/x86_64-linux-gnu/libresolv-2.15.so
7ffbc02fa000-7ffbc02fb000 r--p 00018000 08:05 10485884                   /lib/x86_64-linux-gnu/libresolv-2.15.so
7ffbc02fb000-7ffbc02fc000 rw-p 00019000 08:05 10485884                   /lib/x86_64-linux-gnu/libresolv-2.15.so
7ffbc02fc000-7ffbc02fe000 rw-p 00000000 00:00 0 
7ffbc02fe000-7ffbc0305000 r-xp 00000000 08:05 10489332                   /lib/x86_64-linux-gnu/libnss_dns-2.15.so
7ffbc0305000-7ffbc0504000 ---p 00007000 08:05 10489332                   /lib/x86_64-linux-gnu/libnss_dns-2.15.so
7ffbc0504000-7ffbc0505000 r--p 00006000 08:05 10489332                   /lib/x86_64-linux-gnu/libnss_dns-2.15.so
7ffbc0505000-7ffbc0506000 rw-p 00007000 08:05 10489332                   /lib/x86_64-linux-gnu/libnss_dns-2.15.so
7ffbc0506000-7ffbc0508000 r-xp 00000000 08:05 10485814                   /lib/libnss_mdns4_minimal.so.2
7ffbc0508000-7ffbc0707000 ---p 00002000 08:05 10485814                   /lib/libnss_mdns4_minimal.so.2
7ffbc0707000-7ffbc0708000 r--p 00001000 08:05 10485814                   /lib/libnss_mdns4_minimal.so.2
7ffbc0708000-7ffbc0709000 rw-p 00002000 08:05 10485814                   /lib/libnss_mdns4_minimal.so.2
7ffbc071c000-7ffbc071f000 ---p 00000000 00:00 0 
7ffbc071f000-7ffbc081d000 rw-p 00000000 00:00 0                          [stack:13378]
7ffbc081d000-7ffbc0820000 ---p 00000000 00:00 0 
7ffbc0820000-7ffbc091e000 rw-p 00000000 00:00 0                          [stack:11723]
7ffbc091e000-7ffbc0921000 ---p 00000000 00:00 0 
7ffbc0921000-7ffbc0a1f000 rw-p 00000000 00:00 0                          [stack:11721]
7ffbc0a1f000-7ffbc0a22000 ---p 00000000 00:00 0 
7ffbc0a22000-7ffbc0b20000 rw-p 00000000 00:00 0                          [stack:11720]
7ffbc0b20000-7ffbc0b23000 ---p 00000000 00:00 0 
7ffbc0b23000-7ffbc0c21000 rw-p 00000000 00:00 0                          [stack:11719]
7ffbc0c21000-7ffbc0c24000 ---p 00000000 00:00 0 
7ffbc0c24000-7ffbc0d22000 rw-p 00000000 00:00 0                          [stack:11718]
7ffbc0d22000-7ffbc0d28000 r-xp 00000000 08:05 10491493                   /usr/lib/jvm/java-6-openjdk-amd64/jre/lib/amd64/libmanagement.so
7ffbc0d28000-7ffbc0f27000 ---p 00006000 08:05 10491493                   /usr/lib/jvm/java-6-openjdk-amd64/jre/lib/amd64/libmanagement.so
7ffbc0f27000-7ffbc0f28000 r--p 00005000 08:05 10491493                   /usr/lib/jvm/java-6-openjdk-amd64/jre/lib/amd64/libmanagement.so
7ffbc0f28000-7ffbc0f29000 rw-p 00006000 08:05 10491493                   /usr/lib/jvm/java-6-openjdk-amd64/jre/lib/amd64/libmanagement.so
7ffbc0f29000-7ffbc0f2c000 ---p 00000000 00:00 0 
7ffbc0f2c000-7ffbc102a000 rw-p 00000000 00:00 0 
7ffbc102a000-7ffbc102d000 ---p 00000000 00:00 0 
7ffbc102d000-7ffbc112b000 rw-p 00000000 00:00 0                          [stack:11716]
7ffbc112b000-7ffbc112e000 ---p 00000000 00:00 0 
7ffbc112e000-7ffbc122c000 rw-p 00000000 00:00 0 
7ffbc122c000-7ffbc122f000 ---p 00000000 00:00 0 
7ffbc122f000-7ffbc132d000 rw-p 00000000 00:00 0                          [stack:13375]
7ffbc132d000-7ffbc1330000 ---p 00000000 00:00 0 
7ffbc1330000-7ffbc142e000 rw-p 00000000 00:00 0 
7ffbc142e000-7ffbc1431000 ---p 00000000 00:00 0 
7ffbc1431000-7ffbc152f000 rw-p 00000000 00:00 0                          [stack:13377]
7ffbc152f000-7ffbc1532000 ---p 00000000 00:00 0 
7ffbc1532000-7ffbc1630000 rw-p 00000000 00:00 0                          [stack:12904]
7ffbc1630000-7ffbc1633000 ---p 00000000 00:00 0 
7ffbc1633000-7ffbc1731000 rw-p 00000000 00:00 0                          [stack:13376]
7ffbc1731000-7ffbc1734000 ---p 00000000 00:00 0 
7ffbc1734000-7ffbc1832000 rw-p 00000000 00:00 0                          [stack:11700]
7ffbc1832000-7ffbc183a000 r-xp 00000000 08:05 10491485                   /usr/lib/jvm/java-6-openjdk-amd64/jre/lib/amd64/libnio.so
7ffbc183a000-7ffbc1a39000 ---p 00008000 08:05 10491485                   /usr/lib/jvm/java-6-openjdk-amd64/jre/lib/amd64/libnio.so
7ffbc1a39000-7ffbc1a3a000 r--p 00007000 08:05 10491485                   /usr/lib/jvm/java-6-openjdk-amd64/jre/lib/amd64/libnio.so
7ffbc1a3a000-7ffbc1a3b000 rw-p 00008000 08:05 10491485                   /usr/lib/jvm/java-6-openjdk-amd64/jre/lib/amd64/libnio.so
7ffbc1a3b000-7ffbc1a50000 r-xp 00000000 08:05 10491489                   /usr/lib/jvm/java-6-openjdk-amd64/jre/lib/amd64/libnet.so
7ffbc1a50000-7ffbc1c4f000 ---p 00015000 08:05 10491489                   /usr/lib/jvm/java-6-openjdk-amd64/jre/lib/amd64/libnet.so
7ffbc1c4f000-7ffbc1c50000 r--p 00014000 08:05 10491489                   /usr/lib/jvm/java-6-openjdk-amd64/jre/lib/amd64/libnet.so
7ffbc1c50000-7ffbc1c51000 rw-p 00015000 08:05 10491489                   /usr/lib/jvm/java-6-openjdk-amd64/jre/lib/amd64/libnet.so
7ffbc1c51000-7ffbc1c53000 r--s 00015000 08:05 7345592                    /home/olga/Development/Play/framework/lib/jregex-1.2_01.jar
7ffbc1c53000-7ffbc1c59000 r--s 00032000 08:05 7345586                    /home/olga/Development/Play/framework/lib/jaxen-1.1.jar
7ffbc1c59000-7ffbc1c5e000 r--s 00020000 08:05 7345587                    /home/olga/Development/Play/framework/lib/jj-imaging.jar
7ffbc1c5e000-7ffbc1c64000 r--s 000fc000 08:05 10225239                   /usr/lib/jvm/java-6-openjdk-common/jre/lib/resources.jar
7ffbc1c64000-7ffbc1c74000 r--s 000b2000 08:05 7345601                    /home/olga/Development/Play/framework/lib/netty-3.2.5.Final.jar
7ffbc1c74000-7ffbc1c7a000 r--s 00040000 08:05 7345599                    /home/olga/Development/Play/framework/lib/memcached-2.6.jar
7ffbc1c7a000-7ffbc1c85000 r--s 00124000 08:05 7345573                    /home/olga/Development/Play/framework/lib/h2-1.3.149.jar
7ffbc1c85000-7ffbc1c87000 r--s 0000b000 08:05 7345589                    /home/olga/Development/Play/framework/lib/jj-textile.jar
7ffbc1c87000-7ffbc1c8d000 r--s 00049000 08:05 7345557                    /home/olga/Development/Play/framework/lib/cglib-nodep-2.2.jar
7ffbc1c8d000-7ffbc1c90000 r--s 00022000 08:05 7345583                    /home/olga/Development/Play/framework/lib/jamon-2.7.jar
7ffbc1c90000-7ffbc1c92000 r--s 00015000 08:05 7345588                    /home/olga/Development/Play/framework/lib/jj-simplecaptcha.jar
7ffbc1c92000-7ffbc1c98000 r--s 00038000 08:05 7345608                    /home/olga/Development/Play/framework/lib/snakeyaml-1.7.jar
7ffbc1c98000-7ffbc1c9b000 r--s 0000f000 08:05 7345570                    /home/olga/Development/Play/framework/lib/geronimo-servlet_2.5_spec-1.2.jar
7ffbc1c9b000-7ffbc1c9d000 r--s 00001000 08:05 7345593                    /home/olga/Development/Play/framework/lib/jsr107cache-1.0.jar
7ffbc1c9d000-7ffbc1cab000 r--s 0007f000 08:05 7345560                    /home/olga/Development/Play/framework/lib/commons-collections-3.2.1.jar
7ffbc1cab000-7ffbc1cd5000 r--s 00427000 08:05 7345602                    /home/olga/Development/Play/framework/lib/org.eclipse.jdt.core-3.8.0.v_C03.jar
7ffbc1cd5000-7ffbc1cd7000 r--s 0000c000 08:05 7345551                    /home/olga/Development/Play/framework/lib/activation-1.1.1.jar
7ffbc1cdd000-7ffbc1cde000 rw-p 00000000 00:00 0 
7ffbc1cde000-7ffbc1ce0000 r--s 00013000 08:05 10224636                   /usr/lib/jvm/java-6-openjdk-common/jre/lib/jce.jar
7ffbc1ce0000-7ffbc1ce2000 r--s 0000e000 08:05 7345564                    /home/olga/Development/Play/framework/lib/commons-javaflow-1066591.jar
7ffbc1ce2000-7ffbc1ce4000 r--s 0000d000 08:05 7345559                    /home/olga/Development/Play/framework/lib/commons-codec-1.4.jar
7ffbc1ce4000-7ffbc1ce5000 r--s 00007000 08:05 7345561                    /home/olga/Development/Play/framework/lib/commons-email-1.2.jar
7ffbc1ce5000-7ffbc1ce6000 r--s 00002000 08:05 7345607                    /home/olga/Development/Play/framework/lib/slf4j-log4j12-1.6.1.jar
7ffbc1ce6000-7ffbc1ced000 r--s 00038000 08:05 7345590                    /home/olga/Development/Play/framework/lib/jj-wikitext.jar
7ffbc1ced000-7ffbc1cf4000 r--s 0004d000 08:05 7345554                    /home/olga/Development/Play/framework/lib/async-http-client-1.6.5.jar
7ffbc1cf4000-7ffbc1cf7000 r--s 0000f000 08:05 7345575                    /home/olga/Development/Play/framework/lib/hibernate-commons-annotations-3.2.0.Final.jar
7ffbc1cf7000-7ffbc1cf9000 r--s 00002000 08:05 7345594                    /home/olga/Development/Play/framework/lib/jta-1.1.jar
7ffbc1cf9000-7ffbc1cfc000 r--s 00024000 08:05 7345563                    /home/olga/Development/Play/framework/lib/commons-io-2.0.1.jar
7ffbc1cfc000-7ffbc1d04000 r--s 0008a000 08:05 7345584                    /home/olga/Development/Play/framework/lib/javassist-3.9.0.GA.jar
7ffbc1d04000-7ffbc1d0a000 r--s 0007e000 08:05 7345604                    /home/olga/Development/Play/framework/lib/postgresql-9.0.jar
7ffbc1d0a000-7ffbc1d0f000 r--s 00014000 08:05 7345581                    /home/olga/Development/Play/framework/lib/hibernate-jpa-2.0-api-1.0.0.Final.jar
7ffbc1d0f000-7ffbc1d18000 r--s 0005d000 08:05 7345579                    /home/olga/Development/Play/framework/lib/hibernate-entitymanager-3.6.0.Final.jar
7ffbc1d18000-7ffbc1d1c000 r--s 00027000 08:05 7345572                    /home/olga/Development/Play/framework/lib/gson-1.7.1.jar
7ffbc1d1c000-7ffbc1d1e000 r--s 00005000 08:05 7345606                    /home/olga/Development/Play/framework/lib/slf4j-api-1.6.1.jar
7ffbc1d1e000-7ffbc1d23000 r--s 00034000 08:05 7345558                    /home/olga/Development/Play/framework/lib/commons-beanutils-1.8.3.jar
7ffbc1d23000-7ffbc1d2d000 r--s 0006f000 08:05 7345568                    /home/olga/Development/Play/framework/lib/ehcache-core-2.0.0.jar
7ffbc1d2d000-7ffbc1d38000 r--s 0005a000 08:05 7345609                    /home/olga/Development/Play/framework/lib/xstream-1.3.jar
7ffbc1d38000-7ffbc1d3d000 r--s 00041000 08:05 7345565                    /home/olga/Development/Play/framework/lib/commons-lang-2.6.jar
7ffbc1d3d000-7ffbc1d3e000 ---p 00000000 00:00 0 
7ffbc1d3e000-7ffbc1e3e000 rw-p 00000000 00:00 0                          [stack:11699]
7ffbc1e3e000-7ffbc1e41000 ---p 00000000 00:00 0 
7ffbc1e41000-7ffbc1f3f000 rw-p 00000000 00:00 0                          [stack:11698]
7ffbc1f3f000-7ffbc1f42000 ---p 00000000 00:00 0 
7ffbc1f42000-7ffbc2040000 rw-p 00000000 00:00 0                          [stack:11697]
7ffbc2040000-7ffbc2043000 ---p 00000000 00:00 0 
7ffbc2043000-7ffbc2141000 rw-p 00000000 00:00 0                          [stack:11696]
7ffbc2141000-7ffbc2144000 ---p 00000000 00:00 0 
7ffbc2144000-7ffbc2242000 rw-p 00000000 00:00 0                          [stack:11695]
7ffbc2242000-7ffbc2245000 ---p 00000000 00:00 0 
7ffbc2245000-7ffbc2343000 rw-p 00000000 00:00 0 
7ffbc2343000-7ffbc2347000 r-xp 00000000 08:05 10491505                   /usr/lib/jvm/java-6-openjdk-amd64/jre/lib/amd64/libdt_socket.so
7ffbc2347000-7ffbc2546000 ---p 00004000 08:05 10491505                   /usr/lib/jvm/java-6-openjdk-amd64/jre/lib/amd64/libdt_socket.so
7ffbc2546000-7ffbc2547000 r--p 00003000 08:05 10491505                   /usr/lib/jvm/java-6-openjdk-amd64/jre/lib/amd64/libdt_socket.so
7ffbc2547000-7ffbc2548000 rw-p 00004000 08:05 10491505                   /usr/lib/jvm/java-6-openjdk-amd64/jre/lib/amd64/libdt_socket.so
7ffbc2548000-7ffbc254b000 r--s 0007f000 08:05 10224635                   /usr/lib/jvm/java-6-openjdk-common/jre/lib/jsse.jar
7ffbc254b000-7ffbc2557000 r--s 000c2000 08:05 7345961                    /home/olga/Development/Play/framework/play-1.2.4.jar
7ffbc2557000-7ffbc2559000 r--s 00001000 08:05 10225204                   /usr/lib/jvm/java-6-openjdk-common/jre/lib/ext/dnsns.jar
7ffbc2559000-7ffbc255c000 r--s 00031000 08:05 10225202                   /usr/lib/jvm/java-6-openjdk-common/jre/lib/ext/sunjce_provider.jar
7ffbc255c000-7ffbc255f000 r--s 00077000 08:05 10225200                   /usr/lib/jvm/java-6-openjdk-common/jre/lib/ext/localedata.jar
7ffbc255f000-7ffbc2561000 r--s 0000f000 08:05 10225206                   /usr/lib/jvm/java-6-openjdk-common/jre/lib/ext/pulse-java.jar
7ffbc2561000-7ffbc2565000 r--s 00039000 08:05 10225198                   /usr/lib/jvm/java-6-openjdk-common/jre/lib/ext/sunpkcs11.jar
7ffbc2565000-7ffbc2566000 r--s 00007000 08:05 10758633                   /usr/share/java/java-atk-wrapper.jar
7ffbc2566000-7ffbc2569000 ---p 00000000 00:00 0 
7ffbc2569000-7ffbc2667000 rw-p 00000000 00:00 0                          [stack:11693]
7ffbc2667000-7ffbc266a000 ---p 00000000 00:00 0 
7ffbc266a000-7ffbc2768000 rw-p 00000000 00:00 0                          [stack:11692]
7ffbc2768000-7ffbc276b000 ---p 00000000 00:00 0 
7ffbc276b000-7ffbc2869000 rw-p 00000000 00:00 0                          [stack:11691]
7ffbc2869000-7ffbc286a000 ---p 00000000 00:00 0 
7ffbc286a000-7ffbc2e6f000 rw-p 00000000 00:00 0                          [stack:11690]
7ffbc2e6f000-7ffbc3002000 r--s 037db000 08:05 10363553                   /usr/lib/jvm/java-6-openjdk-amd64/jre/lib/rt.jar
7ffbc3002000-7ffbc3003000 ---p 00000000 00:00 0 
7ffbc3003000-7ffbc3103000 rw-p 00000000 00:00 0                          [stack:11689]
7ffbc3103000-7ffbc3104000 ---p 00000000 00:00 0 
7ffbc3104000-7ffbc3204000 rw-p 00000000 00:00 0                          [stack:11688]
7ffbc3204000-7ffbc3205000 ---p 00000000 00:00 0 
7ffbc3205000-7ffbc3305000 rw-p 00000000 00:00 0                          [stack:11687]
7ffbc3305000-7ffbc3306000 ---p 00000000 00:00 0 
7ffbc3306000-7ffbc3420000 rw-p 00000000 00:00 0                          [stack:11686]
7ffbc3420000-7ffbc3459000 rw-p 00000000 00:00 0 
7ffbc3459000-7ffbc346e000 rw-p 00000000 00:00 0 
7ffbc346e000-7ffbc359a000 rw-p 00000000 00:00 0 
7ffbc359a000-7ffbc35b4000 rw-p 00000000 00:00 0 
7ffbc35b4000-7ffbc35ed000 rw-p 00000000 00:00 0 
7ffbc35ed000-7ffbc3602000 rw-p 00000000 00:00 0 
7ffbc3602000-7ffbc372d000 rw-p 00000000 00:00 0 
7ffbc372d000-7ffbc373e000 rw-p 00000000 00:00 0 
7ffbc373e000-7ffbc3757000 ---p 00000000 00:00 0 
7ffbc3757000-7ffbc37ce000 rw-p 00000000 00:00 0 
7ffbc37ce000-7ffbc37e9000 rw-p 00000000 00:00 0 
7ffbc37e9000-7ffbc388f000 rw-p 00000000 00:00 0 
7ffbc388f000-7ffbc3eef000 rwxp 00000000 00:00 0 
7ffbc3eef000-7ffbc688f000 rw-p 00000000 00:00 0 
7ffbc688f000-7ffbc6896000 r-xp 00000000 08:05 10491508                   /usr/lib/jvm/java-6-openjdk-amd64/jre/lib/amd64/libzip.so
7ffbc6896000-7ffbc6a95000 ---p 00007000 08:05 10491508                   /usr/lib/jvm/java-6-openjdk-amd64/jre/lib/amd64/libzip.so
7ffbc6a95000-7ffbc6a96000 r--p 00006000 08:05 10491508                   /usr/lib/jvm/java-6-openjdk-amd64/jre/lib/amd64/libzip.so
7ffbc6a96000-7ffbc6a97000 rw-p 00007000 08:05 10491508                   /usr/lib/jvm/java-6-openjdk-amd64/jre/lib/amd64/libzip.so
7ffbc6a97000-7ffbc6aa3000 r-xp 00000000 08:05 10485889                   /lib/x86_64-linux-gnu/libnss_files-2.15.so
7ffbc6aa3000-7ffbc6ca2000 ---p 0000c000 08:05 10485889                   /lib/x86_64-linux-gnu/libnss_files-2.15.so
7ffbc6ca2000-7ffbc6ca3000 r--p 0000b000 08:05 10485889                   /lib/x86_64-linux-gnu/libnss_files-2.15.so
7ffbc6ca3000-7ffbc6ca4000 rw-p 0000c000 08:05 10485889                   /lib/x86_64-linux-gnu/libnss_files-2.15.so
7ffbc6ca4000-7ffbc6cae000 r-xp 00000000 08:05 10485885                   /lib/x86_64-linux-gnu/libnss_nis-2.15.so
7ffbc6cae000-7ffbc6eae000 ---p 0000a000 08:05 10485885                   /lib/x86_64-linux-gnu/libnss_nis-2.15.so
7ffbc6eae000-7ffbc6eaf000 r--p 0000a000 08:05 10485885                   /lib/x86_64-linux-gnu/libnss_nis-2.15.so
7ffbc6eaf000-7ffbc6eb0000 rw-p 0000b000 08:05 10485885                   /lib/x86_64-linux-gnu/libnss_nis-2.15.so
7ffbc6eb0000-7ffbc6ec7000 r-xp 00000000 08:05 10489715                   /lib/x86_64-linux-gnu/libnsl-2.15.so
7ffbc6ec7000-7ffbc70c6000 ---p 00017000 08:05 10489715                   /lib/x86_64-linux-gnu/libnsl-2.15.so
7ffbc70c6000-7ffbc70c7000 r--p 00016000 08:05 10489715                   /lib/x86_64-linux-gnu/libnsl-2.15.so
7ffbc70c7000-7ffbc70c8000 rw-p 00017000 08:05 10489715                   /lib/x86_64-linux-gnu/libnsl-2.15.so
7ffbc70c8000-7ffbc70ca000 rw-p 00000000 00:00 0 
7ffbc70ca000-7ffbc70d2000 r-xp 00000000 08:05 10485890                   /lib/x86_64-linux-gnu/libnss_compat-2.15.so
7ffbc70d2000-7ffbc72d1000 ---p 00008000 08:05 10485890                   /lib/x86_64-linux-gnu/libnss_compat-2.15.so
7ffbc72d1000-7ffbc72d2000 r--p 00007000 08:05 10485890                   /lib/x86_64-linux-gnu/libnss_compat-2.15.so
7ffbc72d2000-7ffbc72d3000 rw-p 00008000 08:05 10485890                   /lib/x86_64-linux-gnu/libnss_compat-2.15.so
7ffbc72d3000-7ffbc79b6000 r--p 00000000 08:05 10230127                   /usr/lib/locale/locale-archive
7ffbc79b6000-7ffbc79b9000 r-xp 00000000 08:05 10491478                   /usr/lib/jvm/java-6-openjdk-amd64/jre/lib/amd64/libnpt.so
7ffbc79b9000-7ffbc7bb8000 ---p 00003000 08:05 10491478                   /usr/lib/jvm/java-6-openjdk-amd64/jre/lib/amd64/libnpt.so
7ffbc7bb8000-7ffbc7bb9000 r--p 00002000 08:05 10491478                   /usr/lib/jvm/java-6-openjdk-amd64/jre/lib/amd64/libnpt.so
7ffbc7bb9000-7ffbc7bba000 rw-p 00003000 08:05 10491478                   /usr/lib/jvm/java-6-openjdk-amd64/jre/lib/amd64/libnpt.so
7ffbc7bba000-7ffbc7bc3000 r-xp 00000000 08:05 10491477                   /usr/lib/jvm/java-6-openjdk-amd64/jre/lib/amd64/libinstrument.so
7ffbc7bc3000-7ffbc7dc3000 ---p 00009000 08:05 10491477                   /usr/lib/jvm/java-6-openjdk-amd64/jre/lib/amd64/libinstrument.so
7ffbc7dc3000-7ffbc7dc4000 r--p 00009000 08:05 10491477                   /usr/lib/jvm/java-6-openjdk-amd64/jre/lib/amd64/libinstrument.so
7ffbc7dc4000-7ffbc7dc5000 rw-p 0000a000 08:05 10491477                   /usr/lib/jvm/java-6-openjdk-amd64/jre/lib/amd64/libinstrument.so
7ffbc7dc5000-7ffbc7dff000 r-xp 00000000 08:05 10491486                   /usr/lib/jvm/java-6-openjdk-amd64/jre/lib/amd64/libjdwp.so
7ffbc7dff000-7ffbc7ffe000 ---p 0003a000 08:05 10491486                   /usr/lib/jvm/java-6-openjdk-amd64/jre/lib/amd64/libjdwp.so
7ffbc7ffe000-7ffbc7fff000 r--p 00039000 08:05 10491486                   /usr/lib/jvm/java-6-openjdk-amd64/jre/lib/amd64/libjdwp.so
7ffbc7fff000-7ffbc8000000 rw-p 0003a000 08:05 10491486                   /usr/lib/jvm/java-6-openjdk-amd64/jre/lib/amd64/libjdwp.so
7ffbc8000000-7ffbc85c5000 rw-p 00000000 00:00 0 
7ffbc85c5000-7ffbcc000000 ---p 00000000 00:00 0 
7ffbcc000000-7ffbcc003000 r--s 0007f000 08:05 10224635                   /usr/lib/jvm/java-6-openjdk-common/jre/lib/jsse.jar
7ffbcc003000-7ffbcc009000 r--s 00034000 08:05 7345595                    /home/olga/Development/Play/framework/lib/junit-4.8.1.jar
7ffbcc009000-7ffbcc010000 r--s 000b7000 08:05 7345600                    /home/olga/Development/Play/framework/lib/mysql-connector-java-5.1.13.jar
7ffbcc010000-7ffbcc01f000 r--s 0007c000 08:05 7345591                    /home/olga/Development/Play/framework/lib/joda-time-2.0.jar
7ffbcc01f000-7ffbcc02e000 r--s 000d9000 08:05 7345582                    /home/olga/Development/Play/framework/lib/ivy-2.2.0.jar
7ffbcc02e000-7ffbcc034000 r--s 00067000 08:05 7345552                    /home/olga/Development/Play/framework/lib/antlr-2.7.6.jar
7ffbcc034000-7ffbcc037000 r--s 00011000 08:05 7345569                    /home/olga/Development/Play/framework/lib/ezmorph-1.0.3.jar
7ffbcc037000-7ffbcc03e000 r--s 0006a000 08:05 7345598                    /home/olga/Development/Play/framework/lib/mail-1.4.3.jar
7ffbcc03e000-7ffbcc092000 r--s 00520000 08:05 7345571                    /home/olga/Development/Play/framework/lib/groovy-all-1.7.10.jar
7ffbcc092000-7ffbcc0be000 r-xp 00000000 08:05 10491496                   /usr/lib/jvm/java-6-openjdk-amd64/jre/lib/amd64/libjava.so
7ffbcc0be000-7ffbcc2bd000 ---p 0002c000 08:05 10491496                   /usr/lib/jvm/java-6-openjdk-amd64/jre/lib/amd64/libjava.so
7ffbcc2bd000-7ffbcc2be000 r--p 0002b000 08:05 10491496                   /usr/lib/jvm/java-6-openjdk-amd64/jre/lib/amd64/libjava.so
7ffbcc2be000-7ffbcc2c1000 rw-p 0002c000 08:05 10491496                   /usr/lib/jvm/java-6-openjdk-amd64/jre/lib/amd64/libjava.so
7ffbcc2c1000-7ffbcc2cf000 r-xp 00000000 08:05 10491495                   /usr/lib/jvm/java-6-openjdk-amd64/jre/lib/amd64/libverify.so
7ffbcc2cf000-7ffbcc4ce000 ---p 0000e000 08:05 10491495                   /usr/lib/jvm/java-6-openjdk-amd64/jre/lib/amd64/libverify.so
7ffbcc4ce000-7ffbcc4d0000 r--p 0000d000 08:05 10491495                   /usr/lib/jvm/java-6-openjdk-amd64/jre/lib/amd64/libverify.so
7ffbcc4d0000-7ffbcc4d1000 rw-p 0000f000 08:05 10491495                   /usr/lib/jvm/java-6-openjdk-amd64/jre/lib/amd64/libverify.so
7ffbcc4d1000-7ffbcc4d8000 r-xp 00000000 08:05 10485883                   /lib/x86_64-linux-gnu/librt-2.15.so
7ffbcc4d8000-7ffbcc6d7000 ---p 00007000 08:05 10485883                   /lib/x86_64-linux-gnu/librt-2.15.so
7ffbcc6d7000-7ffbcc6d8000 r--p 00006000 08:05 10485883                   /lib/x86_64-linux-gnu/librt-2.15.so
7ffbcc6d8000-7ffbcc6d9000 rw-p 00007000 08:05 10485883                   /lib/x86_64-linux-gnu/librt-2.15.so
7ffbcc6d9000-7ffbcc6ee000 r-xp 00000000 08:05 10489415                   /lib/x86_64-linux-gnu/libgcc_s.so.1
7ffbcc6ee000-7ffbcc8ed000 ---p 00015000 08:05 10489415                   /lib/x86_64-linux-gnu/libgcc_s.so.1
7ffbcc8ed000-7ffbcc8ee000 r--p 00014000 08:05 10489415                   /lib/x86_64-linux-gnu/libgcc_s.so.1
7ffbcc8ee000-7ffbcc8ef000 rw-p 00015000 08:05 10489415                   /lib/x86_64-linux-gnu/libgcc_s.so.1
7ffbcc8ef000-7ffbcc9ea000 r-xp 00000000 08:05 10485887                   /lib/x86_64-linux-gnu/libm-2.15.so
7ffbcc9ea000-7ffbccbe9000 ---p 000fb000 08:05 10485887                   /lib/x86_64-linux-gnu/libm-2.15.so
7ffbccbe9000-7ffbccbea000 r--p 000fa000 08:05 10485887                   /lib/x86_64-linux-gnu/libm-2.15.so
7ffbccbea000-7ffbccbeb000 rw-p 000fb000 08:05 10485887                   /lib/x86_64-linux-gnu/libm-2.15.so
7ffbccbeb000-7ffbccccd000 r-xp 00000000 08:05 10231417                   /usr/lib/x86_64-linux-gnu/libstdc++.so.6.0.16
7ffbccccd000-7ffbccecc000 ---p 000e2000 08:05 10231417                   /usr/lib/x86_64-linux-gnu/libstdc++.so.6.0.16
7ffbccecc000-7ffbcced4000 r--p 000e1000 08:05 10231417                   /usr/lib/x86_64-linux-gnu/libstdc++.so.6.0.16
7ffbcced4000-7ffbcced6000 rw-p 000e9000 08:05 10231417                   /usr/lib/x86_64-linux-gnu/libstdc++.so.6.0.16
7ffbcced6000-7ffbcceeb000 rw-p 00000000 00:00 0 
7ffbcceeb000-7ffbcd7f0000 r-xp 00000000 08:05 10620262                   /usr/lib/jvm/java-6-openjdk-amd64/jre/lib/amd64/server/libjvm.so
7ffbcd7f0000-7ffbcd9ef000 ---p 00905000 08:05 10620262                   /usr/lib/jvm/java-6-openjdk-amd64/jre/lib/amd64/server/libjvm.so
7ffbcd9ef000-7ffbcda70000 r--p 00904000 08:05 10620262                   /usr/lib/jvm/java-6-openjdk-amd64/jre/lib/amd64/server/libjvm.so
7ffbcda70000-7ffbcda8b000 rw-p 00985000 08:05 10620262                   /usr/lib/jvm/java-6-openjdk-amd64/jre/lib/amd64/server/libjvm.so
7ffbcda8b000-7ffbcdab4000 rw-p 00000000 00:00 0 
7ffbcdab4000-7ffbcdaca000 r-xp 00000000 08:05 10489505                   /lib/x86_64-linux-gnu/libz.so.1.2.3.4
7ffbcdaca000-7ffbcdcc9000 ---p 00016000 08:05 10489505                   /lib/x86_64-linux-gnu/libz.so.1.2.3.4
7ffbcdcc9000-7ffbcdcca000 r--p 00015000 08:05 10489505                   /lib/x86_64-linux-gnu/libz.so.1.2.3.4
7ffbcdcca000-7ffbcdccb000 rw-p 00016000 08:05 10489505                   /lib/x86_64-linux-gnu/libz.so.1.2.3.4
7ffbcdccb000-7ffbcde80000 r-xp 00000000 08:05 10485783                   /lib/x86_64-linux-gnu/libc-2.15.so
7ffbcde80000-7ffbce07f000 ---p 001b5000 08:05 10485783                   /lib/x86_64-linux-gnu/libc-2.15.so
7ffbce07f000-7ffbce083000 r--p 001b4000 08:05 10485783                   /lib/x86_64-linux-gnu/libc-2.15.so
7ffbce083000-7ffbce085000 rw-p 001b8000 08:05 10485783                   /lib/x86_64-linux-gnu/libc-2.15.so
7ffbce085000-7ffbce08a000 rw-p 00000000 00:00 0 
7ffbce08a000-7ffbce08c000 r-xp 00000000 08:05 10485772                   /lib/x86_64-linux-gnu/libdl-2.15.so
7ffbce08c000-7ffbce28c000 ---p 00002000 08:05 10485772                   /lib/x86_64-linux-gnu/libdl-2.15.so
7ffbce28c000-7ffbce28d000 r--p 00002000 08:05 10485772                   /lib/x86_64-linux-gnu/libdl-2.15.so
7ffbce28d000-7ffbce28e000 rw-p 00003000 08:05 10485772                   /lib/x86_64-linux-gnu/libdl-2.15.so
7ffbce28e000-7ffbce292000 r-xp 00000000 08:05 10491480                   /usr/lib/jvm/java-6-openjdk-amd64/jre/lib/amd64/jli/libjli.so
7ffbce292000-7ffbce491000 ---p 00004000 08:05 10491480                   /usr/lib/jvm/java-6-openjdk-amd64/jre/lib/amd64/jli/libjli.so
7ffbce491000-7ffbce492000 r--p 00003000 08:05 10491480                   /usr/lib/jvm/java-6-openjdk-amd64/jre/lib/amd64/jli/libjli.so
7ffbce492000-7ffbce493000 rw-p 00004000 08:05 10491480                   /usr/lib/jvm/java-6-openjdk-amd64/jre/lib/amd64/jli/libjli.so
7ffbce493000-7ffbce4ab000 r-xp 00000000 08:05 10485881                   /lib/x86_64-linux-gnu/libpthread-2.15.so
7ffbce4ab000-7ffbce6aa000 ---p 00018000 08:05 10485881                   /lib/x86_64-linux-gnu/libpthread-2.15.so
7ffbce6aa000-7ffbce6ab000 r--p 00017000 08:05 10485881                   /lib/x86_64-linux-gnu/libpthread-2.15.so
7ffbce6ab000-7ffbce6ac000 rw-p 00018000 08:05 10485881                   /lib/x86_64-linux-gnu/libpthread-2.15.so
7ffbce6ac000-7ffbce6b0000 rw-p 00000000 00:00 0 
7ffbce6b0000-7ffbce6d2000 r-xp 00000000 08:05 10485893                   /lib/x86_64-linux-gnu/ld-2.15.so
7ffbce6d2000-7ffbce6d4000 r--s 00013000 08:05 10224636                   /usr/lib/jvm/java-6-openjdk-common/jre/lib/jce.jar
7ffbce6d4000-7ffbce6d6000 r--s 00008000 08:05 7345605                    /home/olga/Development/Play/framework/lib/signpost-core-1.2.jar
7ffbce6d6000-7ffbce6dd000 r--s 00049000 08:05 7345603                    /home/olga/Development/Play/framework/lib/oval-1.50.jar
7ffbce6dd000-7ffbce6e8000 r--s 0008b000 08:05 7345556                    /home/olga/Development/Play/framework/lib/c3p0-0.9.1.2.jar
7ffbce6e8000-7ffbce6ea000 r--s 0000d000 08:05 7345562                    /home/olga/Development/Play/framework/lib/commons-fileupload-1.2.2.jar
7ffbce6ea000-7ffbce70f000 r--s 00172000 08:05 7345555                    /home/olga/Development/Play/framework/lib/bcprov-jdk15-1.45.jar
7ffbce70f000-7ffbce741000 r--s 002c7000 08:05 7345577                    /home/olga/Development/Play/framework/lib/hibernate-core-3.6.1.Final.jar
7ffbce741000-7ffbce746000 r--s 0002e000 08:05 7345553                    /home/olga/Development/Play/framework/lib/asm-all-3.3.1.jar
7ffbce746000-7ffbce748000 r--s 0000d000 08:05 7345566                    /home/olga/Development/Play/framework/lib/commons-logging-1.1.1.jar
7ffbce748000-7ffbce751000 r--s 0006d000 08:05 7345597                    /home/olga/Development/Play/framework/lib/log4j-1.2.16.jar
7ffbce751000-7ffbce756000 r--s 00048000 08:05 7345567                    /home/olga/Development/Play/framework/lib/dom4j-1.6.1.jar
7ffbce756000-7ffbce758000 r--s 00004000 08:05 8389691                    /home/olga/Development/Play/modules/cobertura/lib/asm-tree-3.0.jar
7ffbce758000-7ffbce75a000 r--s 0000e000 08:05 8389696                    /home/olga/Development/Play/modules/cobertura/lib/jakarta-oro-2.0.8.jar
7ffbce75a000-7ffbce75c000 r--s 00009000 08:05 8389697                    /home/olga/Development/Play/modules/cobertura/lib/asm-3.0.jar
7ffbce75c000-7ffbce7b7000 rw-p 00000000 00:00 0 
7ffbce7b7000-7ffbce7ba000 ---p 00000000 00:00 0 
7ffbce7ba000-7ffbce8bd000 rw-p 00000000 00:00 0                          [stack:11685]
7ffbce8bd000-7ffbce8be000 r--s 00000000 08:05 7345585                    /home/olga/Development/Play/framework/lib/javax.inject-1.0.jar
7ffbce8be000-7ffbce8bf000 r--s 00001000 08:05 8389695                    /home/olga/Development/Play/modules/cobertura/lib/play-cobertura.jar
7ffbce8bf000-7ffbce8c2000 r--s 00032000 08:05 8389693                    /home/olga/Development/Play/modules/cobertura/lib/cobertura-main.jar
7ffbce8c2000-7ffbce8c3000 r--s 00001000 08:05 7473781                    /home/olga/Development/Play/modules/testrunner/lib/play-testrunner.jar
7ffbce8c3000-7ffbce8c5000 r--s 00003000 08:05 7346889                    /home/olga/Development/Play/modules/paginate-head/lib/play-paginate.jar
7ffbce8c5000-7ffbce8c6000 rw-p 00000000 00:00 0 
7ffbce8c6000-7ffbce8ce000 rw-s 00000000 08:05 2883624                    /tmp/hsperfdata_olga/11684
7ffbce8ce000-7ffbce8cf000 rw-p 00000000 00:00 0 
7ffbce8cf000-7ffbce8d0000 r--p 00000000 00:00 0 
7ffbce8d0000-7ffbce8d2000 rw-p 00000000 00:00 0 
7ffbce8d2000-7ffbce8d3000 r--p 00022000 08:05 10485893                   /lib/x86_64-linux-gnu/ld-2.15.so
7ffbce8d3000-7ffbce8d5000 rw-p 00023000 08:05 10485893                   /lib/x86_64-linux-gnu/ld-2.15.so
7fff06a94000-7fff06ab6000 rw-p 00000000 00:00 0                          [stack]
7fff06b72000-7fff06b73000 r-xp 00000000 00:00 0                          [vdso]
ffffffffff600000-ffffffffff601000 r-xp 00000000 00:00 0                  [vsyscall]

VM Arguments:
jvm_args: -javaagent:/home/olga/Development/Play/framework/play-1.2.4.jar -XX:-UseSplitVerifier -Dfile.encoding=utf-8 -Xdebug -Xrunjdwp:transport=dt_socket,address=8000,server=y,suspend=n -Dplay.debug=yes -Dapplication.path=/home/olga/Development/Play/BookHunter -Dplay.id=test 
java_command: play.server.Server 
Launcher Type: SUN_STANDARD

Environment Variables:
PATH=/home/olga/Development/Play:/usr/lib/lightdm/lightdm:/usr/local/sbin:/usr/local/bin:/usr/sbin:/usr/bin:/sbin:/bin:/usr/games
LD_LIBRARY_PATH=/usr/lib/jvm/java-6-openjdk-amd64/jre/lib/amd64/server:/usr/lib/jvm/java-6-openjdk-amd64/jre/lib/amd64:/usr/lib/jvm/java-6-openjdk-amd64/jre/../lib/amd64
SHELL=/bin/bash
DISPLAY=:0.0

Signal Handlers:
SIGSEGV: [libjvm.so+0x7856d0], sa_mask[0]=0x7ffbfeff, sa_flags=0x10000004
SIGBUS: [libjvm.so+0x7856d0], sa_mask[0]=0x7ffbfeff, sa_flags=0x10000004
SIGFPE: [libjvm.so+0x649250], sa_mask[0]=0x7ffbfeff, sa_flags=0x10000004
SIGPIPE: [libjvm.so+0x649250], sa_mask[0]=0x7ffbfeff, sa_flags=0x10000004
SIGXFSZ: [libjvm.so+0x649250], sa_mask[0]=0x7ffbfeff, sa_flags=0x10000004
SIGILL: [libjvm.so+0x649250], sa_mask[0]=0x7ffbfeff, sa_flags=0x10000004
SIGUSR1: SIG_DFL, sa_mask[0]=0x00000000, sa_flags=0x00000000
SIGUSR2: [libjvm.so+0x649430], sa_mask[0]=0x00000000, sa_flags=0x10000004
SIGHUP: [libjvm.so+0x64bdf0], sa_mask[0]=0x7ffbfeff, sa_flags=0x10000004
SIGINT: [libjvm.so+0x64bdf0], sa_mask[0]=0x7ffbfeff, sa_flags=0x10000004
SIGTERM: [libjvm.so+0x64bdf0], sa_mask[0]=0x7ffbfeff, sa_flags=0x10000004
SIGQUIT: [libjvm.so+0x64bdf0], sa_mask[0]=0x7ffbfeff, sa_flags=0x10000004


---------------  S Y S T E M  ---------------

OS:Ubuntu 12.04 (precise)
uname:Linux 3.5.0-32-generic #53~precise1-Ubuntu SMP Wed May 29 20:33:37 UTC 2013 x86_64
libc:glibc 2.15 NPTL 2.15 
rlimit: STACK 8192k, CORE 0k, NPROC 30593, NOFILE 4096, AS infinity
load average:0.10 0.13 0.20

/proc/meminfo:
MemTotal:        3934588 kB
MemFree:          203588 kB
Buffers:           93388 kB
Cached:          1151900 kB
SwapCached:          132 kB
Active:          2337616 kB
Inactive:        1100096 kB
Active(anon):    1934972 kB
Inactive(anon):   714160 kB
Active(file):     402644 kB
Inactive(file):   385936 kB
Unevictable:          32 kB
Mlocked:              32 kB
SwapTotal:       4077564 kB
SwapFree:        4036324 kB
Dirty:               456 kB
Writeback:             0 kB
AnonPages:       2192252 kB
Mapped:           256800 kB
Shmem:            457020 kB
Slab:             167868 kB
SReclaimable:     133604 kB
SUnreclaim:        34264 kB
KernelStack:        5184 kB
PageTables:        49896 kB
NFS_Unstable:          0 kB
Bounce:                0 kB
WritebackTmp:          0 kB
CommitLimit:     6044856 kB
Committed_AS:    7194076 kB
VmallocTotal:   34359738367 kB
VmallocUsed:      566512 kB
VmallocChunk:   34359130636 kB
HardwareCorrupted:     0 kB
AnonHugePages:         0 kB
HugePages_Total:       0
HugePages_Free:        0
HugePages_Rsvd:        0
HugePages_Surp:        0
Hugepagesize:       2048 kB
DirectMap4k:       67584 kB
DirectMap2M:     4018176 kB


CPU:total 4 (4 cores per cpu, 1 threads per core) family 6 model 42 stepping 7, cmov, cx8, fxsr, mmx, sse, sse2, sse3, ssse3, sse4.1, sse4.2, popcnt

Memory: 4k page, physical 3934588k(203588k free), swap 4077564k(4036324k free)

vm_info: OpenJDK 64-Bit Server VM (20.0-b12) for linux-amd64 JRE (1.6.0_27-b27), built on Apr 25 2013 14:56:54 by "buildd" with gcc 4.6.3

time: Fri Jun 14 13:03:56 2013
elapsed time: 4989 seconds

