#
# A fatal error has been detected by the Java Runtime Environment:
#
#  SIGSEGV (0xb) at pc=0x00007fd35b24f6be, pid=4495, tid=140545487787776
#
# JRE version: 6.0_27-b27
# Java VM: OpenJDK 64-Bit Server VM (20.0-b12 mixed mode linux-amd64 compressed oops)
# Derivative: IcedTea6 1.12.5
# Distribution: Ubuntu 12.04 LTS, package 6b27-1.12.5-0ubuntu0.12.04.1
# Problematic frame:
# V  [libjvm.so+0x5bd6be]  PhaseIdealLoop::build_loop_late_post(Node*)+0x14e
#
# If you would like to submit a bug report, please include
# instructions how to reproduce the bug and visit:
#   https://bugs.launchpad.net/ubuntu/+source/openjdk-6/
#

---------------  T H R E A D  ---------------

Current thread (0x00007fd3540dc000):  JavaThread "C2 CompilerThread1" daemon [_thread_in_native, id=4508, stack(0x00007fd34bcfd000,0x00007fd34bdfe000)]

siginfo:si_signo=SIGSEGV: si_errno=0, si_code=1 (SEGV_MAPERR), si_addr=0x0000000000000008

Registers:
RAX=0x0000000000000000, RBX=0x00007fd34bdfa950, RCX=0x00007fd3184c7870, RDX=0x0000000000002000
RSP=0x00007fd34bdf9190, RBP=0x00007fd34bdf91d0, RSI=0x00007fd3188939b0, RDI=0x0000000000000000
R8 =0x00007fd3181844b0, R9 =0x00007fd34bdfa950, R10=0x00007fd3188939b0, R11=0x0000000000000000
R12=0x00007fd318859d20, R13=0x00007fd318396118, R14=0x00007fd34bdfa970, R15=0x00007fd319f776a8
RIP=0x00007fd35b24f6be, EFLAGS=0x0000000000010206, CSGSFS=0x0000000000000033, ERR=0x0000000000000004
  TRAPNO=0x000000000000000e

Top of Stack: (sp=0x00007fd34bdf9190)
0x00007fd34bdf9190:   00007fd31837aa68 00007fd34bdf9470
0x00007fd34bdf91a0:   00007fd34bdf91d0 00007fd34bdfa950
0x00007fd34bdf91b0:   0000000000000002 00007fd318859d20
0x00007fd34bdf91c0:   00007fd3181c1778 00007fd34bdf9470
0x00007fd34bdf91d0:   00007fd34bdf9240 00007fd35b24fc2b
0x00007fd34bdf91e0:   00007fd318207c40 00007fd300000100
0x00007fd34bdf91f0:   00007fd300000001 00007fd34bdfb2f0
0x00007fd34bdf9200:   00007fd34bdf9490 00007fd34bdf9430
0x00007fd34bdf9210:   0000000000001804 00007fd34bdfa950
0x00007fd34bdf9220:   0000000000000007 0000000000000001
0x00007fd34bdf9230:   0000000000000001 00007fd318207c40
0x00007fd34bdf9240:   00007fd34bdf94e0 00007fd35b2507f2
0x00007fd34bdf9250:   00007fd34bdf9290 00007fd318207bd0
0x00007fd34bdf9260:   00007fd34bdf9290 00007fd34bdfa970
0x00007fd34bdf9270:   00007fd319d111d8 00007fd34bdf9530
0x00007fd34bdf9280:   00007fd319d11548 00007fd319d11498
0x00007fd34bdf9290:   00007fd34bdf9360 00007fd35b1015c1
0x00007fd34bdf92a0:   00007fd3540dc000 00007fd3187a1638
0x00007fd34bdf92b0:   00007fd35b825820 0000000000000004
0x00007fd34bdf92c0:   00007fd34bdf9ef8 00007fd34bdf9f18
0x00007fd34bdf92d0:   00007fd34bdf9300 00007fd35b2c3484
0x00007fd34bdf92e0:   00007fd3181bc580 00007fd34bdf93d0
0x00007fd34bdf92f0:   00007fd34bdf9300 00007fd35af9eba2
0x00007fd34bdf9300:   00007fd34bdf9360 00007fd35b103b75
0x00007fd34bdf9310:   00007fd3181426d0 00007fd319fd6550
0x00007fd34bdf9320:   0000000000000010 0000000000000080
0x00007fd34bdf9330:   0000000000000002 0000000000010040
0x00007fd34bdf9340:   0000000000000000 0000043000001002
0x00007fd34bdf9350:   0000007e000000db 0000007c00000079
0x00007fd34bdf9360:   00007fd34bdf9450 00007fd318000020
0x00007fd34bdf9370:   00007fd34bdf9400 0000000000010010
0x00007fd34bdf9380:   00007fd2f00551f0 0000000000010000 

Instructions: (pc=0x00007fd35b24f6be)
0x00007fd35b24f69e:   4c 39 e8 0f 84 ad 03 00 00 8b 70 28 49 89 c7 0f
0x00007fd35b24f6ae:   1f 00 4c 8b 93 e0 09 00 00 49 8d 34 f2 48 8b 06
0x00007fd35b24f6be:   48 8b 50 08 48 83 3a 00 75 27 8b 4b 28 0f 1f 44
0x00007fd35b24f6ce:   00 00 8b 50 28 31 c0 39 ca 73 0c 48 8b 43 30 48 

Register to memory mapping:

RAX=0x0000000000000000 is an unknown value
RBX=0x00007fd34bdfa950 is pointing into the stack for thread: 0x00007fd3540dc000
RCX=0x00007fd3184c7870 is an unknown value
RDX=0x0000000000002000 is an unknown value
RSP=0x00007fd34bdf9190 is pointing into the stack for thread: 0x00007fd3540dc000
RBP=0x00007fd34bdf91d0 is pointing into the stack for thread: 0x00007fd3540dc000
RSI=0x00007fd3188939b0 is an unknown value
RDI=0x0000000000000000 is an unknown value
R8 =0x00007fd3181844b0 is an unknown value
R9 =0x00007fd34bdfa950 is pointing into the stack for thread: 0x00007fd3540dc000
R10=0x00007fd3188939b0 is an unknown value
R11=0x0000000000000000 is an unknown value
R12=0x00007fd318859d20 is an unknown value
R13=0x00007fd318396118 is an unknown value
R14=0x00007fd34bdfa970 is pointing into the stack for thread: 0x00007fd3540dc000
R15=0x00007fd319f776a8 is an unknown value


Stack: [0x00007fd34bcfd000,0x00007fd34bdfe000],  sp=0x00007fd34bdf9190,  free space=1008k
Native frames: (J=compiled Java code, j=interpreted, Vv=VM code, C=native code)
V  [libjvm.so+0x5bd6be]  PhaseIdealLoop::build_loop_late_post(Node*)+0x14e
V  [libjvm.so+0x5bdc2b]  PhaseIdealLoop::build_loop_late(VectorSet&, Node_List&, Node_Stack&)+0x10b
V  [libjvm.so+0x5be7f2]  PhaseIdealLoop::build_and_optimize(bool, bool)+0x692
V  [libjvm.so+0x37c4fa]  Compile::Optimize()+0xd2a
V  [libjvm.so+0x37d263]  Compile::Compile(ciEnv*, C2Compiler*, ciMethod*, int, bool, bool)+0xad3
V  [libjvm.so+0x306a70]  C2Compiler::compile_method(ciEnv*, ciMethod*, int)+0xe0
V  [libjvm.so+0x381953]  CompileBroker::invoke_compiler_on_method(CompileTask*)+0x2a3
V  [libjvm.so+0x38229b]  CompileBroker::compiler_thread_loop()+0x45b
V  [libjvm.so+0x74d488]  JavaThread::thread_main_inner()+0x58
V  [libjvm.so+0x64c792]  java_start(Thread*)+0x112


Current CompileTask:
C2:1448875 1118      jregex.Pretokenizer.next()V (1064 bytes)


---------------  P R O C E S S  ---------------

Java Threads: ( => current thread )
  0x00007fd2f0145000 JavaThread "net.sf.ehcache.CacheManager@78114b" daemon [_thread_blocked, id=5036, stack(0x00007fd34acdf000,0x00007fd34ade0000)]
  0x00007fd30401b800 JavaThread "New I/O server worker #1-7" [_thread_in_native, id=5015, stack(0x00007fd34b3eb000,0x00007fd34b4ec000)]
  0x00007fd304003800 JavaThread "New I/O server worker #1-2" [_thread_in_native, id=5014, stack(0x00007fd34aee6000,0x00007fd34afe7000)]
  0x00007fd304076000 JavaThread "New I/O server worker #1-5" [_thread_in_native, id=5013, stack(0x00007fd34b0e8000,0x00007fd34b1e9000)]
  0x00007fd304038000 JavaThread "New I/O server worker #1-4" [_thread_in_native, id=5012, stack(0x00007fd34afe7000,0x00007fd34b0e8000)]
  0x00007fd304020000 JavaThread "New I/O server worker #1-3" [_thread_in_native, id=5011, stack(0x00007fd34b1e9000,0x00007fd34b2ea000)]
  0x00007fd30401a000 JavaThread "New I/O server worker #1-6" [_thread_in_native, id=5010, stack(0x00007fd34b2ea000,0x00007fd34b3eb000)]
  0x00007fd2f04aa800 JavaThread "pool-5-thread-1" [_thread_blocked, id=4548, stack(0x00007fd34a5d3000,0x00007fd34a6d4000)]
  0x00007fd2f03a0000 JavaThread "com.mchange.v2.async.ThreadPoolAsynchronousRunner$PoolThread-#2" daemon [_thread_blocked, id=4545, stack(0x00007fd34a6d4000,0x00007fd34a7d5000)]
  0x00007fd2f039f000 JavaThread "com.mchange.v2.async.ThreadPoolAsynchronousRunner$PoolThread-#1" daemon [_thread_blocked, id=4544, stack(0x00007fd34a7d5000,0x00007fd34a8d6000)]
  0x00007fd2f02e8800 JavaThread "com.mchange.v2.async.ThreadPoolAsynchronousRunner$PoolThread-#0" daemon [_thread_blocked, id=4543, stack(0x00007fd34a8d6000,0x00007fd34a9d7000)]
  0x00007fd2f0309000 JavaThread "Timer-0" daemon [_thread_blocked, id=4542, stack(0x00007fd34a9d7000,0x00007fd34aad8000)]
  0x00007fd308002800 JavaThread "play-thread-1" [_thread_in_native, id=4540, stack(0x00007fd34ade5000,0x00007fd34aee6000)]
  0x00007fd35400c800 JavaThread "DestroyJavaVM" [_thread_blocked, id=4496, stack(0x00007fd35c55e000,0x00007fd35c65f000)]
  0x00007fd35430d000 JavaThread "New I/O server boss #1 ([id: 0x2afb6c5f, /0:0:0:0:0:0:0:0:9000])" [_thread_in_native, id=4511, stack(0x00007fd34b4ec000,0x00007fd34b5ed000)]
  0x00007fd3540de800 JavaThread "Low Memory Detector" daemon [_thread_blocked, id=4509, stack(0x00007fd34bbfc000,0x00007fd34bcfd000)]
=>0x00007fd3540dc000 JavaThread "C2 CompilerThread1" daemon [_thread_in_native, id=4508, stack(0x00007fd34bcfd000,0x00007fd34bdfe000)]
  0x00007fd3540d9000 JavaThread "C2 CompilerThread0" daemon [_thread_blocked, id=4507, stack(0x00007fd34bdfe000,0x00007fd34beff000)]
  0x00007fd3540d7000 JavaThread "JDWP Event Helper Thread" daemon [_thread_blocked, id=4506, stack(0x00007fd34beff000,0x00007fd34c000000)]
  0x00007fd3540d3000 JavaThread "JDWP Transport Listener: dt_socket" daemon [_thread_in_native, id=4505, stack(0x00007fd35003e000,0x00007fd35013f000)]
  0x00007fd35408e800 JavaThread "Signal Dispatcher" daemon [_thread_blocked, id=4504, stack(0x00007fd350362000,0x00007fd350463000)]
  0x00007fd35407d000 JavaThread "Finalizer" daemon [_thread_blocked, id=4503, stack(0x00007fd350463000,0x00007fd350564000)]
  0x00007fd35407b000 JavaThread "Reference Handler" daemon [_thread_blocked, id=4502, stack(0x00007fd350564000,0x00007fd350665000)]

Other Threads:
  0x00007fd354076800 VMThread [stack: 0x00007fd350665000,0x00007fd350766000] [id=4501]
  0x00007fd3540e9000 WatcherThread [stack: 0x00007fd34bafb000,0x00007fd34bbfc000] [id=4510]

VM state:not at safepoint (normal execution)

VM Mutex/Monitor currently owned by a thread: None

Heap
 PSYoungGen      total 29696K, used 26903K [0x00000000ebf60000, 0x00000000ee0d0000, 0x0000000100000000)
  eden space 26944K, 93% used [0x00000000ebf60000,0x00000000ed7d9ee8,0x00000000ed9b0000)
  from space 2752K, 66% used [0x00000000ede20000,0x00000000edfec010,0x00000000ee0d0000)
  to   space 3648K, 0% used [0x00000000ed9b0000,0x00000000ed9b0000,0x00000000edd40000)
 PSOldGen        total 41024K, used 20254K [0x00000000c3e00000, 0x00000000c6610000, 0x00000000ebf60000)
  object space 41024K, 49% used [0x00000000c3e00000,0x00000000c51c7938,0x00000000c6610000)
 PSPermGen       total 48320K, used 48256K [0x00000000b9800000, 0x00000000bc730000, 0x00000000c3e00000)
  object space 48320K, 99% used [0x00000000b9800000,0x00000000bc7202c0,0x00000000bc730000)

Code Cache  [0x00007fd351000000, 0x00007fd351600000, 0x00007fd354000000)
 total_blobs=1731 nmethods=1077 adapters=615 free_code_cache=44124032 largest_free_block=18944

Dynamic libraries:
00400000-00409000 r-xp 00000000 08:05 10620266                           /usr/lib/jvm/java-6-openjdk-amd64/jre/bin/java
00608000-00609000 r--p 00008000 08:05 10620266                           /usr/lib/jvm/java-6-openjdk-amd64/jre/bin/java
00609000-0060a000 rw-p 00009000 08:05 10620266                           /usr/lib/jvm/java-6-openjdk-amd64/jre/bin/java
014c1000-014e2000 rw-p 00000000 00:00 0                                  [heap]
b9800000-bc730000 rw-p 00000000 00:00 0 
bc730000-c3e00000 rw-p 00000000 00:00 0 
c3e00000-c6610000 rw-p 00000000 00:00 0 
c6610000-ebf60000 rw-p 00000000 00:00 0 
ebf60000-ee0d0000 rw-p 00000000 00:00 0 
ee0d0000-ef660000 ---p 00000000 00:00 0 
ef660000-100000000 rw-p 00000000 00:00 0 
7fd2d4000000-7fd2d407c000 rw-p 00000000 00:00 0 
7fd2d407c000-7fd2d8000000 ---p 00000000 00:00 0 
7fd2d8000000-7fd2d830c000 rw-p 00000000 00:00 0 
7fd2d830c000-7fd2dc000000 ---p 00000000 00:00 0 
7fd2dc000000-7fd2dc03b000 rw-p 00000000 00:00 0 
7fd2dc03b000-7fd2e0000000 ---p 00000000 00:00 0 
7fd2e0000000-7fd2e009c000 rw-p 00000000 00:00 0 
7fd2e009c000-7fd2e4000000 ---p 00000000 00:00 0 
7fd2e4000000-7fd2e4035000 rw-p 00000000 00:00 0 
7fd2e4035000-7fd2e8000000 ---p 00000000 00:00 0 
7fd2e8000000-7fd2e8021000 rw-p 00000000 00:00 0 
7fd2e8021000-7fd2ec000000 ---p 00000000 00:00 0 
7fd2ec000000-7fd2ec021000 rw-p 00000000 00:00 0 
7fd2ec021000-7fd2f0000000 ---p 00000000 00:00 0 
7fd2f0000000-7fd2f101c000 rw-p 00000000 00:00 0 
7fd2f101c000-7fd2f4000000 ---p 00000000 00:00 0 
7fd2f4000000-7fd2f4021000 rw-p 00000000 00:00 0 
7fd2f4021000-7fd2f8000000 ---p 00000000 00:00 0 
7fd2f8000000-7fd2f802a000 rw-p 00000000 00:00 0 
7fd2f802a000-7fd2fc000000 ---p 00000000 00:00 0 
7fd2fc000000-7fd2fc021000 rw-p 00000000 00:00 0 
7fd2fc021000-7fd300000000 ---p 00000000 00:00 0 
7fd300000000-7fd300024000 rw-p 00000000 00:00 0 
7fd300024000-7fd304000000 ---p 00000000 00:00 0 
7fd304000000-7fd3040d6000 rw-p 00000000 00:00 0 
7fd3040d6000-7fd308000000 ---p 00000000 00:00 0 
7fd308000000-7fd308055000 rw-p 00000000 00:00 0 
7fd308055000-7fd30c000000 ---p 00000000 00:00 0 
7fd30c000000-7fd30c021000 rw-p 00000000 00:00 0 
7fd30c021000-7fd310000000 ---p 00000000 00:00 0 
7fd310000000-7fd310021000 rw-p 00000000 00:00 0 
7fd310021000-7fd314000000 ---p 00000000 00:00 0 
7fd314000000-7fd317674000 rw-p 00000000 00:00 0 
7fd317674000-7fd318000000 ---p 00000000 00:00 0 
7fd318000000-7fd31b7a3000 rw-p 00000000 00:00 0 
7fd31b7a3000-7fd31c000000 ---p 00000000 00:00 0 
7fd31c000000-7fd31c021000 rw-p 00000000 00:00 0 
7fd31c021000-7fd320000000 ---p 00000000 00:00 0 
7fd320000000-7fd320021000 rw-p 00000000 00:00 0 
7fd320021000-7fd324000000 ---p 00000000 00:00 0 
7fd324000000-7fd324021000 rw-p 00000000 00:00 0 
7fd324021000-7fd328000000 ---p 00000000 00:00 0 
7fd328000000-7fd328021000 rw-p 00000000 00:00 0 
7fd328021000-7fd32c000000 ---p 00000000 00:00 0 
7fd32c000000-7fd32c041000 rw-p 00000000 00:00 0 
7fd32c041000-7fd330000000 ---p 00000000 00:00 0 
7fd330000000-7fd330021000 rw-p 00000000 00:00 0 
7fd330021000-7fd334000000 ---p 00000000 00:00 0 
7fd334000000-7fd33402f000 rw-p 00000000 00:00 0 
7fd33402f000-7fd338000000 ---p 00000000 00:00 0 
7fd33c000000-7fd33c02c000 rw-p 00000000 00:00 0 
7fd33c02c000-7fd340000000 ---p 00000000 00:00 0 
7fd344000000-7fd344021000 rw-p 00000000 00:00 0 
7fd344021000-7fd348000000 ---p 00000000 00:00 0 
7fd34a5d3000-7fd34a5d6000 ---p 00000000 00:00 0 
7fd34a5d6000-7fd34a6d4000 rw-p 00000000 00:00 0                          [stack:4548]
7fd34a6d4000-7fd34a6d7000 ---p 00000000 00:00 0 
7fd34a6d7000-7fd34a7d5000 rw-p 00000000 00:00 0                          [stack:4545]
7fd34a7d5000-7fd34a7d8000 ---p 00000000 00:00 0 
7fd34a7d8000-7fd34a8d6000 rw-p 00000000 00:00 0                          [stack:4544]
7fd34a8d6000-7fd34a8d9000 ---p 00000000 00:00 0 
7fd34a8d9000-7fd34a9d7000 rw-p 00000000 00:00 0                          [stack:4543]
7fd34a9d7000-7fd34a9da000 ---p 00000000 00:00 0 
7fd34a9da000-7fd34aad8000 rw-p 00000000 00:00 0                          [stack:4542]
7fd34aad8000-7fd34aade000 r-xp 00000000 08:05 10491493                   /usr/lib/jvm/java-6-openjdk-amd64/jre/lib/amd64/libmanagement.so
7fd34aade000-7fd34acdd000 ---p 00006000 08:05 10491493                   /usr/lib/jvm/java-6-openjdk-amd64/jre/lib/amd64/libmanagement.so
7fd34acdd000-7fd34acde000 r--p 00005000 08:05 10491493                   /usr/lib/jvm/java-6-openjdk-amd64/jre/lib/amd64/libmanagement.so
7fd34acde000-7fd34acdf000 rw-p 00006000 08:05 10491493                   /usr/lib/jvm/java-6-openjdk-amd64/jre/lib/amd64/libmanagement.so
7fd34acdf000-7fd34ace2000 ---p 00000000 00:00 0 
7fd34ace2000-7fd34ade0000 rw-p 00000000 00:00 0                          [stack:5036]
7fd34ade0000-7fd34ade2000 r--s 00013000 08:05 10224636                   /usr/lib/jvm/java-6-openjdk-common/jre/lib/jce.jar
7fd34ade2000-7fd34ade5000 r--s 0007f000 08:05 10224635                   /usr/lib/jvm/java-6-openjdk-common/jre/lib/jsse.jar
7fd34ade5000-7fd34ade8000 ---p 00000000 00:00 0 
7fd34ade8000-7fd34aee6000 rw-p 00000000 00:00 0                          [stack:4540]
7fd34aee6000-7fd34aee9000 ---p 00000000 00:00 0 
7fd34aee9000-7fd34afe7000 rw-p 00000000 00:00 0                          [stack:5014]
7fd34afe7000-7fd34afea000 ---p 00000000 00:00 0 
7fd34afea000-7fd34b0e8000 rw-p 00000000 00:00 0                          [stack:5012]
7fd34b0e8000-7fd34b0eb000 ---p 00000000 00:00 0 
7fd34b0eb000-7fd34b1e9000 rw-p 00000000 00:00 0                          [stack:5013]
7fd34b1e9000-7fd34b1ec000 ---p 00000000 00:00 0 
7fd34b1ec000-7fd34b2ea000 rw-p 00000000 00:00 0                          [stack:5011]
7fd34b2ea000-7fd34b2ed000 ---p 00000000 00:00 0 
7fd34b2ed000-7fd34b3eb000 rw-p 00000000 00:00 0                          [stack:5010]
7fd34b3eb000-7fd34b3ee000 ---p 00000000 00:00 0 
7fd34b3ee000-7fd34b4ec000 rw-p 00000000 00:00 0                          [stack:5015]
7fd34b4ec000-7fd34b4ef000 ---p 00000000 00:00 0 
7fd34b4ef000-7fd34b5ed000 rw-p 00000000 00:00 0                          [stack:4511]
7fd34b5ed000-7fd34b5f5000 r-xp 00000000 08:05 10491485                   /usr/lib/jvm/java-6-openjdk-amd64/jre/lib/amd64/libnio.so
7fd34b5f5000-7fd34b7f4000 ---p 00008000 08:05 10491485                   /usr/lib/jvm/java-6-openjdk-amd64/jre/lib/amd64/libnio.so
7fd34b7f4000-7fd34b7f5000 r--p 00007000 08:05 10491485                   /usr/lib/jvm/java-6-openjdk-amd64/jre/lib/amd64/libnio.so
7fd34b7f5000-7fd34b7f6000 rw-p 00008000 08:05 10491485                   /usr/lib/jvm/java-6-openjdk-amd64/jre/lib/amd64/libnio.so
7fd34b7f6000-7fd34b80b000 r-xp 00000000 08:05 10491489                   /usr/lib/jvm/java-6-openjdk-amd64/jre/lib/amd64/libnet.so
7fd34b80b000-7fd34ba0a000 ---p 00015000 08:05 10491489                   /usr/lib/jvm/java-6-openjdk-amd64/jre/lib/amd64/libnet.so
7fd34ba0a000-7fd34ba0b000 r--p 00014000 08:05 10491489                   /usr/lib/jvm/java-6-openjdk-amd64/jre/lib/amd64/libnet.so
7fd34ba0b000-7fd34ba0c000 rw-p 00015000 08:05 10491489                   /usr/lib/jvm/java-6-openjdk-amd64/jre/lib/amd64/libnet.so
7fd34ba0c000-7fd34ba0e000 r--s 00015000 08:05 7345592                    /home/olga/Development/Play/framework/lib/jregex-1.2_01.jar
7fd34ba0e000-7fd34ba14000 r--s 00032000 08:05 7345586                    /home/olga/Development/Play/framework/lib/jaxen-1.1.jar
7fd34ba14000-7fd34ba19000 r--s 00020000 08:05 7345587                    /home/olga/Development/Play/framework/lib/jj-imaging.jar
7fd34ba19000-7fd34ba1f000 r--s 000fc000 08:05 10225239                   /usr/lib/jvm/java-6-openjdk-common/jre/lib/resources.jar
7fd34ba1f000-7fd34ba2f000 r--s 000b2000 08:05 7345601                    /home/olga/Development/Play/framework/lib/netty-3.2.5.Final.jar
7fd34ba2f000-7fd34ba35000 r--s 00040000 08:05 7345599                    /home/olga/Development/Play/framework/lib/memcached-2.6.jar
7fd34ba35000-7fd34ba40000 r--s 00124000 08:05 7345573                    /home/olga/Development/Play/framework/lib/h2-1.3.149.jar
7fd34ba40000-7fd34ba42000 r--s 0000b000 08:05 7345589                    /home/olga/Development/Play/framework/lib/jj-textile.jar
7fd34ba42000-7fd34ba48000 r--s 00049000 08:05 7345557                    /home/olga/Development/Play/framework/lib/cglib-nodep-2.2.jar
7fd34ba48000-7fd34ba4b000 r--s 00022000 08:05 7345583                    /home/olga/Development/Play/framework/lib/jamon-2.7.jar
7fd34ba4b000-7fd34ba4d000 r--s 00015000 08:05 7345588                    /home/olga/Development/Play/framework/lib/jj-simplecaptcha.jar
7fd34ba4d000-7fd34ba53000 r--s 00038000 08:05 7345608                    /home/olga/Development/Play/framework/lib/snakeyaml-1.7.jar
7fd34ba53000-7fd34ba56000 r--s 0000f000 08:05 7345570                    /home/olga/Development/Play/framework/lib/geronimo-servlet_2.5_spec-1.2.jar
7fd34ba56000-7fd34ba58000 r--s 00001000 08:05 7345593                    /home/olga/Development/Play/framework/lib/jsr107cache-1.0.jar
7fd34ba58000-7fd34ba66000 r--s 0007f000 08:05 7345560                    /home/olga/Development/Play/framework/lib/commons-collections-3.2.1.jar
7fd34ba66000-7fd34ba90000 r--s 00427000 08:05 7345602                    /home/olga/Development/Play/framework/lib/org.eclipse.jdt.core-3.8.0.v_C03.jar
7fd34ba90000-7fd34ba92000 r--s 0000e000 08:05 7345564                    /home/olga/Development/Play/framework/lib/commons-javaflow-1066591.jar
7fd34ba92000-7fd34ba94000 r--s 0000d000 08:05 7345559                    /home/olga/Development/Play/framework/lib/commons-codec-1.4.jar
7fd34ba94000-7fd34ba95000 r--s 00007000 08:05 7345561                    /home/olga/Development/Play/framework/lib/commons-email-1.2.jar
7fd34ba95000-7fd34ba96000 r--s 00002000 08:05 7345607                    /home/olga/Development/Play/framework/lib/slf4j-log4j12-1.6.1.jar
7fd34ba96000-7fd34ba9d000 r--s 00038000 08:05 7345590                    /home/olga/Development/Play/framework/lib/jj-wikitext.jar
7fd34ba9d000-7fd34baa4000 r--s 0004d000 08:05 7345554                    /home/olga/Development/Play/framework/lib/async-http-client-1.6.5.jar
7fd34baa4000-7fd34baa7000 r--s 0000f000 08:05 7345575                    /home/olga/Development/Play/framework/lib/hibernate-commons-annotations-3.2.0.Final.jar
7fd34baa7000-7fd34bafb000 r--s 00520000 08:05 7345571                    /home/olga/Development/Play/framework/lib/groovy-all-1.7.10.jar
7fd34bafb000-7fd34bafc000 ---p 00000000 00:00 0 
7fd34bafc000-7fd34bbfc000 rw-p 00000000 00:00 0                          [stack:4510]
7fd34bbfc000-7fd34bbff000 ---p 00000000 00:00 0 
7fd34bbff000-7fd34bcfd000 rw-p 00000000 00:00 0                          [stack:4509]
7fd34bcfd000-7fd34bd00000 ---p 00000000 00:00 0 
7fd34bd00000-7fd34bdfe000 rw-p 00000000 00:00 0                          [stack:4508]
7fd34bdfe000-7fd34be01000 ---p 00000000 00:00 0 
7fd34be01000-7fd34beff000 rw-p 00000000 00:00 0                          [stack:4507]
7fd34beff000-7fd34bf02000 ---p 00000000 00:00 0 
7fd34bf02000-7fd34c000000 rw-p 00000000 00:00 0                          [stack:4506]
7fd34c000000-7fd34c021000 rw-p 00000000 00:00 0 
7fd34c021000-7fd350000000 ---p 00000000 00:00 0 
7fd350002000-7fd350004000 r--s 00002000 08:05 7345594                    /home/olga/Development/Play/framework/lib/jta-1.1.jar
7fd350004000-7fd350007000 r--s 00024000 08:05 7345563                    /home/olga/Development/Play/framework/lib/commons-io-2.0.1.jar
7fd350007000-7fd350009000 r--s 0000c000 08:05 7345551                    /home/olga/Development/Play/framework/lib/activation-1.1.1.jar
7fd350009000-7fd350011000 r--s 0008a000 08:05 7345584                    /home/olga/Development/Play/framework/lib/javassist-3.9.0.GA.jar
7fd350011000-7fd350017000 r--s 0007e000 08:05 7345604                    /home/olga/Development/Play/framework/lib/postgresql-9.0.jar
7fd350017000-7fd35001c000 r--s 00014000 08:05 7345581                    /home/olga/Development/Play/framework/lib/hibernate-jpa-2.0-api-1.0.0.Final.jar
7fd35001c000-7fd350025000 r--s 0005d000 08:05 7345579                    /home/olga/Development/Play/framework/lib/hibernate-entitymanager-3.6.0.Final.jar
7fd350025000-7fd350029000 r--s 00027000 08:05 7345572                    /home/olga/Development/Play/framework/lib/gson-1.7.1.jar
7fd350029000-7fd350033000 r--s 0006f000 08:05 7345568                    /home/olga/Development/Play/framework/lib/ehcache-core-2.0.0.jar
7fd350033000-7fd35003e000 r--s 0005a000 08:05 7345609                    /home/olga/Development/Play/framework/lib/xstream-1.3.jar
7fd35003e000-7fd350041000 ---p 00000000 00:00 0 
7fd350041000-7fd35013f000 rw-p 00000000 00:00 0                          [stack:4505]
7fd35013f000-7fd350143000 r-xp 00000000 08:05 10491505                   /usr/lib/jvm/java-6-openjdk-amd64/jre/lib/amd64/libdt_socket.so
7fd350143000-7fd350342000 ---p 00004000 08:05 10491505                   /usr/lib/jvm/java-6-openjdk-amd64/jre/lib/amd64/libdt_socket.so
7fd350342000-7fd350343000 r--p 00003000 08:05 10491505                   /usr/lib/jvm/java-6-openjdk-amd64/jre/lib/amd64/libdt_socket.so
7fd350343000-7fd350344000 rw-p 00004000 08:05 10491505                   /usr/lib/jvm/java-6-openjdk-amd64/jre/lib/amd64/libdt_socket.so
7fd350344000-7fd350347000 r--s 0007f000 08:05 10224635                   /usr/lib/jvm/java-6-openjdk-common/jre/lib/jsse.jar
7fd350347000-7fd350353000 r--s 000c2000 08:05 7345961                    /home/olga/Development/Play/framework/play-1.2.4.jar
7fd350353000-7fd350355000 r--s 00001000 08:05 10225204                   /usr/lib/jvm/java-6-openjdk-common/jre/lib/ext/dnsns.jar
7fd350355000-7fd350358000 r--s 00031000 08:05 10225202                   /usr/lib/jvm/java-6-openjdk-common/jre/lib/ext/sunjce_provider.jar
7fd350358000-7fd35035b000 r--s 00077000 08:05 10225200                   /usr/lib/jvm/java-6-openjdk-common/jre/lib/ext/localedata.jar
7fd35035b000-7fd35035d000 r--s 0000f000 08:05 10225206                   /usr/lib/jvm/java-6-openjdk-common/jre/lib/ext/pulse-java.jar
7fd35035d000-7fd350361000 r--s 00039000 08:05 10225198                   /usr/lib/jvm/java-6-openjdk-common/jre/lib/ext/sunpkcs11.jar
7fd350361000-7fd350362000 r--s 00007000 08:05 10758633                   /usr/share/java/java-atk-wrapper.jar
7fd350362000-7fd350365000 ---p 00000000 00:00 0 
7fd350365000-7fd350463000 rw-p 00000000 00:00 0                          [stack:4504]
7fd350463000-7fd350466000 ---p 00000000 00:00 0 
7fd350466000-7fd350564000 rw-p 00000000 00:00 0                          [stack:4503]
7fd350564000-7fd350567000 ---p 00000000 00:00 0 
7fd350567000-7fd350665000 rw-p 00000000 00:00 0                          [stack:4502]
7fd350665000-7fd350666000 ---p 00000000 00:00 0 
7fd350666000-7fd350c6b000 rw-p 00000000 00:00 0                          [stack:4501]
7fd350c6b000-7fd350dfe000 r--s 037db000 08:05 10363553                   /usr/lib/jvm/java-6-openjdk-amd64/jre/lib/rt.jar
7fd350dfe000-7fd350dff000 ---p 00000000 00:00 0 
7fd350dff000-7fd350eff000 rw-p 00000000 00:00 0                          [stack:4500]
7fd350eff000-7fd350f00000 ---p 00000000 00:00 0 
7fd350f00000-7fd351000000 rw-p 00000000 00:00 0                          [stack:4499]
7fd351000000-7fd351600000 rwxp 00000000 00:00 0 
7fd351600000-7fd35457f000 rw-p 00000000 00:00 0 
7fd35457f000-7fd358000000 ---p 00000000 00:00 0 
7fd358000000-7fd358005000 r--s 00034000 08:05 7345558                    /home/olga/Development/Play/framework/lib/commons-beanutils-1.8.3.jar
7fd358005000-7fd358006000 r--s 00000000 08:05 7345585                    /home/olga/Development/Play/framework/lib/javax.inject-1.0.jar
7fd358006000-7fd358008000 r--s 00008000 08:05 7345605                    /home/olga/Development/Play/framework/lib/signpost-core-1.2.jar
7fd358008000-7fd35800d000 r--s 00041000 08:05 7345565                    /home/olga/Development/Play/framework/lib/commons-lang-2.6.jar
7fd35800d000-7fd358013000 r--s 00034000 08:05 7345595                    /home/olga/Development/Play/framework/lib/junit-4.8.1.jar
7fd358013000-7fd35801a000 r--s 000b7000 08:05 7345600                    /home/olga/Development/Play/framework/lib/mysql-connector-java-5.1.13.jar
7fd35801a000-7fd358029000 r--s 0007c000 08:05 7345591                    /home/olga/Development/Play/framework/lib/joda-time-2.0.jar
7fd358029000-7fd358038000 r--s 000d9000 08:05 7345582                    /home/olga/Development/Play/framework/lib/ivy-2.2.0.jar
7fd358038000-7fd35803e000 r--s 00067000 08:05 7345552                    /home/olga/Development/Play/framework/lib/antlr-2.7.6.jar
7fd35803e000-7fd358049000 r--s 0008b000 08:05 7345556                    /home/olga/Development/Play/framework/lib/c3p0-0.9.1.2.jar
7fd358049000-7fd35804b000 r--s 0000d000 08:05 7345562                    /home/olga/Development/Play/framework/lib/commons-fileupload-1.2.2.jar
7fd35804b000-7fd358070000 r--s 00172000 08:05 7345555                    /home/olga/Development/Play/framework/lib/bcprov-jdk15-1.45.jar
7fd358070000-7fd3580a2000 r--s 002c7000 08:05 7345577                    /home/olga/Development/Play/framework/lib/hibernate-core-3.6.1.Final.jar
7fd3580a2000-7fd3580fd000 rw-p 00000000 00:00 0 
7fd3580fd000-7fd3580fe000 ---p 00000000 00:00 0 
7fd3580fe000-7fd3581fe000 rw-p 00000000 00:00 0                          [stack:4498]
7fd3581fe000-7fd3581ff000 ---p 00000000 00:00 0 
7fd3581ff000-7fd358317000 rw-p 00000000 00:00 0                          [stack:4497]
7fd358317000-7fd358352000 rw-p 00000000 00:00 0 
7fd358352000-7fd358367000 rw-p 00000000 00:00 0 
7fd358367000-7fd358493000 rw-p 00000000 00:00 0 
7fd358493000-7fd3584ab000 rw-p 00000000 00:00 0 
7fd3584ab000-7fd3584e6000 rw-p 00000000 00:00 0 
7fd3584e6000-7fd3584fb000 rw-p 00000000 00:00 0 
7fd3584fb000-7fd358626000 rw-p 00000000 00:00 0 
7fd358626000-7fd358638000 rw-p 00000000 00:00 0 
7fd358638000-7fd358643000 ---p 00000000 00:00 0 
7fd358643000-7fd3586c7000 rw-p 00000000 00:00 0 
7fd3586c7000-7fd3586c8000 rw-p 00000000 00:00 0 
7fd3586c8000-7fd3586cf000 r-xp 00000000 08:05 10491508                   /usr/lib/jvm/java-6-openjdk-amd64/jre/lib/amd64/libzip.so
7fd3586cf000-7fd3588ce000 ---p 00007000 08:05 10491508                   /usr/lib/jvm/java-6-openjdk-amd64/jre/lib/amd64/libzip.so
7fd3588ce000-7fd3588cf000 r--p 00006000 08:05 10491508                   /usr/lib/jvm/java-6-openjdk-amd64/jre/lib/amd64/libzip.so
7fd3588cf000-7fd3588d0000 rw-p 00007000 08:05 10491508                   /usr/lib/jvm/java-6-openjdk-amd64/jre/lib/amd64/libzip.so
7fd3588d0000-7fd3588dc000 r-xp 00000000 08:05 10485889                   /lib/x86_64-linux-gnu/libnss_files-2.15.so
7fd3588dc000-7fd358adb000 ---p 0000c000 08:05 10485889                   /lib/x86_64-linux-gnu/libnss_files-2.15.so
7fd358adb000-7fd358adc000 r--p 0000b000 08:05 10485889                   /lib/x86_64-linux-gnu/libnss_files-2.15.so
7fd358adc000-7fd358add000 rw-p 0000c000 08:05 10485889                   /lib/x86_64-linux-gnu/libnss_files-2.15.so
7fd358add000-7fd358ae7000 r-xp 00000000 08:05 10485885                   /lib/x86_64-linux-gnu/libnss_nis-2.15.so
7fd358ae7000-7fd358ce7000 ---p 0000a000 08:05 10485885                   /lib/x86_64-linux-gnu/libnss_nis-2.15.so
7fd358ce7000-7fd358ce8000 r--p 0000a000 08:05 10485885                   /lib/x86_64-linux-gnu/libnss_nis-2.15.so
7fd358ce8000-7fd358ce9000 rw-p 0000b000 08:05 10485885                   /lib/x86_64-linux-gnu/libnss_nis-2.15.so
7fd358ce9000-7fd358d00000 r-xp 00000000 08:05 10489715                   /lib/x86_64-linux-gnu/libnsl-2.15.so
7fd358d00000-7fd358eff000 ---p 00017000 08:05 10489715                   /lib/x86_64-linux-gnu/libnsl-2.15.so
7fd358eff000-7fd358f00000 r--p 00016000 08:05 10489715                   /lib/x86_64-linux-gnu/libnsl-2.15.so
7fd358f00000-7fd358f01000 rw-p 00017000 08:05 10489715                   /lib/x86_64-linux-gnu/libnsl-2.15.so
7fd358f01000-7fd358f03000 rw-p 00000000 00:00 0 
7fd358f03000-7fd358f0b000 r-xp 00000000 08:05 10485890                   /lib/x86_64-linux-gnu/libnss_compat-2.15.so
7fd358f0b000-7fd35910a000 ---p 00008000 08:05 10485890                   /lib/x86_64-linux-gnu/libnss_compat-2.15.so
7fd35910a000-7fd35910b000 r--p 00007000 08:05 10485890                   /lib/x86_64-linux-gnu/libnss_compat-2.15.so
7fd35910b000-7fd35910c000 rw-p 00008000 08:05 10485890                   /lib/x86_64-linux-gnu/libnss_compat-2.15.so
7fd35910c000-7fd3597ef000 r--p 00000000 08:05 10230127                   /usr/lib/locale/locale-archive
7fd3597ef000-7fd3597f2000 r-xp 00000000 08:05 10491478                   /usr/lib/jvm/java-6-openjdk-amd64/jre/lib/amd64/libnpt.so
7fd3597f2000-7fd3599f1000 ---p 00003000 08:05 10491478                   /usr/lib/jvm/java-6-openjdk-amd64/jre/lib/amd64/libnpt.so
7fd3599f1000-7fd3599f2000 r--p 00002000 08:05 10491478                   /usr/lib/jvm/java-6-openjdk-amd64/jre/lib/amd64/libnpt.so
7fd3599f2000-7fd3599f3000 rw-p 00003000 08:05 10491478                   /usr/lib/jvm/java-6-openjdk-amd64/jre/lib/amd64/libnpt.so
7fd3599f3000-7fd3599fc000 r-xp 00000000 08:05 10491477                   /usr/lib/jvm/java-6-openjdk-amd64/jre/lib/amd64/libinstrument.so
7fd3599fc000-7fd359bfc000 ---p 00009000 08:05 10491477                   /usr/lib/jvm/java-6-openjdk-amd64/jre/lib/amd64/libinstrument.so
7fd359bfc000-7fd359bfd000 r--p 00009000 08:05 10491477                   /usr/lib/jvm/java-6-openjdk-amd64/jre/lib/amd64/libinstrument.so
7fd359bfd000-7fd359bfe000 rw-p 0000a000 08:05 10491477                   /usr/lib/jvm/java-6-openjdk-amd64/jre/lib/amd64/libinstrument.so
7fd359bfe000-7fd359c38000 r-xp 00000000 08:05 10491486                   /usr/lib/jvm/java-6-openjdk-amd64/jre/lib/amd64/libjdwp.so
7fd359c38000-7fd359e37000 ---p 0003a000 08:05 10491486                   /usr/lib/jvm/java-6-openjdk-amd64/jre/lib/amd64/libjdwp.so
7fd359e37000-7fd359e38000 r--p 00039000 08:05 10491486                   /usr/lib/jvm/java-6-openjdk-amd64/jre/lib/amd64/libjdwp.so
7fd359e38000-7fd359e39000 rw-p 0003a000 08:05 10491486                   /usr/lib/jvm/java-6-openjdk-amd64/jre/lib/amd64/libjdwp.so
7fd359e39000-7fd359e65000 r-xp 00000000 08:05 10491496                   /usr/lib/jvm/java-6-openjdk-amd64/jre/lib/amd64/libjava.so
7fd359e65000-7fd35a064000 ---p 0002c000 08:05 10491496                   /usr/lib/jvm/java-6-openjdk-amd64/jre/lib/amd64/libjava.so
7fd35a064000-7fd35a065000 r--p 0002b000 08:05 10491496                   /usr/lib/jvm/java-6-openjdk-amd64/jre/lib/amd64/libjava.so
7fd35a065000-7fd35a068000 rw-p 0002c000 08:05 10491496                   /usr/lib/jvm/java-6-openjdk-amd64/jre/lib/amd64/libjava.so
7fd35a068000-7fd35a076000 r-xp 00000000 08:05 10491495                   /usr/lib/jvm/java-6-openjdk-amd64/jre/lib/amd64/libverify.so
7fd35a076000-7fd35a275000 ---p 0000e000 08:05 10491495                   /usr/lib/jvm/java-6-openjdk-amd64/jre/lib/amd64/libverify.so
7fd35a275000-7fd35a277000 r--p 0000d000 08:05 10491495                   /usr/lib/jvm/java-6-openjdk-amd64/jre/lib/amd64/libverify.so
7fd35a277000-7fd35a278000 rw-p 0000f000 08:05 10491495                   /usr/lib/jvm/java-6-openjdk-amd64/jre/lib/amd64/libverify.so
7fd35a278000-7fd35a27f000 r-xp 00000000 08:05 10485883                   /lib/x86_64-linux-gnu/librt-2.15.so
7fd35a27f000-7fd35a47e000 ---p 00007000 08:05 10485883                   /lib/x86_64-linux-gnu/librt-2.15.so
7fd35a47e000-7fd35a47f000 r--p 00006000 08:05 10485883                   /lib/x86_64-linux-gnu/librt-2.15.so
7fd35a47f000-7fd35a480000 rw-p 00007000 08:05 10485883                   /lib/x86_64-linux-gnu/librt-2.15.so
7fd35a480000-7fd35a495000 r-xp 00000000 08:05 10489415                   /lib/x86_64-linux-gnu/libgcc_s.so.1
7fd35a495000-7fd35a694000 ---p 00015000 08:05 10489415                   /lib/x86_64-linux-gnu/libgcc_s.so.1
7fd35a694000-7fd35a695000 r--p 00014000 08:05 10489415                   /lib/x86_64-linux-gnu/libgcc_s.so.1
7fd35a695000-7fd35a696000 rw-p 00015000 08:05 10489415                   /lib/x86_64-linux-gnu/libgcc_s.so.1
7fd35a696000-7fd35a791000 r-xp 00000000 08:05 10485887                   /lib/x86_64-linux-gnu/libm-2.15.so
7fd35a791000-7fd35a990000 ---p 000fb000 08:05 10485887                   /lib/x86_64-linux-gnu/libm-2.15.so
7fd35a990000-7fd35a991000 r--p 000fa000 08:05 10485887                   /lib/x86_64-linux-gnu/libm-2.15.so
7fd35a991000-7fd35a992000 rw-p 000fb000 08:05 10485887                   /lib/x86_64-linux-gnu/libm-2.15.so
7fd35a992000-7fd35aa74000 r-xp 00000000 08:05 10231417                   /usr/lib/x86_64-linux-gnu/libstdc++.so.6.0.16
7fd35aa74000-7fd35ac73000 ---p 000e2000 08:05 10231417                   /usr/lib/x86_64-linux-gnu/libstdc++.so.6.0.16
7fd35ac73000-7fd35ac7b000 r--p 000e1000 08:05 10231417                   /usr/lib/x86_64-linux-gnu/libstdc++.so.6.0.16
7fd35ac7b000-7fd35ac7d000 rw-p 000e9000 08:05 10231417                   /usr/lib/x86_64-linux-gnu/libstdc++.so.6.0.16
7fd35ac7d000-7fd35ac92000 rw-p 00000000 00:00 0 
7fd35ac92000-7fd35b597000 r-xp 00000000 08:05 10620262                   /usr/lib/jvm/java-6-openjdk-amd64/jre/lib/amd64/server/libjvm.so
7fd35b597000-7fd35b796000 ---p 00905000 08:05 10620262                   /usr/lib/jvm/java-6-openjdk-amd64/jre/lib/amd64/server/libjvm.so
7fd35b796000-7fd35b817000 r--p 00904000 08:05 10620262                   /usr/lib/jvm/java-6-openjdk-amd64/jre/lib/amd64/server/libjvm.so
7fd35b817000-7fd35b832000 rw-p 00985000 08:05 10620262                   /usr/lib/jvm/java-6-openjdk-amd64/jre/lib/amd64/server/libjvm.so
7fd35b832000-7fd35b85b000 rw-p 00000000 00:00 0 
7fd35b85b000-7fd35b871000 r-xp 00000000 08:05 10489505                   /lib/x86_64-linux-gnu/libz.so.1.2.3.4
7fd35b871000-7fd35ba70000 ---p 00016000 08:05 10489505                   /lib/x86_64-linux-gnu/libz.so.1.2.3.4
7fd35ba70000-7fd35ba71000 r--p 00015000 08:05 10489505                   /lib/x86_64-linux-gnu/libz.so.1.2.3.4
7fd35ba71000-7fd35ba72000 rw-p 00016000 08:05 10489505                   /lib/x86_64-linux-gnu/libz.so.1.2.3.4
7fd35ba72000-7fd35bc27000 r-xp 00000000 08:05 10485783                   /lib/x86_64-linux-gnu/libc-2.15.so
7fd35bc27000-7fd35be26000 ---p 001b5000 08:05 10485783                   /lib/x86_64-linux-gnu/libc-2.15.so
7fd35be26000-7fd35be2a000 r--p 001b4000 08:05 10485783                   /lib/x86_64-linux-gnu/libc-2.15.so
7fd35be2a000-7fd35be2c000 rw-p 001b8000 08:05 10485783                   /lib/x86_64-linux-gnu/libc-2.15.so
7fd35be2c000-7fd35be31000 rw-p 00000000 00:00 0 
7fd35be31000-7fd35be33000 r-xp 00000000 08:05 10485772                   /lib/x86_64-linux-gnu/libdl-2.15.so
7fd35be33000-7fd35c033000 ---p 00002000 08:05 10485772                   /lib/x86_64-linux-gnu/libdl-2.15.so
7fd35c033000-7fd35c034000 r--p 00002000 08:05 10485772                   /lib/x86_64-linux-gnu/libdl-2.15.so
7fd35c034000-7fd35c035000 rw-p 00003000 08:05 10485772                   /lib/x86_64-linux-gnu/libdl-2.15.so
7fd35c035000-7fd35c039000 r-xp 00000000 08:05 10491480                   /usr/lib/jvm/java-6-openjdk-amd64/jre/lib/amd64/jli/libjli.so
7fd35c039000-7fd35c238000 ---p 00004000 08:05 10491480                   /usr/lib/jvm/java-6-openjdk-amd64/jre/lib/amd64/jli/libjli.so
7fd35c238000-7fd35c239000 r--p 00003000 08:05 10491480                   /usr/lib/jvm/java-6-openjdk-amd64/jre/lib/amd64/jli/libjli.so
7fd35c239000-7fd35c23a000 rw-p 00004000 08:05 10491480                   /usr/lib/jvm/java-6-openjdk-amd64/jre/lib/amd64/jli/libjli.so
7fd35c23a000-7fd35c252000 r-xp 00000000 08:05 10485881                   /lib/x86_64-linux-gnu/libpthread-2.15.so
7fd35c252000-7fd35c451000 ---p 00018000 08:05 10485881                   /lib/x86_64-linux-gnu/libpthread-2.15.so
7fd35c451000-7fd35c452000 r--p 00017000 08:05 10485881                   /lib/x86_64-linux-gnu/libpthread-2.15.so
7fd35c452000-7fd35c453000 rw-p 00018000 08:05 10485881                   /lib/x86_64-linux-gnu/libpthread-2.15.so
7fd35c453000-7fd35c457000 rw-p 00000000 00:00 0 
7fd35c457000-7fd35c479000 r-xp 00000000 08:05 10485893                   /lib/x86_64-linux-gnu/ld-2.15.so
7fd35c47b000-7fd35c47d000 r--s 00005000 08:05 7345606                    /home/olga/Development/Play/framework/lib/slf4j-api-1.6.1.jar
7fd35c47d000-7fd35c480000 r--s 00011000 08:05 7345569                    /home/olga/Development/Play/framework/lib/ezmorph-1.0.3.jar
7fd35c480000-7fd35c487000 r--s 0006a000 08:05 7345598                    /home/olga/Development/Play/framework/lib/mail-1.4.3.jar
7fd35c487000-7fd35c48e000 r--s 00049000 08:05 7345603                    /home/olga/Development/Play/framework/lib/oval-1.50.jar
7fd35c48e000-7fd35c493000 r--s 0002e000 08:05 7345553                    /home/olga/Development/Play/framework/lib/asm-all-3.3.1.jar
7fd35c493000-7fd35c495000 r--s 0000d000 08:05 7345566                    /home/olga/Development/Play/framework/lib/commons-logging-1.1.1.jar
7fd35c495000-7fd35c49e000 r--s 0006d000 08:05 7345597                    /home/olga/Development/Play/framework/lib/log4j-1.2.16.jar
7fd35c49e000-7fd35c4b6000 rw-p 00000000 00:00 0 
7fd35c4b6000-7fd35c55e000 rw-p 00000000 00:00 0 
7fd35c55e000-7fd35c561000 ---p 00000000 00:00 0 
7fd35c561000-7fd35c664000 rw-p 00000000 00:00 0                          [stack:4496]
7fd35c664000-7fd35c669000 r--s 00048000 08:05 7345567                    /home/olga/Development/Play/framework/lib/dom4j-1.6.1.jar
7fd35c669000-7fd35c66a000 r--s 00001000 08:05 7473781                    /home/olga/Development/Play/modules/testrunner/lib/play-testrunner.jar
7fd35c66a000-7fd35c66c000 r--s 00003000 08:05 7346889                    /home/olga/Development/Play/modules/paginate-head/lib/play-paginate.jar
7fd35c66c000-7fd35c66d000 rw-p 00000000 00:00 0 
7fd35c66d000-7fd35c675000 rw-s 00000000 08:05 2883631                    /tmp/hsperfdata_olga/4495
7fd35c675000-7fd35c676000 rw-p 00000000 00:00 0 
7fd35c676000-7fd35c677000 r--p 00000000 00:00 0 
7fd35c677000-7fd35c679000 rw-p 00000000 00:00 0 
7fd35c679000-7fd35c67a000 r--p 00022000 08:05 10485893                   /lib/x86_64-linux-gnu/ld-2.15.so
7fd35c67a000-7fd35c67c000 rw-p 00023000 08:05 10485893                   /lib/x86_64-linux-gnu/ld-2.15.so
7fff2c2d0000-7fff2c2f2000 rw-p 00000000 00:00 0                          [stack]
7fff2c3ff000-7fff2c400000 r-xp 00000000 00:00 0                          [vdso]
ffffffffff600000-ffffffffff601000 r-xp 00000000 00:00 0                  [vsyscall]

VM Arguments:
jvm_args: -javaagent:/home/olga/Development/Play/framework/play-1.2.4.jar -XX:-UseSplitVerifier -Dfile.encoding=utf-8 -Xdebug -Xrunjdwp:transport=dt_socket,address=8000,server=y,suspend=n -Dplay.debug=yes -Dapplication.path=/home/olga/Development/Play/BookHunter -Dplay.id=test 
java_command: play.server.Server 
Launcher Type: SUN_STANDARD

Environment Variables:
PATH=/home/olga/Development/Play:/usr/lib/lightdm/lightdm:/usr/local/sbin:/usr/local/bin:/usr/sbin:/usr/bin:/sbin:/bin:/usr/games
LD_LIBRARY_PATH=/usr/lib/jvm/java-6-openjdk-amd64/jre/lib/amd64/server:/usr/lib/jvm/java-6-openjdk-amd64/jre/lib/amd64:/usr/lib/jvm/java-6-openjdk-amd64/jre/../lib/amd64
SHELL=/bin/bash
DISPLAY=:0.0

Signal Handlers:
SIGSEGV: [libjvm.so+0x7856d0], sa_mask[0]=0x7ffbfeff, sa_flags=0x10000004
SIGBUS: [libjvm.so+0x7856d0], sa_mask[0]=0x7ffbfeff, sa_flags=0x10000004
SIGFPE: [libjvm.so+0x649250], sa_mask[0]=0x7ffbfeff, sa_flags=0x10000004
SIGPIPE: [libjvm.so+0x649250], sa_mask[0]=0x7ffbfeff, sa_flags=0x10000004
SIGXFSZ: [libjvm.so+0x649250], sa_mask[0]=0x7ffbfeff, sa_flags=0x10000004
SIGILL: [libjvm.so+0x649250], sa_mask[0]=0x7ffbfeff, sa_flags=0x10000004
SIGUSR1: SIG_DFL, sa_mask[0]=0x00000000, sa_flags=0x00000000
SIGUSR2: [libjvm.so+0x649430], sa_mask[0]=0x00000000, sa_flags=0x10000004
SIGHUP: [libjvm.so+0x64bdf0], sa_mask[0]=0x7ffbfeff, sa_flags=0x10000004
SIGINT: [libjvm.so+0x64bdf0], sa_mask[0]=0x7ffbfeff, sa_flags=0x10000004
SIGTERM: [libjvm.so+0x64bdf0], sa_mask[0]=0x7ffbfeff, sa_flags=0x10000004
SIGQUIT: [libjvm.so+0x64bdf0], sa_mask[0]=0x7ffbfeff, sa_flags=0x10000004


---------------  S Y S T E M  ---------------

OS:Ubuntu 12.04 (precise)
uname:Linux 3.5.0-32-generic #53~precise1-Ubuntu SMP Wed May 29 20:33:37 UTC 2013 x86_64
libc:glibc 2.15 NPTL 2.15 
rlimit: STACK 8192k, CORE 0k, NPROC 30593, NOFILE 4096, AS infinity
load average:0.18 0.16 0.15

/proc/meminfo:
MemTotal:        3934588 kB
MemFree:          262436 kB
Buffers:          146100 kB
Cached:          1339720 kB
SwapCached:            0 kB
Active:          2332116 kB
Inactive:        1097448 kB
Active(anon):    1989460 kB
Inactive(anon):   351180 kB
Active(file):     342656 kB
Inactive(file):   746268 kB
Unevictable:          32 kB
Mlocked:              32 kB
SwapTotal:       4077564 kB
SwapFree:        4077564 kB
Dirty:               404 kB
Writeback:             0 kB
AnonPages:       1943568 kB
Mapped:           244164 kB
Shmem:            396916 kB
Slab:             134920 kB
SReclaimable:     103768 kB
SUnreclaim:        31152 kB
KernelStack:        4936 kB
PageTables:        43096 kB
NFS_Unstable:          0 kB
Bounce:                0 kB
WritebackTmp:          0 kB
CommitLimit:     6044856 kB
Committed_AS:    6136096 kB
VmallocTotal:   34359738367 kB
VmallocUsed:      560604 kB
VmallocChunk:   34359156416 kB
HardwareCorrupted:     0 kB
AnonHugePages:         0 kB
HugePages_Total:       0
HugePages_Free:        0
HugePages_Rsvd:        0
HugePages_Surp:        0
Hugepagesize:       2048 kB
DirectMap4k:       57344 kB
DirectMap2M:     4028416 kB


CPU:total 4 (4 cores per cpu, 1 threads per core) family 6 model 42 stepping 7, cmov, cx8, fxsr, mmx, sse, sse2, sse3, ssse3, sse4.1, sse4.2, popcnt

Memory: 4k page, physical 3934588k(262436k free), swap 4077564k(4077564k free)

vm_info: OpenJDK 64-Bit Server VM (20.0-b12) for linux-amd64 JRE (1.6.0_27-b27), built on Apr 25 2013 14:56:54 by "buildd" with gcc 4.6.3

time: Wed Jun  5 12:07:39 2013
elapsed time: 1448 seconds

