#
# A fatal error has been detected by the Java Runtime Environment:
#
#  SIGSEGV (0xb) at pc=0x00007f09cdc556be, pid=13470, tid=139679894722304
#
# JRE version: 6.0_27-b27
# Java VM: OpenJDK 64-Bit Server VM (20.0-b12 mixed mode linux-amd64 compressed oops)
# Derivative: IcedTea6 1.12.5
# Distribution: Ubuntu 12.04 LTS, package 6b27-1.12.5-0ubuntu0.12.04.1
# Problematic frame:
# V  [libjvm.so+0x5bd6be]  PhaseIdealLoop::build_loop_late_post(Node*)+0x14e
#
# If you would like to submit a bug report, please include
# instructions how to reproduce the bug and visit:
#   https://bugs.launchpad.net/ubuntu/+source/openjdk-6/
#

---------------  T H R E A D  ---------------

Current thread (0x00007f09c80dc000):  JavaThread "C2 CompilerThread1" daemon [_thread_in_native, id=13483, stack(0x00007f09c271d000,0x00007f09c281e000)]

siginfo:si_signo=SIGSEGV: si_errno=0, si_code=1 (SEGV_MAPERR), si_addr=0x0000000000000008

Registers:
RAX=0x0000000000000000, RBX=0x00007f09c281a8d0, RCX=0x00007f0988db4400, RDX=0x0000000000002000
RSP=0x00007f09c2819110, RBP=0x00007f09c2819150, RSI=0x00007f098818e560, RDI=0x0000000000000000
R8 =0x00007f09893f8530, R9 =0x00007f09c281a8d0, R10=0x00007f098818e560, R11=0x0000000000000000
R12=0x00007f0984099a60, R13=0x00007f098880ee08, R14=0x00007f09c281a8f0, R15=0x00007f0984634e98
RIP=0x00007f09cdc556be, EFLAGS=0x0000000000010202, CSGSFS=0x0000000000000033, ERR=0x0000000000000004
  TRAPNO=0x000000000000000e

Top of Stack: (sp=0x00007f09c2819110)
0x00007f09c2819110:   00007f098405d5d8 00007f09c28193f0
0x00007f09c2819120:   00007f09c2819150 00007f09c281a8d0
0x00007f09c2819130:   0000000000000002 00007f0984099a60
0x00007f09c2819140:   00007f0985d99a38 00007f09c28193f0
0x00007f09c2819150:   00007f09c28191c0 00007f09cdc55c2b
0x00007f09c2819160:   00007f09853f3520 00007f0900000100
0x00007f09c2819170:   00007f0900000001 00007f09c281b270
0x00007f09c2819180:   00007f09c2819410 00007f09c28193b0
0x00007f09c2819190:   0000000000001804 00007f09c281a8d0
0x00007f09c28191a0:   0000000000000007 0000000000000001
0x00007f09c28191b0:   0000000000000001 00007f09853f3520
0x00007f09c28191c0:   00007f09c2819460 00007f09cdc567f2
0x00007f09c28191d0:   00007f09c2819210 00007f09853f34b0
0x00007f09c28191e0:   00007f09c2819210 00007f09c281a8f0
0x00007f09c28191f0:   00007f0989029d68 00007f09c28194b0
0x00007f09c2819200:   00007f098902a0d8 00007f098902a028
0x00007f09c2819210:   00007f09c28192e0 00007f09cdb075c1
0x00007f09c2819220:   00007f09c80dc000 00007f0988afde10
0x00007f09c2819230:   00007f09ce22b820 0000000000000004
0x00007f09c2819240:   00007f09c2819e78 00007f09c2819e98
0x00007f09c2819250:   00007f09c2819280 00007f09cdcc9484
0x00007f09c2819260:   00007f0985d94840 00007f09c2819350
0x00007f09c2819270:   00007f09c2819280 00007f09cd9a4ba2
0x00007f09c2819280:   00007f09c28192e0 00007f09cdb09b75
0x00007f09c2819290:   00007f09856b8990 00007f0988bc75f0
0x00007f09c28192a0:   0000000000000010 0000000000000080
0x00007f09c28192b0:   0000000000000002 0000000000010040
0x00007f09c28192c0:   0000000000000000 0000043000001002
0x00007f09c28192d0:   0000007e000000db 0000007c00000079
0x00007f09c28192e0:   00007f09c28193d0 00007f0988000020
0x00007f09c28192f0:   00007f09c2819380 0000000000010010
0x00007f09c2819300:   00007f09883651c0 0000000000010000 

Instructions: (pc=0x00007f09cdc556be)
0x00007f09cdc5569e:   4c 39 e8 0f 84 ad 03 00 00 8b 70 28 49 89 c7 0f
0x00007f09cdc556ae:   1f 00 4c 8b 93 e0 09 00 00 49 8d 34 f2 48 8b 06
0x00007f09cdc556be:   48 8b 50 08 48 83 3a 00 75 27 8b 4b 28 0f 1f 44
0x00007f09cdc556ce:   00 00 8b 50 28 31 c0 39 ca 73 0c 48 8b 43 30 48 

Register to memory mapping:

RAX=0x0000000000000000 is an unknown value
RBX=0x00007f09c281a8d0 is pointing into the stack for thread: 0x00007f09c80dc000
RCX=0x00007f0988db4400 is an unknown value
RDX=0x0000000000002000 is an unknown value
RSP=0x00007f09c2819110 is pointing into the stack for thread: 0x00007f09c80dc000
RBP=0x00007f09c2819150 is pointing into the stack for thread: 0x00007f09c80dc000
RSI=0x00007f098818e560 is an unknown value
RDI=0x0000000000000000 is an unknown value
R8 =0x00007f09893f8530 is an unknown value
R9 =0x00007f09c281a8d0 is pointing into the stack for thread: 0x00007f09c80dc000
R10=0x00007f098818e560 is an unknown value
R11=0x0000000000000000 is an unknown value
R12=0x00007f0984099a60 is an unknown value
R13=0x00007f098880ee08 is an unknown value
R14=0x00007f09c281a8f0 is pointing into the stack for thread: 0x00007f09c80dc000
R15=0x00007f0984634e98 is an unknown value


Stack: [0x00007f09c271d000,0x00007f09c281e000],  sp=0x00007f09c2819110,  free space=1008k
Native frames: (J=compiled Java code, j=interpreted, Vv=VM code, C=native code)
V  [libjvm.so+0x5bd6be]  PhaseIdealLoop::build_loop_late_post(Node*)+0x14e
V  [libjvm.so+0x5bdc2b]  PhaseIdealLoop::build_loop_late(VectorSet&, Node_List&, Node_Stack&)+0x10b
V  [libjvm.so+0x5be7f2]  PhaseIdealLoop::build_and_optimize(bool, bool)+0x692
V  [libjvm.so+0x37c4fa]  Compile::Optimize()+0xd2a
V  [libjvm.so+0x37d263]  Compile::Compile(ciEnv*, C2Compiler*, ciMethod*, int, bool, bool)+0xad3
V  [libjvm.so+0x306a70]  C2Compiler::compile_method(ciEnv*, ciMethod*, int)+0xe0
V  [libjvm.so+0x381953]  CompileBroker::invoke_compiler_on_method(CompileTask*)+0x2a3
V  [libjvm.so+0x38229b]  CompileBroker::compiler_thread_loop()+0x45b
V  [libjvm.so+0x74d488]  JavaThread::thread_main_inner()+0x58
V  [libjvm.so+0x64c792]  java_start(Thread*)+0x112


Current CompileTask:
C2:1517728 1119      jregex.Pretokenizer.next()V (1064 bytes)


---------------  P R O C E S S  ---------------

Java Threads: ( => current thread )
  0x00007f096007f000 JavaThread "net.sf.ehcache.CacheManager@622959f4" daemon [_thread_blocked, id=13825, stack(0x00007f09c1bef000,0x00007f09c1cf0000)]
  0x00007f097406b000 JavaThread "New I/O server worker #1-2" [_thread_in_native, id=13824, stack(0x00007f09c19ed000,0x00007f09c1aee000)]
  0x00007f0974046000 JavaThread "New I/O server worker #1-1" [_thread_in_native, id=13823, stack(0x00007f09c16e5000,0x00007f09c17e6000)]
  0x00007f097406a000 JavaThread "New I/O server worker #1-8" [_thread_in_native, id=13822, stack(0x00007f09c1cf0000,0x00007f09c1df1000)]
  0x00007f0974029800 JavaThread "New I/O server worker #1-7" [_thread_in_native, id=13821, stack(0x00007f09c18ec000,0x00007f09c19ed000)]
  0x00007f097401a000 JavaThread "New I/O server worker #1-5" [_thread_in_native, id=13792, stack(0x00007f09c1aee000,0x00007f09c1bef000)]
  0x00007f09604e5800 JavaThread "pool-5-thread-1" [_thread_blocked, id=13508, stack(0x00007f09c13dd000,0x00007f09c14de000)]
  0x00007f0960257000 JavaThread "com.mchange.v2.async.ThreadPoolAsynchronousRunner$PoolThread-#2" daemon [_thread_blocked, id=13505, stack(0x00007f09c0de0000,0x00007f09c0ee1000)]
  0x00007f0960312800 JavaThread "com.mchange.v2.async.ThreadPoolAsynchronousRunner$PoolThread-#1" daemon [_thread_blocked, id=13504, stack(0x00007f09c0ee1000,0x00007f09c0fe2000)]
  0x00007f096025d800 JavaThread "com.mchange.v2.async.ThreadPoolAsynchronousRunner$PoolThread-#0" daemon [_thread_blocked, id=13503, stack(0x00007f09c0fe2000,0x00007f09c10e3000)]
  0x00007f0960103800 JavaThread "Timer-0" daemon [_thread_blocked, id=13502, stack(0x00007f09c10e3000,0x00007f09c11e4000)]
  0x00007f097800f800 JavaThread "play-thread-1" [_thread_blocked, id=13500, stack(0x00007f09c17eb000,0x00007f09c18ec000)]
  0x00007f09c800c800 JavaThread "DestroyJavaVM" [_thread_blocked, id=13471, stack(0x00007f09cef64000,0x00007f09cf065000)]
  0x00007f09c82a9000 JavaThread "New I/O server boss #1 ([id: 0x79fcf790, /0:0:0:0:0:0:0:0:9000])" [_thread_in_native, id=13486, stack(0x00007f09c1ef2000,0x00007f09c1ff3000)]
  0x00007f09c80de800 JavaThread "Low Memory Detector" daemon [_thread_blocked, id=13484, stack(0x00007f09c261c000,0x00007f09c271d000)]
=>0x00007f09c80dc000 JavaThread "C2 CompilerThread1" daemon [_thread_in_native, id=13483, stack(0x00007f09c271d000,0x00007f09c281e000)]
  0x00007f09c80d9000 JavaThread "C2 CompilerThread0" daemon [_thread_blocked, id=13482, stack(0x00007f09c281e000,0x00007f09c291f000)]
  0x00007f09c80d7000 JavaThread "JDWP Event Helper Thread" daemon [_thread_blocked, id=13481, stack(0x00007f09c291f000,0x00007f09c2a20000)]
  0x00007f09c80d3000 JavaThread "JDWP Transport Listener: dt_socket" daemon [_thread_in_native, id=13480, stack(0x00007f09c2a20000,0x00007f09c2b21000)]
  0x00007f09c808e800 JavaThread "Signal Dispatcher" daemon [_thread_blocked, id=13479, stack(0x00007f09c2d44000,0x00007f09c2e45000)]
  0x00007f09c807d000 JavaThread "Finalizer" daemon [_thread_blocked, id=13478, stack(0x00007f09c2e45000,0x00007f09c2f46000)]
  0x00007f09c807b000 JavaThread "Reference Handler" daemon [_thread_blocked, id=13477, stack(0x00007f09c2f46000,0x00007f09c3047000)]

Other Threads:
  0x00007f09c8076800 VMThread [stack: 0x00007f09c3047000,0x00007f09c3148000] [id=13476]
  0x00007f09c80e1000 WatcherThread [stack: 0x00007f09c251b000,0x00007f09c261c000] [id=13485]

VM state:not at safepoint (normal execution)

VM Mutex/Monitor currently owned by a thread: None

Heap
 PSYoungGen      total 13120K, used 8112K [0x00000000ebf60000, 0x00000000ecf70000, 0x0000000100000000)
  eden space 12352K, 59% used [0x00000000ebf60000,0x00000000ec68c090,0x00000000ecb70000)
  from space 768K, 100% used [0x00000000ecbb0000,0x00000000ecc70000,0x00000000ecc70000)
  to   space 2048K, 0% used [0x00000000ecd70000,0x00000000ecd70000,0x00000000ecf70000)
 PSOldGen        total 41024K, used 26328K [0x00000000c3e00000, 0x00000000c6610000, 0x00000000ebf60000)
  object space 41024K, 64% used [0x00000000c3e00000,0x00000000c57b6138,0x00000000c6610000)
 PSPermGen       total 49856K, used 49692K [0x00000000b9800000, 0x00000000bc8b0000, 0x00000000c3e00000)
  object space 49856K, 99% used [0x00000000b9800000,0x00000000bc8870a8,0x00000000bc8b0000)

Code Cache  [0x00007f09c3ed9000, 0x00007f09c44c9000, 0x00007f09c6ed9000)
 total_blobs=1758 nmethods=1097 adapters=622 free_code_cache=44201216 largest_free_block=19456

Dynamic libraries:
00400000-00409000 r-xp 00000000 08:05 10620266                           /usr/lib/jvm/java-6-openjdk-amd64/jre/bin/java
00608000-00609000 r--p 00008000 08:05 10620266                           /usr/lib/jvm/java-6-openjdk-amd64/jre/bin/java
00609000-0060a000 rw-p 00009000 08:05 10620266                           /usr/lib/jvm/java-6-openjdk-amd64/jre/bin/java
016df000-01700000 rw-p 00000000 00:00 0                                  [heap]
b9800000-bc8b0000 rw-p 00000000 00:00 0 
bc8b0000-c3e00000 rw-p 00000000 00:00 0 
c3e00000-c6610000 rw-p 00000000 00:00 0 
c6610000-ebf60000 rw-p 00000000 00:00 0 
ebf60000-ecf70000 rw-p 00000000 00:00 0 
ecf70000-f0380000 ---p 00000000 00:00 0 
f0380000-100000000 rw-p 00000000 00:00 0 
7f0944000000-7f09440e9000 rw-p 00000000 00:00 0 
7f09440e9000-7f0948000000 ---p 00000000 00:00 0 
7f0948000000-7f094804f000 rw-p 00000000 00:00 0 
7f094804f000-7f094c000000 ---p 00000000 00:00 0 
7f094c000000-7f094c07c000 rw-p 00000000 00:00 0 
7f094c07c000-7f0950000000 ---p 00000000 00:00 0 
7f0950000000-7f095003c000 rw-p 00000000 00:00 0 
7f095003c000-7f0954000000 ---p 00000000 00:00 0 
7f0954000000-7f0954021000 rw-p 00000000 00:00 0 
7f0954021000-7f0958000000 ---p 00000000 00:00 0 
7f0958000000-7f0958021000 rw-p 00000000 00:00 0 
7f0958021000-7f095c000000 ---p 00000000 00:00 0 
7f095c000000-7f095c021000 rw-p 00000000 00:00 0 
7f095c021000-7f0960000000 ---p 00000000 00:00 0 
7f0960000000-7f09614d0000 rw-p 00000000 00:00 0 
7f09614d0000-7f0964000000 ---p 00000000 00:00 0 
7f0964000000-7f0964021000 rw-p 00000000 00:00 0 
7f0964021000-7f0968000000 ---p 00000000 00:00 0 
7f0968000000-7f0968028000 rw-p 00000000 00:00 0 
7f0968028000-7f096c000000 ---p 00000000 00:00 0 
7f096c000000-7f096c02a000 rw-p 00000000 00:00 0 
7f096c02a000-7f0970000000 ---p 00000000 00:00 0 
7f0970000000-7f0970021000 rw-p 00000000 00:00 0 
7f0970021000-7f0974000000 ---p 00000000 00:00 0 
7f0974000000-7f09740e7000 rw-p 00000000 00:00 0 
7f09740e7000-7f0978000000 ---p 00000000 00:00 0 
7f0978000000-7f0978065000 rw-p 00000000 00:00 0 
7f0978065000-7f097c000000 ---p 00000000 00:00 0 
7f097c000000-7f097c021000 rw-p 00000000 00:00 0 
7f097c021000-7f0980000000 ---p 00000000 00:00 0 
7f0980000000-7f0980021000 rw-p 00000000 00:00 0 
7f0980021000-7f0984000000 ---p 00000000 00:00 0 
7f0984000000-7f0986925000 rw-p 00000000 00:00 0 
7f0986925000-7f0988000000 ---p 00000000 00:00 0 
7f0988000000-7f098b360000 rw-p 00000000 00:00 0 
7f098b360000-7f098c000000 ---p 00000000 00:00 0 
7f098c000000-7f098c021000 rw-p 00000000 00:00 0 
7f098c021000-7f0990000000 ---p 00000000 00:00 0 
7f0990000000-7f0990021000 rw-p 00000000 00:00 0 
7f0990021000-7f0994000000 ---p 00000000 00:00 0 
7f0994000000-7f0994021000 rw-p 00000000 00:00 0 
7f0994021000-7f0998000000 ---p 00000000 00:00 0 
7f0998000000-7f0998021000 rw-p 00000000 00:00 0 
7f0998021000-7f099c000000 ---p 00000000 00:00 0 
7f099c000000-7f099c031000 rw-p 00000000 00:00 0 
7f099c031000-7f09a0000000 ---p 00000000 00:00 0 
7f09a0000000-7f09a0021000 rw-p 00000000 00:00 0 
7f09a0021000-7f09a4000000 ---p 00000000 00:00 0 
7f09a4000000-7f09a4036000 rw-p 00000000 00:00 0 
7f09a4036000-7f09a8000000 ---p 00000000 00:00 0 
7f09ac000000-7f09ac021000 rw-p 00000000 00:00 0 
7f09ac021000-7f09b0000000 ---p 00000000 00:00 0 
7f09b4000000-7f09b4021000 rw-p 00000000 00:00 0 
7f09b4021000-7f09b8000000 ---p 00000000 00:00 0 
7f09bc000000-7f09bc021000 rw-p 00000000 00:00 0 
7f09bc021000-7f09c0000000 ---p 00000000 00:00 0 
7f09c0de0000-7f09c0de3000 ---p 00000000 00:00 0 
7f09c0de3000-7f09c0ee1000 rw-p 00000000 00:00 0                          [stack:13505]
7f09c0ee1000-7f09c0ee4000 ---p 00000000 00:00 0 
7f09c0ee4000-7f09c0fe2000 rw-p 00000000 00:00 0                          [stack:13504]
7f09c0fe2000-7f09c0fe5000 ---p 00000000 00:00 0 
7f09c0fe5000-7f09c10e3000 rw-p 00000000 00:00 0                          [stack:13503]
7f09c10e3000-7f09c10e6000 ---p 00000000 00:00 0 
7f09c10e6000-7f09c11e4000 rw-p 00000000 00:00 0                          [stack:13502]
7f09c13dd000-7f09c13e0000 ---p 00000000 00:00 0 
7f09c13e0000-7f09c14de000 rw-p 00000000 00:00 0                          [stack:13508]
7f09c14de000-7f09c14e4000 r-xp 00000000 08:05 10491493                   /usr/lib/jvm/java-6-openjdk-amd64/jre/lib/amd64/libmanagement.so
7f09c14e4000-7f09c16e3000 ---p 00006000 08:05 10491493                   /usr/lib/jvm/java-6-openjdk-amd64/jre/lib/amd64/libmanagement.so
7f09c16e3000-7f09c16e4000 r--p 00005000 08:05 10491493                   /usr/lib/jvm/java-6-openjdk-amd64/jre/lib/amd64/libmanagement.so
7f09c16e4000-7f09c16e5000 rw-p 00006000 08:05 10491493                   /usr/lib/jvm/java-6-openjdk-amd64/jre/lib/amd64/libmanagement.so
7f09c16e5000-7f09c16e8000 ---p 00000000 00:00 0 
7f09c16e8000-7f09c17e6000 rw-p 00000000 00:00 0                          [stack:13823]
7f09c17e6000-7f09c17e8000 r--s 00013000 08:05 10224636                   /usr/lib/jvm/java-6-openjdk-common/jre/lib/jce.jar
7f09c17e8000-7f09c17eb000 r--s 0007f000 08:05 10224635                   /usr/lib/jvm/java-6-openjdk-common/jre/lib/jsse.jar
7f09c17eb000-7f09c17ee000 ---p 00000000 00:00 0 
7f09c17ee000-7f09c18ec000 rw-p 00000000 00:00 0                          [stack:13500]
7f09c18ec000-7f09c18ef000 ---p 00000000 00:00 0 
7f09c18ef000-7f09c19ed000 rw-p 00000000 00:00 0                          [stack:13821]
7f09c19ed000-7f09c19f0000 ---p 00000000 00:00 0 
7f09c19f0000-7f09c1aee000 rw-p 00000000 00:00 0                          [stack:13824]
7f09c1aee000-7f09c1af1000 ---p 00000000 00:00 0 
7f09c1af1000-7f09c1bef000 rw-p 00000000 00:00 0                          [stack:13792]
7f09c1bef000-7f09c1bf2000 ---p 00000000 00:00 0 
7f09c1bf2000-7f09c1cf0000 rw-p 00000000 00:00 0                          [stack:13825]
7f09c1cf0000-7f09c1cf3000 ---p 00000000 00:00 0 
7f09c1cf3000-7f09c1df1000 rw-p 00000000 00:00 0                          [stack:13822]
7f09c1df1000-7f09c1df4000 ---p 00000000 00:00 0 
7f09c1df4000-7f09c1ef2000 rw-p 00000000 00:00 0 
7f09c1ef2000-7f09c1ef5000 ---p 00000000 00:00 0 
7f09c1ef5000-7f09c1ff3000 rw-p 00000000 00:00 0                          [stack:13486]
7f09c1ff3000-7f09c1ffb000 r-xp 00000000 08:05 10491485                   /usr/lib/jvm/java-6-openjdk-amd64/jre/lib/amd64/libnio.so
7f09c1ffb000-7f09c21fa000 ---p 00008000 08:05 10491485                   /usr/lib/jvm/java-6-openjdk-amd64/jre/lib/amd64/libnio.so
7f09c21fa000-7f09c21fb000 r--p 00007000 08:05 10491485                   /usr/lib/jvm/java-6-openjdk-amd64/jre/lib/amd64/libnio.so
7f09c21fb000-7f09c21fc000 rw-p 00008000 08:05 10491485                   /usr/lib/jvm/java-6-openjdk-amd64/jre/lib/amd64/libnio.so
7f09c21fc000-7f09c2211000 r-xp 00000000 08:05 10491489                   /usr/lib/jvm/java-6-openjdk-amd64/jre/lib/amd64/libnet.so
7f09c2211000-7f09c2410000 ---p 00015000 08:05 10491489                   /usr/lib/jvm/java-6-openjdk-amd64/jre/lib/amd64/libnet.so
7f09c2410000-7f09c2411000 r--p 00014000 08:05 10491489                   /usr/lib/jvm/java-6-openjdk-amd64/jre/lib/amd64/libnet.so
7f09c2411000-7f09c2412000 rw-p 00015000 08:05 10491489                   /usr/lib/jvm/java-6-openjdk-amd64/jre/lib/amd64/libnet.so
7f09c2412000-7f09c2414000 r--s 00015000 08:05 7345592                    /home/olga/Development/Play/framework/lib/jregex-1.2_01.jar
7f09c2414000-7f09c241a000 r--s 00032000 08:05 7345586                    /home/olga/Development/Play/framework/lib/jaxen-1.1.jar
7f09c241a000-7f09c241f000 r--s 00020000 08:05 7345587                    /home/olga/Development/Play/framework/lib/jj-imaging.jar
7f09c241f000-7f09c2425000 r--s 000fc000 08:05 10225239                   /usr/lib/jvm/java-6-openjdk-common/jre/lib/resources.jar
7f09c2425000-7f09c2435000 r--s 000b2000 08:05 7345601                    /home/olga/Development/Play/framework/lib/netty-3.2.5.Final.jar
7f09c2435000-7f09c243b000 r--s 00040000 08:05 7345599                    /home/olga/Development/Play/framework/lib/memcached-2.6.jar
7f09c243b000-7f09c2446000 r--s 00124000 08:05 7345573                    /home/olga/Development/Play/framework/lib/h2-1.3.149.jar
7f09c2446000-7f09c2448000 r--s 0000b000 08:05 7345589                    /home/olga/Development/Play/framework/lib/jj-textile.jar
7f09c2448000-7f09c244e000 r--s 00049000 08:05 7345557                    /home/olga/Development/Play/framework/lib/cglib-nodep-2.2.jar
7f09c244e000-7f09c2451000 r--s 00022000 08:05 7345583                    /home/olga/Development/Play/framework/lib/jamon-2.7.jar
7f09c2451000-7f09c2453000 r--s 00015000 08:05 7345588                    /home/olga/Development/Play/framework/lib/jj-simplecaptcha.jar
7f09c2453000-7f09c2459000 r--s 00038000 08:05 7345608                    /home/olga/Development/Play/framework/lib/snakeyaml-1.7.jar
7f09c2459000-7f09c245c000 r--s 0000f000 08:05 7345570                    /home/olga/Development/Play/framework/lib/geronimo-servlet_2.5_spec-1.2.jar
7f09c245c000-7f09c245e000 r--s 00001000 08:05 7345593                    /home/olga/Development/Play/framework/lib/jsr107cache-1.0.jar
7f09c245e000-7f09c246c000 r--s 0007f000 08:05 7345560                    /home/olga/Development/Play/framework/lib/commons-collections-3.2.1.jar
7f09c246c000-7f09c2496000 r--s 00427000 08:05 7345602                    /home/olga/Development/Play/framework/lib/org.eclipse.jdt.core-3.8.0.v_C03.jar
7f09c2496000-7f09c2498000 r--s 0000e000 08:05 7345564                    /home/olga/Development/Play/framework/lib/commons-javaflow-1066591.jar
7f09c2498000-7f09c249a000 r--s 0000d000 08:05 7345559                    /home/olga/Development/Play/framework/lib/commons-codec-1.4.jar
7f09c249a000-7f09c249b000 r--s 00007000 08:05 7345561                    /home/olga/Development/Play/framework/lib/commons-email-1.2.jar
7f09c249b000-7f09c249c000 r--s 00002000 08:05 7345607                    /home/olga/Development/Play/framework/lib/slf4j-log4j12-1.6.1.jar
7f09c249c000-7f09c24a3000 r--s 00038000 08:05 7345590                    /home/olga/Development/Play/framework/lib/jj-wikitext.jar
7f09c24a3000-7f09c24aa000 r--s 0004d000 08:05 7345554                    /home/olga/Development/Play/framework/lib/async-http-client-1.6.5.jar
7f09c24aa000-7f09c24ad000 r--s 0000f000 08:05 7345575                    /home/olga/Development/Play/framework/lib/hibernate-commons-annotations-3.2.0.Final.jar
7f09c24ad000-7f09c24af000 r--s 00002000 08:05 7345594                    /home/olga/Development/Play/framework/lib/jta-1.1.jar
7f09c24af000-7f09c24b2000 r--s 00024000 08:05 7345563                    /home/olga/Development/Play/framework/lib/commons-io-2.0.1.jar
7f09c24b2000-7f09c24b4000 r--s 0000c000 08:05 7345551                    /home/olga/Development/Play/framework/lib/activation-1.1.1.jar
7f09c24b4000-7f09c24bc000 r--s 0008a000 08:05 7345584                    /home/olga/Development/Play/framework/lib/javassist-3.9.0.GA.jar
7f09c24bc000-7f09c24c2000 r--s 0007e000 08:05 7345604                    /home/olga/Development/Play/framework/lib/postgresql-9.0.jar
7f09c24c2000-7f09c24c7000 r--s 00014000 08:05 7345581                    /home/olga/Development/Play/framework/lib/hibernate-jpa-2.0-api-1.0.0.Final.jar
7f09c24c7000-7f09c24d0000 r--s 0005d000 08:05 7345579                    /home/olga/Development/Play/framework/lib/hibernate-entitymanager-3.6.0.Final.jar
7f09c24d0000-7f09c24d4000 r--s 00027000 08:05 7345572                    /home/olga/Development/Play/framework/lib/gson-1.7.1.jar
7f09c24d4000-7f09c24d6000 r--s 00005000 08:05 7345606                    /home/olga/Development/Play/framework/lib/slf4j-api-1.6.1.jar
7f09c24d6000-7f09c24db000 r--s 00034000 08:05 7345558                    /home/olga/Development/Play/framework/lib/commons-beanutils-1.8.3.jar
7f09c24db000-7f09c24e5000 r--s 0006f000 08:05 7345568                    /home/olga/Development/Play/framework/lib/ehcache-core-2.0.0.jar
7f09c24e5000-7f09c24f0000 r--s 0005a000 08:05 7345609                    /home/olga/Development/Play/framework/lib/xstream-1.3.jar
7f09c24f0000-7f09c24f1000 r--s 00000000 08:05 7345585                    /home/olga/Development/Play/framework/lib/javax.inject-1.0.jar
7f09c24f1000-7f09c24f3000 r--s 00008000 08:05 7345605                    /home/olga/Development/Play/framework/lib/signpost-core-1.2.jar
7f09c24f3000-7f09c24f8000 r--s 00041000 08:05 7345565                    /home/olga/Development/Play/framework/lib/commons-lang-2.6.jar
7f09c24f8000-7f09c24fe000 r--s 00034000 08:05 7345595                    /home/olga/Development/Play/framework/lib/junit-4.8.1.jar
7f09c24fe000-7f09c2505000 r--s 000b7000 08:05 7345600                    /home/olga/Development/Play/framework/lib/mysql-connector-java-5.1.13.jar
7f09c2505000-7f09c2514000 r--s 0007c000 08:05 7345591                    /home/olga/Development/Play/framework/lib/joda-time-2.0.jar
7f09c2514000-7f09c251b000 r--s 0006a000 08:05 7345598                    /home/olga/Development/Play/framework/lib/mail-1.4.3.jar
7f09c251b000-7f09c251c000 ---p 00000000 00:00 0 
7f09c251c000-7f09c261c000 rw-p 00000000 00:00 0                          [stack:13485]
7f09c261c000-7f09c261f000 ---p 00000000 00:00 0 
7f09c261f000-7f09c271d000 rw-p 00000000 00:00 0                          [stack:13484]
7f09c271d000-7f09c2720000 ---p 00000000 00:00 0 
7f09c2720000-7f09c281e000 rw-p 00000000 00:00 0                          [stack:13483]
7f09c281e000-7f09c2821000 ---p 00000000 00:00 0 
7f09c2821000-7f09c291f000 rw-p 00000000 00:00 0                          [stack:13482]
7f09c291f000-7f09c2922000 ---p 00000000 00:00 0 
7f09c2922000-7f09c2a20000 rw-p 00000000 00:00 0                          [stack:13481]
7f09c2a20000-7f09c2a23000 ---p 00000000 00:00 0 
7f09c2a23000-7f09c2b21000 rw-p 00000000 00:00 0                          [stack:13480]
7f09c2b21000-7f09c2b25000 r-xp 00000000 08:05 10491505                   /usr/lib/jvm/java-6-openjdk-amd64/jre/lib/amd64/libdt_socket.so
7f09c2b25000-7f09c2d24000 ---p 00004000 08:05 10491505                   /usr/lib/jvm/java-6-openjdk-amd64/jre/lib/amd64/libdt_socket.so
7f09c2d24000-7f09c2d25000 r--p 00003000 08:05 10491505                   /usr/lib/jvm/java-6-openjdk-amd64/jre/lib/amd64/libdt_socket.so
7f09c2d25000-7f09c2d26000 rw-p 00004000 08:05 10491505                   /usr/lib/jvm/java-6-openjdk-amd64/jre/lib/amd64/libdt_socket.so
7f09c2d26000-7f09c2d29000 r--s 0007f000 08:05 10224635                   /usr/lib/jvm/java-6-openjdk-common/jre/lib/jsse.jar
7f09c2d29000-7f09c2d35000 r--s 000c2000 08:05 7345961                    /home/olga/Development/Play/framework/play-1.2.4.jar
7f09c2d35000-7f09c2d37000 r--s 00001000 08:05 10225204                   /usr/lib/jvm/java-6-openjdk-common/jre/lib/ext/dnsns.jar
7f09c2d37000-7f09c2d3a000 r--s 00031000 08:05 10225202                   /usr/lib/jvm/java-6-openjdk-common/jre/lib/ext/sunjce_provider.jar
7f09c2d3a000-7f09c2d3d000 r--s 00077000 08:05 10225200                   /usr/lib/jvm/java-6-openjdk-common/jre/lib/ext/localedata.jar
7f09c2d3d000-7f09c2d3f000 r--s 0000f000 08:05 10225206                   /usr/lib/jvm/java-6-openjdk-common/jre/lib/ext/pulse-java.jar
7f09c2d3f000-7f09c2d43000 r--s 00039000 08:05 10225198                   /usr/lib/jvm/java-6-openjdk-common/jre/lib/ext/sunpkcs11.jar
7f09c2d43000-7f09c2d44000 r--s 00007000 08:05 10758633                   /usr/share/java/java-atk-wrapper.jar
7f09c2d44000-7f09c2d47000 ---p 00000000 00:00 0 
7f09c2d47000-7f09c2e45000 rw-p 00000000 00:00 0                          [stack:13479]
7f09c2e45000-7f09c2e48000 ---p 00000000 00:00 0 
7f09c2e48000-7f09c2f46000 rw-p 00000000 00:00 0                          [stack:13478]
7f09c2f46000-7f09c2f49000 ---p 00000000 00:00 0 
7f09c2f49000-7f09c3047000 rw-p 00000000 00:00 0                          [stack:13477]
7f09c3047000-7f09c3048000 ---p 00000000 00:00 0 
7f09c3048000-7f09c364d000 rw-p 00000000 00:00 0                          [stack:13476]
7f09c364d000-7f09c37e0000 r--s 037db000 08:05 10363553                   /usr/lib/jvm/java-6-openjdk-amd64/jre/lib/rt.jar
7f09c37e0000-7f09c37e1000 ---p 00000000 00:00 0 
7f09c37e1000-7f09c38e1000 rw-p 00000000 00:00 0                          [stack:13475]
7f09c38e1000-7f09c38e2000 ---p 00000000 00:00 0 
7f09c38e2000-7f09c39e2000 rw-p 00000000 00:00 0                          [stack:13474]
7f09c39e2000-7f09c39e3000 ---p 00000000 00:00 0 
7f09c39e3000-7f09c3ae3000 rw-p 00000000 00:00 0                          [stack:13473]
7f09c3ae3000-7f09c3ae4000 ---p 00000000 00:00 0 
7f09c3ae4000-7f09c3bfd000 rw-p 00000000 00:00 0                          [stack:13472]
7f09c3bfd000-7f09c3c37000 rw-p 00000000 00:00 0 
7f09c3c37000-7f09c3c4c000 rw-p 00000000 00:00 0 
7f09c3c4c000-7f09c3d77000 rw-p 00000000 00:00 0 
7f09c3d77000-7f09c3d80000 rw-p 00000000 00:00 0 
7f09c3d80000-7f09c3d9a000 ---p 00000000 00:00 0 
7f09c3d9a000-7f09c3e18000 rw-p 00000000 00:00 0 
7f09c3e18000-7f09c3e31000 rw-p 00000000 00:00 0 
7f09c3e31000-7f09c3ed9000 rw-p 00000000 00:00 0 
7f09c3ed9000-7f09c44c9000 rwxp 00000000 00:00 0 
7f09c44c9000-7f09c6ed9000 rw-p 00000000 00:00 0 
7f09c6ed9000-7f09c6ee0000 r-xp 00000000 08:05 10491508                   /usr/lib/jvm/java-6-openjdk-amd64/jre/lib/amd64/libzip.so
7f09c6ee0000-7f09c70df000 ---p 00007000 08:05 10491508                   /usr/lib/jvm/java-6-openjdk-amd64/jre/lib/amd64/libzip.so
7f09c70df000-7f09c70e0000 r--p 00006000 08:05 10491508                   /usr/lib/jvm/java-6-openjdk-amd64/jre/lib/amd64/libzip.so
7f09c70e0000-7f09c70e1000 rw-p 00007000 08:05 10491508                   /usr/lib/jvm/java-6-openjdk-amd64/jre/lib/amd64/libzip.so
7f09c70e1000-7f09c70ed000 r-xp 00000000 08:05 10485889                   /lib/x86_64-linux-gnu/libnss_files-2.15.so
7f09c70ed000-7f09c72ec000 ---p 0000c000 08:05 10485889                   /lib/x86_64-linux-gnu/libnss_files-2.15.so
7f09c72ec000-7f09c72ed000 r--p 0000b000 08:05 10485889                   /lib/x86_64-linux-gnu/libnss_files-2.15.so
7f09c72ed000-7f09c72ee000 rw-p 0000c000 08:05 10485889                   /lib/x86_64-linux-gnu/libnss_files-2.15.so
7f09c72ee000-7f09c72f8000 r-xp 00000000 08:05 10485885                   /lib/x86_64-linux-gnu/libnss_nis-2.15.so
7f09c72f8000-7f09c74f8000 ---p 0000a000 08:05 10485885                   /lib/x86_64-linux-gnu/libnss_nis-2.15.so
7f09c74f8000-7f09c74f9000 r--p 0000a000 08:05 10485885                   /lib/x86_64-linux-gnu/libnss_nis-2.15.so
7f09c74f9000-7f09c74fa000 rw-p 0000b000 08:05 10485885                   /lib/x86_64-linux-gnu/libnss_nis-2.15.so
7f09c74fa000-7f09c7511000 r-xp 00000000 08:05 10489715                   /lib/x86_64-linux-gnu/libnsl-2.15.so
7f09c7511000-7f09c7710000 ---p 00017000 08:05 10489715                   /lib/x86_64-linux-gnu/libnsl-2.15.so
7f09c7710000-7f09c7711000 r--p 00016000 08:05 10489715                   /lib/x86_64-linux-gnu/libnsl-2.15.so
7f09c7711000-7f09c7712000 rw-p 00017000 08:05 10489715                   /lib/x86_64-linux-gnu/libnsl-2.15.so
7f09c7712000-7f09c7714000 rw-p 00000000 00:00 0 
7f09c7714000-7f09c771c000 r-xp 00000000 08:05 10485890                   /lib/x86_64-linux-gnu/libnss_compat-2.15.so
7f09c771c000-7f09c791b000 ---p 00008000 08:05 10485890                   /lib/x86_64-linux-gnu/libnss_compat-2.15.so
7f09c791b000-7f09c791c000 r--p 00007000 08:05 10485890                   /lib/x86_64-linux-gnu/libnss_compat-2.15.so
7f09c791c000-7f09c791d000 rw-p 00008000 08:05 10485890                   /lib/x86_64-linux-gnu/libnss_compat-2.15.so
7f09c791d000-7f09c8000000 r--p 00000000 08:05 10230127                   /usr/lib/locale/locale-archive
7f09c8000000-7f09c85c4000 rw-p 00000000 00:00 0 
7f09c85c4000-7f09cc000000 ---p 00000000 00:00 0 
7f09cc002000-7f09cc009000 r--s 00049000 08:05 7345603                    /home/olga/Development/Play/framework/lib/oval-1.50.jar
7f09cc009000-7f09cc05d000 r--s 00520000 08:05 7345571                    /home/olga/Development/Play/framework/lib/groovy-all-1.7.10.jar
7f09cc05d000-7f09cc082000 r--s 00172000 08:05 7345555                    /home/olga/Development/Play/framework/lib/bcprov-jdk15-1.45.jar
7f09cc082000-7f09cc0b4000 r--s 002c7000 08:05 7345577                    /home/olga/Development/Play/framework/lib/hibernate-core-3.6.1.Final.jar
7f09cc0b4000-7f09cc0c9000 rw-p 00000000 00:00 0 
7f09cc0c9000-7f09cc1f5000 rw-p 00000000 00:00 0 
7f09cc1f5000-7f09cc1f8000 r-xp 00000000 08:05 10491478                   /usr/lib/jvm/java-6-openjdk-amd64/jre/lib/amd64/libnpt.so
7f09cc1f8000-7f09cc3f7000 ---p 00003000 08:05 10491478                   /usr/lib/jvm/java-6-openjdk-amd64/jre/lib/amd64/libnpt.so
7f09cc3f7000-7f09cc3f8000 r--p 00002000 08:05 10491478                   /usr/lib/jvm/java-6-openjdk-amd64/jre/lib/amd64/libnpt.so
7f09cc3f8000-7f09cc3f9000 rw-p 00003000 08:05 10491478                   /usr/lib/jvm/java-6-openjdk-amd64/jre/lib/amd64/libnpt.so
7f09cc3f9000-7f09cc402000 r-xp 00000000 08:05 10491477                   /usr/lib/jvm/java-6-openjdk-amd64/jre/lib/amd64/libinstrument.so
7f09cc402000-7f09cc602000 ---p 00009000 08:05 10491477                   /usr/lib/jvm/java-6-openjdk-amd64/jre/lib/amd64/libinstrument.so
7f09cc602000-7f09cc603000 r--p 00009000 08:05 10491477                   /usr/lib/jvm/java-6-openjdk-amd64/jre/lib/amd64/libinstrument.so
7f09cc603000-7f09cc604000 rw-p 0000a000 08:05 10491477                   /usr/lib/jvm/java-6-openjdk-amd64/jre/lib/amd64/libinstrument.so
7f09cc604000-7f09cc63e000 r-xp 00000000 08:05 10491486                   /usr/lib/jvm/java-6-openjdk-amd64/jre/lib/amd64/libjdwp.so
7f09cc63e000-7f09cc83d000 ---p 0003a000 08:05 10491486                   /usr/lib/jvm/java-6-openjdk-amd64/jre/lib/amd64/libjdwp.so
7f09cc83d000-7f09cc83e000 r--p 00039000 08:05 10491486                   /usr/lib/jvm/java-6-openjdk-amd64/jre/lib/amd64/libjdwp.so
7f09cc83e000-7f09cc83f000 rw-p 0003a000 08:05 10491486                   /usr/lib/jvm/java-6-openjdk-amd64/jre/lib/amd64/libjdwp.so
7f09cc83f000-7f09cc86b000 r-xp 00000000 08:05 10491496                   /usr/lib/jvm/java-6-openjdk-amd64/jre/lib/amd64/libjava.so
7f09cc86b000-7f09cca6a000 ---p 0002c000 08:05 10491496                   /usr/lib/jvm/java-6-openjdk-amd64/jre/lib/amd64/libjava.so
7f09cca6a000-7f09cca6b000 r--p 0002b000 08:05 10491496                   /usr/lib/jvm/java-6-openjdk-amd64/jre/lib/amd64/libjava.so
7f09cca6b000-7f09cca6e000 rw-p 0002c000 08:05 10491496                   /usr/lib/jvm/java-6-openjdk-amd64/jre/lib/amd64/libjava.so
7f09cca6e000-7f09cca7c000 r-xp 00000000 08:05 10491495                   /usr/lib/jvm/java-6-openjdk-amd64/jre/lib/amd64/libverify.so
7f09cca7c000-7f09ccc7b000 ---p 0000e000 08:05 10491495                   /usr/lib/jvm/java-6-openjdk-amd64/jre/lib/amd64/libverify.so
7f09ccc7b000-7f09ccc7d000 r--p 0000d000 08:05 10491495                   /usr/lib/jvm/java-6-openjdk-amd64/jre/lib/amd64/libverify.so
7f09ccc7d000-7f09ccc7e000 rw-p 0000f000 08:05 10491495                   /usr/lib/jvm/java-6-openjdk-amd64/jre/lib/amd64/libverify.so
7f09ccc7e000-7f09ccc85000 r-xp 00000000 08:05 10485883                   /lib/x86_64-linux-gnu/librt-2.15.so
7f09ccc85000-7f09cce84000 ---p 00007000 08:05 10485883                   /lib/x86_64-linux-gnu/librt-2.15.so
7f09cce84000-7f09cce85000 r--p 00006000 08:05 10485883                   /lib/x86_64-linux-gnu/librt-2.15.so
7f09cce85000-7f09cce86000 rw-p 00007000 08:05 10485883                   /lib/x86_64-linux-gnu/librt-2.15.so
7f09cce86000-7f09cce9b000 r-xp 00000000 08:05 10489415                   /lib/x86_64-linux-gnu/libgcc_s.so.1
7f09cce9b000-7f09cd09a000 ---p 00015000 08:05 10489415                   /lib/x86_64-linux-gnu/libgcc_s.so.1
7f09cd09a000-7f09cd09b000 r--p 00014000 08:05 10489415                   /lib/x86_64-linux-gnu/libgcc_s.so.1
7f09cd09b000-7f09cd09c000 rw-p 00015000 08:05 10489415                   /lib/x86_64-linux-gnu/libgcc_s.so.1
7f09cd09c000-7f09cd197000 r-xp 00000000 08:05 10485887                   /lib/x86_64-linux-gnu/libm-2.15.so
7f09cd197000-7f09cd396000 ---p 000fb000 08:05 10485887                   /lib/x86_64-linux-gnu/libm-2.15.so
7f09cd396000-7f09cd397000 r--p 000fa000 08:05 10485887                   /lib/x86_64-linux-gnu/libm-2.15.so
7f09cd397000-7f09cd398000 rw-p 000fb000 08:05 10485887                   /lib/x86_64-linux-gnu/libm-2.15.so
7f09cd398000-7f09cd47a000 r-xp 00000000 08:05 10231417                   /usr/lib/x86_64-linux-gnu/libstdc++.so.6.0.16
7f09cd47a000-7f09cd679000 ---p 000e2000 08:05 10231417                   /usr/lib/x86_64-linux-gnu/libstdc++.so.6.0.16
7f09cd679000-7f09cd681000 r--p 000e1000 08:05 10231417                   /usr/lib/x86_64-linux-gnu/libstdc++.so.6.0.16
7f09cd681000-7f09cd683000 rw-p 000e9000 08:05 10231417                   /usr/lib/x86_64-linux-gnu/libstdc++.so.6.0.16
7f09cd683000-7f09cd698000 rw-p 00000000 00:00 0 
7f09cd698000-7f09cdf9d000 r-xp 00000000 08:05 10620262                   /usr/lib/jvm/java-6-openjdk-amd64/jre/lib/amd64/server/libjvm.so
7f09cdf9d000-7f09ce19c000 ---p 00905000 08:05 10620262                   /usr/lib/jvm/java-6-openjdk-amd64/jre/lib/amd64/server/libjvm.so
7f09ce19c000-7f09ce21d000 r--p 00904000 08:05 10620262                   /usr/lib/jvm/java-6-openjdk-amd64/jre/lib/amd64/server/libjvm.so
7f09ce21d000-7f09ce238000 rw-p 00985000 08:05 10620262                   /usr/lib/jvm/java-6-openjdk-amd64/jre/lib/amd64/server/libjvm.so
7f09ce238000-7f09ce261000 rw-p 00000000 00:00 0 
7f09ce261000-7f09ce277000 r-xp 00000000 08:05 10489505                   /lib/x86_64-linux-gnu/libz.so.1.2.3.4
7f09ce277000-7f09ce476000 ---p 00016000 08:05 10489505                   /lib/x86_64-linux-gnu/libz.so.1.2.3.4
7f09ce476000-7f09ce477000 r--p 00015000 08:05 10489505                   /lib/x86_64-linux-gnu/libz.so.1.2.3.4
7f09ce477000-7f09ce478000 rw-p 00016000 08:05 10489505                   /lib/x86_64-linux-gnu/libz.so.1.2.3.4
7f09ce478000-7f09ce62d000 r-xp 00000000 08:05 10485783                   /lib/x86_64-linux-gnu/libc-2.15.so
7f09ce62d000-7f09ce82c000 ---p 001b5000 08:05 10485783                   /lib/x86_64-linux-gnu/libc-2.15.so
7f09ce82c000-7f09ce830000 r--p 001b4000 08:05 10485783                   /lib/x86_64-linux-gnu/libc-2.15.so
7f09ce830000-7f09ce832000 rw-p 001b8000 08:05 10485783                   /lib/x86_64-linux-gnu/libc-2.15.so
7f09ce832000-7f09ce837000 rw-p 00000000 00:00 0 
7f09ce837000-7f09ce839000 r-xp 00000000 08:05 10485772                   /lib/x86_64-linux-gnu/libdl-2.15.so
7f09ce839000-7f09cea39000 ---p 00002000 08:05 10485772                   /lib/x86_64-linux-gnu/libdl-2.15.so
7f09cea39000-7f09cea3a000 r--p 00002000 08:05 10485772                   /lib/x86_64-linux-gnu/libdl-2.15.so
7f09cea3a000-7f09cea3b000 rw-p 00003000 08:05 10485772                   /lib/x86_64-linux-gnu/libdl-2.15.so
7f09cea3b000-7f09cea3f000 r-xp 00000000 08:05 10491480                   /usr/lib/jvm/java-6-openjdk-amd64/jre/lib/amd64/jli/libjli.so
7f09cea3f000-7f09cec3e000 ---p 00004000 08:05 10491480                   /usr/lib/jvm/java-6-openjdk-amd64/jre/lib/amd64/jli/libjli.so
7f09cec3e000-7f09cec3f000 r--p 00003000 08:05 10491480                   /usr/lib/jvm/java-6-openjdk-amd64/jre/lib/amd64/jli/libjli.so
7f09cec3f000-7f09cec40000 rw-p 00004000 08:05 10491480                   /usr/lib/jvm/java-6-openjdk-amd64/jre/lib/amd64/jli/libjli.so
7f09cec40000-7f09cec58000 r-xp 00000000 08:05 10485881                   /lib/x86_64-linux-gnu/libpthread-2.15.so
7f09cec58000-7f09cee57000 ---p 00018000 08:05 10485881                   /lib/x86_64-linux-gnu/libpthread-2.15.so
7f09cee57000-7f09cee58000 r--p 00017000 08:05 10485881                   /lib/x86_64-linux-gnu/libpthread-2.15.so
7f09cee58000-7f09cee59000 rw-p 00018000 08:05 10485881                   /lib/x86_64-linux-gnu/libpthread-2.15.so
7f09cee59000-7f09cee5d000 rw-p 00000000 00:00 0 
7f09cee5d000-7f09cee7f000 r-xp 00000000 08:05 10485893                   /lib/x86_64-linux-gnu/ld-2.15.so
7f09cee81000-7f09cee90000 r--s 000d9000 08:05 7345582                    /home/olga/Development/Play/framework/lib/ivy-2.2.0.jar
7f09cee90000-7f09cee96000 r--s 00067000 08:05 7345552                    /home/olga/Development/Play/framework/lib/antlr-2.7.6.jar
7f09cee96000-7f09cee99000 r--s 00011000 08:05 7345569                    /home/olga/Development/Play/framework/lib/ezmorph-1.0.3.jar
7f09cee99000-7f09ceea4000 r--s 0008b000 08:05 7345556                    /home/olga/Development/Play/framework/lib/c3p0-0.9.1.2.jar
7f09ceea4000-7f09ceea6000 r--s 0000d000 08:05 7345562                    /home/olga/Development/Play/framework/lib/commons-fileupload-1.2.2.jar
7f09ceea6000-7f09ceeab000 r--s 0002e000 08:05 7345553                    /home/olga/Development/Play/framework/lib/asm-all-3.3.1.jar
7f09ceeab000-7f09ceead000 r--s 0000d000 08:05 7345566                    /home/olga/Development/Play/framework/lib/commons-logging-1.1.1.jar
7f09ceead000-7f09ceeb6000 r--s 0006d000 08:05 7345597                    /home/olga/Development/Play/framework/lib/log4j-1.2.16.jar
7f09ceeb6000-7f09cef2a000 rw-p 00000000 00:00 0 
7f09cef2a000-7f09cef64000 rw-p 00000000 00:00 0 
7f09cef64000-7f09cef67000 ---p 00000000 00:00 0 
7f09cef67000-7f09cf06a000 rw-p 00000000 00:00 0                          [stack:13471]
7f09cf06a000-7f09cf06f000 r--s 00048000 08:05 7345567                    /home/olga/Development/Play/framework/lib/dom4j-1.6.1.jar
7f09cf06f000-7f09cf070000 r--s 00001000 08:05 7473781                    /home/olga/Development/Play/modules/testrunner/lib/play-testrunner.jar
7f09cf070000-7f09cf072000 r--s 00003000 08:05 7346889                    /home/olga/Development/Play/modules/paginate-head/lib/play-paginate.jar
7f09cf072000-7f09cf073000 rw-p 00000000 00:00 0 
7f09cf073000-7f09cf07b000 rw-s 00000000 08:05 2883628                    /tmp/hsperfdata_olga/13470
7f09cf07b000-7f09cf07c000 rw-p 00000000 00:00 0 
7f09cf07c000-7f09cf07d000 r--p 00000000 00:00 0 
7f09cf07d000-7f09cf07f000 rw-p 00000000 00:00 0 
7f09cf07f000-7f09cf080000 r--p 00022000 08:05 10485893                   /lib/x86_64-linux-gnu/ld-2.15.so
7f09cf080000-7f09cf082000 rw-p 00023000 08:05 10485893                   /lib/x86_64-linux-gnu/ld-2.15.so
7fffd5796000-7fffd57b8000 rw-p 00000000 00:00 0                          [stack]
7fffd57ff000-7fffd5800000 r-xp 00000000 00:00 0                          [vdso]
ffffffffff600000-ffffffffff601000 r-xp 00000000 00:00 0                  [vsyscall]

VM Arguments:
jvm_args: -javaagent:/home/olga/Development/Play/framework/play-1.2.4.jar -XX:-UseSplitVerifier -Dfile.encoding=utf-8 -Xdebug -Xrunjdwp:transport=dt_socket,address=8000,server=y,suspend=n -Dplay.debug=yes -Dapplication.path=/home/olga/Development/Play/BookHunter -Dplay.id=test 
java_command: play.server.Server 
Launcher Type: SUN_STANDARD

Environment Variables:
PATH=/home/olga/Development/Play:/usr/lib/lightdm/lightdm:/usr/local/sbin:/usr/local/bin:/usr/sbin:/usr/bin:/sbin:/bin:/usr/games
LD_LIBRARY_PATH=/usr/lib/jvm/java-6-openjdk-amd64/jre/lib/amd64/server:/usr/lib/jvm/java-6-openjdk-amd64/jre/lib/amd64:/usr/lib/jvm/java-6-openjdk-amd64/jre/../lib/amd64
SHELL=/bin/bash
DISPLAY=:0.0

Signal Handlers:
SIGSEGV: [libjvm.so+0x7856d0], sa_mask[0]=0x7ffbfeff, sa_flags=0x10000004
SIGBUS: [libjvm.so+0x7856d0], sa_mask[0]=0x7ffbfeff, sa_flags=0x10000004
SIGFPE: [libjvm.so+0x649250], sa_mask[0]=0x7ffbfeff, sa_flags=0x10000004
SIGPIPE: [libjvm.so+0x649250], sa_mask[0]=0x7ffbfeff, sa_flags=0x10000004
SIGXFSZ: [libjvm.so+0x649250], sa_mask[0]=0x7ffbfeff, sa_flags=0x10000004
SIGILL: [libjvm.so+0x649250], sa_mask[0]=0x7ffbfeff, sa_flags=0x10000004
SIGUSR1: SIG_DFL, sa_mask[0]=0x00000000, sa_flags=0x00000000
SIGUSR2: [libjvm.so+0x649430], sa_mask[0]=0x00000000, sa_flags=0x10000004
SIGHUP: [libjvm.so+0x64bdf0], sa_mask[0]=0x7ffbfeff, sa_flags=0x10000004
SIGINT: [libjvm.so+0x64bdf0], sa_mask[0]=0x7ffbfeff, sa_flags=0x10000004
SIGTERM: [libjvm.so+0x64bdf0], sa_mask[0]=0x7ffbfeff, sa_flags=0x10000004
SIGQUIT: [libjvm.so+0x64bdf0], sa_mask[0]=0x7ffbfeff, sa_flags=0x10000004


---------------  S Y S T E M  ---------------

OS:Ubuntu 12.04 (precise)
uname:Linux 3.5.0-32-generic #53~precise1-Ubuntu SMP Wed May 29 20:33:37 UTC 2013 x86_64
libc:glibc 2.15 NPTL 2.15 
rlimit: STACK 8192k, CORE 0k, NPROC 30593, NOFILE 4096, AS infinity
load average:0.21 0.27 0.26

/proc/meminfo:
MemTotal:        3934588 kB
MemFree:          159292 kB
Buffers:           49452 kB
Cached:          1190596 kB
SwapCached:         1280 kB
Active:          2425944 kB
Inactive:        1100300 kB
Active(anon):    2076972 kB
Inactive(anon):   749828 kB
Active(file):     348972 kB
Inactive(file):   350472 kB
Unevictable:          56 kB
Mlocked:              56 kB
SwapTotal:       4077564 kB
SwapFree:        4008604 kB
Dirty:               800 kB
Writeback:             0 kB
AnonPages:       2285320 kB
Mapped:           277800 kB
Shmem:            540532 kB
Slab:             137636 kB
SReclaimable:     104352 kB
SUnreclaim:        33284 kB
KernelStack:        5232 kB
PageTables:        46168 kB
NFS_Unstable:          0 kB
Bounce:                0 kB
WritebackTmp:          0 kB
CommitLimit:     6044856 kB
Committed_AS:    6949148 kB
VmallocTotal:   34359738367 kB
VmallocUsed:      560712 kB
VmallocChunk:   34359137256 kB
HardwareCorrupted:     0 kB
AnonHugePages:         0 kB
HugePages_Total:       0
HugePages_Free:        0
HugePages_Rsvd:        0
HugePages_Surp:        0
Hugepagesize:       2048 kB
DirectMap4k:       59392 kB
DirectMap2M:     4026368 kB


CPU:total 4 (4 cores per cpu, 1 threads per core) family 6 model 42 stepping 7, cmov, cx8, fxsr, mmx, sse, sse2, sse3, ssse3, sse4.1, sse4.2, popcnt

Memory: 4k page, physical 3934588k(159292k free), swap 4077564k(4008604k free)

vm_info: OpenJDK 64-Bit Server VM (20.0-b12) for linux-amd64 JRE (1.6.0_27-b27), built on Apr 25 2013 14:56:54 by "buildd" with gcc 4.6.3

time: Thu Jun  6 14:22:26 2013
elapsed time: 1517 seconds

