#
# A fatal error has been detected by the Java Runtime Environment:
#
#  SIGSEGV (0xb) at pc=0x00007fa7abc1d6be, pid=4235, tid=140357929891584
#
# JRE version: 6.0_27-b27
# Java VM: OpenJDK 64-Bit Server VM (20.0-b12 mixed mode linux-amd64 compressed oops)
# Derivative: IcedTea6 1.12.5
# Distribution: Ubuntu 12.04 LTS, package 6b27-1.12.5-0ubuntu0.12.04.1
# Problematic frame:
# V  [libjvm.so+0x5bd6be]  PhaseIdealLoop::build_loop_late_post(Node*)+0x14e
#
# If you would like to submit a bug report, please include
# instructions how to reproduce the bug and visit:
#   https://bugs.launchpad.net/ubuntu/+source/openjdk-6/
#

---------------  T H R E A D  ---------------

Current thread (0x00007fa7a40d9000):  JavaThread "C2 CompilerThread0" daemon [_thread_in_native, id=4247, stack(0x00007fa7a07d7000,0x00007fa7a08d8000)]

siginfo:si_signo=SIGSEGV: si_errno=0, si_code=1 (SEGV_MAPERR), si_addr=0x0000000000000008

Registers:
RAX=0x0000000000000000, RBX=0x00007fa7a08d4ad0, RCX=0x00007fa77075e180, RDX=0x0000000000002000
RSP=0x00007fa7a08d3310, RBP=0x00007fa7a08d3350, RSI=0x00007fa770782100, RDI=0x0000000000000000
R8 =0x00007fa77074e160, R9 =0x00007fa7a08d4ad0, R10=0x00007fa770782100, R11=0x0000000000000000
R12=0x00007fa770684ac0, R13=0x00007fa750027df8, R14=0x00007fa7a08d4af0, R15=0x00007fa770383328
RIP=0x00007fa7abc1d6be, EFLAGS=0x0000000000010283, CSGSFS=0x0000000000000033, ERR=0x0000000000000004
  TRAPNO=0x000000000000000e

Top of Stack: (sp=0x00007fa7a08d3310)
0x00007fa7a08d3310:   00007fa77437cd48 00007fa7a08d35f0
0x00007fa7a08d3320:   00007fa7a08d3350 00007fa7a08d4ad0
0x00007fa7a08d3330:   0000000000000002 00007fa770684ac0
0x00007fa7a08d3340:   00007fa77038ac08 00007fa7a08d35f0
0x00007fa7a08d3350:   00007fa7a08d33c0 00007fa7abc1dc2b
0x00007fa7a08d3360:   00007fa7700f0e70 00007fa700000100
0x00007fa7a08d3370:   00007fa700000001 00007fa7a08d5470
0x00007fa7a08d3380:   00007fa7a08d3610 00007fa7a08d35b0
0x00007fa7a08d3390:   0000000000001804 00007fa7a08d4ad0
0x00007fa7a08d33a0:   0000000000000007 0000000000000001
0x00007fa7a08d33b0:   0000000000000001 00007fa7700f0e70
0x00007fa7a08d33c0:   00007fa7a08d3660 00007fa7abc1e7f2
0x00007fa7a08d33d0:   00007fa7a08d3410 00007fa7700f0e00
0x00007fa7a08d33e0:   00007fa7706f2180 00007fa7a08d4af0
0x00007fa7a08d33f0:   00007fa770bbf288 00007fa7a08d36b0
0x00007fa7a08d3400:   00007fa770bbf5f8 00007fa770bbf548
0x00007fa7a08d3410:   00007fa7a08d34e0 00007fa7abacf5c1
0x00007fa7a08d3420:   0000000000000000 00007fa75004bec0
0x00007fa7a08d3430:   00007fa7ac1f3820 0000000000000004
0x00007fa7a08d3440:   00007fa7a08d4078 00007fa7a08d4098
0x00007fa7a08d3450:   00007fa7a08d3480 00007fa7abc91484
0x00007fa7a08d3460:   00007fa770385a10 00007fa7a08d3550
0x00007fa7a08d3470:   00007fa7a08d3480 00007fa7ab96cba2
0x00007fa7a08d3480:   00007fa7a08d34e0 00007fa7abad1b75
0x00007fa7a08d3490:   00007fa77068b8a0 00007fa7704ef2a0
0x00007fa7a08d34a0:   0000000000000010 0000000000000080
0x00007fa7a08d34b0:   0000000000000002 0000000000010040
0x00007fa7a08d34c0:   0000000000000000 0000043000001002
0x00007fa7a08d34d0:   0000007e000000db 0000007c00000079
0x00007fa7a08d34e0:   00007fa7a08d35d0 00007fa770000020
0x00007fa7a08d34f0:   00007fa7a08d3580 0000000000010010
0x00007fa7a08d3500:   00007fa788058c60 0000000000010000 

Instructions: (pc=0x00007fa7abc1d6be)
0x00007fa7abc1d69e:   4c 39 e8 0f 84 ad 03 00 00 8b 70 28 49 89 c7 0f
0x00007fa7abc1d6ae:   1f 00 4c 8b 93 e0 09 00 00 49 8d 34 f2 48 8b 06
0x00007fa7abc1d6be:   48 8b 50 08 48 83 3a 00 75 27 8b 4b 28 0f 1f 44
0x00007fa7abc1d6ce:   00 00 8b 50 28 31 c0 39 ca 73 0c 48 8b 43 30 48 

Register to memory mapping:

RAX=0x0000000000000000 is an unknown value
RBX=0x00007fa7a08d4ad0 is pointing into the stack for thread: 0x00007fa7a40d9000
RCX=0x00007fa77075e180 is an unknown value
RDX=0x0000000000002000 is an unknown value
RSP=0x00007fa7a08d3310 is pointing into the stack for thread: 0x00007fa7a40d9000
RBP=0x00007fa7a08d3350 is pointing into the stack for thread: 0x00007fa7a40d9000
RSI=0x00007fa770782100 is an unknown value
RDI=0x0000000000000000 is an unknown value
R8 =0x00007fa77074e160 is an unknown value
R9 =0x00007fa7a08d4ad0 is pointing into the stack for thread: 0x00007fa7a40d9000
R10=0x00007fa770782100 is an unknown value
R11=0x0000000000000000 is an unknown value
R12=0x00007fa770684ac0 is an unknown value
R13=0x00007fa750027df8 is an unknown value
R14=0x00007fa7a08d4af0 is pointing into the stack for thread: 0x00007fa7a40d9000
R15=0x00007fa770383328 is an unknown value


Stack: [0x00007fa7a07d7000,0x00007fa7a08d8000],  sp=0x00007fa7a08d3310,  free space=1008k
Native frames: (J=compiled Java code, j=interpreted, Vv=VM code, C=native code)
V  [libjvm.so+0x5bd6be]  PhaseIdealLoop::build_loop_late_post(Node*)+0x14e
V  [libjvm.so+0x5bdc2b]  PhaseIdealLoop::build_loop_late(VectorSet&, Node_List&, Node_Stack&)+0x10b
V  [libjvm.so+0x5be7f2]  PhaseIdealLoop::build_and_optimize(bool, bool)+0x692
V  [libjvm.so+0x37c4fa]  Compile::Optimize()+0xd2a
V  [libjvm.so+0x37d263]  Compile::Compile(ciEnv*, C2Compiler*, ciMethod*, int, bool, bool)+0xad3
V  [libjvm.so+0x306a70]  C2Compiler::compile_method(ciEnv*, ciMethod*, int)+0xe0
V  [libjvm.so+0x381953]  CompileBroker::invoke_compiler_on_method(CompileTask*)+0x2a3
V  [libjvm.so+0x38229b]  CompileBroker::compiler_thread_loop()+0x45b
V  [libjvm.so+0x74d488]  JavaThread::thread_main_inner()+0x58
V  [libjvm.so+0x64c792]  java_start(Thread*)+0x112


Current CompileTask:
C2: 690434 531      jregex.Pretokenizer.next()V (1064 bytes)


---------------  P R O C E S S  ---------------

Java Threads: ( => current thread )
  0x00007fa75c024800 JavaThread "net.sf.ehcache.CacheManager@4df4a05d" daemon [_thread_blocked, id=4628, stack(0x00007fa767af4000,0x00007fa767bf5000)]
  0x00007fa760016800 JavaThread "New I/O server worker #1-8" [_thread_in_native, id=4627, stack(0x00007fa766fe4000,0x00007fa7670e5000)]
  0x00007fa760006800 JavaThread "New I/O server worker #1-7" [_thread_in_native, id=4626, stack(0x00007fa767cf6000,0x00007fa767df7000)]
  0x00007fa760014800 JavaThread "New I/O server worker #1-6" [_thread_in_native, id=4625, stack(0x00007fa7673e8000,0x00007fa7674e9000)]
  0x00007fa760008800 JavaThread "New I/O server worker #1-5" [_thread_in_native, id=4624, stack(0x00007fa7672e7000,0x00007fa7673e8000)]
  0x00007fa76000d000 JavaThread "New I/O server worker #1-4" [_thread_in_native, id=4623, stack(0x00007fa7671e6000,0x00007fa7672e7000)]
  0x00007fa76000e800 JavaThread "New I/O server worker #1-3" [_thread_in_native, id=4622, stack(0x00007fa7670e5000,0x00007fa7671e6000)]
  0x00007fa75c11f000 JavaThread "com.mchange.v2.async.ThreadPoolAsynchronousRunner$PoolThread-#2" daemon [_thread_blocked, id=4265, stack(0x00007fa7674e9000,0x00007fa7675ea000)]
  0x00007fa75c0f1800 JavaThread "com.mchange.v2.async.ThreadPoolAsynchronousRunner$PoolThread-#1" daemon [_thread_blocked, id=4264, stack(0x00007fa7675ea000,0x00007fa7676eb000)]
  0x00007fa75c0ee000 JavaThread "com.mchange.v2.async.ThreadPoolAsynchronousRunner$PoolThread-#0" daemon [_thread_blocked, id=4263, stack(0x00007fa7676eb000,0x00007fa7677ec000)]
  0x00007fa75c1e6000 JavaThread "Timer-0" daemon [_thread_blocked, id=4262, stack(0x00007fa7677ec000,0x00007fa7678ed000)]
  0x00007fa758004800 JavaThread "play-thread-1" [_thread_in_Java, id=4259, stack(0x00007fa767bf5000,0x00007fa767cf6000)]
  0x00007fa7a400c800 JavaThread "DestroyJavaVM" [_thread_blocked, id=4236, stack(0x00007fa7acf2c000,0x00007fa7ad02d000)]
  0x00007fa7a4463800 JavaThread "New I/O server boss #1 ([id: 0x483a0ab1, /0:0:0:0:0:0:0:0:9000])" [_thread_in_native, id=4253, stack(0x00007fa7a00c2000,0x00007fa7a01c3000)]
  0x00007fa7a40de000 JavaThread "Low Memory Detector" daemon [_thread_blocked, id=4249, stack(0x00007fa7a05d5000,0x00007fa7a06d6000)]
  0x00007fa7a40dc000 JavaThread "C2 CompilerThread1" daemon [_thread_in_native, id=4248, stack(0x00007fa7a06d6000,0x00007fa7a07d7000)]
=>0x00007fa7a40d9000 JavaThread "C2 CompilerThread0" daemon [_thread_in_native, id=4247, stack(0x00007fa7a07d7000,0x00007fa7a08d8000)]
  0x00007fa7a40d6800 JavaThread "JDWP Event Helper Thread" daemon [_thread_blocked, id=4246, stack(0x00007fa7a08d8000,0x00007fa7a09d9000)]
  0x00007fa7a40d3000 JavaThread "JDWP Transport Listener: dt_socket" daemon [_thread_in_native, id=4245, stack(0x00007fa7a09d9000,0x00007fa7a0ada000)]
  0x00007fa7a409b000 JavaThread "Signal Dispatcher" daemon [_thread_blocked, id=4244, stack(0x00007fa7a0cfd000,0x00007fa7a0dfe000)]
  0x00007fa7a407d000 JavaThread "Finalizer" daemon [_thread_blocked, id=4243, stack(0x00007fa7a0dfe000,0x00007fa7a0eff000)]
  0x00007fa7a407b000 JavaThread "Reference Handler" daemon [_thread_blocked, id=4242, stack(0x00007fa7a0eff000,0x00007fa7a1000000)]

Other Threads:
  0x00007fa7a4076800 VMThread [stack: 0x00007fa7a80d5000,0x00007fa7a81d6000] [id=4241]
  0x00007fa7a40e9000 WatcherThread [stack: 0x00007fa7a04d4000,0x00007fa7a05d5000] [id=4250]

VM state:not at safepoint (normal execution)

VM Mutex/Monitor currently owned by a thread: None

Heap
 PSYoungGen      total 11712K, used 1244K [0x00000000ebf60000, 0x00000000ed220000, 0x0000000100000000)
  eden space 11264K, 7% used [0x00000000ebf60000,0x00000000ec02f3b0,0x00000000eca60000)
  from space 448K, 92% used [0x00000000eca90000,0x00000000ecaf8000,0x00000000ecb00000)
  to   space 3968K, 0% used [0x00000000ece40000,0x00000000ece40000,0x00000000ed220000)
 PSOldGen        total 41024K, used 12919K [0x00000000c3e00000, 0x00000000c6610000, 0x00000000ebf60000)
  object space 41024K, 31% used [0x00000000c3e00000,0x00000000c4a9dd08,0x00000000c6610000)
 PSPermGen       total 43328K, used 43277K [0x00000000b9800000, 0x00000000bc250000, 0x00000000c3e00000)
  object space 43328K, 99% used [0x00000000b9800000,0x00000000bc243720,0x00000000bc250000)

Code Cache  [0x00007fa7a1000000, 0x00007fa7a13c0000, 0x00007fa7a4000000)
 total_blobs=1172 nmethods=516 adapters=618 free_code_cache=46668160 largest_free_block=150144

Dynamic libraries:
00400000-00409000 r-xp 00000000 08:05 10620266                           /usr/lib/jvm/java-6-openjdk-amd64/jre/bin/java
00608000-00609000 r--p 00008000 08:05 10620266                           /usr/lib/jvm/java-6-openjdk-amd64/jre/bin/java
00609000-0060a000 rw-p 00009000 08:05 10620266                           /usr/lib/jvm/java-6-openjdk-amd64/jre/bin/java
01751000-01772000 rw-p 00000000 00:00 0                                  [heap]
b9800000-bc250000 rw-p 00000000 00:00 0 
bc250000-c3e00000 rw-p 00000000 00:00 0 
c3e00000-c6610000 rw-p 00000000 00:00 0 
c6610000-ebf60000 rw-p 00000000 00:00 0 
ebf60000-ed220000 rw-p 00000000 00:00 0 
ed220000-ed5d0000 ---p 00000000 00:00 0 
ed5d0000-100000000 rw-p 00000000 00:00 0 
7fa730000000-7fa730021000 rw-p 00000000 00:00 0 
7fa730021000-7fa734000000 ---p 00000000 00:00 0 
7fa734000000-7fa734025000 rw-p 00000000 00:00 0 
7fa734025000-7fa738000000 ---p 00000000 00:00 0 
7fa738000000-7fa738021000 rw-p 00000000 00:00 0 
7fa738021000-7fa73c000000 ---p 00000000 00:00 0 
7fa73c000000-7fa73c021000 rw-p 00000000 00:00 0 
7fa73c021000-7fa740000000 ---p 00000000 00:00 0 
7fa740000000-7fa740044000 rw-p 00000000 00:00 0 
7fa740044000-7fa744000000 ---p 00000000 00:00 0 
7fa744000000-7fa744021000 rw-p 00000000 00:00 0 
7fa744021000-7fa748000000 ---p 00000000 00:00 0 
7fa748000000-7fa748021000 rw-p 00000000 00:00 0 
7fa748021000-7fa74c000000 ---p 00000000 00:00 0 
7fa74c000000-7fa74c021000 rw-p 00000000 00:00 0 
7fa74c021000-7fa750000000 ---p 00000000 00:00 0 
7fa750000000-7fa75005d000 rw-p 00000000 00:00 0 
7fa75005d000-7fa754000000 ---p 00000000 00:00 0 
7fa754000000-7fa754021000 rw-p 00000000 00:00 0 
7fa754021000-7fa758000000 ---p 00000000 00:00 0 
7fa758000000-7fa75802b000 rw-p 00000000 00:00 0 
7fa75802b000-7fa75c000000 ---p 00000000 00:00 0 
7fa75c000000-7fa75ce7f000 rw-p 00000000 00:00 0 
7fa75ce7f000-7fa760000000 ---p 00000000 00:00 0 
7fa760000000-7fa760072000 rw-p 00000000 00:00 0 
7fa760072000-7fa764000000 ---p 00000000 00:00 0 
7fa766fe4000-7fa766fe7000 ---p 00000000 00:00 0 
7fa766fe7000-7fa7670e5000 rw-p 00000000 00:00 0                          [stack:4627]
7fa7670e5000-7fa7670e8000 ---p 00000000 00:00 0 
7fa7670e8000-7fa7671e6000 rw-p 00000000 00:00 0                          [stack:4622]
7fa7671e6000-7fa7671e9000 ---p 00000000 00:00 0 
7fa7671e9000-7fa7672e7000 rw-p 00000000 00:00 0                          [stack:4623]
7fa7672e7000-7fa7672ea000 ---p 00000000 00:00 0 
7fa7672ea000-7fa7673e8000 rw-p 00000000 00:00 0                          [stack:4624]
7fa7673e8000-7fa7673eb000 ---p 00000000 00:00 0 
7fa7673eb000-7fa7674e9000 rw-p 00000000 00:00 0                          [stack:4625]
7fa7674e9000-7fa7674ec000 ---p 00000000 00:00 0 
7fa7674ec000-7fa7675ea000 rw-p 00000000 00:00 0                          [stack:4265]
7fa7675ea000-7fa7675ed000 ---p 00000000 00:00 0 
7fa7675ed000-7fa7676eb000 rw-p 00000000 00:00 0                          [stack:4264]
7fa7676eb000-7fa7676ee000 ---p 00000000 00:00 0 
7fa7676ee000-7fa7677ec000 rw-p 00000000 00:00 0                          [stack:4263]
7fa7677ec000-7fa7677ef000 ---p 00000000 00:00 0 
7fa7677ef000-7fa7678ed000 rw-p 00000000 00:00 0                          [stack:4262]
7fa7678ed000-7fa7678f3000 r-xp 00000000 08:05 10491493                   /usr/lib/jvm/java-6-openjdk-amd64/jre/lib/amd64/libmanagement.so
7fa7678f3000-7fa767af2000 ---p 00006000 08:05 10491493                   /usr/lib/jvm/java-6-openjdk-amd64/jre/lib/amd64/libmanagement.so
7fa767af2000-7fa767af3000 r--p 00005000 08:05 10491493                   /usr/lib/jvm/java-6-openjdk-amd64/jre/lib/amd64/libmanagement.so
7fa767af3000-7fa767af4000 rw-p 00006000 08:05 10491493                   /usr/lib/jvm/java-6-openjdk-amd64/jre/lib/amd64/libmanagement.so
7fa767af4000-7fa767af7000 ---p 00000000 00:00 0 
7fa767af7000-7fa767bf5000 rw-p 00000000 00:00 0                          [stack:4628]
7fa767bf5000-7fa767bf8000 ---p 00000000 00:00 0 
7fa767bf8000-7fa767cf6000 rw-p 00000000 00:00 0                          [stack:4259]
7fa767cf6000-7fa767cf9000 ---p 00000000 00:00 0 
7fa767cf9000-7fa767df7000 rw-p 00000000 00:00 0                          [stack:4626]
7fa767df7000-7fa767dff000 r-xp 00000000 08:05 10491485                   /usr/lib/jvm/java-6-openjdk-amd64/jre/lib/amd64/libnio.so
7fa767dff000-7fa767ffe000 ---p 00008000 08:05 10491485                   /usr/lib/jvm/java-6-openjdk-amd64/jre/lib/amd64/libnio.so
7fa767ffe000-7fa767fff000 r--p 00007000 08:05 10491485                   /usr/lib/jvm/java-6-openjdk-amd64/jre/lib/amd64/libnio.so
7fa767fff000-7fa768000000 rw-p 00008000 08:05 10491485                   /usr/lib/jvm/java-6-openjdk-amd64/jre/lib/amd64/libnio.so
7fa768000000-7fa768021000 rw-p 00000000 00:00 0 
7fa768021000-7fa76c000000 ---p 00000000 00:00 0 
7fa76c000000-7fa76c021000 rw-p 00000000 00:00 0 
7fa76c021000-7fa770000000 ---p 00000000 00:00 0 
7fa770000000-7fa771f9e000 rw-p 00000000 00:00 0 
7fa771f9e000-7fa774000000 ---p 00000000 00:00 0 
7fa774000000-7fa776e96000 rw-p 00000000 00:00 0 
7fa776e96000-7fa778000000 ---p 00000000 00:00 0 
7fa778000000-7fa778021000 rw-p 00000000 00:00 0 
7fa778021000-7fa77c000000 ---p 00000000 00:00 0 
7fa77c000000-7fa77c021000 rw-p 00000000 00:00 0 
7fa77c021000-7fa780000000 ---p 00000000 00:00 0 
7fa780000000-7fa780021000 rw-p 00000000 00:00 0 
7fa780021000-7fa784000000 ---p 00000000 00:00 0 
7fa784000000-7fa784021000 rw-p 00000000 00:00 0 
7fa784021000-7fa788000000 ---p 00000000 00:00 0 
7fa788000000-7fa788091000 rw-p 00000000 00:00 0 
7fa788091000-7fa78c000000 ---p 00000000 00:00 0 
7fa78c000000-7fa78c021000 rw-p 00000000 00:00 0 
7fa78c021000-7fa790000000 ---p 00000000 00:00 0 
7fa790000000-7fa790021000 rw-p 00000000 00:00 0 
7fa790021000-7fa794000000 ---p 00000000 00:00 0 
7fa794000000-7fa794028000 rw-p 00000000 00:00 0 
7fa794028000-7fa798000000 ---p 00000000 00:00 0 
7fa798000000-7fa79802d000 rw-p 00000000 00:00 0 
7fa79802d000-7fa79c000000 ---p 00000000 00:00 0 
7fa79c000000-7fa79c021000 rw-p 00000000 00:00 0 
7fa79c021000-7fa7a0000000 ---p 00000000 00:00 0 
7fa7a00c2000-7fa7a00c5000 ---p 00000000 00:00 0 
7fa7a00c5000-7fa7a01c3000 rw-p 00000000 00:00 0                          [stack:4253]
7fa7a01c3000-7fa7a01d8000 r-xp 00000000 08:05 10491489                   /usr/lib/jvm/java-6-openjdk-amd64/jre/lib/amd64/libnet.so
7fa7a01d8000-7fa7a03d7000 ---p 00015000 08:05 10491489                   /usr/lib/jvm/java-6-openjdk-amd64/jre/lib/amd64/libnet.so
7fa7a03d7000-7fa7a03d8000 r--p 00014000 08:05 10491489                   /usr/lib/jvm/java-6-openjdk-amd64/jre/lib/amd64/libnet.so
7fa7a03d8000-7fa7a03d9000 rw-p 00015000 08:05 10491489                   /usr/lib/jvm/java-6-openjdk-amd64/jre/lib/amd64/libnet.so
7fa7a03d9000-7fa7a03db000 r--s 00015000 08:05 7345592                    /home/olga/Development/Play/framework/lib/jregex-1.2_01.jar
7fa7a03db000-7fa7a03e1000 r--s 00032000 08:05 7345586                    /home/olga/Development/Play/framework/lib/jaxen-1.1.jar
7fa7a03e1000-7fa7a03e6000 r--s 00020000 08:05 7345587                    /home/olga/Development/Play/framework/lib/jj-imaging.jar
7fa7a03e6000-7fa7a03ec000 r--s 000fc000 08:05 10225239                   /usr/lib/jvm/java-6-openjdk-common/jre/lib/resources.jar
7fa7a03ec000-7fa7a03fc000 r--s 000b2000 08:05 7345601                    /home/olga/Development/Play/framework/lib/netty-3.2.5.Final.jar
7fa7a03fc000-7fa7a0402000 r--s 00040000 08:05 7345599                    /home/olga/Development/Play/framework/lib/memcached-2.6.jar
7fa7a0402000-7fa7a040d000 r--s 00124000 08:05 7345573                    /home/olga/Development/Play/framework/lib/h2-1.3.149.jar
7fa7a040d000-7fa7a040f000 r--s 0000b000 08:05 7345589                    /home/olga/Development/Play/framework/lib/jj-textile.jar
7fa7a040f000-7fa7a0415000 r--s 00049000 08:05 7345557                    /home/olga/Development/Play/framework/lib/cglib-nodep-2.2.jar
7fa7a0415000-7fa7a0418000 r--s 00022000 08:05 7345583                    /home/olga/Development/Play/framework/lib/jamon-2.7.jar
7fa7a0418000-7fa7a041a000 r--s 00015000 08:05 7345588                    /home/olga/Development/Play/framework/lib/jj-simplecaptcha.jar
7fa7a041a000-7fa7a0420000 r--s 00038000 08:05 7345608                    /home/olga/Development/Play/framework/lib/snakeyaml-1.7.jar
7fa7a0420000-7fa7a0423000 r--s 0000f000 08:05 7345570                    /home/olga/Development/Play/framework/lib/geronimo-servlet_2.5_spec-1.2.jar
7fa7a0423000-7fa7a0425000 r--s 00001000 08:05 7345593                    /home/olga/Development/Play/framework/lib/jsr107cache-1.0.jar
7fa7a0425000-7fa7a0433000 r--s 0007f000 08:05 7345560                    /home/olga/Development/Play/framework/lib/commons-collections-3.2.1.jar
7fa7a0433000-7fa7a045d000 r--s 00427000 08:05 7345602                    /home/olga/Development/Play/framework/lib/org.eclipse.jdt.core-3.8.0.v_C03.jar
7fa7a045d000-7fa7a045f000 r--s 0000e000 08:05 7345564                    /home/olga/Development/Play/framework/lib/commons-javaflow-1066591.jar
7fa7a045f000-7fa7a0461000 r--s 0000d000 08:05 7345559                    /home/olga/Development/Play/framework/lib/commons-codec-1.4.jar
7fa7a0461000-7fa7a0462000 r--s 00007000 08:05 7345561                    /home/olga/Development/Play/framework/lib/commons-email-1.2.jar
7fa7a0462000-7fa7a0463000 r--s 00002000 08:05 7345607                    /home/olga/Development/Play/framework/lib/slf4j-log4j12-1.6.1.jar
7fa7a0463000-7fa7a046a000 r--s 00038000 08:05 7345590                    /home/olga/Development/Play/framework/lib/jj-wikitext.jar
7fa7a046a000-7fa7a0471000 r--s 0004d000 08:05 7345554                    /home/olga/Development/Play/framework/lib/async-http-client-1.6.5.jar
7fa7a0471000-7fa7a0474000 r--s 0000f000 08:05 7345575                    /home/olga/Development/Play/framework/lib/hibernate-commons-annotations-3.2.0.Final.jar
7fa7a0474000-7fa7a0476000 r--s 00002000 08:05 7345594                    /home/olga/Development/Play/framework/lib/jta-1.1.jar
7fa7a0476000-7fa7a0479000 r--s 00024000 08:05 7345563                    /home/olga/Development/Play/framework/lib/commons-io-2.0.1.jar
7fa7a0479000-7fa7a047b000 r--s 0000c000 08:05 7345551                    /home/olga/Development/Play/framework/lib/activation-1.1.1.jar
7fa7a047b000-7fa7a0483000 r--s 0008a000 08:05 7345584                    /home/olga/Development/Play/framework/lib/javassist-3.9.0.GA.jar
7fa7a0483000-7fa7a0489000 r--s 0007e000 08:05 7345604                    /home/olga/Development/Play/framework/lib/postgresql-9.0.jar
7fa7a0489000-7fa7a048e000 r--s 00014000 08:05 7345581                    /home/olga/Development/Play/framework/lib/hibernate-jpa-2.0-api-1.0.0.Final.jar
7fa7a048e000-7fa7a0497000 r--s 0005d000 08:05 7345579                    /home/olga/Development/Play/framework/lib/hibernate-entitymanager-3.6.0.Final.jar
7fa7a0497000-7fa7a049b000 r--s 00027000 08:05 7345572                    /home/olga/Development/Play/framework/lib/gson-1.7.1.jar
7fa7a049b000-7fa7a049d000 r--s 00005000 08:05 7345606                    /home/olga/Development/Play/framework/lib/slf4j-api-1.6.1.jar
7fa7a049d000-7fa7a04a2000 r--s 00034000 08:05 7345558                    /home/olga/Development/Play/framework/lib/commons-beanutils-1.8.3.jar
7fa7a04a2000-7fa7a04ac000 r--s 0006f000 08:05 7345568                    /home/olga/Development/Play/framework/lib/ehcache-core-2.0.0.jar
7fa7a04ac000-7fa7a04b7000 r--s 0005a000 08:05 7345609                    /home/olga/Development/Play/framework/lib/xstream-1.3.jar
7fa7a04b7000-7fa7a04b8000 r--s 00000000 08:05 7345585                    /home/olga/Development/Play/framework/lib/javax.inject-1.0.jar
7fa7a04b8000-7fa7a04ba000 r--s 00008000 08:05 7345605                    /home/olga/Development/Play/framework/lib/signpost-core-1.2.jar
7fa7a04ba000-7fa7a04bf000 r--s 00041000 08:05 7345565                    /home/olga/Development/Play/framework/lib/commons-lang-2.6.jar
7fa7a04bf000-7fa7a04c5000 r--s 00034000 08:05 7345595                    /home/olga/Development/Play/framework/lib/junit-4.8.1.jar
7fa7a04c5000-7fa7a04d4000 r--s 0007c000 08:05 7345591                    /home/olga/Development/Play/framework/lib/joda-time-2.0.jar
7fa7a04d4000-7fa7a04d5000 ---p 00000000 00:00 0 
7fa7a04d5000-7fa7a05d5000 rw-p 00000000 00:00 0                          [stack:4250]
7fa7a05d5000-7fa7a05d8000 ---p 00000000 00:00 0 
7fa7a05d8000-7fa7a06d6000 rw-p 00000000 00:00 0                          [stack:4249]
7fa7a06d6000-7fa7a06d9000 ---p 00000000 00:00 0 
7fa7a06d9000-7fa7a07d7000 rw-p 00000000 00:00 0                          [stack:4248]
7fa7a07d7000-7fa7a07da000 ---p 00000000 00:00 0 
7fa7a07da000-7fa7a08d8000 rw-p 00000000 00:00 0                          [stack:4247]
7fa7a08d8000-7fa7a08db000 ---p 00000000 00:00 0 
7fa7a08db000-7fa7a09d9000 rw-p 00000000 00:00 0                          [stack:4246]
7fa7a09d9000-7fa7a09dc000 ---p 00000000 00:00 0 
7fa7a09dc000-7fa7a0ada000 rw-p 00000000 00:00 0                          [stack:4245]
7fa7a0ada000-7fa7a0ade000 r-xp 00000000 08:05 10491505                   /usr/lib/jvm/java-6-openjdk-amd64/jre/lib/amd64/libdt_socket.so
7fa7a0ade000-7fa7a0cdd000 ---p 00004000 08:05 10491505                   /usr/lib/jvm/java-6-openjdk-amd64/jre/lib/amd64/libdt_socket.so
7fa7a0cdd000-7fa7a0cde000 r--p 00003000 08:05 10491505                   /usr/lib/jvm/java-6-openjdk-amd64/jre/lib/amd64/libdt_socket.so
7fa7a0cde000-7fa7a0cdf000 rw-p 00004000 08:05 10491505                   /usr/lib/jvm/java-6-openjdk-amd64/jre/lib/amd64/libdt_socket.so
7fa7a0cdf000-7fa7a0ce2000 r--s 0007f000 08:05 10224635                   /usr/lib/jvm/java-6-openjdk-common/jre/lib/jsse.jar
7fa7a0ce2000-7fa7a0cee000 r--s 000c2000 08:05 7345961                    /home/olga/Development/Play/framework/play-1.2.4.jar
7fa7a0cee000-7fa7a0cf0000 r--s 00001000 08:05 10225204                   /usr/lib/jvm/java-6-openjdk-common/jre/lib/ext/dnsns.jar
7fa7a0cf0000-7fa7a0cf3000 r--s 00031000 08:05 10225202                   /usr/lib/jvm/java-6-openjdk-common/jre/lib/ext/sunjce_provider.jar
7fa7a0cf3000-7fa7a0cf6000 r--s 00077000 08:05 10225200                   /usr/lib/jvm/java-6-openjdk-common/jre/lib/ext/localedata.jar
7fa7a0cf6000-7fa7a0cf8000 r--s 0000f000 08:05 10225206                   /usr/lib/jvm/java-6-openjdk-common/jre/lib/ext/pulse-java.jar
7fa7a0cf8000-7fa7a0cfc000 r--s 00039000 08:05 10225198                   /usr/lib/jvm/java-6-openjdk-common/jre/lib/ext/sunpkcs11.jar
7fa7a0cfc000-7fa7a0cfd000 r--s 00007000 08:05 10758633                   /usr/share/java/java-atk-wrapper.jar
7fa7a0cfd000-7fa7a0d00000 ---p 00000000 00:00 0 
7fa7a0d00000-7fa7a0dfe000 rw-p 00000000 00:00 0                          [stack:4244]
7fa7a0dfe000-7fa7a0e01000 ---p 00000000 00:00 0 
7fa7a0e01000-7fa7a0eff000 rw-p 00000000 00:00 0                          [stack:4243]
7fa7a0eff000-7fa7a0f02000 ---p 00000000 00:00 0 
7fa7a0f02000-7fa7a1000000 rw-p 00000000 00:00 0                          [stack:4242]
7fa7a1000000-7fa7a13c0000 rwxp 00000000 00:00 0 
7fa7a13c0000-7fa7a4591000 rw-p 00000000 00:00 0 
7fa7a4591000-7fa7a8000000 ---p 00000000 00:00 0 
7fa7a8002000-7fa7a8004000 r--s 00013000 08:05 10224636                   /usr/lib/jvm/java-6-openjdk-common/jre/lib/jce.jar
7fa7a8004000-7fa7a8013000 r--s 000d9000 08:05 7345582                    /home/olga/Development/Play/framework/lib/ivy-2.2.0.jar
7fa7a8013000-7fa7a8019000 r--s 00067000 08:05 7345552                    /home/olga/Development/Play/framework/lib/antlr-2.7.6.jar
7fa7a8019000-7fa7a801c000 r--s 00011000 08:05 7345569                    /home/olga/Development/Play/framework/lib/ezmorph-1.0.3.jar
7fa7a801c000-7fa7a8023000 r--s 0006a000 08:05 7345598                    /home/olga/Development/Play/framework/lib/mail-1.4.3.jar
7fa7a8023000-7fa7a802a000 r--s 00049000 08:05 7345603                    /home/olga/Development/Play/framework/lib/oval-1.50.jar
7fa7a802a000-7fa7a807e000 r--s 00520000 08:05 7345571                    /home/olga/Development/Play/framework/lib/groovy-all-1.7.10.jar
7fa7a807e000-7fa7a80a3000 r--s 00172000 08:05 7345555                    /home/olga/Development/Play/framework/lib/bcprov-jdk15-1.45.jar
7fa7a80a3000-7fa7a80d5000 r--s 002c7000 08:05 7345577                    /home/olga/Development/Play/framework/lib/hibernate-core-3.6.1.Final.jar
7fa7a80d5000-7fa7a80d6000 ---p 00000000 00:00 0 
7fa7a80d6000-7fa7a870e000 rw-p 00000000 00:00 0                          [stack:4241]
7fa7a870e000-7fa7a88a1000 r--s 037db000 08:05 10363553                   /usr/lib/jvm/java-6-openjdk-amd64/jre/lib/rt.jar
7fa7a88a1000-7fa7a88c9000 rw-p 00000000 00:00 0 
7fa7a88c9000-7fa7a88ca000 ---p 00000000 00:00 0 
7fa7a88ca000-7fa7a89ca000 rw-p 00000000 00:00 0                          [stack:4240]
7fa7a89ca000-7fa7a89cb000 ---p 00000000 00:00 0 
7fa7a89cb000-7fa7a8acb000 rw-p 00000000 00:00 0                          [stack:4239]
7fa7a8acb000-7fa7a8acc000 ---p 00000000 00:00 0 
7fa7a8acc000-7fa7a8bcc000 rw-p 00000000 00:00 0                          [stack:4238]
7fa7a8bcc000-7fa7a8bcd000 ---p 00000000 00:00 0 
7fa7a8bcd000-7fa7a8ce3000 rw-p 00000000 00:00 0                          [stack:4237]
7fa7a8ce3000-7fa7a8d20000 rw-p 00000000 00:00 0 
7fa7a8d20000-7fa7a8d35000 rw-p 00000000 00:00 0 
7fa7a8d35000-7fa7a8e61000 rw-p 00000000 00:00 0 
7fa7a8e61000-7fa7a8e77000 rw-p 00000000 00:00 0 
7fa7a8e77000-7fa7a8eb4000 rw-p 00000000 00:00 0 
7fa7a8eb4000-7fa7a8ec9000 rw-p 00000000 00:00 0 
7fa7a8ec9000-7fa7a8ff4000 rw-p 00000000 00:00 0 
7fa7a8ff4000-7fa7a8fff000 rw-p 00000000 00:00 0 
7fa7a8fff000-7fa7a9000000 ---p 00000000 00:00 0 
7fa7a9000000-7fa7a9095000 rw-p 00000000 00:00 0 
7fa7a9095000-7fa7a9096000 rw-p 00000000 00:00 0 
7fa7a9096000-7fa7a909d000 r-xp 00000000 08:05 10491508                   /usr/lib/jvm/java-6-openjdk-amd64/jre/lib/amd64/libzip.so
7fa7a909d000-7fa7a929c000 ---p 00007000 08:05 10491508                   /usr/lib/jvm/java-6-openjdk-amd64/jre/lib/amd64/libzip.so
7fa7a929c000-7fa7a929d000 r--p 00006000 08:05 10491508                   /usr/lib/jvm/java-6-openjdk-amd64/jre/lib/amd64/libzip.so
7fa7a929d000-7fa7a929e000 rw-p 00007000 08:05 10491508                   /usr/lib/jvm/java-6-openjdk-amd64/jre/lib/amd64/libzip.so
7fa7a929e000-7fa7a92aa000 r-xp 00000000 08:05 10485889                   /lib/x86_64-linux-gnu/libnss_files-2.15.so
7fa7a92aa000-7fa7a94a9000 ---p 0000c000 08:05 10485889                   /lib/x86_64-linux-gnu/libnss_files-2.15.so
7fa7a94a9000-7fa7a94aa000 r--p 0000b000 08:05 10485889                   /lib/x86_64-linux-gnu/libnss_files-2.15.so
7fa7a94aa000-7fa7a94ab000 rw-p 0000c000 08:05 10485889                   /lib/x86_64-linux-gnu/libnss_files-2.15.so
7fa7a94ab000-7fa7a94b5000 r-xp 00000000 08:05 10485885                   /lib/x86_64-linux-gnu/libnss_nis-2.15.so
7fa7a94b5000-7fa7a96b5000 ---p 0000a000 08:05 10485885                   /lib/x86_64-linux-gnu/libnss_nis-2.15.so
7fa7a96b5000-7fa7a96b6000 r--p 0000a000 08:05 10485885                   /lib/x86_64-linux-gnu/libnss_nis-2.15.so
7fa7a96b6000-7fa7a96b7000 rw-p 0000b000 08:05 10485885                   /lib/x86_64-linux-gnu/libnss_nis-2.15.so
7fa7a96b7000-7fa7a96ce000 r-xp 00000000 08:05 10489715                   /lib/x86_64-linux-gnu/libnsl-2.15.so
7fa7a96ce000-7fa7a98cd000 ---p 00017000 08:05 10489715                   /lib/x86_64-linux-gnu/libnsl-2.15.so
7fa7a98cd000-7fa7a98ce000 r--p 00016000 08:05 10489715                   /lib/x86_64-linux-gnu/libnsl-2.15.so
7fa7a98ce000-7fa7a98cf000 rw-p 00017000 08:05 10489715                   /lib/x86_64-linux-gnu/libnsl-2.15.so
7fa7a98cf000-7fa7a98d1000 rw-p 00000000 00:00 0 
7fa7a98d1000-7fa7a98d9000 r-xp 00000000 08:05 10485890                   /lib/x86_64-linux-gnu/libnss_compat-2.15.so
7fa7a98d9000-7fa7a9ad8000 ---p 00008000 08:05 10485890                   /lib/x86_64-linux-gnu/libnss_compat-2.15.so
7fa7a9ad8000-7fa7a9ad9000 r--p 00007000 08:05 10485890                   /lib/x86_64-linux-gnu/libnss_compat-2.15.so
7fa7a9ad9000-7fa7a9ada000 rw-p 00008000 08:05 10485890                   /lib/x86_64-linux-gnu/libnss_compat-2.15.so
7fa7a9ada000-7fa7aa1bd000 r--p 00000000 08:05 10230127                   /usr/lib/locale/locale-archive
7fa7aa1bd000-7fa7aa1c0000 r-xp 00000000 08:05 10491478                   /usr/lib/jvm/java-6-openjdk-amd64/jre/lib/amd64/libnpt.so
7fa7aa1c0000-7fa7aa3bf000 ---p 00003000 08:05 10491478                   /usr/lib/jvm/java-6-openjdk-amd64/jre/lib/amd64/libnpt.so
7fa7aa3bf000-7fa7aa3c0000 r--p 00002000 08:05 10491478                   /usr/lib/jvm/java-6-openjdk-amd64/jre/lib/amd64/libnpt.so
7fa7aa3c0000-7fa7aa3c1000 rw-p 00003000 08:05 10491478                   /usr/lib/jvm/java-6-openjdk-amd64/jre/lib/amd64/libnpt.so
7fa7aa3c1000-7fa7aa3ca000 r-xp 00000000 08:05 10491477                   /usr/lib/jvm/java-6-openjdk-amd64/jre/lib/amd64/libinstrument.so
7fa7aa3ca000-7fa7aa5ca000 ---p 00009000 08:05 10491477                   /usr/lib/jvm/java-6-openjdk-amd64/jre/lib/amd64/libinstrument.so
7fa7aa5ca000-7fa7aa5cb000 r--p 00009000 08:05 10491477                   /usr/lib/jvm/java-6-openjdk-amd64/jre/lib/amd64/libinstrument.so
7fa7aa5cb000-7fa7aa5cc000 rw-p 0000a000 08:05 10491477                   /usr/lib/jvm/java-6-openjdk-amd64/jre/lib/amd64/libinstrument.so
7fa7aa5cc000-7fa7aa606000 r-xp 00000000 08:05 10491486                   /usr/lib/jvm/java-6-openjdk-amd64/jre/lib/amd64/libjdwp.so
7fa7aa606000-7fa7aa805000 ---p 0003a000 08:05 10491486                   /usr/lib/jvm/java-6-openjdk-amd64/jre/lib/amd64/libjdwp.so
7fa7aa805000-7fa7aa806000 r--p 00039000 08:05 10491486                   /usr/lib/jvm/java-6-openjdk-amd64/jre/lib/amd64/libjdwp.so
7fa7aa806000-7fa7aa807000 rw-p 0003a000 08:05 10491486                   /usr/lib/jvm/java-6-openjdk-amd64/jre/lib/amd64/libjdwp.so
7fa7aa807000-7fa7aa833000 r-xp 00000000 08:05 10491496                   /usr/lib/jvm/java-6-openjdk-amd64/jre/lib/amd64/libjava.so
7fa7aa833000-7fa7aaa32000 ---p 0002c000 08:05 10491496                   /usr/lib/jvm/java-6-openjdk-amd64/jre/lib/amd64/libjava.so
7fa7aaa32000-7fa7aaa33000 r--p 0002b000 08:05 10491496                   /usr/lib/jvm/java-6-openjdk-amd64/jre/lib/amd64/libjava.so
7fa7aaa33000-7fa7aaa36000 rw-p 0002c000 08:05 10491496                   /usr/lib/jvm/java-6-openjdk-amd64/jre/lib/amd64/libjava.so
7fa7aaa36000-7fa7aaa44000 r-xp 00000000 08:05 10491495                   /usr/lib/jvm/java-6-openjdk-amd64/jre/lib/amd64/libverify.so
7fa7aaa44000-7fa7aac43000 ---p 0000e000 08:05 10491495                   /usr/lib/jvm/java-6-openjdk-amd64/jre/lib/amd64/libverify.so
7fa7aac43000-7fa7aac45000 r--p 0000d000 08:05 10491495                   /usr/lib/jvm/java-6-openjdk-amd64/jre/lib/amd64/libverify.so
7fa7aac45000-7fa7aac46000 rw-p 0000f000 08:05 10491495                   /usr/lib/jvm/java-6-openjdk-amd64/jre/lib/amd64/libverify.so
7fa7aac46000-7fa7aac4d000 r-xp 00000000 08:05 10485883                   /lib/x86_64-linux-gnu/librt-2.15.so
7fa7aac4d000-7fa7aae4c000 ---p 00007000 08:05 10485883                   /lib/x86_64-linux-gnu/librt-2.15.so
7fa7aae4c000-7fa7aae4d000 r--p 00006000 08:05 10485883                   /lib/x86_64-linux-gnu/librt-2.15.so
7fa7aae4d000-7fa7aae4e000 rw-p 00007000 08:05 10485883                   /lib/x86_64-linux-gnu/librt-2.15.so
7fa7aae4e000-7fa7aae63000 r-xp 00000000 08:05 10489415                   /lib/x86_64-linux-gnu/libgcc_s.so.1
7fa7aae63000-7fa7ab062000 ---p 00015000 08:05 10489415                   /lib/x86_64-linux-gnu/libgcc_s.so.1
7fa7ab062000-7fa7ab063000 r--p 00014000 08:05 10489415                   /lib/x86_64-linux-gnu/libgcc_s.so.1
7fa7ab063000-7fa7ab064000 rw-p 00015000 08:05 10489415                   /lib/x86_64-linux-gnu/libgcc_s.so.1
7fa7ab064000-7fa7ab15f000 r-xp 00000000 08:05 10485887                   /lib/x86_64-linux-gnu/libm-2.15.so
7fa7ab15f000-7fa7ab35e000 ---p 000fb000 08:05 10485887                   /lib/x86_64-linux-gnu/libm-2.15.so
7fa7ab35e000-7fa7ab35f000 r--p 000fa000 08:05 10485887                   /lib/x86_64-linux-gnu/libm-2.15.so
7fa7ab35f000-7fa7ab360000 rw-p 000fb000 08:05 10485887                   /lib/x86_64-linux-gnu/libm-2.15.so
7fa7ab360000-7fa7ab442000 r-xp 00000000 08:05 10231417                   /usr/lib/x86_64-linux-gnu/libstdc++.so.6.0.16
7fa7ab442000-7fa7ab641000 ---p 000e2000 08:05 10231417                   /usr/lib/x86_64-linux-gnu/libstdc++.so.6.0.16
7fa7ab641000-7fa7ab649000 r--p 000e1000 08:05 10231417                   /usr/lib/x86_64-linux-gnu/libstdc++.so.6.0.16
7fa7ab649000-7fa7ab64b000 rw-p 000e9000 08:05 10231417                   /usr/lib/x86_64-linux-gnu/libstdc++.so.6.0.16
7fa7ab64b000-7fa7ab660000 rw-p 00000000 00:00 0 
7fa7ab660000-7fa7abf65000 r-xp 00000000 08:05 10620262                   /usr/lib/jvm/java-6-openjdk-amd64/jre/lib/amd64/server/libjvm.so
7fa7abf65000-7fa7ac164000 ---p 00905000 08:05 10620262                   /usr/lib/jvm/java-6-openjdk-amd64/jre/lib/amd64/server/libjvm.so
7fa7ac164000-7fa7ac1e5000 r--p 00904000 08:05 10620262                   /usr/lib/jvm/java-6-openjdk-amd64/jre/lib/amd64/server/libjvm.so
7fa7ac1e5000-7fa7ac200000 rw-p 00985000 08:05 10620262                   /usr/lib/jvm/java-6-openjdk-amd64/jre/lib/amd64/server/libjvm.so
7fa7ac200000-7fa7ac229000 rw-p 00000000 00:00 0 
7fa7ac229000-7fa7ac23f000 r-xp 00000000 08:05 10489505                   /lib/x86_64-linux-gnu/libz.so.1.2.3.4
7fa7ac23f000-7fa7ac43e000 ---p 00016000 08:05 10489505                   /lib/x86_64-linux-gnu/libz.so.1.2.3.4
7fa7ac43e000-7fa7ac43f000 r--p 00015000 08:05 10489505                   /lib/x86_64-linux-gnu/libz.so.1.2.3.4
7fa7ac43f000-7fa7ac440000 rw-p 00016000 08:05 10489505                   /lib/x86_64-linux-gnu/libz.so.1.2.3.4
7fa7ac440000-7fa7ac5f5000 r-xp 00000000 08:05 10485783                   /lib/x86_64-linux-gnu/libc-2.15.so
7fa7ac5f5000-7fa7ac7f4000 ---p 001b5000 08:05 10485783                   /lib/x86_64-linux-gnu/libc-2.15.so
7fa7ac7f4000-7fa7ac7f8000 r--p 001b4000 08:05 10485783                   /lib/x86_64-linux-gnu/libc-2.15.so
7fa7ac7f8000-7fa7ac7fa000 rw-p 001b8000 08:05 10485783                   /lib/x86_64-linux-gnu/libc-2.15.so
7fa7ac7fa000-7fa7ac7ff000 rw-p 00000000 00:00 0 
7fa7ac7ff000-7fa7ac801000 r-xp 00000000 08:05 10485772                   /lib/x86_64-linux-gnu/libdl-2.15.so
7fa7ac801000-7fa7aca01000 ---p 00002000 08:05 10485772                   /lib/x86_64-linux-gnu/libdl-2.15.so
7fa7aca01000-7fa7aca02000 r--p 00002000 08:05 10485772                   /lib/x86_64-linux-gnu/libdl-2.15.so
7fa7aca02000-7fa7aca03000 rw-p 00003000 08:05 10485772                   /lib/x86_64-linux-gnu/libdl-2.15.so
7fa7aca03000-7fa7aca07000 r-xp 00000000 08:05 10491480                   /usr/lib/jvm/java-6-openjdk-amd64/jre/lib/amd64/jli/libjli.so
7fa7aca07000-7fa7acc06000 ---p 00004000 08:05 10491480                   /usr/lib/jvm/java-6-openjdk-amd64/jre/lib/amd64/jli/libjli.so
7fa7acc06000-7fa7acc07000 r--p 00003000 08:05 10491480                   /usr/lib/jvm/java-6-openjdk-amd64/jre/lib/amd64/jli/libjli.so
7fa7acc07000-7fa7acc08000 rw-p 00004000 08:05 10491480                   /usr/lib/jvm/java-6-openjdk-amd64/jre/lib/amd64/jli/libjli.so
7fa7acc08000-7fa7acc20000 r-xp 00000000 08:05 10485881                   /lib/x86_64-linux-gnu/libpthread-2.15.so
7fa7acc20000-7fa7ace1f000 ---p 00018000 08:05 10485881                   /lib/x86_64-linux-gnu/libpthread-2.15.so
7fa7ace1f000-7fa7ace20000 r--p 00017000 08:05 10485881                   /lib/x86_64-linux-gnu/libpthread-2.15.so
7fa7ace20000-7fa7ace21000 rw-p 00018000 08:05 10485881                   /lib/x86_64-linux-gnu/libpthread-2.15.so
7fa7ace21000-7fa7ace25000 rw-p 00000000 00:00 0 
7fa7ace25000-7fa7ace47000 r-xp 00000000 08:05 10485893                   /lib/x86_64-linux-gnu/ld-2.15.so
7fa7ace48000-7fa7ace4f000 r--s 000b7000 08:05 7345600                    /home/olga/Development/Play/framework/lib/mysql-connector-java-5.1.13.jar
7fa7ace4f000-7fa7ace5a000 r--s 0008b000 08:05 7345556                    /home/olga/Development/Play/framework/lib/c3p0-0.9.1.2.jar
7fa7ace5a000-7fa7ace5c000 r--s 0000d000 08:05 7345562                    /home/olga/Development/Play/framework/lib/commons-fileupload-1.2.2.jar
7fa7ace5c000-7fa7ace61000 r--s 0002e000 08:05 7345553                    /home/olga/Development/Play/framework/lib/asm-all-3.3.1.jar
7fa7ace61000-7fa7ace63000 r--s 0000d000 08:05 7345566                    /home/olga/Development/Play/framework/lib/commons-logging-1.1.1.jar
7fa7ace63000-7fa7ace6c000 r--s 0006d000 08:05 7345597                    /home/olga/Development/Play/framework/lib/log4j-1.2.16.jar
7fa7ace6c000-7fa7ace7b000 rw-p 00000000 00:00 0 
7fa7ace7b000-7fa7acf2c000 rw-p 00000000 00:00 0 
7fa7acf2c000-7fa7acf2f000 ---p 00000000 00:00 0 
7fa7acf2f000-7fa7ad032000 rw-p 00000000 00:00 0                          [stack:4236]
7fa7ad033000-7fa7ad038000 r--s 00048000 08:05 7345567                    /home/olga/Development/Play/framework/lib/dom4j-1.6.1.jar
7fa7ad038000-7fa7ad03a000 r--s 00003000 08:05 7346889                    /home/olga/Development/Play/modules/paginate-head/lib/play-paginate.jar
7fa7ad03a000-7fa7ad03b000 rw-p 00000000 00:00 0 
7fa7ad03b000-7fa7ad043000 rw-s 00000000 08:05 2883627                    /tmp/hsperfdata_olga/4235
7fa7ad043000-7fa7ad044000 rw-p 00000000 00:00 0 
7fa7ad044000-7fa7ad045000 r--p 00000000 00:00 0 
7fa7ad045000-7fa7ad047000 rw-p 00000000 00:00 0 
7fa7ad047000-7fa7ad048000 r--p 00022000 08:05 10485893                   /lib/x86_64-linux-gnu/ld-2.15.so
7fa7ad048000-7fa7ad04a000 rw-p 00023000 08:05 10485893                   /lib/x86_64-linux-gnu/ld-2.15.so
7fffe4f00000-7fffe4f22000 rw-p 00000000 00:00 0                          [stack]
7fffe4fff000-7fffe5000000 r-xp 00000000 00:00 0                          [vdso]
ffffffffff600000-ffffffffff601000 r-xp 00000000 00:00 0                  [vsyscall]

VM Arguments:
jvm_args: -javaagent:/home/olga/Development/Play/framework/play-1.2.4.jar -XX:-UseSplitVerifier -Dfile.encoding=utf-8 -Xdebug -Xrunjdwp:transport=dt_socket,address=8000,server=y,suspend=n -Dplay.debug=yes -Dapplication.path=/home/olga/Development/Play/BookHunter -Dplay.id= 
java_command: play.server.Server 
Launcher Type: SUN_STANDARD

Environment Variables:
PATH=/home/olga/Development/Play:/usr/lib/lightdm/lightdm:/usr/local/sbin:/usr/local/bin:/usr/sbin:/usr/bin:/sbin:/bin:/usr/games
LD_LIBRARY_PATH=/usr/lib/jvm/java-6-openjdk-amd64/jre/lib/amd64/server:/usr/lib/jvm/java-6-openjdk-amd64/jre/lib/amd64:/usr/lib/jvm/java-6-openjdk-amd64/jre/../lib/amd64
SHELL=/bin/bash
DISPLAY=:0.0

Signal Handlers:
SIGSEGV: [libjvm.so+0x7856d0], sa_mask[0]=0x7ffbfeff, sa_flags=0x10000004
SIGBUS: [libjvm.so+0x7856d0], sa_mask[0]=0x7ffbfeff, sa_flags=0x10000004
SIGFPE: [libjvm.so+0x649250], sa_mask[0]=0x7ffbfeff, sa_flags=0x10000004
SIGPIPE: [libjvm.so+0x649250], sa_mask[0]=0x7ffbfeff, sa_flags=0x10000004
SIGXFSZ: [libjvm.so+0x649250], sa_mask[0]=0x7ffbfeff, sa_flags=0x10000004
SIGILL: [libjvm.so+0x649250], sa_mask[0]=0x7ffbfeff, sa_flags=0x10000004
SIGUSR1: SIG_DFL, sa_mask[0]=0x00000000, sa_flags=0x00000000
SIGUSR2: [libjvm.so+0x649430], sa_mask[0]=0x00000000, sa_flags=0x10000004
SIGHUP: [libjvm.so+0x64bdf0], sa_mask[0]=0x7ffbfeff, sa_flags=0x10000004
SIGINT: [libjvm.so+0x64bdf0], sa_mask[0]=0x7ffbfeff, sa_flags=0x10000004
SIGTERM: [libjvm.so+0x64bdf0], sa_mask[0]=0x7ffbfeff, sa_flags=0x10000004
SIGQUIT: [libjvm.so+0x64bdf0], sa_mask[0]=0x7ffbfeff, sa_flags=0x10000004


---------------  S Y S T E M  ---------------

OS:Ubuntu 12.04 (precise)
uname:Linux 3.5.0-32-generic #53~precise1-Ubuntu SMP Wed May 29 20:33:37 UTC 2013 x86_64
libc:glibc 2.15 NPTL 2.15 
rlimit: STACK 8192k, CORE 0k, NPROC 30593, NOFILE 4096, AS infinity
load average:0.11 0.38 0.57

/proc/meminfo:
MemTotal:        3934588 kB
MemFree:          439592 kB
Buffers:          131280 kB
Cached:          1324176 kB
SwapCached:          340 kB
Active:          2137948 kB
Inactive:        1109456 kB
Active(anon):    1734964 kB
Inactive(anon):   409500 kB
Active(file):     402984 kB
Inactive(file):   699956 kB
Unevictable:          32 kB
Mlocked:              32 kB
SwapTotal:       4077564 kB
SwapFree:        4073196 kB
Dirty:              1524 kB
Writeback:             0 kB
AnonPages:       1791736 kB
Mapped:           245964 kB
Shmem:            352512 kB
Slab:             142268 kB
SReclaimable:     110796 kB
SUnreclaim:        31472 kB
KernelStack:        4800 kB
PageTables:        41212 kB
NFS_Unstable:          0 kB
Bounce:                0 kB
WritebackTmp:          0 kB
CommitLimit:     6044856 kB
Committed_AS:    6189992 kB
VmallocTotal:   34359738367 kB
VmallocUsed:      560560 kB
VmallocChunk:   34359164612 kB
HardwareCorrupted:     0 kB
AnonHugePages:         0 kB
HugePages_Total:       0
HugePages_Free:        0
HugePages_Rsvd:        0
HugePages_Surp:        0
Hugepagesize:       2048 kB
DirectMap4k:       55296 kB
DirectMap2M:     4030464 kB


CPU:total 4 (4 cores per cpu, 1 threads per core) family 6 model 42 stepping 7, cmov, cx8, fxsr, mmx, sse, sse2, sse3, ssse3, sse4.1, sse4.2, popcnt

Memory: 4k page, physical 3934588k(439592k free), swap 4077564k(4073196k free)

vm_info: OpenJDK 64-Bit Server VM (20.0-b12) for linux-amd64 JRE (1.6.0_27-b27), built on Apr 25 2013 14:56:54 by "buildd" with gcc 4.6.3

time: Tue Jun  4 11:25:16 2013
elapsed time: 690 seconds

