#
# A fatal error has been detected by the Java Runtime Environment:
#
#  SIGSEGV (0xb) at pc=0x00007eff9ab8c6be, pid=20840, tid=139636023187200
#
# JRE version: 6.0_27-b27
# Java VM: OpenJDK 64-Bit Server VM (20.0-b12 mixed mode linux-amd64 compressed oops)
# Derivative: IcedTea6 1.12.5
# Distribution: Ubuntu 12.04 LTS, package 6b27-1.12.5-0ubuntu0.12.04.1
# Problematic frame:
# V  [libjvm.so+0x5bd6be]  PhaseIdealLoop::build_loop_late_post(Node*)+0x14e
#
# If you would like to submit a bug report, please include
# instructions how to reproduce the bug and visit:
#   https://bugs.launchpad.net/ubuntu/+source/openjdk-6/
#

---------------  T H R E A D  ---------------

Current thread (0x00007eff940d9000):  JavaThread "C2 CompilerThread0" daemon [_thread_in_native, id=20852, stack(0x00007eff8b7f5000,0x00007eff8b8f6000)]

siginfo:si_signo=SIGSEGV: si_errno=0, si_code=1 (SEGV_MAPERR), si_addr=0x0000000000000008

Registers:
RAX=0x0000000000000000, RBX=0x00007eff8b8f2a50, RCX=0x00007eff545bec40, RDX=0x0000000000002000
RSP=0x00007eff8b8f1290, RBP=0x00007eff8b8f12d0, RSI=0x00007eff54524300, RDI=0x0000000000000000
R8 =0x00007eff545aec20, R9 =0x00007eff8b8f2a50, R10=0x00007eff54524300, R11=0x0000000000000000
R12=0x00007eff5402d5b0, R13=0x00007eff54080048, R14=0x00007eff8b8f2a70, R15=0x00007eff544d2778
RIP=0x00007eff9ab8c6be, EFLAGS=0x0000000000010283, CSGSFS=0x0000000000000033, ERR=0x0000000000000004
  TRAPNO=0x000000000000000e

Top of Stack: (sp=0x00007eff8b8f1290)
0x00007eff8b8f1290:   00007eff544c0948 00007eff8b8f1570
0x00007eff8b8f12a0:   00007eff8b8f12d0 00007eff8b8f2a50
0x00007eff8b8f12b0:   0000000000000002 00007eff5402d5b0
0x00007eff8b8f12c0:   00007eff544da058 00007eff8b8f1570
0x00007eff8b8f12d0:   00007eff8b8f1340 00007eff9ab8cc2b
0x00007eff8b8f12e0:   00007eff54196fb0 00007eff00000100
0x00007eff8b8f12f0:   00007eff00000001 00007eff8b8f33f0
0x00007eff8b8f1300:   00007eff8b8f1590 00007eff8b8f1530
0x00007eff8b8f1310:   0000000000001804 00007eff8b8f2a50
0x00007eff8b8f1320:   0000000000000007 0000000000000001
0x00007eff8b8f1330:   0000000000000001 00007eff54196fb0
0x00007eff8b8f1340:   00007eff8b8f15e0 00007eff9ab8d7f2
0x00007eff8b8f1350:   00007eff8b8f1390 00007eff54196f40
0x00007eff8b8f1360:   00007eff54201d18 00007eff8b8f2a70
0x00007eff8b8f1370:   00007eff34394138 00007eff8b8f1630
0x00007eff8b8f1380:   00007eff343944a8 00007eff343943f8
0x00007eff8b8f1390:   00007eff8b8f1460 00007eff9aa3e5c1
0x00007eff8b8f13a0:   0000000000000000 00007eff54072070
0x00007eff8b8f13b0:   00007eff9b162820 0000000000000004
0x00007eff8b8f13c0:   00007eff8b8f1ff8 00007eff8b8f2018
0x00007eff8b8f13d0:   00007eff8b8f1400 00007eff9ac00484
0x00007eff8b8f13e0:   00007eff544d4e60 00007eff8b8f14d0
0x00007eff8b8f13f0:   00007eff8b8f1400 00007eff9a8dbba2
0x00007eff8b8f1400:   00007eff8b8f1460 00007eff9aa40b75
0x00007eff8b8f1410:   00007eff54262fc0 00007eff54390790
0x00007eff8b8f1420:   0000000000000010 0000000000000080
0x00007eff8b8f1430:   0000000000000002 0000000000010040
0x00007eff8b8f1440:   0000000000000000 0000043000001002
0x00007eff8b8f1450:   0000007e000000db 0000007c00000079
0x00007eff8b8f1460:   00007eff8b8f1550 00007eff54000020
0x00007eff8b8f1470:   00007eff8b8f1500 0000000000010010
0x00007eff8b8f1480:   00007eff5446a9d0 0000000000010000 

Instructions: (pc=0x00007eff9ab8c6be)
0x00007eff9ab8c69e:   4c 39 e8 0f 84 ad 03 00 00 8b 70 28 49 89 c7 0f
0x00007eff9ab8c6ae:   1f 00 4c 8b 93 e0 09 00 00 49 8d 34 f2 48 8b 06
0x00007eff9ab8c6be:   48 8b 50 08 48 83 3a 00 75 27 8b 4b 28 0f 1f 44
0x00007eff9ab8c6ce:   00 00 8b 50 28 31 c0 39 ca 73 0c 48 8b 43 30 48 

Register to memory mapping:

RAX=0x0000000000000000 is an unknown value
RBX=0x00007eff8b8f2a50 is pointing into the stack for thread: 0x00007eff940d9000
RCX=0x00007eff545bec40 is an unknown value
RDX=0x0000000000002000 is an unknown value
RSP=0x00007eff8b8f1290 is pointing into the stack for thread: 0x00007eff940d9000
RBP=0x00007eff8b8f12d0 is pointing into the stack for thread: 0x00007eff940d9000
RSI=0x00007eff54524300 is an unknown value
RDI=0x0000000000000000 is an unknown value
R8 =0x00007eff545aec20 is an unknown value
R9 =0x00007eff8b8f2a50 is pointing into the stack for thread: 0x00007eff940d9000
R10=0x00007eff54524300 is an unknown value
R11=0x0000000000000000 is an unknown value
R12=0x00007eff5402d5b0 is an unknown value
R13=0x00007eff54080048 is an unknown value
R14=0x00007eff8b8f2a70 is pointing into the stack for thread: 0x00007eff940d9000
R15=0x00007eff544d2778 is an unknown value


Stack: [0x00007eff8b7f5000,0x00007eff8b8f6000],  sp=0x00007eff8b8f1290,  free space=1008k
Native frames: (J=compiled Java code, j=interpreted, Vv=VM code, C=native code)
V  [libjvm.so+0x5bd6be]  PhaseIdealLoop::build_loop_late_post(Node*)+0x14e
V  [libjvm.so+0x5bdc2b]  PhaseIdealLoop::build_loop_late(VectorSet&, Node_List&, Node_Stack&)+0x10b
V  [libjvm.so+0x5be7f2]  PhaseIdealLoop::build_and_optimize(bool, bool)+0x692
V  [libjvm.so+0x37c4fa]  Compile::Optimize()+0xd2a
V  [libjvm.so+0x37d263]  Compile::Compile(ciEnv*, C2Compiler*, ciMethod*, int, bool, bool)+0xad3
V  [libjvm.so+0x306a70]  C2Compiler::compile_method(ciEnv*, ciMethod*, int)+0xe0
V  [libjvm.so+0x381953]  CompileBroker::invoke_compiler_on_method(CompileTask*)+0x2a3
V  [libjvm.so+0x38229b]  CompileBroker::compiler_thread_loop()+0x45b
V  [libjvm.so+0x74d488]  JavaThread::thread_main_inner()+0x58
V  [libjvm.so+0x64c792]  java_start(Thread*)+0x112


Current CompileTask:
C2:9063089 609      jregex.Pretokenizer.next()V (1064 bytes)


---------------  P R O C E S S  ---------------

Java Threads: ( => current thread )
  0x00007eff34386000 JavaThread "net.sf.ehcache.CacheManager@1fc2ab6c" daemon [_thread_blocked, id=22919, stack(0x00007eff8a92a000,0x00007eff8aa2b000)]
  0x00007eff44009800 JavaThread "New I/O server worker #1-1" [_thread_in_native, id=22916, stack(0x00007eff8ac2d000,0x00007eff8ad2e000)]
  0x00007eff44070000 JavaThread "New I/O server worker #1-8" [_thread_in_native, id=22915, stack(0x00007eff8ab2c000,0x00007eff8ac2d000)]
  0x00007eff44006000 JavaThread "New I/O server worker #1-7" [_thread_in_native, id=22914, stack(0x00007eff8ad2e000,0x00007eff8ae2f000)]
  0x00007eff44008000 JavaThread "New I/O server worker #1-6" [_thread_in_native, id=22913, stack(0x00007eff8a21e000,0x00007eff8a31f000)]
  0x00007eff341b8000 JavaThread "com.mchange.v2.async.ThreadPoolAsynchronousRunner$PoolThread-#2" daemon [_thread_blocked, id=20879, stack(0x00007eff8a31f000,0x00007eff8a420000)]
  0x00007eff341b7000 JavaThread "com.mchange.v2.async.ThreadPoolAsynchronousRunner$PoolThread-#1" daemon [_thread_blocked, id=20878, stack(0x00007eff8a420000,0x00007eff8a521000)]
  0x00007eff340f9800 JavaThread "com.mchange.v2.async.ThreadPoolAsynchronousRunner$PoolThread-#0" daemon [_thread_blocked, id=20877, stack(0x00007eff8a521000,0x00007eff8a622000)]
  0x00007eff340f8800 JavaThread "Timer-0" daemon [_thread_blocked, id=20876, stack(0x00007eff8a622000,0x00007eff8a723000)]
  0x00007eff48003000 JavaThread "play-thread-1" [_thread_blocked, id=20874, stack(0x00007eff8aa2b000,0x00007eff8ab2c000)]
  0x00007eff9400c800 JavaThread "DestroyJavaVM" [_thread_blocked, id=20841, stack(0x00007eff9be9b000,0x00007eff9bf9c000)]
  0x00007eff94294000 JavaThread "New I/O server boss #1 ([id: 0x6b541147, /0:0:0:0:0:0:0:0:9000])" [_thread_in_native, id=20856, stack(0x00007eff8ae2f000,0x00007eff8af30000)]
  0x00007eff940de000 JavaThread "Low Memory Detector" daemon [_thread_blocked, id=20854, stack(0x00007eff8b5f3000,0x00007eff8b6f4000)]
  0x00007eff940dc000 JavaThread "C2 CompilerThread1" daemon [_thread_blocked, id=20853, stack(0x00007eff8b6f4000,0x00007eff8b7f5000)]
=>0x00007eff940d9000 JavaThread "C2 CompilerThread0" daemon [_thread_in_native, id=20852, stack(0x00007eff8b7f5000,0x00007eff8b8f6000)]
  0x00007eff940d6800 JavaThread "JDWP Event Helper Thread" daemon [_thread_blocked, id=20851, stack(0x00007eff8b8f6000,0x00007eff8b9f7000)]
  0x00007eff940d3000 JavaThread "JDWP Transport Listener: dt_socket" daemon [_thread_in_native, id=20850, stack(0x00007eff8b9f7000,0x00007eff8baf8000)]
  0x00007eff9409b000 JavaThread "Signal Dispatcher" daemon [_thread_blocked, id=20849, stack(0x00007eff8bcfd000,0x00007eff8bdfe000)]
  0x00007eff9407d000 JavaThread "Finalizer" daemon [_thread_blocked, id=20848, stack(0x00007eff8bdfe000,0x00007eff8beff000)]
  0x00007eff9407b000 JavaThread "Reference Handler" daemon [_thread_blocked, id=20847, stack(0x00007eff8beff000,0x00007eff8c000000)]

Other Threads:
  0x00007eff94076000 VMThread [stack: 0x00007eff9003f000,0x00007eff90140000] [id=20846]
  0x00007eff940e9000 WatcherThread [stack: 0x00007eff8b4f2000,0x00007eff8b5f3000] [id=20855]

VM state:not at safepoint (normal execution)

VM Mutex/Monitor currently owned by a thread: None

Heap
 PSYoungGen      total 10176K, used 4589K [0x00000000ebf60000, 0x00000000ecd60000, 0x0000000100000000)
  eden space 9344K, 40% used [0x00000000ebf60000,0x00000000ec313728,0x00000000ec880000)
  from space 832K, 96% used [0x00000000ec8a0000,0x00000000ec968000,0x00000000ec970000)
  to   space 2496K, 0% used [0x00000000ecaf0000,0x00000000ecaf0000,0x00000000ecd60000)
 PSOldGen        total 41024K, used 15079K [0x00000000c3e00000, 0x00000000c6610000, 0x00000000ebf60000)
  object space 41024K, 36% used [0x00000000c3e00000,0x00000000c4cb9f80,0x00000000c6610000)
 PSPermGen       total 43904K, used 43873K [0x00000000b9800000, 0x00000000bc2e0000, 0x00000000c3e00000)
  object space 43904K, 99% used [0x00000000b9800000,0x00000000bc2d8690,0x00000000bc2e0000)

Code Cache  [0x00007eff91000000, 0x00007eff913d0000, 0x00007eff94000000)
 total_blobs=1261 nmethods=596 adapters=627 free_code_cache=46676096 largest_free_block=232832

Dynamic libraries:
00400000-00409000 r-xp 00000000 08:05 10620266                           /usr/lib/jvm/java-6-openjdk-amd64/jre/bin/java
00608000-00609000 r--p 00008000 08:05 10620266                           /usr/lib/jvm/java-6-openjdk-amd64/jre/bin/java
00609000-0060a000 rw-p 00009000 08:05 10620266                           /usr/lib/jvm/java-6-openjdk-amd64/jre/bin/java
012cf000-012f0000 rw-p 00000000 00:00 0                                  [heap]
b9800000-bc2e0000 rw-p 00000000 00:00 0 
bc2e0000-c3e00000 rw-p 00000000 00:00 0 
c3e00000-c6610000 rw-p 00000000 00:00 0 
c6610000-ebf60000 rw-p 00000000 00:00 0 
ebf60000-ecd60000 rw-p 00000000 00:00 0 
ecd60000-ed5a0000 ---p 00000000 00:00 0 
ed5a0000-100000000 rw-p 00000000 00:00 0 
7eff1c000000-7eff1c021000 rw-p 00000000 00:00 0 
7eff1c021000-7eff20000000 ---p 00000000 00:00 0 
7eff24000000-7eff24021000 rw-p 00000000 00:00 0 
7eff24021000-7eff28000000 ---p 00000000 00:00 0 
7eff28000000-7eff28021000 rw-p 00000000 00:00 0 
7eff28021000-7eff2c000000 ---p 00000000 00:00 0 
7eff2c000000-7eff2c021000 rw-p 00000000 00:00 0 
7eff2c021000-7eff30000000 ---p 00000000 00:00 0 
7eff30000000-7eff30044000 rw-p 00000000 00:00 0 
7eff30044000-7eff34000000 ---p 00000000 00:00 0 
7eff34000000-7eff34e7a000 rw-p 00000000 00:00 0 
7eff34e7a000-7eff38000000 ---p 00000000 00:00 0 
7eff38000000-7eff3802d000 rw-p 00000000 00:00 0 
7eff3802d000-7eff3c000000 ---p 00000000 00:00 0 
7eff3c000000-7eff3c021000 rw-p 00000000 00:00 0 
7eff3c021000-7eff40000000 ---p 00000000 00:00 0 
7eff40000000-7eff40021000 rw-p 00000000 00:00 0 
7eff40021000-7eff44000000 ---p 00000000 00:00 0 
7eff44000000-7eff440c3000 rw-p 00000000 00:00 0 
7eff440c3000-7eff48000000 ---p 00000000 00:00 0 
7eff48000000-7eff4805c000 rw-p 00000000 00:00 0 
7eff4805c000-7eff4c000000 ---p 00000000 00:00 0 
7eff4c000000-7eff4c021000 rw-p 00000000 00:00 0 
7eff4c021000-7eff50000000 ---p 00000000 00:00 0 
7eff50000000-7eff50021000 rw-p 00000000 00:00 0 
7eff50021000-7eff54000000 ---p 00000000 00:00 0 
7eff54000000-7eff56751000 rw-p 00000000 00:00 0 
7eff56751000-7eff58000000 ---p 00000000 00:00 0 
7eff58000000-7eff5a686000 rw-p 00000000 00:00 0 
7eff5a686000-7eff5c000000 ---p 00000000 00:00 0 
7eff5c000000-7eff5c021000 rw-p 00000000 00:00 0 
7eff5c021000-7eff60000000 ---p 00000000 00:00 0 
7eff60000000-7eff60021000 rw-p 00000000 00:00 0 
7eff60021000-7eff64000000 ---p 00000000 00:00 0 
7eff64000000-7eff64021000 rw-p 00000000 00:00 0 
7eff64021000-7eff68000000 ---p 00000000 00:00 0 
7eff68000000-7eff68021000 rw-p 00000000 00:00 0 
7eff68021000-7eff6c000000 ---p 00000000 00:00 0 
7eff6c000000-7eff6c021000 rw-p 00000000 00:00 0 
7eff6c021000-7eff70000000 ---p 00000000 00:00 0 
7eff70000000-7eff70021000 rw-p 00000000 00:00 0 
7eff70021000-7eff74000000 ---p 00000000 00:00 0 
7eff74000000-7eff74021000 rw-p 00000000 00:00 0 
7eff74021000-7eff78000000 ---p 00000000 00:00 0 
7eff7c000000-7eff7c021000 rw-p 00000000 00:00 0 
7eff7c021000-7eff80000000 ---p 00000000 00:00 0 
7eff84000000-7eff84021000 rw-p 00000000 00:00 0 
7eff84021000-7eff88000000 ---p 00000000 00:00 0 
7eff8a21e000-7eff8a221000 ---p 00000000 00:00 0 
7eff8a221000-7eff8a31f000 rw-p 00000000 00:00 0                          [stack:22913]
7eff8a31f000-7eff8a322000 ---p 00000000 00:00 0 
7eff8a322000-7eff8a420000 rw-p 00000000 00:00 0                          [stack:20879]
7eff8a420000-7eff8a423000 ---p 00000000 00:00 0 
7eff8a423000-7eff8a521000 rw-p 00000000 00:00 0                          [stack:20878]
7eff8a521000-7eff8a524000 ---p 00000000 00:00 0 
7eff8a524000-7eff8a622000 rw-p 00000000 00:00 0                          [stack:20877]
7eff8a622000-7eff8a625000 ---p 00000000 00:00 0 
7eff8a625000-7eff8a723000 rw-p 00000000 00:00 0                          [stack:20876]
7eff8a723000-7eff8a729000 r-xp 00000000 08:05 10491493                   /usr/lib/jvm/java-6-openjdk-amd64/jre/lib/amd64/libmanagement.so
7eff8a729000-7eff8a928000 ---p 00006000 08:05 10491493                   /usr/lib/jvm/java-6-openjdk-amd64/jre/lib/amd64/libmanagement.so
7eff8a928000-7eff8a929000 r--p 00005000 08:05 10491493                   /usr/lib/jvm/java-6-openjdk-amd64/jre/lib/amd64/libmanagement.so
7eff8a929000-7eff8a92a000 rw-p 00006000 08:05 10491493                   /usr/lib/jvm/java-6-openjdk-amd64/jre/lib/amd64/libmanagement.so
7eff8a92a000-7eff8a92d000 ---p 00000000 00:00 0 
7eff8a92d000-7eff8aa2b000 rw-p 00000000 00:00 0                          [stack:22919]
7eff8aa2b000-7eff8aa2e000 ---p 00000000 00:00 0 
7eff8aa2e000-7eff8ab2c000 rw-p 00000000 00:00 0                          [stack:20874]
7eff8ab2c000-7eff8ab2f000 ---p 00000000 00:00 0 
7eff8ab2f000-7eff8ac2d000 rw-p 00000000 00:00 0                          [stack:22915]
7eff8ac2d000-7eff8ac30000 ---p 00000000 00:00 0 
7eff8ac30000-7eff8ad2e000 rw-p 00000000 00:00 0                          [stack:22916]
7eff8ad2e000-7eff8ad31000 ---p 00000000 00:00 0 
7eff8ad31000-7eff8ae2f000 rw-p 00000000 00:00 0                          [stack:22914]
7eff8ae2f000-7eff8ae32000 ---p 00000000 00:00 0 
7eff8ae32000-7eff8af30000 rw-p 00000000 00:00 0                          [stack:20856]
7eff8af30000-7eff8af38000 r-xp 00000000 08:05 10491485                   /usr/lib/jvm/java-6-openjdk-amd64/jre/lib/amd64/libnio.so
7eff8af38000-7eff8b137000 ---p 00008000 08:05 10491485                   /usr/lib/jvm/java-6-openjdk-amd64/jre/lib/amd64/libnio.so
7eff8b137000-7eff8b138000 r--p 00007000 08:05 10491485                   /usr/lib/jvm/java-6-openjdk-amd64/jre/lib/amd64/libnio.so
7eff8b138000-7eff8b139000 rw-p 00008000 08:05 10491485                   /usr/lib/jvm/java-6-openjdk-amd64/jre/lib/amd64/libnio.so
7eff8b139000-7eff8b14e000 r-xp 00000000 08:05 10491489                   /usr/lib/jvm/java-6-openjdk-amd64/jre/lib/amd64/libnet.so
7eff8b14e000-7eff8b34d000 ---p 00015000 08:05 10491489                   /usr/lib/jvm/java-6-openjdk-amd64/jre/lib/amd64/libnet.so
7eff8b34d000-7eff8b34e000 r--p 00014000 08:05 10491489                   /usr/lib/jvm/java-6-openjdk-amd64/jre/lib/amd64/libnet.so
7eff8b34e000-7eff8b34f000 rw-p 00015000 08:05 10491489                   /usr/lib/jvm/java-6-openjdk-amd64/jre/lib/amd64/libnet.so
7eff8b34f000-7eff8b351000 r--s 00015000 08:05 7345592                    /home/olga/Development/Play/framework/lib/jregex-1.2_01.jar
7eff8b351000-7eff8b357000 r--s 00032000 08:05 7345586                    /home/olga/Development/Play/framework/lib/jaxen-1.1.jar
7eff8b357000-7eff8b35c000 r--s 00020000 08:05 7345587                    /home/olga/Development/Play/framework/lib/jj-imaging.jar
7eff8b35c000-7eff8b362000 r--s 000fc000 08:05 10225239                   /usr/lib/jvm/java-6-openjdk-common/jre/lib/resources.jar
7eff8b362000-7eff8b372000 r--s 000b2000 08:05 7345601                    /home/olga/Development/Play/framework/lib/netty-3.2.5.Final.jar
7eff8b372000-7eff8b378000 r--s 00040000 08:05 7345599                    /home/olga/Development/Play/framework/lib/memcached-2.6.jar
7eff8b378000-7eff8b383000 r--s 00124000 08:05 7345573                    /home/olga/Development/Play/framework/lib/h2-1.3.149.jar
7eff8b383000-7eff8b385000 r--s 0000b000 08:05 7345589                    /home/olga/Development/Play/framework/lib/jj-textile.jar
7eff8b385000-7eff8b38b000 r--s 00049000 08:05 7345557                    /home/olga/Development/Play/framework/lib/cglib-nodep-2.2.jar
7eff8b38b000-7eff8b38e000 r--s 00022000 08:05 7345583                    /home/olga/Development/Play/framework/lib/jamon-2.7.jar
7eff8b38e000-7eff8b390000 r--s 00015000 08:05 7345588                    /home/olga/Development/Play/framework/lib/jj-simplecaptcha.jar
7eff8b390000-7eff8b396000 r--s 00038000 08:05 7345608                    /home/olga/Development/Play/framework/lib/snakeyaml-1.7.jar
7eff8b396000-7eff8b399000 r--s 0000f000 08:05 7345570                    /home/olga/Development/Play/framework/lib/geronimo-servlet_2.5_spec-1.2.jar
7eff8b399000-7eff8b39b000 r--s 00001000 08:05 7345593                    /home/olga/Development/Play/framework/lib/jsr107cache-1.0.jar
7eff8b39b000-7eff8b3a9000 r--s 0007f000 08:05 7345560                    /home/olga/Development/Play/framework/lib/commons-collections-3.2.1.jar
7eff8b3a9000-7eff8b3d3000 r--s 00427000 08:05 7345602                    /home/olga/Development/Play/framework/lib/org.eclipse.jdt.core-3.8.0.v_C03.jar
7eff8b3d3000-7eff8b3d5000 r--s 0000e000 08:05 7345564                    /home/olga/Development/Play/framework/lib/commons-javaflow-1066591.jar
7eff8b3d5000-7eff8b3d7000 r--s 0000d000 08:05 7345559                    /home/olga/Development/Play/framework/lib/commons-codec-1.4.jar
7eff8b3d7000-7eff8b3d8000 r--s 00007000 08:05 7345561                    /home/olga/Development/Play/framework/lib/commons-email-1.2.jar
7eff8b3d8000-7eff8b3d9000 r--s 00002000 08:05 7345607                    /home/olga/Development/Play/framework/lib/slf4j-log4j12-1.6.1.jar
7eff8b3d9000-7eff8b3e0000 r--s 00038000 08:05 7345590                    /home/olga/Development/Play/framework/lib/jj-wikitext.jar
7eff8b3e0000-7eff8b3e7000 r--s 0004d000 08:05 7345554                    /home/olga/Development/Play/framework/lib/async-http-client-1.6.5.jar
7eff8b3e7000-7eff8b3ea000 r--s 0000f000 08:05 7345575                    /home/olga/Development/Play/framework/lib/hibernate-commons-annotations-3.2.0.Final.jar
7eff8b3ea000-7eff8b3ec000 r--s 00002000 08:05 7345594                    /home/olga/Development/Play/framework/lib/jta-1.1.jar
7eff8b3ec000-7eff8b3ef000 r--s 00024000 08:05 7345563                    /home/olga/Development/Play/framework/lib/commons-io-2.0.1.jar
7eff8b3ef000-7eff8b3f7000 r--s 0008a000 08:05 7345584                    /home/olga/Development/Play/framework/lib/javassist-3.9.0.GA.jar
7eff8b3f7000-7eff8b3fd000 r--s 0007e000 08:05 7345604                    /home/olga/Development/Play/framework/lib/postgresql-9.0.jar
7eff8b3fd000-7eff8b402000 r--s 00014000 08:05 7345581                    /home/olga/Development/Play/framework/lib/hibernate-jpa-2.0-api-1.0.0.Final.jar
7eff8b402000-7eff8b40b000 r--s 0005d000 08:05 7345579                    /home/olga/Development/Play/framework/lib/hibernate-entitymanager-3.6.0.Final.jar
7eff8b40b000-7eff8b410000 r--s 00034000 08:05 7345558                    /home/olga/Development/Play/framework/lib/commons-beanutils-1.8.3.jar
7eff8b410000-7eff8b41a000 r--s 0006f000 08:05 7345568                    /home/olga/Development/Play/framework/lib/ehcache-core-2.0.0.jar
7eff8b41a000-7eff8b425000 r--s 0005a000 08:05 7345609                    /home/olga/Development/Play/framework/lib/xstream-1.3.jar
7eff8b425000-7eff8b427000 r--s 00008000 08:05 7345605                    /home/olga/Development/Play/framework/lib/signpost-core-1.2.jar
7eff8b427000-7eff8b42c000 r--s 00041000 08:05 7345565                    /home/olga/Development/Play/framework/lib/commons-lang-2.6.jar
7eff8b42c000-7eff8b432000 r--s 00034000 08:05 7345595                    /home/olga/Development/Play/framework/lib/junit-4.8.1.jar
7eff8b432000-7eff8b439000 r--s 000b7000 08:05 7345600                    /home/olga/Development/Play/framework/lib/mysql-connector-java-5.1.13.jar
7eff8b439000-7eff8b448000 r--s 0007c000 08:05 7345591                    /home/olga/Development/Play/framework/lib/joda-time-2.0.jar
7eff8b448000-7eff8b457000 r--s 000d9000 08:05 7345582                    /home/olga/Development/Play/framework/lib/ivy-2.2.0.jar
7eff8b457000-7eff8b45d000 r--s 00067000 08:05 7345552                    /home/olga/Development/Play/framework/lib/antlr-2.7.6.jar
7eff8b45d000-7eff8b460000 r--s 00011000 08:05 7345569                    /home/olga/Development/Play/framework/lib/ezmorph-1.0.3.jar
7eff8b460000-7eff8b467000 r--s 0006a000 08:05 7345598                    /home/olga/Development/Play/framework/lib/mail-1.4.3.jar
7eff8b467000-7eff8b46e000 r--s 00049000 08:05 7345603                    /home/olga/Development/Play/framework/lib/oval-1.50.jar
7eff8b46e000-7eff8b4c2000 r--s 00520000 08:05 7345571                    /home/olga/Development/Play/framework/lib/groovy-all-1.7.10.jar
7eff8b4c2000-7eff8b4cd000 r--s 0008b000 08:05 7345556                    /home/olga/Development/Play/framework/lib/c3p0-0.9.1.2.jar
7eff8b4cd000-7eff8b4f2000 r--s 00172000 08:05 7345555                    /home/olga/Development/Play/framework/lib/bcprov-jdk15-1.45.jar
7eff8b4f2000-7eff8b4f3000 ---p 00000000 00:00 0 
7eff8b4f3000-7eff8b5f3000 rw-p 00000000 00:00 0                          [stack:20855]
7eff8b5f3000-7eff8b5f6000 ---p 00000000 00:00 0 
7eff8b5f6000-7eff8b6f4000 rw-p 00000000 00:00 0                          [stack:20854]
7eff8b6f4000-7eff8b6f7000 ---p 00000000 00:00 0 
7eff8b6f7000-7eff8b7f5000 rw-p 00000000 00:00 0                          [stack:20853]
7eff8b7f5000-7eff8b7f8000 ---p 00000000 00:00 0 
7eff8b7f8000-7eff8b8f6000 rw-p 00000000 00:00 0                          [stack:20852]
7eff8b8f6000-7eff8b8f9000 ---p 00000000 00:00 0 
7eff8b8f9000-7eff8b9f7000 rw-p 00000000 00:00 0                          [stack:20851]
7eff8b9f7000-7eff8b9fa000 ---p 00000000 00:00 0 
7eff8b9fa000-7eff8baf8000 rw-p 00000000 00:00 0                          [stack:20850]
7eff8baf8000-7eff8bafc000 r-xp 00000000 08:05 10491505                   /usr/lib/jvm/java-6-openjdk-amd64/jre/lib/amd64/libdt_socket.so
7eff8bafc000-7eff8bcfb000 ---p 00004000 08:05 10491505                   /usr/lib/jvm/java-6-openjdk-amd64/jre/lib/amd64/libdt_socket.so
7eff8bcfb000-7eff8bcfc000 r--p 00003000 08:05 10491505                   /usr/lib/jvm/java-6-openjdk-amd64/jre/lib/amd64/libdt_socket.so
7eff8bcfc000-7eff8bcfd000 rw-p 00004000 08:05 10491505                   /usr/lib/jvm/java-6-openjdk-amd64/jre/lib/amd64/libdt_socket.so
7eff8bcfd000-7eff8bd00000 ---p 00000000 00:00 0 
7eff8bd00000-7eff8bdfe000 rw-p 00000000 00:00 0                          [stack:20849]
7eff8bdfe000-7eff8be01000 ---p 00000000 00:00 0 
7eff8be01000-7eff8beff000 rw-p 00000000 00:00 0                          [stack:20848]
7eff8beff000-7eff8bf02000 ---p 00000000 00:00 0 
7eff8bf02000-7eff8c000000 rw-p 00000000 00:00 0                          [stack:20847]
7eff8c000000-7eff8c030000 rw-p 00000000 00:00 0 
7eff8c030000-7eff90000000 ---p 00000000 00:00 0 
7eff90000000-7eff90002000 r--s 0000c000 08:05 7345551                    /home/olga/Development/Play/framework/lib/activation-1.1.1.jar
7eff90002000-7eff90006000 r--s 00027000 08:05 7345572                    /home/olga/Development/Play/framework/lib/gson-1.7.1.jar
7eff90006000-7eff90008000 r--s 00005000 08:05 7345606                    /home/olga/Development/Play/framework/lib/slf4j-api-1.6.1.jar
7eff90008000-7eff9003a000 r--s 002c7000 08:05 7345577                    /home/olga/Development/Play/framework/lib/hibernate-core-3.6.1.Final.jar
7eff9003a000-7eff9003f000 r--s 0002e000 08:05 7345553                    /home/olga/Development/Play/framework/lib/asm-all-3.3.1.jar
7eff9003f000-7eff90040000 ---p 00000000 00:00 0 
7eff90040000-7eff90678000 rw-p 00000000 00:00 0                          [stack:20846]
7eff90678000-7eff9080b000 r--s 037db000 08:05 10363553                   /usr/lib/jvm/java-6-openjdk-amd64/jre/lib/rt.jar
7eff9080b000-7eff90833000 rw-p 00000000 00:00 0 
7eff90833000-7eff90834000 ---p 00000000 00:00 0 
7eff90834000-7eff90934000 rw-p 00000000 00:00 0                          [stack:20845]
7eff90934000-7eff90935000 ---p 00000000 00:00 0 
7eff90935000-7eff90a35000 rw-p 00000000 00:00 0                          [stack:20844]
7eff90a35000-7eff90a36000 ---p 00000000 00:00 0 
7eff90a36000-7eff90b36000 rw-p 00000000 00:00 0                          [stack:20843]
7eff90b36000-7eff90b37000 ---p 00000000 00:00 0 
7eff90b37000-7eff90c4d000 rw-p 00000000 00:00 0                          [stack:20842]
7eff90c4d000-7eff90c8a000 rw-p 00000000 00:00 0 
7eff90c8a000-7eff90c9f000 rw-p 00000000 00:00 0 
7eff90c9f000-7eff90dcb000 rw-p 00000000 00:00 0 
7eff90dcb000-7eff90de1000 rw-p 00000000 00:00 0 
7eff90de1000-7eff90e1e000 rw-p 00000000 00:00 0 
7eff90e1e000-7eff90e33000 rw-p 00000000 00:00 0 
7eff90e33000-7eff90f5e000 rw-p 00000000 00:00 0 
7eff90f5e000-7eff90f66000 rw-p 00000000 00:00 0 
7eff90f66000-7eff90f6a000 ---p 00000000 00:00 0 
7eff90f6a000-7eff90fff000 rw-p 00000000 00:00 0 
7eff90fff000-7eff91000000 rw-p 00000000 00:00 0 
7eff91000000-7eff913d0000 rwxp 00000000 00:00 0 
7eff913d0000-7eff94626000 rw-p 00000000 00:00 0 
7eff94626000-7eff98000000 ---p 00000000 00:00 0 
7eff98001000-7eff98003000 r--s 0000d000 08:05 7345562                    /home/olga/Development/Play/framework/lib/commons-fileupload-1.2.2.jar
7eff98003000-7eff98005000 r--s 0000d000 08:05 7345566                    /home/olga/Development/Play/framework/lib/commons-logging-1.1.1.jar
7eff98005000-7eff9800c000 r-xp 00000000 08:05 10491508                   /usr/lib/jvm/java-6-openjdk-amd64/jre/lib/amd64/libzip.so
7eff9800c000-7eff9820b000 ---p 00007000 08:05 10491508                   /usr/lib/jvm/java-6-openjdk-amd64/jre/lib/amd64/libzip.so
7eff9820b000-7eff9820c000 r--p 00006000 08:05 10491508                   /usr/lib/jvm/java-6-openjdk-amd64/jre/lib/amd64/libzip.so
7eff9820c000-7eff9820d000 rw-p 00007000 08:05 10491508                   /usr/lib/jvm/java-6-openjdk-amd64/jre/lib/amd64/libzip.so
7eff9820d000-7eff98219000 r-xp 00000000 08:05 10485889                   /lib/x86_64-linux-gnu/libnss_files-2.15.so
7eff98219000-7eff98418000 ---p 0000c000 08:05 10485889                   /lib/x86_64-linux-gnu/libnss_files-2.15.so
7eff98418000-7eff98419000 r--p 0000b000 08:05 10485889                   /lib/x86_64-linux-gnu/libnss_files-2.15.so
7eff98419000-7eff9841a000 rw-p 0000c000 08:05 10485889                   /lib/x86_64-linux-gnu/libnss_files-2.15.so
7eff9841a000-7eff98424000 r-xp 00000000 08:05 10485885                   /lib/x86_64-linux-gnu/libnss_nis-2.15.so
7eff98424000-7eff98624000 ---p 0000a000 08:05 10485885                   /lib/x86_64-linux-gnu/libnss_nis-2.15.so
7eff98624000-7eff98625000 r--p 0000a000 08:05 10485885                   /lib/x86_64-linux-gnu/libnss_nis-2.15.so
7eff98625000-7eff98626000 rw-p 0000b000 08:05 10485885                   /lib/x86_64-linux-gnu/libnss_nis-2.15.so
7eff98626000-7eff9863d000 r-xp 00000000 08:05 10489715                   /lib/x86_64-linux-gnu/libnsl-2.15.so
7eff9863d000-7eff9883c000 ---p 00017000 08:05 10489715                   /lib/x86_64-linux-gnu/libnsl-2.15.so
7eff9883c000-7eff9883d000 r--p 00016000 08:05 10489715                   /lib/x86_64-linux-gnu/libnsl-2.15.so
7eff9883d000-7eff9883e000 rw-p 00017000 08:05 10489715                   /lib/x86_64-linux-gnu/libnsl-2.15.so
7eff9883e000-7eff98840000 rw-p 00000000 00:00 0 
7eff98840000-7eff98848000 r-xp 00000000 08:05 10485890                   /lib/x86_64-linux-gnu/libnss_compat-2.15.so
7eff98848000-7eff98a47000 ---p 00008000 08:05 10485890                   /lib/x86_64-linux-gnu/libnss_compat-2.15.so
7eff98a47000-7eff98a48000 r--p 00007000 08:05 10485890                   /lib/x86_64-linux-gnu/libnss_compat-2.15.so
7eff98a48000-7eff98a49000 rw-p 00008000 08:05 10485890                   /lib/x86_64-linux-gnu/libnss_compat-2.15.so
7eff98a49000-7eff9912c000 r--p 00000000 08:05 10230127                   /usr/lib/locale/locale-archive
7eff9912c000-7eff9912f000 r-xp 00000000 08:05 10491478                   /usr/lib/jvm/java-6-openjdk-amd64/jre/lib/amd64/libnpt.so
7eff9912f000-7eff9932e000 ---p 00003000 08:05 10491478                   /usr/lib/jvm/java-6-openjdk-amd64/jre/lib/amd64/libnpt.so
7eff9932e000-7eff9932f000 r--p 00002000 08:05 10491478                   /usr/lib/jvm/java-6-openjdk-amd64/jre/lib/amd64/libnpt.so
7eff9932f000-7eff99330000 rw-p 00003000 08:05 10491478                   /usr/lib/jvm/java-6-openjdk-amd64/jre/lib/amd64/libnpt.so
7eff99330000-7eff99339000 r-xp 00000000 08:05 10491477                   /usr/lib/jvm/java-6-openjdk-amd64/jre/lib/amd64/libinstrument.so
7eff99339000-7eff99539000 ---p 00009000 08:05 10491477                   /usr/lib/jvm/java-6-openjdk-amd64/jre/lib/amd64/libinstrument.so
7eff99539000-7eff9953a000 r--p 00009000 08:05 10491477                   /usr/lib/jvm/java-6-openjdk-amd64/jre/lib/amd64/libinstrument.so
7eff9953a000-7eff9953b000 rw-p 0000a000 08:05 10491477                   /usr/lib/jvm/java-6-openjdk-amd64/jre/lib/amd64/libinstrument.so
7eff9953b000-7eff99575000 r-xp 00000000 08:05 10491486                   /usr/lib/jvm/java-6-openjdk-amd64/jre/lib/amd64/libjdwp.so
7eff99575000-7eff99774000 ---p 0003a000 08:05 10491486                   /usr/lib/jvm/java-6-openjdk-amd64/jre/lib/amd64/libjdwp.so
7eff99774000-7eff99775000 r--p 00039000 08:05 10491486                   /usr/lib/jvm/java-6-openjdk-amd64/jre/lib/amd64/libjdwp.so
7eff99775000-7eff99776000 rw-p 0003a000 08:05 10491486                   /usr/lib/jvm/java-6-openjdk-amd64/jre/lib/amd64/libjdwp.so
7eff99776000-7eff997a2000 r-xp 00000000 08:05 10491496                   /usr/lib/jvm/java-6-openjdk-amd64/jre/lib/amd64/libjava.so
7eff997a2000-7eff999a1000 ---p 0002c000 08:05 10491496                   /usr/lib/jvm/java-6-openjdk-amd64/jre/lib/amd64/libjava.so
7eff999a1000-7eff999a2000 r--p 0002b000 08:05 10491496                   /usr/lib/jvm/java-6-openjdk-amd64/jre/lib/amd64/libjava.so
7eff999a2000-7eff999a5000 rw-p 0002c000 08:05 10491496                   /usr/lib/jvm/java-6-openjdk-amd64/jre/lib/amd64/libjava.so
7eff999a5000-7eff999b3000 r-xp 00000000 08:05 10491495                   /usr/lib/jvm/java-6-openjdk-amd64/jre/lib/amd64/libverify.so
7eff999b3000-7eff99bb2000 ---p 0000e000 08:05 10491495                   /usr/lib/jvm/java-6-openjdk-amd64/jre/lib/amd64/libverify.so
7eff99bb2000-7eff99bb4000 r--p 0000d000 08:05 10491495                   /usr/lib/jvm/java-6-openjdk-amd64/jre/lib/amd64/libverify.so
7eff99bb4000-7eff99bb5000 rw-p 0000f000 08:05 10491495                   /usr/lib/jvm/java-6-openjdk-amd64/jre/lib/amd64/libverify.so
7eff99bb5000-7eff99bbc000 r-xp 00000000 08:05 10485883                   /lib/x86_64-linux-gnu/librt-2.15.so
7eff99bbc000-7eff99dbb000 ---p 00007000 08:05 10485883                   /lib/x86_64-linux-gnu/librt-2.15.so
7eff99dbb000-7eff99dbc000 r--p 00006000 08:05 10485883                   /lib/x86_64-linux-gnu/librt-2.15.so
7eff99dbc000-7eff99dbd000 rw-p 00007000 08:05 10485883                   /lib/x86_64-linux-gnu/librt-2.15.so
7eff99dbd000-7eff99dd2000 r-xp 00000000 08:05 10489415                   /lib/x86_64-linux-gnu/libgcc_s.so.1
7eff99dd2000-7eff99fd1000 ---p 00015000 08:05 10489415                   /lib/x86_64-linux-gnu/libgcc_s.so.1
7eff99fd1000-7eff99fd2000 r--p 00014000 08:05 10489415                   /lib/x86_64-linux-gnu/libgcc_s.so.1
7eff99fd2000-7eff99fd3000 rw-p 00015000 08:05 10489415                   /lib/x86_64-linux-gnu/libgcc_s.so.1
7eff99fd3000-7eff9a0ce000 r-xp 00000000 08:05 10485887                   /lib/x86_64-linux-gnu/libm-2.15.so
7eff9a0ce000-7eff9a2cd000 ---p 000fb000 08:05 10485887                   /lib/x86_64-linux-gnu/libm-2.15.so
7eff9a2cd000-7eff9a2ce000 r--p 000fa000 08:05 10485887                   /lib/x86_64-linux-gnu/libm-2.15.so
7eff9a2ce000-7eff9a2cf000 rw-p 000fb000 08:05 10485887                   /lib/x86_64-linux-gnu/libm-2.15.so
7eff9a2cf000-7eff9a3b1000 r-xp 00000000 08:05 10231417                   /usr/lib/x86_64-linux-gnu/libstdc++.so.6.0.16
7eff9a3b1000-7eff9a5b0000 ---p 000e2000 08:05 10231417                   /usr/lib/x86_64-linux-gnu/libstdc++.so.6.0.16
7eff9a5b0000-7eff9a5b8000 r--p 000e1000 08:05 10231417                   /usr/lib/x86_64-linux-gnu/libstdc++.so.6.0.16
7eff9a5b8000-7eff9a5ba000 rw-p 000e9000 08:05 10231417                   /usr/lib/x86_64-linux-gnu/libstdc++.so.6.0.16
7eff9a5ba000-7eff9a5cf000 rw-p 00000000 00:00 0 
7eff9a5cf000-7eff9aed4000 r-xp 00000000 08:05 10620262                   /usr/lib/jvm/java-6-openjdk-amd64/jre/lib/amd64/server/libjvm.so
7eff9aed4000-7eff9b0d3000 ---p 00905000 08:05 10620262                   /usr/lib/jvm/java-6-openjdk-amd64/jre/lib/amd64/server/libjvm.so
7eff9b0d3000-7eff9b154000 r--p 00904000 08:05 10620262                   /usr/lib/jvm/java-6-openjdk-amd64/jre/lib/amd64/server/libjvm.so
7eff9b154000-7eff9b16f000 rw-p 00985000 08:05 10620262                   /usr/lib/jvm/java-6-openjdk-amd64/jre/lib/amd64/server/libjvm.so
7eff9b16f000-7eff9b198000 rw-p 00000000 00:00 0 
7eff9b198000-7eff9b1ae000 r-xp 00000000 08:05 10489505                   /lib/x86_64-linux-gnu/libz.so.1.2.3.4
7eff9b1ae000-7eff9b3ad000 ---p 00016000 08:05 10489505                   /lib/x86_64-linux-gnu/libz.so.1.2.3.4
7eff9b3ad000-7eff9b3ae000 r--p 00015000 08:05 10489505                   /lib/x86_64-linux-gnu/libz.so.1.2.3.4
7eff9b3ae000-7eff9b3af000 rw-p 00016000 08:05 10489505                   /lib/x86_64-linux-gnu/libz.so.1.2.3.4
7eff9b3af000-7eff9b564000 r-xp 00000000 08:05 10485783                   /lib/x86_64-linux-gnu/libc-2.15.so
7eff9b564000-7eff9b763000 ---p 001b5000 08:05 10485783                   /lib/x86_64-linux-gnu/libc-2.15.so
7eff9b763000-7eff9b767000 r--p 001b4000 08:05 10485783                   /lib/x86_64-linux-gnu/libc-2.15.so
7eff9b767000-7eff9b769000 rw-p 001b8000 08:05 10485783                   /lib/x86_64-linux-gnu/libc-2.15.so
7eff9b769000-7eff9b76e000 rw-p 00000000 00:00 0 
7eff9b76e000-7eff9b770000 r-xp 00000000 08:05 10485772                   /lib/x86_64-linux-gnu/libdl-2.15.so
7eff9b770000-7eff9b970000 ---p 00002000 08:05 10485772                   /lib/x86_64-linux-gnu/libdl-2.15.so
7eff9b970000-7eff9b971000 r--p 00002000 08:05 10485772                   /lib/x86_64-linux-gnu/libdl-2.15.so
7eff9b971000-7eff9b972000 rw-p 00003000 08:05 10485772                   /lib/x86_64-linux-gnu/libdl-2.15.so
7eff9b972000-7eff9b976000 r-xp 00000000 08:05 10491480                   /usr/lib/jvm/java-6-openjdk-amd64/jre/lib/amd64/jli/libjli.so
7eff9b976000-7eff9bb75000 ---p 00004000 08:05 10491480                   /usr/lib/jvm/java-6-openjdk-amd64/jre/lib/amd64/jli/libjli.so
7eff9bb75000-7eff9bb76000 r--p 00003000 08:05 10491480                   /usr/lib/jvm/java-6-openjdk-amd64/jre/lib/amd64/jli/libjli.so
7eff9bb76000-7eff9bb77000 rw-p 00004000 08:05 10491480                   /usr/lib/jvm/java-6-openjdk-amd64/jre/lib/amd64/jli/libjli.so
7eff9bb77000-7eff9bb8f000 r-xp 00000000 08:05 10485881                   /lib/x86_64-linux-gnu/libpthread-2.15.so
7eff9bb8f000-7eff9bd8e000 ---p 00018000 08:05 10485881                   /lib/x86_64-linux-gnu/libpthread-2.15.so
7eff9bd8e000-7eff9bd8f000 r--p 00017000 08:05 10485881                   /lib/x86_64-linux-gnu/libpthread-2.15.so
7eff9bd8f000-7eff9bd90000 rw-p 00018000 08:05 10485881                   /lib/x86_64-linux-gnu/libpthread-2.15.so
7eff9bd90000-7eff9bd94000 rw-p 00000000 00:00 0 
7eff9bd94000-7eff9bdb6000 r-xp 00000000 08:05 10485893                   /lib/x86_64-linux-gnu/ld-2.15.so
7eff9bdb6000-7eff9bdbf000 r--s 0006d000 08:05 7345597                    /home/olga/Development/Play/framework/lib/log4j-1.2.16.jar
7eff9bdbf000-7eff9bdc4000 r--s 00048000 08:05 7345567                    /home/olga/Development/Play/framework/lib/dom4j-1.6.1.jar
7eff9bdc4000-7eff9bdc7000 r--s 0007f000 08:05 10224635                   /usr/lib/jvm/java-6-openjdk-common/jre/lib/jsse.jar
7eff9bdc7000-7eff9bdd3000 r--s 000c2000 08:05 7345961                    /home/olga/Development/Play/framework/play-1.2.4.jar
7eff9bdd3000-7eff9bdd5000 r--s 00001000 08:05 10225204                   /usr/lib/jvm/java-6-openjdk-common/jre/lib/ext/dnsns.jar
7eff9bdd5000-7eff9bdd8000 r--s 00031000 08:05 10225202                   /usr/lib/jvm/java-6-openjdk-common/jre/lib/ext/sunjce_provider.jar
7eff9bdd8000-7eff9bddb000 r--s 00077000 08:05 10225200                   /usr/lib/jvm/java-6-openjdk-common/jre/lib/ext/localedata.jar
7eff9bddb000-7eff9bdeb000 rw-p 00000000 00:00 0 
7eff9bdeb000-7eff9be9b000 rw-p 00000000 00:00 0 
7eff9be9b000-7eff9be9e000 ---p 00000000 00:00 0 
7eff9be9e000-7eff9bfa1000 rw-p 00000000 00:00 0                          [stack:20841]
7eff9bfa1000-7eff9bfa2000 r--s 00000000 08:05 7345585                    /home/olga/Development/Play/framework/lib/javax.inject-1.0.jar
7eff9bfa2000-7eff9bfa3000 rw-p 00000000 00:00 0 
7eff9bfa3000-7eff9bfa5000 r--s 0000f000 08:05 10225206                   /usr/lib/jvm/java-6-openjdk-common/jre/lib/ext/pulse-java.jar
7eff9bfa5000-7eff9bfa9000 r--s 00039000 08:05 10225198                   /usr/lib/jvm/java-6-openjdk-common/jre/lib/ext/sunpkcs11.jar
7eff9bfa9000-7eff9bfaa000 r--s 00007000 08:05 10758633                   /usr/share/java/java-atk-wrapper.jar
7eff9bfaa000-7eff9bfb2000 rw-s 00000000 08:05 2883634                    /tmp/hsperfdata_olga/20840
7eff9bfb2000-7eff9bfb3000 rw-p 00000000 00:00 0 
7eff9bfb3000-7eff9bfb4000 r--p 00000000 00:00 0 
7eff9bfb4000-7eff9bfb6000 rw-p 00000000 00:00 0 
7eff9bfb6000-7eff9bfb7000 r--p 00022000 08:05 10485893                   /lib/x86_64-linux-gnu/ld-2.15.so
7eff9bfb7000-7eff9bfb9000 rw-p 00023000 08:05 10485893                   /lib/x86_64-linux-gnu/ld-2.15.so
7fff6b85f000-7fff6b881000 rw-p 00000000 00:00 0                          [stack]
7fff6b948000-7fff6b949000 r-xp 00000000 00:00 0                          [vdso]
ffffffffff600000-ffffffffff601000 r-xp 00000000 00:00 0                  [vsyscall]

VM Arguments:
jvm_args: -javaagent:/home/olga/Development/Play/framework/play-1.2.4.jar -XX:-UseSplitVerifier -Dfile.encoding=utf-8 -Xdebug -Xrunjdwp:transport=dt_socket,address=8000,server=y,suspend=n -Dplay.debug=yes -Dapplication.path=/home/olga/Development/Play/BookHunter -Dplay.id= 
java_command: play.server.Server 
Launcher Type: SUN_STANDARD

Environment Variables:
PATH=/home/olga/Development/Play:/usr/lib/lightdm/lightdm:/usr/local/sbin:/usr/local/bin:/usr/sbin:/usr/bin:/sbin:/bin:/usr/games
LD_LIBRARY_PATH=/usr/lib/jvm/java-6-openjdk-amd64/jre/lib/amd64/server:/usr/lib/jvm/java-6-openjdk-amd64/jre/lib/amd64:/usr/lib/jvm/java-6-openjdk-amd64/jre/../lib/amd64
SHELL=/bin/bash
DISPLAY=:0.0

Signal Handlers:
SIGSEGV: [libjvm.so+0x7856d0], sa_mask[0]=0x7ffbfeff, sa_flags=0x10000004
SIGBUS: [libjvm.so+0x7856d0], sa_mask[0]=0x7ffbfeff, sa_flags=0x10000004
SIGFPE: [libjvm.so+0x649250], sa_mask[0]=0x7ffbfeff, sa_flags=0x10000004
SIGPIPE: [libjvm.so+0x649250], sa_mask[0]=0x7ffbfeff, sa_flags=0x10000004
SIGXFSZ: [libjvm.so+0x649250], sa_mask[0]=0x7ffbfeff, sa_flags=0x10000004
SIGILL: [libjvm.so+0x649250], sa_mask[0]=0x7ffbfeff, sa_flags=0x10000004
SIGUSR1: SIG_DFL, sa_mask[0]=0x00000000, sa_flags=0x00000000
SIGUSR2: [libjvm.so+0x649430], sa_mask[0]=0x00000000, sa_flags=0x10000004
SIGHUP: [libjvm.so+0x64bdf0], sa_mask[0]=0x7ffbfeff, sa_flags=0x10000004
SIGINT: [libjvm.so+0x64bdf0], sa_mask[0]=0x7ffbfeff, sa_flags=0x10000004
SIGTERM: [libjvm.so+0x64bdf0], sa_mask[0]=0x7ffbfeff, sa_flags=0x10000004
SIGQUIT: [libjvm.so+0x64bdf0], sa_mask[0]=0x7ffbfeff, sa_flags=0x10000004


---------------  S Y S T E M  ---------------

OS:Ubuntu 12.04 (precise)
uname:Linux 3.5.0-31-generic #52~precise1-Ubuntu SMP Fri May 17 15:27:06 UTC 2013 x86_64
libc:glibc 2.15 NPTL 2.15 
rlimit: STACK 8192k, CORE 0k, NPROC 30593, NOFILE 4096, AS infinity
load average:0.44 0.28 0.26

/proc/meminfo:
MemTotal:        3934588 kB
MemFree:          299724 kB
Buffers:           85732 kB
Cached:          1230916 kB
SwapCached:         1212 kB
Active:          2388208 kB
Inactive:        1007844 kB
Active(anon):    2010660 kB
Inactive(anon):   656740 kB
Active(file):     377548 kB
Inactive(file):   351104 kB
Unevictable:          40 kB
Mlocked:              40 kB
SwapTotal:       4077564 kB
SwapFree:        4010440 kB
Dirty:               368 kB
Writeback:             0 kB
AnonPages:       2078296 kB
Mapped:           298540 kB
Shmem:            588012 kB
Slab:             129500 kB
SReclaimable:      95344 kB
SUnreclaim:        34156 kB
KernelStack:        4968 kB
PageTables:        44384 kB
NFS_Unstable:          0 kB
Bounce:                0 kB
WritebackTmp:          0 kB
CommitLimit:     6044856 kB
Committed_AS:    6818600 kB
VmallocTotal:   34359738367 kB
VmallocUsed:      560696 kB
VmallocChunk:   34359090596 kB
HardwareCorrupted:     0 kB
AnonHugePages:         0 kB
HugePages_Total:       0
HugePages_Free:        0
HugePages_Rsvd:        0
HugePages_Surp:        0
Hugepagesize:       2048 kB
DirectMap4k:       65536 kB
DirectMap2M:     4020224 kB


CPU:total 4 (4 cores per cpu, 1 threads per core) family 6 model 42 stepping 7, cmov, cx8, fxsr, mmx, sse, sse2, sse3, ssse3, sse4.1, sse4.2, popcnt

Memory: 4k page, physical 3934588k(299724k free), swap 4077564k(4010440k free)

vm_info: OpenJDK 64-Bit Server VM (20.0-b12) for linux-amd64 JRE (1.6.0_27-b27), built on Apr 25 2013 14:56:54 by "buildd" with gcc 4.6.3

time: Mon May 27 18:50:40 2013
elapsed time: 9063 seconds

