#
# A fatal error has been detected by the Java Runtime Environment:
#
#  SIGSEGV (0xb) at pc=0x00007f9efdf9a6be, pid=3069, tid=140320654944000
#
# JRE version: 6.0_27-b27
# Java VM: OpenJDK 64-Bit Server VM (20.0-b12 mixed mode linux-amd64 compressed oops)
# Derivative: IcedTea6 1.12.5
# Distribution: Ubuntu 12.04 LTS, package 6b27-1.12.5-0ubuntu0.12.04.1
# Problematic frame:
# V  [libjvm.so+0x5bd6be]  PhaseIdealLoop::build_loop_late_post(Node*)+0x14e
#
# If you would like to submit a bug report, please include
# instructions how to reproduce the bug and visit:
#   https://bugs.launchpad.net/ubuntu/+source/openjdk-6/
#

---------------  T H R E A D  ---------------

Current thread (0x00007f9ef80d9000):  JavaThread "C2 CompilerThread0" daemon [_thread_in_native, id=3081, stack(0x00007f9ef2bae000,0x00007f9ef2caf000)]

siginfo:si_signo=SIGSEGV: si_errno=0, si_code=1 (SEGV_MAPERR), si_addr=0x0000000000000008

Registers:
RAX=0x0000000000000000, RBX=0x00007f9ef2cab7d0, RCX=0x00007f9eb40811e0, RDX=0x0000000000002000
RSP=0x00007f9ef2caa010, RBP=0x00007f9ef2caa050, RSI=0x00007f9eb63ae690, RDI=0x0000000000000000
R8 =0x00007f9eb40711c0, R9 =0x00007f9ef2cab7d0, R10=0x00007f9eb63ae690, R11=0x0000000000000000
R12=0x00007f9eb41dcc40, R13=0x00007f9eb446a8c8, R14=0x00007f9ef2cab7f0, R15=0x00007f9eb57f7748
RIP=0x00007f9efdf9a6be, EFLAGS=0x0000000000010202, CSGSFS=0x0000000000000033, ERR=0x0000000000000004
  TRAPNO=0x000000000000000e

Top of Stack: (sp=0x00007f9ef2caa010)
0x00007f9ef2caa010:   00007f9eb4bad4d8 00007f9ef2caa2f0
0x00007f9ef2caa020:   00007f9ef2caa050 00007f9ef2cab7d0
0x00007f9ef2caa030:   0000000000000002 00007f9eb41dcc40
0x00007f9ef2caa040:   00007f9eb57ff028 00007f9ef2caa2f0
0x00007f9ef2caa050:   00007f9ef2caa0c0 00007f9efdf9ac2b
0x00007f9ef2caa060:   00007f9eb43012e0 00007f9e00000100
0x00007f9ef2caa070:   00007f9e00000001 00007f9ef2cac170
0x00007f9ef2caa080:   00007f9ef2caa310 00007f9ef2caa2b0
0x00007f9ef2caa090:   0000000000001804 00007f9ef2cab7d0
0x00007f9ef2caa0a0:   0000000000000007 0000000000000001
0x00007f9ef2caa0b0:   0000000000000001 00007f9eb43012e0
0x00007f9ef2caa0c0:   00007f9ef2caa360 00007f9efdf9b7f2
0x00007f9ef2caa0d0:   00007f9ef2caa110 00007f9eb4301270
0x00007f9ef2caa0e0:   00007f9ef2caa110 00007f9ef2cab7f0
0x00007f9ef2caa0f0:   00007f9eb403a248 00007f9ef2caa3b0
0x00007f9ef2caa100:   00007f9eb403a5b8 00007f9eb403a508
0x00007f9ef2caa110:   00007f9ef2caa1e0 00007f9efde4c5c1
0x00007f9ef2caa120:   00007f9ef80d9000 00007f9e900a9d10
0x00007f9ef2caa130:   00007f9efe570820 0000000000000004
0x00007f9ef2caa140:   00007f9ef2caad78 00007f9ef2caad98
0x00007f9ef2caa150:   00007f9ef2caa180 00007f9efe00e484
0x00007f9ef2caa160:   00007f9eb57f9e30 00007f9ef2caa250
0x00007f9ef2caa170:   00007f9ef2caa180 00007f9efdce9ba2
0x00007f9ef2caa180:   00007f9ef2caa1e0 00007f9efde4eb75
0x00007f9ef2caa190:   00007f9eb4299030 00007f9eb8aee120
0x00007f9ef2caa1a0:   0000000000000010 0000000000000080
0x00007f9ef2caa1b0:   0000000000000002 0000000000010040
0x00007f9ef2caa1c0:   0000000000000000 0000043000001002
0x00007f9ef2caa1d0:   0000007e000000db 0000007c00000079
0x00007f9ef2caa1e0:   00007f9ef2caa2d0 00007f9eb4000020
0x00007f9ef2caa1f0:   00007f9ef2caa280 0000000000010010
0x00007f9ef2caa200:   00007f9eb4f68aa0 0000000000010000 

Instructions: (pc=0x00007f9efdf9a6be)
0x00007f9efdf9a69e:   4c 39 e8 0f 84 ad 03 00 00 8b 70 28 49 89 c7 0f
0x00007f9efdf9a6ae:   1f 00 4c 8b 93 e0 09 00 00 49 8d 34 f2 48 8b 06
0x00007f9efdf9a6be:   48 8b 50 08 48 83 3a 00 75 27 8b 4b 28 0f 1f 44
0x00007f9efdf9a6ce:   00 00 8b 50 28 31 c0 39 ca 73 0c 48 8b 43 30 48 

Register to memory mapping:

RAX=0x0000000000000000 is an unknown value
RBX=0x00007f9ef2cab7d0 is pointing into the stack for thread: 0x00007f9ef80d9000
RCX=0x00007f9eb40811e0 is an unknown value
RDX=0x0000000000002000 is an unknown value
RSP=0x00007f9ef2caa010 is pointing into the stack for thread: 0x00007f9ef80d9000
RBP=0x00007f9ef2caa050 is pointing into the stack for thread: 0x00007f9ef80d9000
RSI=0x00007f9eb63ae690 is an unknown value
RDI=0x0000000000000000 is an unknown value
R8 =0x00007f9eb40711c0 is an unknown value
R9 =0x00007f9ef2cab7d0 is pointing into the stack for thread: 0x00007f9ef80d9000
R10=0x00007f9eb63ae690 is an unknown value
R11=0x0000000000000000 is an unknown value
R12=0x00007f9eb41dcc40 is an unknown value
R13=0x00007f9eb446a8c8 is an unknown value
R14=0x00007f9ef2cab7f0 is pointing into the stack for thread: 0x00007f9ef80d9000
R15=0x00007f9eb57f7748 is an unknown value


Stack: [0x00007f9ef2bae000,0x00007f9ef2caf000],  sp=0x00007f9ef2caa010,  free space=1008k
Native frames: (J=compiled Java code, j=interpreted, Vv=VM code, C=native code)
V  [libjvm.so+0x5bd6be]  PhaseIdealLoop::build_loop_late_post(Node*)+0x14e
V  [libjvm.so+0x5bdc2b]  PhaseIdealLoop::build_loop_late(VectorSet&, Node_List&, Node_Stack&)+0x10b
V  [libjvm.so+0x5be7f2]  PhaseIdealLoop::build_and_optimize(bool, bool)+0x692
V  [libjvm.so+0x37c4fa]  Compile::Optimize()+0xd2a
V  [libjvm.so+0x37d263]  Compile::Compile(ciEnv*, C2Compiler*, ciMethod*, int, bool, bool)+0xad3
V  [libjvm.so+0x306a70]  C2Compiler::compile_method(ciEnv*, ciMethod*, int)+0xe0
V  [libjvm.so+0x381953]  CompileBroker::invoke_compiler_on_method(CompileTask*)+0x2a3
V  [libjvm.so+0x38229b]  CompileBroker::compiler_thread_loop()+0x45b
V  [libjvm.so+0x74d488]  JavaThread::thread_main_inner()+0x58
V  [libjvm.so+0x64c792]  java_start(Thread*)+0x112


Current CompileTask:
C2:4071463 1450      jregex.Pretokenizer.next()V (1064 bytes)


---------------  P R O C E S S  ---------------

Java Threads: ( => current thread )
  0x00007f9e90201800 JavaThread "net.sf.ehcache.CacheManager@b1a6cc1" daemon [_thread_blocked, id=4951, stack(0x00007f9ef1a28000,0x00007f9ef1b29000)]
  0x00007f9ea4057000 JavaThread "New I/O server worker #1-6" [_thread_in_native, id=4950, stack(0x00007f9ef1f2d000,0x00007f9ef202e000)]
  0x00007f9ea4030800 JavaThread "New I/O server worker #1-5" [_thread_in_native, id=4949, stack(0x00007f9ef1e2c000,0x00007f9ef1f2d000)]
  0x00007f9ea401b000 JavaThread "New I/O server worker #1-4" [_thread_in_native, id=4948, stack(0x00007f9ef212f000,0x00007f9ef2230000)]
  0x00007f9ea4029800 JavaThread "New I/O server worker #1-3" [_thread_in_native, id=4947, stack(0x00007f9ef121b000,0x00007f9ef131c000)]
  0x00007f9ea401a000 JavaThread "New I/O server worker #1-2" [_thread_in_native, id=4946, stack(0x00007f9ef202e000,0x00007f9ef212f000)]
  0x00007f9ea4032800 JavaThread "New I/O server worker #1-1" [_thread_in_native, id=4945, stack(0x00007f9ef1c2a000,0x00007f9ef1d2b000)]
  0x00007f9e904ff800 JavaThread "pool-5-thread-1" [_thread_blocked, id=3107, stack(0x00007f9ef131c000,0x00007f9ef141d000)]
  0x00007f9e90364800 JavaThread "com.mchange.v2.async.ThreadPoolAsynchronousRunner$PoolThread-#2" daemon [_thread_blocked, id=3105, stack(0x00007f9ef141d000,0x00007f9ef151e000)]
  0x00007f9e903d5000 JavaThread "com.mchange.v2.async.ThreadPoolAsynchronousRunner$PoolThread-#1" daemon [_thread_blocked, id=3104, stack(0x00007f9ef151e000,0x00007f9ef161f000)]
  0x00007f9e902f4000 JavaThread "com.mchange.v2.async.ThreadPoolAsynchronousRunner$PoolThread-#0" daemon [_thread_blocked, id=3103, stack(0x00007f9ef161f000,0x00007f9ef1720000)]
  0x00007f9e902f3800 JavaThread "Timer-0" daemon [_thread_blocked, id=3102, stack(0x00007f9ef1720000,0x00007f9ef1821000)]
  0x00007f9ea800f800 JavaThread "play-thread-1" [_thread_blocked, id=3099, stack(0x00007f9ef1b29000,0x00007f9ef1c2a000)]
  0x00007f9ef800c800 JavaThread "DestroyJavaVM" [_thread_blocked, id=3070, stack(0x00007f9eff2a9000,0x00007f9eff3aa000)]
  0x00007f9ef82bc000 JavaThread "New I/O server boss #1 ([id: 0x7a4fe91e, /0:0:0:0:0:0:0:0:9000])" [_thread_in_native, id=3085, stack(0x00007f9ef2230000,0x00007f9ef2331000)]
  0x00007f9ef80de800 JavaThread "Low Memory Detector" daemon [_thread_blocked, id=3083, stack(0x00007f9ef29ac000,0x00007f9ef2aad000)]
  0x00007f9ef80dc000 JavaThread "C2 CompilerThread1" daemon [_thread_blocked, id=3082, stack(0x00007f9ef2aad000,0x00007f9ef2bae000)]
=>0x00007f9ef80d9000 JavaThread "C2 CompilerThread0" daemon [_thread_in_native, id=3081, stack(0x00007f9ef2bae000,0x00007f9ef2caf000)]
  0x00007f9ef80d7000 JavaThread "JDWP Event Helper Thread" daemon [_thread_blocked, id=3080, stack(0x00007f9ef2caf000,0x00007f9ef2db0000)]
  0x00007f9ef80d3000 JavaThread "JDWP Transport Listener: dt_socket" daemon [_thread_in_native, id=3079, stack(0x00007f9ef2db0000,0x00007f9ef2eb1000)]
  0x00007f9ef808e800 JavaThread "Signal Dispatcher" daemon [_thread_blocked, id=3078, stack(0x00007f9ef30d4000,0x00007f9ef31d5000)]
  0x00007f9ef807d000 JavaThread "Finalizer" daemon [_thread_blocked, id=3077, stack(0x00007f9ef31d5000,0x00007f9ef32d6000)]
  0x00007f9ef807b000 JavaThread "Reference Handler" daemon [_thread_blocked, id=3076, stack(0x00007f9ef32d6000,0x00007f9ef33d7000)]

Other Threads:
  0x00007f9ef8076800 VMThread [stack: 0x00007f9ef33d7000,0x00007f9ef34d8000] [id=3075]
  0x00007f9ef80e9000 WatcherThread [stack: 0x00007f9ef28ab000,0x00007f9ef29ac000] [id=3084]

VM state:not at safepoint (normal execution)

VM Mutex/Monitor currently owned by a thread: None

Heap
 PSYoungGen      total 15744K, used 3135K [0x00000000ebf60000, 0x00000000ed040000, 0x0000000100000000)
  eden space 14720K, 14% used [0x00000000ebf60000,0x00000000ec16fd68,0x00000000ecdc0000)
  from space 1024K, 100% used [0x00000000ecf10000,0x00000000ed010000,0x00000000ed010000)
  to   space 1280K, 0% used [0x00000000ecdc0000,0x00000000ecdc0000,0x00000000ecf00000)
 PSOldGen        total 41024K, used 35776K [0x00000000c3e00000, 0x00000000c6610000, 0x00000000ebf60000)
  object space 41024K, 87% used [0x00000000c3e00000,0x00000000c60f0078,0x00000000c6610000)
 PSPermGen       total 52544K, used 52407K [0x00000000b9800000, 0x00000000bcb50000, 0x00000000c3e00000)
  object space 52544K, 99% used [0x00000000b9800000,0x00000000bcb2df70,0x00000000bcb50000)

Code Cache  [0x00007f9ef42fc000, 0x00007f9ef4a7c000, 0x00007f9ef72fc000)
 total_blobs=2070 nmethods=1410 adapters=621 free_code_cache=42609728 largest_free_block=14144

Dynamic libraries:
00400000-00409000 r-xp 00000000 08:05 10620266                           /usr/lib/jvm/java-6-openjdk-amd64/jre/bin/java
00608000-00609000 r--p 00008000 08:05 10620266                           /usr/lib/jvm/java-6-openjdk-amd64/jre/bin/java
00609000-0060a000 rw-p 00009000 08:05 10620266                           /usr/lib/jvm/java-6-openjdk-amd64/jre/bin/java
0155a000-0157b000 rw-p 00000000 00:00 0                                  [heap]
b9800000-bcb50000 rw-p 00000000 00:00 0 
bcb50000-c3e00000 rw-p 00000000 00:00 0 
c3e00000-c6610000 rw-p 00000000 00:00 0 
c6610000-ebf60000 rw-p 00000000 00:00 0 
ebf60000-ed040000 rw-p 00000000 00:00 0 
ed040000-ef5c0000 ---p 00000000 00:00 0 
ef5c0000-100000000 rw-p 00000000 00:00 0 
7f9e6c000000-7f9e6c021000 rw-p 00000000 00:00 0 
7f9e6c021000-7f9e70000000 ---p 00000000 00:00 0 
7f9e74000000-7f9e74021000 rw-p 00000000 00:00 0 
7f9e74021000-7f9e78000000 ---p 00000000 00:00 0 
7f9e78000000-7f9e7816a000 rw-p 00000000 00:00 0 
7f9e7816a000-7f9e7c000000 ---p 00000000 00:00 0 
7f9e7c000000-7f9e7c07e000 rw-p 00000000 00:00 0 
7f9e7c07e000-7f9e80000000 ---p 00000000 00:00 0 
7f9e80000000-7f9e800a5000 rw-p 00000000 00:00 0 
7f9e800a5000-7f9e84000000 ---p 00000000 00:00 0 
7f9e84000000-7f9e84059000 rw-p 00000000 00:00 0 
7f9e84059000-7f9e88000000 ---p 00000000 00:00 0 
7f9e88000000-7f9e88021000 rw-p 00000000 00:00 0 
7f9e88021000-7f9e8c000000 ---p 00000000 00:00 0 
7f9e8c000000-7f9e8c021000 rw-p 00000000 00:00 0 
7f9e8c021000-7f9e90000000 ---p 00000000 00:00 0 
7f9e90000000-7f9e9105d000 rw-p 00000000 00:00 0 
7f9e9105d000-7f9e94000000 ---p 00000000 00:00 0 
7f9e94000000-7f9e9402b000 rw-p 00000000 00:00 0 
7f9e9402b000-7f9e98000000 ---p 00000000 00:00 0 
7f9e98000000-7f9e98021000 rw-p 00000000 00:00 0 
7f9e98021000-7f9e9c000000 ---p 00000000 00:00 0 
7f9e9c000000-7f9e9c021000 rw-p 00000000 00:00 0 
7f9e9c021000-7f9ea0000000 ---p 00000000 00:00 0 
7f9ea0000000-7f9ea002a000 rw-p 00000000 00:00 0 
7f9ea002a000-7f9ea4000000 ---p 00000000 00:00 0 
7f9ea4000000-7f9ea40c3000 rw-p 00000000 00:00 0 
7f9ea40c3000-7f9ea8000000 ---p 00000000 00:00 0 
7f9ea8000000-7f9ea806d000 rw-p 00000000 00:00 0 
7f9ea806d000-7f9eac000000 ---p 00000000 00:00 0 
7f9eac000000-7f9eac021000 rw-p 00000000 00:00 0 
7f9eac021000-7f9eb0000000 ---p 00000000 00:00 0 
7f9eb0000000-7f9eb0021000 rw-p 00000000 00:00 0 
7f9eb0021000-7f9eb4000000 ---p 00000000 00:00 0 
7f9eb4000000-7f9eb6e02000 rw-p 00000000 00:00 0 
7f9eb6e02000-7f9eb8000000 ---p 00000000 00:00 0 
7f9eb8000000-7f9ebada1000 rw-p 00000000 00:00 0 
7f9ebada1000-7f9ebc000000 ---p 00000000 00:00 0 
7f9ebc000000-7f9ebc021000 rw-p 00000000 00:00 0 
7f9ebc021000-7f9ec0000000 ---p 00000000 00:00 0 
7f9ec0000000-7f9ec0021000 rw-p 00000000 00:00 0 
7f9ec0021000-7f9ec4000000 ---p 00000000 00:00 0 
7f9ec4000000-7f9ec4021000 rw-p 00000000 00:00 0 
7f9ec4021000-7f9ec8000000 ---p 00000000 00:00 0 
7f9ec8000000-7f9ec8021000 rw-p 00000000 00:00 0 
7f9ec8021000-7f9ecc000000 ---p 00000000 00:00 0 
7f9ecc000000-7f9ecc05a000 rw-p 00000000 00:00 0 
7f9ecc05a000-7f9ed0000000 ---p 00000000 00:00 0 
7f9ed0000000-7f9ed0021000 rw-p 00000000 00:00 0 
7f9ed0021000-7f9ed4000000 ---p 00000000 00:00 0 
7f9ed4000000-7f9ed403f000 rw-p 00000000 00:00 0 
7f9ed403f000-7f9ed8000000 ---p 00000000 00:00 0 
7f9edc000000-7f9edc021000 rw-p 00000000 00:00 0 
7f9edc021000-7f9ee0000000 ---p 00000000 00:00 0 
7f9ee4000000-7f9ee4023000 rw-p 00000000 00:00 0 
7f9ee4023000-7f9ee8000000 ---p 00000000 00:00 0 
7f9eec000000-7f9eec021000 rw-p 00000000 00:00 0 
7f9eec021000-7f9ef0000000 ---p 00000000 00:00 0 
7f9ef121b000-7f9ef121e000 ---p 00000000 00:00 0 
7f9ef121e000-7f9ef131c000 rw-p 00000000 00:00 0                          [stack:4947]
7f9ef131c000-7f9ef131f000 ---p 00000000 00:00 0 
7f9ef131f000-7f9ef141d000 rw-p 00000000 00:00 0                          [stack:3107]
7f9ef141d000-7f9ef1420000 ---p 00000000 00:00 0 
7f9ef1420000-7f9ef151e000 rw-p 00000000 00:00 0                          [stack:3105]
7f9ef151e000-7f9ef1521000 ---p 00000000 00:00 0 
7f9ef1521000-7f9ef161f000 rw-p 00000000 00:00 0                          [stack:3104]
7f9ef161f000-7f9ef1622000 ---p 00000000 00:00 0 
7f9ef1622000-7f9ef1720000 rw-p 00000000 00:00 0                          [stack:3103]
7f9ef1720000-7f9ef1723000 ---p 00000000 00:00 0 
7f9ef1723000-7f9ef1821000 rw-p 00000000 00:00 0                          [stack:3102]
7f9ef1821000-7f9ef1827000 r-xp 00000000 08:05 10491493                   /usr/lib/jvm/java-6-openjdk-amd64/jre/lib/amd64/libmanagement.so
7f9ef1827000-7f9ef1a26000 ---p 00006000 08:05 10491493                   /usr/lib/jvm/java-6-openjdk-amd64/jre/lib/amd64/libmanagement.so
7f9ef1a26000-7f9ef1a27000 r--p 00005000 08:05 10491493                   /usr/lib/jvm/java-6-openjdk-amd64/jre/lib/amd64/libmanagement.so
7f9ef1a27000-7f9ef1a28000 rw-p 00006000 08:05 10491493                   /usr/lib/jvm/java-6-openjdk-amd64/jre/lib/amd64/libmanagement.so
7f9ef1a28000-7f9ef1a2b000 ---p 00000000 00:00 0 
7f9ef1a2b000-7f9ef1b29000 rw-p 00000000 00:00 0                          [stack:4951]
7f9ef1b29000-7f9ef1b2c000 ---p 00000000 00:00 0 
7f9ef1b2c000-7f9ef1c2a000 rw-p 00000000 00:00 0                          [stack:3099]
7f9ef1c2a000-7f9ef1c2d000 ---p 00000000 00:00 0 
7f9ef1c2d000-7f9ef1d2b000 rw-p 00000000 00:00 0                          [stack:4945]
7f9ef1d2b000-7f9ef1d2e000 ---p 00000000 00:00 0 
7f9ef1d2e000-7f9ef1e2c000 rw-p 00000000 00:00 0 
7f9ef1e2c000-7f9ef1e2f000 ---p 00000000 00:00 0 
7f9ef1e2f000-7f9ef1f2d000 rw-p 00000000 00:00 0                          [stack:4949]
7f9ef1f2d000-7f9ef1f30000 ---p 00000000 00:00 0 
7f9ef1f30000-7f9ef202e000 rw-p 00000000 00:00 0                          [stack:4950]
7f9ef202e000-7f9ef2031000 ---p 00000000 00:00 0 
7f9ef2031000-7f9ef212f000 rw-p 00000000 00:00 0                          [stack:4946]
7f9ef212f000-7f9ef2132000 ---p 00000000 00:00 0 
7f9ef2132000-7f9ef2230000 rw-p 00000000 00:00 0                          [stack:4948]
7f9ef2230000-7f9ef2233000 ---p 00000000 00:00 0 
7f9ef2233000-7f9ef2331000 rw-p 00000000 00:00 0                          [stack:3085]
7f9ef2331000-7f9ef2339000 r-xp 00000000 08:05 10491485                   /usr/lib/jvm/java-6-openjdk-amd64/jre/lib/amd64/libnio.so
7f9ef2339000-7f9ef2538000 ---p 00008000 08:05 10491485                   /usr/lib/jvm/java-6-openjdk-amd64/jre/lib/amd64/libnio.so
7f9ef2538000-7f9ef2539000 r--p 00007000 08:05 10491485                   /usr/lib/jvm/java-6-openjdk-amd64/jre/lib/amd64/libnio.so
7f9ef2539000-7f9ef253a000 rw-p 00008000 08:05 10491485                   /usr/lib/jvm/java-6-openjdk-amd64/jre/lib/amd64/libnio.so
7f9ef253a000-7f9ef254f000 r-xp 00000000 08:05 10491489                   /usr/lib/jvm/java-6-openjdk-amd64/jre/lib/amd64/libnet.so
7f9ef254f000-7f9ef274e000 ---p 00015000 08:05 10491489                   /usr/lib/jvm/java-6-openjdk-amd64/jre/lib/amd64/libnet.so
7f9ef274e000-7f9ef274f000 r--p 00014000 08:05 10491489                   /usr/lib/jvm/java-6-openjdk-amd64/jre/lib/amd64/libnet.so
7f9ef274f000-7f9ef2750000 rw-p 00015000 08:05 10491489                   /usr/lib/jvm/java-6-openjdk-amd64/jre/lib/amd64/libnet.so
7f9ef2750000-7f9ef2756000 r--s 00032000 08:05 7345586                    /home/olga/Development/Play/framework/lib/jaxen-1.1.jar
7f9ef2756000-7f9ef275b000 r--s 00020000 08:05 7345587                    /home/olga/Development/Play/framework/lib/jj-imaging.jar
7f9ef275b000-7f9ef2761000 r--s 000fc000 08:05 10225239                   /usr/lib/jvm/java-6-openjdk-common/jre/lib/resources.jar
7f9ef2761000-7f9ef2771000 r--s 000b2000 08:05 7345601                    /home/olga/Development/Play/framework/lib/netty-3.2.5.Final.jar
7f9ef2771000-7f9ef2777000 r--s 00038000 08:05 7345608                    /home/olga/Development/Play/framework/lib/snakeyaml-1.7.jar
7f9ef277c000-7f9ef277e000 r--s 00013000 08:05 10224636                   /usr/lib/jvm/java-6-openjdk-common/jre/lib/jce.jar
7f9ef277e000-7f9ef2784000 r--s 00040000 08:05 7345599                    /home/olga/Development/Play/framework/lib/memcached-2.6.jar
7f9ef2784000-7f9ef278f000 r--s 00124000 08:05 7345573                    /home/olga/Development/Play/framework/lib/h2-1.3.149.jar
7f9ef278f000-7f9ef2791000 r--s 0000b000 08:05 7345589                    /home/olga/Development/Play/framework/lib/jj-textile.jar
7f9ef2791000-7f9ef2797000 r--s 00049000 08:05 7345557                    /home/olga/Development/Play/framework/lib/cglib-nodep-2.2.jar
7f9ef2797000-7f9ef279a000 r--s 00022000 08:05 7345583                    /home/olga/Development/Play/framework/lib/jamon-2.7.jar
7f9ef279a000-7f9ef279c000 r--s 00015000 08:05 7345588                    /home/olga/Development/Play/framework/lib/jj-simplecaptcha.jar
7f9ef279c000-7f9ef279f000 r--s 0000f000 08:05 7345570                    /home/olga/Development/Play/framework/lib/geronimo-servlet_2.5_spec-1.2.jar
7f9ef279f000-7f9ef27a1000 r--s 00001000 08:05 7345593                    /home/olga/Development/Play/framework/lib/jsr107cache-1.0.jar
7f9ef27a1000-7f9ef27af000 r--s 0007f000 08:05 7345560                    /home/olga/Development/Play/framework/lib/commons-collections-3.2.1.jar
7f9ef27af000-7f9ef27d9000 r--s 00427000 08:05 7345602                    /home/olga/Development/Play/framework/lib/org.eclipse.jdt.core-3.8.0.v_C03.jar
7f9ef27d9000-7f9ef27db000 r--s 0000e000 08:05 7345564                    /home/olga/Development/Play/framework/lib/commons-javaflow-1066591.jar
7f9ef27db000-7f9ef27dd000 r--s 0000d000 08:05 7345559                    /home/olga/Development/Play/framework/lib/commons-codec-1.4.jar
7f9ef27dd000-7f9ef27de000 r--s 00007000 08:05 7345561                    /home/olga/Development/Play/framework/lib/commons-email-1.2.jar
7f9ef27de000-7f9ef27df000 r--s 00002000 08:05 7345607                    /home/olga/Development/Play/framework/lib/slf4j-log4j12-1.6.1.jar
7f9ef27df000-7f9ef27e6000 r--s 00038000 08:05 7345590                    /home/olga/Development/Play/framework/lib/jj-wikitext.jar
7f9ef27e6000-7f9ef27ed000 r--s 0004d000 08:05 7345554                    /home/olga/Development/Play/framework/lib/async-http-client-1.6.5.jar
7f9ef27ed000-7f9ef27f0000 r--s 0000f000 08:05 7345575                    /home/olga/Development/Play/framework/lib/hibernate-commons-annotations-3.2.0.Final.jar
7f9ef27f0000-7f9ef27f2000 r--s 00002000 08:05 7345594                    /home/olga/Development/Play/framework/lib/jta-1.1.jar
7f9ef27f2000-7f9ef27f5000 r--s 00024000 08:05 7345563                    /home/olga/Development/Play/framework/lib/commons-io-2.0.1.jar
7f9ef27f5000-7f9ef27f7000 r--s 0000c000 08:05 7345551                    /home/olga/Development/Play/framework/lib/activation-1.1.1.jar
7f9ef27f7000-7f9ef27ff000 r--s 0008a000 08:05 7345584                    /home/olga/Development/Play/framework/lib/javassist-3.9.0.GA.jar
7f9ef27ff000-7f9ef2805000 r--s 0007e000 08:05 7345604                    /home/olga/Development/Play/framework/lib/postgresql-9.0.jar
7f9ef2805000-7f9ef280a000 r--s 00014000 08:05 7345581                    /home/olga/Development/Play/framework/lib/hibernate-jpa-2.0-api-1.0.0.Final.jar
7f9ef280a000-7f9ef2813000 r--s 0005d000 08:05 7345579                    /home/olga/Development/Play/framework/lib/hibernate-entitymanager-3.6.0.Final.jar
7f9ef2813000-7f9ef2817000 r--s 00027000 08:05 7345572                    /home/olga/Development/Play/framework/lib/gson-1.7.1.jar
7f9ef2817000-7f9ef2819000 r--s 00005000 08:05 7345606                    /home/olga/Development/Play/framework/lib/slf4j-api-1.6.1.jar
7f9ef2819000-7f9ef281e000 r--s 00034000 08:05 7345558                    /home/olga/Development/Play/framework/lib/commons-beanutils-1.8.3.jar
7f9ef281e000-7f9ef2828000 r--s 0006f000 08:05 7345568                    /home/olga/Development/Play/framework/lib/ehcache-core-2.0.0.jar
7f9ef2828000-7f9ef2833000 r--s 0005a000 08:05 7345609                    /home/olga/Development/Play/framework/lib/xstream-1.3.jar
7f9ef2833000-7f9ef2834000 r--s 00000000 08:05 7345585                    /home/olga/Development/Play/framework/lib/javax.inject-1.0.jar
7f9ef2834000-7f9ef2836000 r--s 00008000 08:05 7345605                    /home/olga/Development/Play/framework/lib/signpost-core-1.2.jar
7f9ef2836000-7f9ef283b000 r--s 00041000 08:05 7345565                    /home/olga/Development/Play/framework/lib/commons-lang-2.6.jar
7f9ef283b000-7f9ef2841000 r--s 00034000 08:05 7345595                    /home/olga/Development/Play/framework/lib/junit-4.8.1.jar
7f9ef2841000-7f9ef2848000 r--s 000b7000 08:05 7345600                    /home/olga/Development/Play/framework/lib/mysql-connector-java-5.1.13.jar
7f9ef2848000-7f9ef2857000 r--s 0007c000 08:05 7345591                    /home/olga/Development/Play/framework/lib/joda-time-2.0.jar
7f9ef2857000-7f9ef28ab000 r--s 00520000 08:05 7345571                    /home/olga/Development/Play/framework/lib/groovy-all-1.7.10.jar
7f9ef28ab000-7f9ef28ac000 ---p 00000000 00:00 0 
7f9ef28ac000-7f9ef29ac000 rw-p 00000000 00:00 0                          [stack:3084]
7f9ef29ac000-7f9ef29af000 ---p 00000000 00:00 0 
7f9ef29af000-7f9ef2aad000 rw-p 00000000 00:00 0                          [stack:3083]
7f9ef2aad000-7f9ef2ab0000 ---p 00000000 00:00 0 
7f9ef2ab0000-7f9ef2bae000 rw-p 00000000 00:00 0                          [stack:3082]
7f9ef2bae000-7f9ef2bb1000 ---p 00000000 00:00 0 
7f9ef2bb1000-7f9ef2caf000 rw-p 00000000 00:00 0                          [stack:3081]
7f9ef2caf000-7f9ef2cb2000 ---p 00000000 00:00 0 
7f9ef2cb2000-7f9ef2db0000 rw-p 00000000 00:00 0                          [stack:3080]
7f9ef2db0000-7f9ef2db3000 ---p 00000000 00:00 0 
7f9ef2db3000-7f9ef2eb1000 rw-p 00000000 00:00 0                          [stack:3079]
7f9ef2eb1000-7f9ef2eb5000 r-xp 00000000 08:05 10491505                   /usr/lib/jvm/java-6-openjdk-amd64/jre/lib/amd64/libdt_socket.so
7f9ef2eb5000-7f9ef30b4000 ---p 00004000 08:05 10491505                   /usr/lib/jvm/java-6-openjdk-amd64/jre/lib/amd64/libdt_socket.so
7f9ef30b4000-7f9ef30b5000 r--p 00003000 08:05 10491505                   /usr/lib/jvm/java-6-openjdk-amd64/jre/lib/amd64/libdt_socket.so
7f9ef30b5000-7f9ef30b6000 rw-p 00004000 08:05 10491505                   /usr/lib/jvm/java-6-openjdk-amd64/jre/lib/amd64/libdt_socket.so
7f9ef30b6000-7f9ef30b9000 r--s 0007f000 08:05 10224635                   /usr/lib/jvm/java-6-openjdk-common/jre/lib/jsse.jar
7f9ef30b9000-7f9ef30c5000 r--s 000c2000 08:05 7345961                    /home/olga/Development/Play/framework/play-1.2.4.jar
7f9ef30c5000-7f9ef30c7000 r--s 00001000 08:05 10225204                   /usr/lib/jvm/java-6-openjdk-common/jre/lib/ext/dnsns.jar
7f9ef30c7000-7f9ef30ca000 r--s 00031000 08:05 10225202                   /usr/lib/jvm/java-6-openjdk-common/jre/lib/ext/sunjce_provider.jar
7f9ef30ca000-7f9ef30cd000 r--s 00077000 08:05 10225200                   /usr/lib/jvm/java-6-openjdk-common/jre/lib/ext/localedata.jar
7f9ef30cd000-7f9ef30cf000 r--s 0000f000 08:05 10225206                   /usr/lib/jvm/java-6-openjdk-common/jre/lib/ext/pulse-java.jar
7f9ef30cf000-7f9ef30d3000 r--s 00039000 08:05 10225198                   /usr/lib/jvm/java-6-openjdk-common/jre/lib/ext/sunpkcs11.jar
7f9ef30d3000-7f9ef30d4000 r--s 00007000 08:05 10758633                   /usr/share/java/java-atk-wrapper.jar
7f9ef30d4000-7f9ef30d7000 ---p 00000000 00:00 0 
7f9ef30d7000-7f9ef31d5000 rw-p 00000000 00:00 0                          [stack:3078]
7f9ef31d5000-7f9ef31d8000 ---p 00000000 00:00 0 
7f9ef31d8000-7f9ef32d6000 rw-p 00000000 00:00 0                          [stack:3077]
7f9ef32d6000-7f9ef32d9000 ---p 00000000 00:00 0 
7f9ef32d9000-7f9ef33d7000 rw-p 00000000 00:00 0                          [stack:3076]
7f9ef33d7000-7f9ef33d8000 ---p 00000000 00:00 0 
7f9ef33d8000-7f9ef38dc000 rw-p 00000000 00:00 0                          [stack:3075]
7f9ef38dc000-7f9ef3a6f000 r--s 037db000 08:05 10363553                   /usr/lib/jvm/java-6-openjdk-amd64/jre/lib/rt.jar
7f9ef3a6f000-7f9ef3a70000 ---p 00000000 00:00 0 
7f9ef3a70000-7f9ef3b70000 rw-p 00000000 00:00 0                          [stack:3074]
7f9ef3b70000-7f9ef3b71000 ---p 00000000 00:00 0 
7f9ef3b71000-7f9ef3c71000 rw-p 00000000 00:00 0                          [stack:3073]
7f9ef3c71000-7f9ef3c72000 ---p 00000000 00:00 0 
7f9ef3c72000-7f9ef3d72000 rw-p 00000000 00:00 0                          [stack:3072]
7f9ef3d72000-7f9ef3d73000 ---p 00000000 00:00 0 
7f9ef3d73000-7f9ef3e8d000 rw-p 00000000 00:00 0                          [stack:3071]
7f9ef3e8d000-7f9ef3ec6000 rw-p 00000000 00:00 0 
7f9ef3ec6000-7f9ef3edb000 rw-p 00000000 00:00 0 
7f9ef3edb000-7f9ef4007000 rw-p 00000000 00:00 0 
7f9ef4007000-7f9ef4021000 rw-p 00000000 00:00 0 
7f9ef4021000-7f9ef405a000 rw-p 00000000 00:00 0 
7f9ef405a000-7f9ef406f000 rw-p 00000000 00:00 0 
7f9ef406f000-7f9ef419a000 rw-p 00000000 00:00 0 
7f9ef419a000-7f9ef41a4000 rw-p 00000000 00:00 0 
7f9ef41a4000-7f9ef41b6000 ---p 00000000 00:00 0 
7f9ef41b6000-7f9ef423b000 rw-p 00000000 00:00 0 
7f9ef423b000-7f9ef425a000 rw-p 00000000 00:00 0 
7f9ef425a000-7f9ef42fc000 rw-p 00000000 00:00 0 
7f9ef42fc000-7f9ef4a7c000 rwxp 00000000 00:00 0 
7f9ef4a7c000-7f9ef72fc000 rw-p 00000000 00:00 0 
7f9ef72fc000-7f9ef7303000 r-xp 00000000 08:05 10491508                   /usr/lib/jvm/java-6-openjdk-amd64/jre/lib/amd64/libzip.so
7f9ef7303000-7f9ef7502000 ---p 00007000 08:05 10491508                   /usr/lib/jvm/java-6-openjdk-amd64/jre/lib/amd64/libzip.so
7f9ef7502000-7f9ef7503000 r--p 00006000 08:05 10491508                   /usr/lib/jvm/java-6-openjdk-amd64/jre/lib/amd64/libzip.so
7f9ef7503000-7f9ef7504000 rw-p 00007000 08:05 10491508                   /usr/lib/jvm/java-6-openjdk-amd64/jre/lib/amd64/libzip.so
7f9ef7504000-7f9ef7510000 r-xp 00000000 08:05 10485889                   /lib/x86_64-linux-gnu/libnss_files-2.15.so
7f9ef7510000-7f9ef770f000 ---p 0000c000 08:05 10485889                   /lib/x86_64-linux-gnu/libnss_files-2.15.so
7f9ef770f000-7f9ef7710000 r--p 0000b000 08:05 10485889                   /lib/x86_64-linux-gnu/libnss_files-2.15.so
7f9ef7710000-7f9ef7711000 rw-p 0000c000 08:05 10485889                   /lib/x86_64-linux-gnu/libnss_files-2.15.so
7f9ef7711000-7f9ef771b000 r-xp 00000000 08:05 10485885                   /lib/x86_64-linux-gnu/libnss_nis-2.15.so
7f9ef771b000-7f9ef791b000 ---p 0000a000 08:05 10485885                   /lib/x86_64-linux-gnu/libnss_nis-2.15.so
7f9ef791b000-7f9ef791c000 r--p 0000a000 08:05 10485885                   /lib/x86_64-linux-gnu/libnss_nis-2.15.so
7f9ef791c000-7f9ef791d000 rw-p 0000b000 08:05 10485885                   /lib/x86_64-linux-gnu/libnss_nis-2.15.so
7f9ef791d000-7f9ef8000000 r--p 00000000 08:05 10230127                   /usr/lib/locale/locale-archive
7f9ef8000000-7f9ef8569000 rw-p 00000000 00:00 0 
7f9ef8569000-7f9efc000000 ---p 00000000 00:00 0 
7f9efc001000-7f9efc010000 r--s 000d9000 08:05 7345582                    /home/olga/Development/Play/framework/lib/ivy-2.2.0.jar
7f9efc010000-7f9efc016000 r--s 00067000 08:05 7345552                    /home/olga/Development/Play/framework/lib/antlr-2.7.6.jar
7f9efc016000-7f9efc117000 rw-p 00000000 00:00 0 
7f9efc117000-7f9efc12e000 r-xp 00000000 08:05 10489715                   /lib/x86_64-linux-gnu/libnsl-2.15.so
7f9efc12e000-7f9efc32d000 ---p 00017000 08:05 10489715                   /lib/x86_64-linux-gnu/libnsl-2.15.so
7f9efc32d000-7f9efc32e000 r--p 00016000 08:05 10489715                   /lib/x86_64-linux-gnu/libnsl-2.15.so
7f9efc32e000-7f9efc32f000 rw-p 00017000 08:05 10489715                   /lib/x86_64-linux-gnu/libnsl-2.15.so
7f9efc32f000-7f9efc331000 rw-p 00000000 00:00 0 
7f9efc331000-7f9efc339000 r-xp 00000000 08:05 10485890                   /lib/x86_64-linux-gnu/libnss_compat-2.15.so
7f9efc339000-7f9efc538000 ---p 00008000 08:05 10485890                   /lib/x86_64-linux-gnu/libnss_compat-2.15.so
7f9efc538000-7f9efc539000 r--p 00007000 08:05 10485890                   /lib/x86_64-linux-gnu/libnss_compat-2.15.so
7f9efc539000-7f9efc53a000 rw-p 00008000 08:05 10485890                   /lib/x86_64-linux-gnu/libnss_compat-2.15.so
7f9efc53a000-7f9efc53d000 r-xp 00000000 08:05 10491478                   /usr/lib/jvm/java-6-openjdk-amd64/jre/lib/amd64/libnpt.so
7f9efc53d000-7f9efc73c000 ---p 00003000 08:05 10491478                   /usr/lib/jvm/java-6-openjdk-amd64/jre/lib/amd64/libnpt.so
7f9efc73c000-7f9efc73d000 r--p 00002000 08:05 10491478                   /usr/lib/jvm/java-6-openjdk-amd64/jre/lib/amd64/libnpt.so
7f9efc73d000-7f9efc73e000 rw-p 00003000 08:05 10491478                   /usr/lib/jvm/java-6-openjdk-amd64/jre/lib/amd64/libnpt.so
7f9efc73e000-7f9efc747000 r-xp 00000000 08:05 10491477                   /usr/lib/jvm/java-6-openjdk-amd64/jre/lib/amd64/libinstrument.so
7f9efc747000-7f9efc947000 ---p 00009000 08:05 10491477                   /usr/lib/jvm/java-6-openjdk-amd64/jre/lib/amd64/libinstrument.so
7f9efc947000-7f9efc948000 r--p 00009000 08:05 10491477                   /usr/lib/jvm/java-6-openjdk-amd64/jre/lib/amd64/libinstrument.so
7f9efc948000-7f9efc949000 rw-p 0000a000 08:05 10491477                   /usr/lib/jvm/java-6-openjdk-amd64/jre/lib/amd64/libinstrument.so
7f9efc949000-7f9efc983000 r-xp 00000000 08:05 10491486                   /usr/lib/jvm/java-6-openjdk-amd64/jre/lib/amd64/libjdwp.so
7f9efc983000-7f9efcb82000 ---p 0003a000 08:05 10491486                   /usr/lib/jvm/java-6-openjdk-amd64/jre/lib/amd64/libjdwp.so
7f9efcb82000-7f9efcb83000 r--p 00039000 08:05 10491486                   /usr/lib/jvm/java-6-openjdk-amd64/jre/lib/amd64/libjdwp.so
7f9efcb83000-7f9efcb84000 rw-p 0003a000 08:05 10491486                   /usr/lib/jvm/java-6-openjdk-amd64/jre/lib/amd64/libjdwp.so
7f9efcb84000-7f9efcbb0000 r-xp 00000000 08:05 10491496                   /usr/lib/jvm/java-6-openjdk-amd64/jre/lib/amd64/libjava.so
7f9efcbb0000-7f9efcdaf000 ---p 0002c000 08:05 10491496                   /usr/lib/jvm/java-6-openjdk-amd64/jre/lib/amd64/libjava.so
7f9efcdaf000-7f9efcdb0000 r--p 0002b000 08:05 10491496                   /usr/lib/jvm/java-6-openjdk-amd64/jre/lib/amd64/libjava.so
7f9efcdb0000-7f9efcdb3000 rw-p 0002c000 08:05 10491496                   /usr/lib/jvm/java-6-openjdk-amd64/jre/lib/amd64/libjava.so
7f9efcdb3000-7f9efcdc1000 r-xp 00000000 08:05 10491495                   /usr/lib/jvm/java-6-openjdk-amd64/jre/lib/amd64/libverify.so
7f9efcdc1000-7f9efcfc0000 ---p 0000e000 08:05 10491495                   /usr/lib/jvm/java-6-openjdk-amd64/jre/lib/amd64/libverify.so
7f9efcfc0000-7f9efcfc2000 r--p 0000d000 08:05 10491495                   /usr/lib/jvm/java-6-openjdk-amd64/jre/lib/amd64/libverify.so
7f9efcfc2000-7f9efcfc3000 rw-p 0000f000 08:05 10491495                   /usr/lib/jvm/java-6-openjdk-amd64/jre/lib/amd64/libverify.so
7f9efcfc3000-7f9efcfca000 r-xp 00000000 08:05 10485883                   /lib/x86_64-linux-gnu/librt-2.15.so
7f9efcfca000-7f9efd1c9000 ---p 00007000 08:05 10485883                   /lib/x86_64-linux-gnu/librt-2.15.so
7f9efd1c9000-7f9efd1ca000 r--p 00006000 08:05 10485883                   /lib/x86_64-linux-gnu/librt-2.15.so
7f9efd1ca000-7f9efd1cb000 rw-p 00007000 08:05 10485883                   /lib/x86_64-linux-gnu/librt-2.15.so
7f9efd1cb000-7f9efd1e0000 r-xp 00000000 08:05 10489415                   /lib/x86_64-linux-gnu/libgcc_s.so.1
7f9efd1e0000-7f9efd3df000 ---p 00015000 08:05 10489415                   /lib/x86_64-linux-gnu/libgcc_s.so.1
7f9efd3df000-7f9efd3e0000 r--p 00014000 08:05 10489415                   /lib/x86_64-linux-gnu/libgcc_s.so.1
7f9efd3e0000-7f9efd3e1000 rw-p 00015000 08:05 10489415                   /lib/x86_64-linux-gnu/libgcc_s.so.1
7f9efd3e1000-7f9efd4dc000 r-xp 00000000 08:05 10485887                   /lib/x86_64-linux-gnu/libm-2.15.so
7f9efd4dc000-7f9efd6db000 ---p 000fb000 08:05 10485887                   /lib/x86_64-linux-gnu/libm-2.15.so
7f9efd6db000-7f9efd6dc000 r--p 000fa000 08:05 10485887                   /lib/x86_64-linux-gnu/libm-2.15.so
7f9efd6dc000-7f9efd6dd000 rw-p 000fb000 08:05 10485887                   /lib/x86_64-linux-gnu/libm-2.15.so
7f9efd6dd000-7f9efd7bf000 r-xp 00000000 08:05 10231417                   /usr/lib/x86_64-linux-gnu/libstdc++.so.6.0.16
7f9efd7bf000-7f9efd9be000 ---p 000e2000 08:05 10231417                   /usr/lib/x86_64-linux-gnu/libstdc++.so.6.0.16
7f9efd9be000-7f9efd9c6000 r--p 000e1000 08:05 10231417                   /usr/lib/x86_64-linux-gnu/libstdc++.so.6.0.16
7f9efd9c6000-7f9efd9c8000 rw-p 000e9000 08:05 10231417                   /usr/lib/x86_64-linux-gnu/libstdc++.so.6.0.16
7f9efd9c8000-7f9efd9dd000 rw-p 00000000 00:00 0 
7f9efd9dd000-7f9efe2e2000 r-xp 00000000 08:05 10620262                   /usr/lib/jvm/java-6-openjdk-amd64/jre/lib/amd64/server/libjvm.so
7f9efe2e2000-7f9efe4e1000 ---p 00905000 08:05 10620262                   /usr/lib/jvm/java-6-openjdk-amd64/jre/lib/amd64/server/libjvm.so
7f9efe4e1000-7f9efe562000 r--p 00904000 08:05 10620262                   /usr/lib/jvm/java-6-openjdk-amd64/jre/lib/amd64/server/libjvm.so
7f9efe562000-7f9efe57d000 rw-p 00985000 08:05 10620262                   /usr/lib/jvm/java-6-openjdk-amd64/jre/lib/amd64/server/libjvm.so
7f9efe57d000-7f9efe5a6000 rw-p 00000000 00:00 0 
7f9efe5a6000-7f9efe5bc000 r-xp 00000000 08:05 10489505                   /lib/x86_64-linux-gnu/libz.so.1.2.3.4
7f9efe5bc000-7f9efe7bb000 ---p 00016000 08:05 10489505                   /lib/x86_64-linux-gnu/libz.so.1.2.3.4
7f9efe7bb000-7f9efe7bc000 r--p 00015000 08:05 10489505                   /lib/x86_64-linux-gnu/libz.so.1.2.3.4
7f9efe7bc000-7f9efe7bd000 rw-p 00016000 08:05 10489505                   /lib/x86_64-linux-gnu/libz.so.1.2.3.4
7f9efe7bd000-7f9efe972000 r-xp 00000000 08:05 10485783                   /lib/x86_64-linux-gnu/libc-2.15.so
7f9efe972000-7f9efeb71000 ---p 001b5000 08:05 10485783                   /lib/x86_64-linux-gnu/libc-2.15.so
7f9efeb71000-7f9efeb75000 r--p 001b4000 08:05 10485783                   /lib/x86_64-linux-gnu/libc-2.15.so
7f9efeb75000-7f9efeb77000 rw-p 001b8000 08:05 10485783                   /lib/x86_64-linux-gnu/libc-2.15.so
7f9efeb77000-7f9efeb7c000 rw-p 00000000 00:00 0 
7f9efeb7c000-7f9efeb7e000 r-xp 00000000 08:05 10485772                   /lib/x86_64-linux-gnu/libdl-2.15.so
7f9efeb7e000-7f9efed7e000 ---p 00002000 08:05 10485772                   /lib/x86_64-linux-gnu/libdl-2.15.so
7f9efed7e000-7f9efed7f000 r--p 00002000 08:05 10485772                   /lib/x86_64-linux-gnu/libdl-2.15.so
7f9efed7f000-7f9efed80000 rw-p 00003000 08:05 10485772                   /lib/x86_64-linux-gnu/libdl-2.15.so
7f9efed80000-7f9efed84000 r-xp 00000000 08:05 10491480                   /usr/lib/jvm/java-6-openjdk-amd64/jre/lib/amd64/jli/libjli.so
7f9efed84000-7f9efef83000 ---p 00004000 08:05 10491480                   /usr/lib/jvm/java-6-openjdk-amd64/jre/lib/amd64/jli/libjli.so
7f9efef83000-7f9efef84000 r--p 00003000 08:05 10491480                   /usr/lib/jvm/java-6-openjdk-amd64/jre/lib/amd64/jli/libjli.so
7f9efef84000-7f9efef85000 rw-p 00004000 08:05 10491480                   /usr/lib/jvm/java-6-openjdk-amd64/jre/lib/amd64/jli/libjli.so
7f9efef85000-7f9efef9d000 r-xp 00000000 08:05 10485881                   /lib/x86_64-linux-gnu/libpthread-2.15.so
7f9efef9d000-7f9eff19c000 ---p 00018000 08:05 10485881                   /lib/x86_64-linux-gnu/libpthread-2.15.so
7f9eff19c000-7f9eff19d000 r--p 00017000 08:05 10485881                   /lib/x86_64-linux-gnu/libpthread-2.15.so
7f9eff19d000-7f9eff19e000 rw-p 00018000 08:05 10485881                   /lib/x86_64-linux-gnu/libpthread-2.15.so
7f9eff19e000-7f9eff1a2000 rw-p 00000000 00:00 0 
7f9eff1a2000-7f9eff1c4000 r-xp 00000000 08:05 10485893                   /lib/x86_64-linux-gnu/ld-2.15.so
7f9eff1c4000-7f9eff1c7000 r--s 0007f000 08:05 10224635                   /usr/lib/jvm/java-6-openjdk-common/jre/lib/jsse.jar
7f9eff1c7000-7f9eff1c9000 r--s 00015000 08:05 7345592                    /home/olga/Development/Play/framework/lib/jregex-1.2_01.jar
7f9eff1c9000-7f9eff1cc000 r--s 00011000 08:05 7345569                    /home/olga/Development/Play/framework/lib/ezmorph-1.0.3.jar
7f9eff1cc000-7f9eff1d3000 r--s 0006a000 08:05 7345598                    /home/olga/Development/Play/framework/lib/mail-1.4.3.jar
7f9eff1d3000-7f9eff1da000 r--s 00049000 08:05 7345603                    /home/olga/Development/Play/framework/lib/oval-1.50.jar
7f9eff1da000-7f9eff1e5000 r--s 0008b000 08:05 7345556                    /home/olga/Development/Play/framework/lib/c3p0-0.9.1.2.jar
7f9eff1e5000-7f9eff1e7000 r--s 0000d000 08:05 7345562                    /home/olga/Development/Play/framework/lib/commons-fileupload-1.2.2.jar
7f9eff1e7000-7f9eff20c000 r--s 00172000 08:05 7345555                    /home/olga/Development/Play/framework/lib/bcprov-jdk15-1.45.jar
7f9eff20c000-7f9eff23e000 r--s 002c7000 08:05 7345577                    /home/olga/Development/Play/framework/lib/hibernate-core-3.6.1.Final.jar
7f9eff23e000-7f9eff243000 r--s 0002e000 08:05 7345553                    /home/olga/Development/Play/framework/lib/asm-all-3.3.1.jar
7f9eff243000-7f9eff245000 r--s 0000d000 08:05 7345566                    /home/olga/Development/Play/framework/lib/commons-logging-1.1.1.jar
7f9eff245000-7f9eff24e000 r--s 0006d000 08:05 7345597                    /home/olga/Development/Play/framework/lib/log4j-1.2.16.jar
7f9eff24e000-7f9eff2a9000 rw-p 00000000 00:00 0 
7f9eff2a9000-7f9eff2ac000 ---p 00000000 00:00 0 
7f9eff2ac000-7f9eff3af000 rw-p 00000000 00:00 0                          [stack:3070]
7f9eff3af000-7f9eff3b4000 r--s 00048000 08:05 7345567                    /home/olga/Development/Play/framework/lib/dom4j-1.6.1.jar
7f9eff3b4000-7f9eff3b5000 r--s 00001000 08:05 7473781                    /home/olga/Development/Play/modules/testrunner/lib/play-testrunner.jar
7f9eff3b5000-7f9eff3b7000 r--s 00003000 08:05 7346889                    /home/olga/Development/Play/modules/paginate-head/lib/play-paginate.jar
7f9eff3b7000-7f9eff3b8000 rw-p 00000000 00:00 0 
7f9eff3b8000-7f9eff3c0000 rw-s 00000000 08:05 2883640                    /tmp/hsperfdata_olga/3069
7f9eff3c0000-7f9eff3c1000 rw-p 00000000 00:00 0 
7f9eff3c1000-7f9eff3c2000 r--p 00000000 00:00 0 
7f9eff3c2000-7f9eff3c4000 rw-p 00000000 00:00 0 
7f9eff3c4000-7f9eff3c5000 r--p 00022000 08:05 10485893                   /lib/x86_64-linux-gnu/ld-2.15.so
7f9eff3c5000-7f9eff3c7000 rw-p 00023000 08:05 10485893                   /lib/x86_64-linux-gnu/ld-2.15.so
7fff1daca000-7fff1daec000 rw-p 00000000 00:00 0                          [stack]
7fff1dbff000-7fff1dc00000 r-xp 00000000 00:00 0                          [vdso]
ffffffffff600000-ffffffffff601000 r-xp 00000000 00:00 0                  [vsyscall]

VM Arguments:
jvm_args: -javaagent:/home/olga/Development/Play/framework/play-1.2.4.jar -XX:-UseSplitVerifier -Dfile.encoding=utf-8 -Xdebug -Xrunjdwp:transport=dt_socket,address=8000,server=y,suspend=n -Dplay.debug=yes -Dapplication.path=/home/olga/Development/Play/BookHunter -Dplay.id=test 
java_command: play.server.Server 
Launcher Type: SUN_STANDARD

Environment Variables:
PATH=/home/olga/Development/Play:/usr/lib/lightdm/lightdm:/usr/local/sbin:/usr/local/bin:/usr/sbin:/usr/bin:/sbin:/bin:/usr/games
LD_LIBRARY_PATH=/usr/lib/jvm/java-6-openjdk-amd64/jre/lib/amd64/server:/usr/lib/jvm/java-6-openjdk-amd64/jre/lib/amd64:/usr/lib/jvm/java-6-openjdk-amd64/jre/../lib/amd64
SHELL=/bin/bash
DISPLAY=:0.0

Signal Handlers:
SIGSEGV: [libjvm.so+0x7856d0], sa_mask[0]=0x7ffbfeff, sa_flags=0x10000004
SIGBUS: [libjvm.so+0x7856d0], sa_mask[0]=0x7ffbfeff, sa_flags=0x10000004
SIGFPE: [libjvm.so+0x649250], sa_mask[0]=0x7ffbfeff, sa_flags=0x10000004
SIGPIPE: [libjvm.so+0x649250], sa_mask[0]=0x7ffbfeff, sa_flags=0x10000004
SIGXFSZ: [libjvm.so+0x649250], sa_mask[0]=0x7ffbfeff, sa_flags=0x10000004
SIGILL: [libjvm.so+0x649250], sa_mask[0]=0x7ffbfeff, sa_flags=0x10000004
SIGUSR1: SIG_DFL, sa_mask[0]=0x00000000, sa_flags=0x00000000
SIGUSR2: [libjvm.so+0x649430], sa_mask[0]=0x00000000, sa_flags=0x10000004
SIGHUP: [libjvm.so+0x64bdf0], sa_mask[0]=0x7ffbfeff, sa_flags=0x10000004
SIGINT: [libjvm.so+0x64bdf0], sa_mask[0]=0x7ffbfeff, sa_flags=0x10000004
SIGTERM: [libjvm.so+0x64bdf0], sa_mask[0]=0x7ffbfeff, sa_flags=0x10000004
SIGQUIT: [libjvm.so+0x64bdf0], sa_mask[0]=0x7ffbfeff, sa_flags=0x10000004


---------------  S Y S T E M  ---------------

OS:Ubuntu 12.04 (precise)
uname:Linux 3.5.0-32-generic #53~precise1-Ubuntu SMP Wed May 29 20:33:37 UTC 2013 x86_64
libc:glibc 2.15 NPTL 2.15 
rlimit: STACK 8192k, CORE 0k, NPROC 30593, NOFILE 4096, AS infinity
load average:0.11 0.16 0.21

/proc/meminfo:
MemTotal:        3934588 kB
MemFree:          213784 kB
Buffers:          145404 kB
Cached:          1414992 kB
SwapCached:            0 kB
Active:          2321664 kB
Inactive:        1153388 kB
Active(anon):    1967172 kB
Inactive(anon):   310252 kB
Active(file):     354492 kB
Inactive(file):   843136 kB
Unevictable:          32 kB
Mlocked:              32 kB
SwapTotal:       4077564 kB
SwapFree:        4077564 kB
Dirty:               944 kB
Writeback:             0 kB
AnonPages:       1915144 kB
Mapped:           254712 kB
Shmem:            362420 kB
Slab:             134768 kB
SReclaimable:     103668 kB
SUnreclaim:        31100 kB
KernelStack:        4848 kB
PageTables:        41256 kB
NFS_Unstable:          0 kB
Bounce:                0 kB
WritebackTmp:          0 kB
CommitLimit:     6044856 kB
Committed_AS:    5943800 kB
VmallocTotal:   34359738367 kB
VmallocUsed:      560624 kB
VmallocChunk:   34359149760 kB
HardwareCorrupted:     0 kB
AnonHugePages:         0 kB
HugePages_Total:       0
HugePages_Free:        0
HugePages_Rsvd:        0
HugePages_Surp:        0
Hugepagesize:       2048 kB
DirectMap4k:       61440 kB
DirectMap2M:     4024320 kB


CPU:total 4 (4 cores per cpu, 1 threads per core) family 6 model 42 stepping 7, cmov, cx8, fxsr, mmx, sse, sse2, sse3, ssse3, sse4.1, sse4.2, popcnt

Memory: 4k page, physical 3934588k(213784k free), swap 4077564k(4077564k free)

vm_info: OpenJDK 64-Bit Server VM (20.0-b12) for linux-amd64 JRE (1.6.0_27-b27), built on Apr 25 2013 14:56:54 by "buildd" with gcc 4.6.3

time: Fri Jun  7 11:46:35 2013
elapsed time: 4071 seconds

